2025-02-15 22:07:48,459 - INFO - ==================================================
2025-02-15 22:07:48,459 - INFO - 日志系统初始化完成 - 2025-02-15 22:07:48
2025-02-15 22:07:48,459 - INFO - ==================================================
2025-02-15 22:07:50,334 - INFO - 代理连接测试成功
2025-02-15 22:07:51,613 - INFO - 服务器时间差: 27 ms
2025-02-15 22:07:55,620 - INFO - API权限验证成功
2025-02-15 22:07:55,746 - INFO - 系统状态: {'status': 'ok', 'updated': None, 'eta': None, 'url': None, 'info': {'status': '0', 'msg': 'normal'}}
2025-02-15 22:07:55,853 - INFO - 服务器时间差: 51 ms
2025-02-15 22:07:56,321 - INFO - 期货账户余额获取成功
2025-02-15 22:07:56,321 - INFO - 成功加载 3431 个交易对
2025-02-15 22:07:56,322 - ERROR - 交易所状态检查失败: 交易对 B3/USDT 不可用
2025-02-15 22:07:56,322 - ERROR - 交易器初始化失败: 交易所状态检查失败
2025-02-15 22:07:56,322 - ERROR - 初始化交易系统失败: 交易所状态检查失败
2025-02-15 23:28:52,766 - INFO - ==================================================
2025-02-15 23:28:52,766 - INFO - 日志系统初始化完成 - 2025-02-15 23:28:52
2025-02-15 23:28:52,766 - INFO - ==================================================
2025-02-15 23:28:56,705 - INFO - 代理连接测试成功
2025-02-15 23:29:01,048 - INFO - 服务器时间差: 110 ms
2025-02-15 23:29:10,192 - INFO - API权限验证成功
2025-02-15 23:29:10,333 - INFO - 系统状态: {'status': 'ok', 'updated': None, 'eta': None, 'url': None, 'info': {'status': '0', 'msg': 'normal'}}
2025-02-15 23:29:10,443 - INFO - 服务器时间差: 114 ms
2025-02-15 23:29:10,569 - INFO - 期货账户余额获取成功
2025-02-15 23:29:10,569 - INFO - 成功加载 3431 个交易对
2025-02-15 23:29:10,569 - INFO - 交易对 DOGE/USDT 可用
2025-02-15 23:29:10,694 - INFO - 没有未成交的订单
2025-02-15 23:29:10,822 - INFO - 当前已经是单向持仓模式
2025-02-15 23:29:11,313 - INFO - 设置杠杆倍数: 5
2025-02-15 23:29:11,813 - INFO - 设置保证金模式: CROSSED
2025-02-15 23:29:12,334 - INFO - 设置保证金模式: CROSSED
2025-02-15 23:29:13,243 - INFO - RSI: 47.04583159441656, MACD: -0.0006846291848258135, MACD Signal: -0.0003644695831164883
2025-02-15 23:30:13,956 - INFO - RSI: 46.251950856564996, MACD: -0.0006503949416505339, MACD Signal: -0.00042067253051444344
2025-02-15 23:31:14,655 - INFO - RSI: 45.59655549241198, MACD: -0.0006663493576050117, MACD Signal: -0.000423863413705339
2025-02-15 23:32:15,388 - INFO - RSI: 46.218733935208704, MACD: -0.0006511926624482856, MACD Signal: -0.00042083207467399377
2025-02-15 23:33:16,050 - INFO - RSI: 47.37554506792831, MACD: -0.0006240701553257844, MACD Signal: -0.00041540757324949357
2025-02-15 23:34:17,411 - INFO - RSI: 46.72205196733308, MACD: -0.000639226850482455, MACD Signal: -0.0004184389122808277
python: No such file or directory
python: No such file or directory
Traceback (most recent call last):
  File "/Users/zhangjian/WorkSpace/futures/ai_trading.py", line 2, in <module>
    from strategies import AIStrategy
  File "/Users/zhangjian/WorkSpace/futures/strategies/__init__.py", line 5, in <module>
    from .ai_strategy import AIStrategy
  File "/Users/zhangjian/WorkSpace/futures/strategies/ai_strategy.py", line 3, in <module>
    from sklearn.preprocessing import StandardScaler
ModuleNotFoundError: No module named 'sklearn'
2025-02-16 11:27:04,720 - INFO - ==================================================
2025-02-16 11:27:04,720 - INFO - 日志系统初始化完成 - 2025-02-16 11:27:04
2025-02-16 11:27:04,720 - INFO - ==================================================
2025-02-16 11:27:06,240 - INFO - 没有未成交的订单
2025-02-16 11:27:06,341 - INFO - 当前已经是单向持仓模式
2025-02-16 11:27:06,453 - INFO - 设置杠杆倍数 5倍 成功
2025-02-16 11:27:06,573 - INFO - 当前已经是CROSSED保证金模式
/Users/zhangjian/Library/Python/3.9/lib/python/site-packages/keras/src/layers/rnn/rnn.py:200: UserWarning: Do not pass an `input_shape`/`input_dim` argument to a layer. When using Sequential models, prefer using an `Input(shape)` object as the first layer in the model instead.
  super().__init__(**kwargs)
2025-02-16 11:27:06,741 - INFO - USDT余额: 可用=140.46065037, 总额=140.4889769
2025-02-16 11:27:06,741 - INFO - 当前账户余额: 可用=140.46065037 USDT, 总额=140.48897690 USDT
2025-02-16 11:27:07,250 - INFO - 当前价格: 0.7353, AI信号: 0
2025-02-16 11:27:07,882 - INFO - 当前持仓: None
2025-02-16 11:27:32,797 - INFO - ==================================================
2025-02-16 11:27:32,797 - INFO - 日志系统初始化完成 - 2025-02-16 11:27:32
2025-02-16 11:27:32,797 - INFO - ==================================================
2025-02-16 11:27:35,111 - INFO - 没有未成交的订单
2025-02-16 11:27:35,224 - INFO - 当前已经是单向持仓模式
2025-02-16 11:27:35,336 - INFO - 设置杠杆倍数 5倍 成功
2025-02-16 11:27:35,443 - INFO - 当前已经是CROSSED保证金模式
/Users/zhangjian/Library/Python/3.9/lib/python/site-packages/keras/src/layers/rnn/rnn.py:200: UserWarning: Do not pass an `input_shape`/`input_dim` argument to a layer. When using Sequential models, prefer using an `Input(shape)` object as the first layer in the model instead.
  super().__init__(**kwargs)
2025-02-16 11:27:35,624 - INFO - USDT余额: 可用=140.46065039, 总额=140.4889769
2025-02-16 11:27:35,624 - INFO - 当前账户余额: 可用=140.46065039 USDT, 总额=140.48897690 USDT
2025-02-16 11:27:36,093 - INFO - 当前价格: 0.7354, AI信号: 0
2025-02-16 11:27:36,494 - INFO - 当前持仓: None
2025-02-16 11:28:08,357 - INFO - 当前价格: 0.7354, AI信号: 0
2025-02-16 11:28:08,558 - INFO - 当前持仓: None
2025-02-16 11:28:37,332 - INFO - 当前价格: 0.7359, AI信号: 0
2025-02-16 11:28:37,549 - INFO - 当前持仓: None
2025-02-16 11:29:23,901 - INFO - ==================================================
2025-02-16 11:29:23,901 - INFO - 日志系统初始化完成 - 2025-02-16 11:29:23
2025-02-16 11:29:23,901 - INFO - ==================================================
2025-02-16 11:29:27,419 - INFO - 没有未成交的订单
2025-02-16 11:29:27,540 - INFO - 当前已经是单向持仓模式
2025-02-16 11:29:27,650 - INFO - 设置杠杆倍数 5倍 成功
2025-02-16 11:29:27,771 - INFO - 当前已经是CROSSED保证金模式
/Users/zhangjian/Library/Python/3.9/lib/python/site-packages/keras/src/layers/rnn/rnn.py:200: UserWarning: Do not pass an `input_shape`/`input_dim` argument to a layer. When using Sequential models, prefer using an `Input(shape)` object as the first layer in the model instead.
  super().__init__(**kwargs)
2025-02-16 11:29:27,950 - INFO - USDT余额: 可用=140.46065045, 总额=140.4889769
2025-02-16 11:29:27,951 - INFO - 当前账户余额: 可用=140.46065045 USDT, 总额=140.48897690 USDT
2025-02-16 11:29:28,512 - INFO - 当前价格: 0.7343, AI信号: 0
2025-02-16 11:29:29,160 - INFO - 当前持仓: None
2025-02-16 11:30:30,251 - INFO - 当前价格: 0.7339, AI信号: 0
2025-02-16 11:30:30,541 - INFO - 当前持仓: None
2025-02-16 11:31:31,041 - INFO - 当前价格: 0.7334, AI信号: 0
2025-02-16 11:31:31,241 - INFO - 当前持仓: None
2025-02-16 11:32:31,822 - INFO - 当前价格: 0.7327, AI信号: 0
2025-02-16 11:32:32,032 - INFO - 当前持仓: None
2025-02-16 11:33:32,622 - INFO - 当前价格: 0.7336, AI信号: 0
2025-02-16 11:33:32,842 - INFO - 当前持仓: None
2025-02-16 11:34:33,484 - INFO - 当前价格: 0.7339, AI信号: 0
2025-02-16 11:34:33,703 - INFO - 当前持仓: None
2025-02-16 11:35:34,223 - INFO - 当前价格: 0.7347, AI信号: 0
2025-02-16 11:35:34,425 - INFO - 当前持仓: None
2025-02-16 11:36:35,095 - INFO - 当前价格: 0.7322, AI信号: 0
2025-02-16 11:36:35,323 - INFO - 当前持仓: None
2025-02-16 11:37:35,935 - INFO - 当前价格: 0.7326, AI信号: 0
2025-02-16 11:37:36,154 - INFO - 当前持仓: None
2025-02-16 11:38:36,686 - INFO - 当前价格: 0.733, AI信号: 0
2025-02-16 11:38:36,897 - INFO - 当前持仓: None
2025-02-16 11:39:37,426 - INFO - 当前价格: 0.7342, AI信号: 0
2025-02-16 11:39:37,646 - INFO - 当前持仓: None
2025-02-16 11:40:38,308 - INFO - 当前价格: 0.7357, AI信号: 0
2025-02-16 11:40:38,547 - INFO - 当前持仓: None
2025-02-16 11:41:39,228 - INFO - 当前价格: 0.7352, AI信号: 0
2025-02-16 11:41:39,437 - INFO - 当前持仓: None
2025-02-16 11:42:39,978 - INFO - 当前价格: 0.7371, AI信号: 0
2025-02-16 11:42:40,208 - INFO - 当前持仓: None
2025-02-16 11:43:40,778 - INFO - 当前价格: 0.7357, AI信号: 0
2025-02-16 11:43:40,983 - INFO - 当前持仓: None
2025-02-16 11:44:41,699 - INFO - 当前价格: 0.7345, AI信号: 0
2025-02-16 11:44:41,898 - INFO - 当前持仓: None
2025-02-16 11:45:42,639 - INFO - 当前价格: 0.736, AI信号: 0
2025-02-16 11:45:42,872 - INFO - 当前持仓: None
2025-02-16 11:46:43,590 - INFO - 当前价格: 0.738, AI信号: 0
2025-02-16 11:46:43,812 - INFO - 当前持仓: None
2025-02-16 11:47:44,399 - INFO - 当前价格: 0.7374, AI信号: 0
2025-02-16 11:47:44,608 - INFO - 当前持仓: None
2025-02-16 11:48:45,180 - INFO - 当前价格: 0.7367, AI信号: 0
2025-02-16 11:48:45,401 - INFO - 当前持仓: None
2025-02-16 11:49:45,921 - INFO - 当前价格: 0.7363, AI信号: 0
2025-02-16 11:49:46,130 - INFO - 当前持仓: None
2025-02-16 11:50:47,531 - INFO - 当前价格: 0.737, AI信号: 0
2025-02-16 11:50:47,730 - INFO - 当前持仓: None
2025-02-16 11:51:48,221 - INFO - 当前价格: 0.7395, AI信号: 0
2025-02-16 11:51:48,422 - INFO - 当前持仓: None
2025-02-16 11:52:48,961 - INFO - 当前价格: 0.7392, AI信号: 0
2025-02-16 11:52:49,192 - INFO - 当前持仓: None
2025-02-16 11:53:49,682 - INFO - 当前价格: 0.7384, AI信号: 0
2025-02-16 11:53:49,882 - INFO - 当前持仓: None
2025-02-16 11:54:50,383 - INFO - 当前价格: 0.7394, AI信号: 0
2025-02-16 11:54:50,583 - INFO - 当前持仓: None
2025-02-16 11:55:51,343 - INFO - 当前价格: 0.7387, AI信号: 0
2025-02-16 11:55:51,555 - INFO - 当前持仓: None
2025-02-16 11:56:52,086 - INFO - 当前价格: 0.7385, AI信号: 0
2025-02-16 11:56:52,444 - INFO - 当前持仓: None
2025-02-16 11:57:53,096 - INFO - 当前价格: 0.7388, AI信号: 0
2025-02-16 11:57:53,325 - INFO - 当前持仓: None
2025-02-16 11:58:55,914 - INFO - 当前价格: 0.7389, AI信号: 0
2025-02-16 11:58:56,135 - INFO - 当前持仓: None
2025-02-16 11:59:56,645 - INFO - 当前价格: 0.739, AI信号: 0
2025-02-16 11:59:56,848 - INFO - 当前持仓: None
2025-02-16 12:00:57,367 - INFO - 当前价格: 0.7373, AI信号: 0
2025-02-16 12:00:57,567 - INFO - 当前持仓: None
2025-02-16 12:01:58,277 - INFO - 当前价格: 0.736, AI信号: 0
2025-02-16 12:01:58,498 - INFO - 当前持仓: None
2025-02-16 12:02:58,967 - INFO - 当前价格: 0.7358, AI信号: 0
2025-02-16 12:02:59,167 - INFO - 当前持仓: None
2025-02-16 12:03:59,705 - INFO - 当前价格: 0.7389, AI信号: 0
2025-02-16 12:03:59,937 - INFO - 当前持仓: None
2025-02-16 12:05:00,875 - INFO - 当前价格: 0.7396, AI信号: 0
2025-02-16 12:05:01,076 - INFO - 当前持仓: None
2025-02-16 12:06:02,506 - INFO - 当前价格: 0.7422, AI信号: 0
2025-02-16 12:06:02,716 - INFO - 当前持仓: None
2025-02-16 12:07:03,307 - INFO - 当前价格: 0.7405, AI信号: 0
2025-02-16 12:07:03,527 - INFO - 当前持仓: None
2025-02-16 12:08:04,018 - INFO - 当前价格: 0.7425, AI信号: 0
2025-02-16 12:08:04,217 - INFO - 当前持仓: None
2025-02-16 12:09:04,867 - INFO - 当前价格: 0.7438, AI信号: 0
2025-02-16 12:09:05,090 - INFO - 当前持仓: None
2025-02-16 12:10:05,639 - INFO - 当前价格: 0.7427, AI信号: 0
2025-02-16 12:10:05,838 - INFO - 当前持仓: None
2025-02-16 12:11:06,328 - INFO - 当前价格: 0.7436, AI信号: 0
2025-02-16 12:11:06,530 - INFO - 当前持仓: None
2025-02-16 12:12:07,129 - INFO - 当前价格: 0.7442, AI信号: 0
2025-02-16 12:12:07,330 - INFO - 当前持仓: None
2025-02-16 12:13:07,809 - INFO - 当前价格: 0.7436, AI信号: 0
2025-02-16 12:13:08,080 - INFO - 当前持仓: None
2025-02-16 12:14:08,610 - INFO - 当前价格: 0.7417, AI信号: 0
2025-02-16 12:14:08,833 - INFO - 当前持仓: None
2025-02-16 12:15:12,423 - INFO - 当前价格: 0.7417, AI信号: 0
2025-02-16 12:15:12,636 - INFO - 当前持仓: None
2025-02-16 12:16:16,692 - INFO - 当前价格: 0.7437, AI信号: 0
2025-02-16 12:16:16,924 - INFO - 当前持仓: None
2025-02-16 12:17:17,593 - INFO - 当前价格: 0.7417, AI信号: 0
2025-02-16 12:17:17,813 - INFO - 当前持仓: None
2025-02-16 12:18:19,377 - INFO - 当前价格: 0.7409, AI信号: 0
2025-02-16 12:18:19,594 - INFO - 当前持仓: None
