2025-03-12 01:19:10 - INFO - [root] ==================================================
2025-03-12 01:19:10 - INFO - [root] 日志系统初始化完成 - 2025-03-12 01:19:10
2025-03-12 01:19:10 - INFO - [root] ==================================================
2025-03-12 01:19:10 - INFO - [utils.exchange] 代理连接测试成功
2025-03-12 01:19:11 - INFO - [utils.exchange] 服务器时间差: 89 ms
2025-03-12 01:19:13 - INFO - [utils.exchange] API权限验证成功
2025-03-12 01:19:14 - INFO - [LINK] 当前已经是单向持仓模式
2025-03-12 01:19:14 - INFO - [LINK] 设置杠杆倍数 5倍 成功
2025-03-12 01:19:14 - INFO - [LINK] 当前已经是CROSSED保证金模式
2025-03-12 01:19:14 - INFO - [LINK] 交易器初始化成功 for LINKUSDT
2025-03-12 01:19:14 - INFO - [LINK] 创建新的CNN模型
2025-03-12 01:19:14 - WARNING - [absl] At this time, the v2.11+ optimizer `tf.keras.optimizers.Adam` runs slowly on M1/M2 Macs, please use the legacy Keras optimizer instead, located at `tf.keras.optimizers.legacy.Adam`.
2025-03-12 01:19:14 - WARNING - [absl] There is a known slowdown when using v2.11+ Keras optimizers on M1/M2 Macs. Falling back to the legacy Keras optimizer, i.e., `tf.keras.optimizers.legacy.Adam`.
2025-03-12 01:19:14 - INFO - [LINK] 初始化 LINKUSDT 交易器和策略成功
2025-03-12 01:19:14 - INFO - [LINK] 交易线程启动成功
2025-03-12 01:19:14 - INFO - [root] 启动线程监控
2025-03-12 01:19:14 - INFO - [root] 交易系统启动成功，正在交易的币对: LINKUSDT
2025-03-12 01:19:14 - INFO - [LINK] USDT余额: 可用=0.00047451, 总额=0.00070658
2025-03-12 01:19:14 - INFO - [LINK] 当前账户余额: 可用=0.00047451 USDT, 总额=0.00070658 USDT
2025-03-12 01:19:15 - INFO - [LINK] 当前价格: 13.079, AI信号: 0
2025-03-12 01:20:15 - INFO - [LINK] USDT余额: 可用=0.0004745, 总额=0.00070658
2025-03-12 01:20:15 - INFO - [LINK] 当前账户余额: 可用=0.00047450 USDT, 总额=0.00070658 USDT
2025-03-12 01:20:16 - INFO - [LINK] 当前价格: 13.065, AI信号: 0
2025-03-12 01:20:31 - INFO - [root] 接收到退出信号，正在关闭所有交易...
2025-03-12 01:20:31 - INFO - [LINK] 关闭 LINKUSDT 所有持仓
2025-03-12 01:20:37 - INFO - [root] ==================================================
2025-03-12 01:20:37 - INFO - [root] 日志系统初始化完成 - 2025-03-12 01:20:37
2025-03-12 01:20:37 - INFO - [root] ==================================================
2025-03-12 01:20:38 - INFO - [utils.exchange] 代理连接测试成功
2025-03-12 01:20:38 - INFO - [utils.exchange] 服务器时间差: 86 ms
2025-03-12 01:20:49 - ERROR - [LINK] 交易器初始化失败: 初始化交易所失败: API权限验证失败: binance GET https://api.binance.com/api/v3/exchangeInfo
2025-03-12 01:20:49 - ERROR - [root] 初始化 LINKUSDT 交易器和策略失败: 初始化交易所失败: API权限验证失败: binance GET https://api.binance.com/api/v3/exchangeInfo
2025-03-12 01:20:49 - INFO - [root] 启动线程监控
2025-03-12 01:20:49 - INFO - [root] 交易系统启动成功，正在交易的币对: LINKUSDT
2025-03-12 01:20:59 - INFO - [root] 接收到退出信号，正在关闭所有交易...
2025-03-12 01:22:23 - INFO - [root] ==================================================
2025-03-12 01:22:23 - INFO - [root] 日志系统初始化完成 - 2025-03-12 01:22:23
2025-03-12 01:22:23 - INFO - [root] ==================================================
2025-03-12 01:22:24 - INFO - [utils.exchange] 代理连接测试成功
2025-03-12 01:22:25 - INFO - [utils.exchange] 服务器时间差: -42 ms
2025-03-12 01:22:28 - INFO - [utils.exchange] API权限验证成功
2025-03-12 01:22:28 - INFO - [LINK] 当前已经是单向持仓模式
2025-03-12 01:22:28 - INFO - [LINK] 设置杠杆倍数 5倍 成功
2025-03-12 01:22:28 - INFO - [LINK] 当前已经是CROSSED保证金模式
2025-03-12 01:22:28 - INFO - [LINK] 交易器初始化成功 for LINKUSDT
2025-03-12 01:22:28 - INFO - [LINK] 创建新的CNN模型
2025-03-12 01:22:28 - WARNING - [absl] At this time, the v2.11+ optimizer `tf.keras.optimizers.Adam` runs slowly on M1/M2 Macs, please use the legacy Keras optimizer instead, located at `tf.keras.optimizers.legacy.Adam`.
2025-03-12 01:22:28 - WARNING - [absl] There is a known slowdown when using v2.11+ Keras optimizers on M1/M2 Macs. Falling back to the legacy Keras optimizer, i.e., `tf.keras.optimizers.legacy.Adam`.
2025-03-12 01:22:28 - INFO - [LINK] 初始化 LINKUSDT 交易器和策略成功
2025-03-12 01:22:28 - INFO - [LINK] 交易线程启动成功
2025-03-12 01:22:28 - INFO - [root] 启动线程监控
2025-03-12 01:22:28 - INFO - [root] 交易系统启动成功，正在交易的币对: LINKUSDT
2025-03-12 01:22:29 - INFO - [LINK] USDT余额: 可用=0.00047451, 总额=0.00070658
2025-03-12 01:22:29 - INFO - [LINK] 当前账户余额: 可用=0.00047451 USDT, 总额=0.00070658 USDT
2025-03-12 01:22:29 - ERROR - [LINK] LINKUSDT 交易过程出错: name 'klines' is not defined
2025-03-12 01:22:51 - INFO - [root] 接收到退出信号，正在关闭所有交易...
2025-03-12 01:22:51 - INFO - [LINK] 关闭 LINKUSDT 所有持仓
2025-03-12 01:22:58 - INFO - [root] ==================================================
2025-03-12 01:22:58 - INFO - [root] 日志系统初始化完成 - 2025-03-12 01:22:58
2025-03-12 01:22:58 - INFO - [root] ==================================================
2025-03-12 01:22:58 - INFO - [utils.exchange] 代理连接测试成功
2025-03-12 01:22:59 - INFO - [utils.exchange] 服务器时间差: -41 ms
2025-03-12 01:23:01 - INFO - [utils.exchange] API权限验证成功
2025-03-12 01:23:01 - INFO - [LINK] 当前已经是单向持仓模式
2025-03-12 01:23:02 - INFO - [LINK] 设置杠杆倍数 5倍 成功
2025-03-12 01:23:02 - INFO - [LINK] 当前已经是CROSSED保证金模式
2025-03-12 01:23:02 - INFO - [LINK] 交易器初始化成功 for LINKUSDT
2025-03-12 01:23:02 - INFO - [LINK] 创建新的CNN模型
2025-03-12 01:23:02 - WARNING - [absl] At this time, the v2.11+ optimizer `tf.keras.optimizers.Adam` runs slowly on M1/M2 Macs, please use the legacy Keras optimizer instead, located at `tf.keras.optimizers.legacy.Adam`.
2025-03-12 01:23:02 - WARNING - [absl] There is a known slowdown when using v2.11+ Keras optimizers on M1/M2 Macs. Falling back to the legacy Keras optimizer, i.e., `tf.keras.optimizers.legacy.Adam`.
2025-03-12 01:23:02 - INFO - [LINK] 初始化 LINKUSDT 交易器和策略成功
2025-03-12 01:23:02 - INFO - [LINK] 交易线程启动成功
2025-03-12 01:23:02 - INFO - [root] 启动线程监控
2025-03-12 01:23:02 - INFO - [root] 交易系统启动成功，正在交易的币对: LINKUSDT
2025-03-12 01:23:02 - INFO - [LINK] USDT余额: 可用=0.0004745, 总额=0.00070658
2025-03-12 01:23:02 - INFO - [LINK] 当前账户余额: 可用=0.00047450 USDT, 总额=0.00070658 USDT
2025-03-12 01:23:02 - INFO - [LINK] 成功获取1000根5mK线数据
2025-03-12 01:23:02 - INFO - [LINK] 获取 1000 根 5m K线数据用于训练
2025-03-12 01:23:03 - INFO - [LINK] 成功获取1000根5mK线数据
2025-03-12 01:23:03 - INFO - [LINK] 开始训练CNN模型，数据集大小: 928
2025-03-12 01:23:04 - INFO - [LINK] 模型训练完成，损失: 0.5351, 准确率: 0.7682
2025-03-12 01:23:04 - INFO - [LINK] 预测结果: 观望, 置信度: 0.5812
2025-03-12 01:23:05 - INFO - [LINK] 当前价格: 12.996, AI信号: 0
2025-03-12 01:24:06 - INFO - [LINK] USDT余额: 可用=0.0004745, 总额=0.00070658
2025-03-12 01:24:06 - INFO - [LINK] 当前账户余额: 可用=0.00047450 USDT, 总额=0.00070658 USDT
2025-03-12 01:24:06 - INFO - [LINK] 成功获取1000根5mK线数据
2025-03-12 01:24:06 - INFO - [LINK] 预测结果: 观望, 置信度: 0.5812
2025-03-12 01:24:07 - INFO - [LINK] 当前价格: 13.007, AI信号: 0
2025-03-12 01:25:07 - ERROR - [LINK] 获取账户余额失败: binance GET https://fapi.binance.com/fapi/v2/account?timestamp=1741713907086&recvWindow=60000&signature=99dffc781ee4bad7bc1f619fec18f693ea000db22bbaeafaab39746a3b21752e
2025-03-12 01:25:07 - WARNING - [LINK] get_balance 调用失败，1/3次尝试: binance GET https://fapi.binance.com/fapi/v2/account?timestamp=1741713907086&recvWindow=60000&signature=99dffc781ee4bad7bc1f619fec18f693ea000db22bbaeafaab39746a3b21752e
2025-03-12 01:25:12 - INFO - [LINK] USDT余额: 可用=0.00047449, 总额=0.00070658
2025-03-12 01:25:12 - INFO - [LINK] 当前账户余额: 可用=0.00047449 USDT, 总额=0.00070658 USDT
2025-03-12 01:25:13 - INFO - [LINK] 成功获取1000根5mK线数据
2025-03-12 01:25:13 - INFO - [LINK] 预测结果: 观望, 置信度: 0.6189
2025-03-12 01:25:13 - INFO - [LINK] 当前价格: 13.015, AI信号: 0
2025-03-12 01:25:58 - INFO - [root] 接收到退出信号，正在关闭所有交易...
2025-03-12 01:25:58 - INFO - [LINK] 关闭 LINKUSDT 所有持仓
2025-03-12 01:26:06 - INFO - [root] ==================================================
2025-03-12 01:26:06 - INFO - [root] 日志系统初始化完成 - 2025-03-12 01:26:06
2025-03-12 01:26:06 - INFO - [root] ==================================================
2025-03-12 01:26:06 - INFO - [utils.exchange] 代理连接测试成功
2025-03-12 01:26:07 - INFO - [utils.exchange] 服务器时间差: -47 ms
2025-03-12 01:26:10 - INFO - [utils.exchange] API权限验证成功
2025-03-12 01:26:10 - INFO - [LINK] 当前已经是单向持仓模式
2025-03-12 01:26:10 - INFO - [LINK] 设置杠杆倍数 5倍 成功
2025-03-12 01:26:10 - INFO - [LINK] 当前已经是CROSSED保证金模式
2025-03-12 01:26:10 - INFO - [LINK] 交易器初始化成功 for LINKUSDT
2025-03-12 01:26:10 - INFO - [LINK] 加载已有CNN模型: models/cnn_trend_LINKUSDT.h5
2025-03-12 01:26:10 - INFO - [LINK] 初始化 LINKUSDT 交易器和策略成功
2025-03-12 01:26:10 - INFO - [LINK] 交易线程启动成功
2025-03-12 01:26:10 - INFO - [root] 启动线程监控
2025-03-12 01:26:10 - INFO - [root] 交易系统启动成功，正在交易的币对: LINKUSDT
2025-03-12 01:26:10 - INFO - [LINK] USDT余额: 可用=0.0004745, 总额=0.00070658
2025-03-12 01:26:10 - INFO - [LINK] 当前账户余额: 可用=0.00047450 USDT, 总额=0.00070658 USDT
2025-03-12 01:26:11 - INFO - [LINK] 成功获取1000根5mK线数据
2025-03-12 01:26:11 - INFO - [LINK] 预测概率 - 买入: 0.1261, 卖出: 0.2550, 观望: 0.6189
2025-03-12 01:26:11 - INFO - [LINK] 最终预测: 观望, 置信度: 0.6189
2025-03-12 01:26:12 - INFO - [LINK] 当前价格: 12.954, AI信号: 0
2025-03-12 01:27:12 - INFO - [LINK] USDT余额: 可用=0.0004745, 总额=0.00070658
2025-03-12 01:27:12 - INFO - [LINK] 当前账户余额: 可用=0.00047450 USDT, 总额=0.00070658 USDT
2025-03-12 01:27:13 - INFO - [LINK] 成功获取1000根5mK线数据
2025-03-12 01:27:13 - INFO - [LINK] 预测概率 - 买入: 0.1261, 卖出: 0.2550, 观望: 0.6189
2025-03-12 01:27:13 - INFO - [LINK] 最终预测: 观望, 置信度: 0.6189
2025-03-12 01:27:13 - INFO - [LINK] 当前价格: 12.935, AI信号: 0
2025-03-12 01:28:14 - INFO - [LINK] USDT余额: 可用=0.00047449, 总额=0.00070658
2025-03-12 01:28:14 - INFO - [LINK] 当前账户余额: 可用=0.00047449 USDT, 总额=0.00070658 USDT
2025-03-12 01:28:14 - INFO - [LINK] 成功获取1000根5mK线数据
2025-03-12 01:28:14 - INFO - [LINK] 预测概率 - 买入: 0.1261, 卖出: 0.2550, 观望: 0.6189
2025-03-12 01:28:14 - INFO - [LINK] 最终预测: 观望, 置信度: 0.6189
2025-03-12 01:28:15 - INFO - [LINK] 当前价格: 12.931, AI信号: 0
2025-03-12 01:29:15 - INFO - [LINK] USDT余额: 可用=0.00047451, 总额=0.00070658
2025-03-12 01:29:15 - INFO - [LINK] 当前账户余额: 可用=0.00047451 USDT, 总额=0.00070658 USDT
2025-03-12 01:29:16 - INFO - [LINK] 成功获取1000根5mK线数据
2025-03-12 01:29:16 - INFO - [LINK] 预测概率 - 买入: 0.1261, 卖出: 0.2550, 观望: 0.6189
2025-03-12 01:29:16 - INFO - [LINK] 最终预测: 观望, 置信度: 0.6189
2025-03-12 01:29:16 - INFO - [LINK] 当前价格: 12.853, AI信号: 0
2025-03-12 01:30:17 - INFO - [LINK] USDT余额: 可用=0.00047451, 总额=0.00070658
2025-03-12 01:30:17 - INFO - [LINK] 当前账户余额: 可用=0.00047451 USDT, 总额=0.00070658 USDT
2025-03-12 01:30:17 - INFO - [LINK] 成功获取1000根5mK线数据
2025-03-12 01:30:17 - INFO - [LINK] 预测概率 - 买入: 0.1198, 卖出: 0.2292, 观望: 0.6510
2025-03-12 01:30:17 - INFO - [LINK] 最终预测: 观望, 置信度: 0.6510
2025-03-12 01:30:18 - INFO - [LINK] 当前价格: 12.888, AI信号: 0
2025-03-12 01:31:06 - INFO - [root] 接收到退出信号，正在关闭所有交易...
2025-03-12 01:31:06 - INFO - [LINK] 关闭 LINKUSDT 所有持仓
2025-03-12 01:31:13 - INFO - [root] ==================================================
2025-03-12 01:31:13 - INFO - [root] 日志系统初始化完成 - 2025-03-12 01:31:13
2025-03-12 01:31:13 - INFO - [root] ==================================================
2025-03-12 01:31:13 - INFO - [utils.exchange] 代理连接测试成功
2025-03-12 01:31:14 - INFO - [utils.exchange] 服务器时间差: -45 ms
2025-03-12 01:31:16 - INFO - [utils.exchange] API权限验证成功
2025-03-12 01:31:16 - INFO - [LINK] 当前已经是单向持仓模式
2025-03-12 01:31:17 - INFO - [LINK] 设置杠杆倍数 5倍 成功
2025-03-12 01:31:17 - INFO - [LINK] 当前已经是CROSSED保证金模式
2025-03-12 01:31:17 - INFO - [LINK] 交易器初始化成功 for LINKUSDT
2025-03-12 01:31:17 - INFO - [LINK] 加载已有CNN模型: models/cnn_trend_LINKUSDT.h5
2025-03-12 01:31:17 - INFO - [LINK] 初始化 LINKUSDT 交易器和策略成功
2025-03-12 01:31:17 - INFO - [LINK] 交易线程启动成功
2025-03-12 01:31:17 - INFO - [root] 启动线程监控
2025-03-12 01:31:17 - INFO - [root] 交易系统启动成功，正在交易的币对: LINKUSDT
2025-03-12 01:31:17 - INFO - [LINK] USDT余额: 可用=0.00047452, 总额=0.00070658
2025-03-12 01:31:17 - INFO - [LINK] 当前账户余额: 可用=0.00047452 USDT, 总额=0.00070658 USDT
2025-03-12 01:31:17 - INFO - [LINK] 成功获取1000根5mK线数据
2025-03-12 01:31:17 - INFO - [LINK] 预测概率 - 买入: 0.1198, 卖出: 0.2292, 观望: 0.6510
2025-03-12 01:31:17 - INFO - [LINK] 最终预测: 观望, 置信度: 0.6510
2025-03-12 01:31:18 - INFO - [LINK] 当前价格: 12.871, AI信号: 0
2025-03-12 01:32:19 - INFO - [LINK] USDT余额: 可用=0.00047452, 总额=0.00070658
2025-03-12 01:32:19 - INFO - [LINK] 当前账户余额: 可用=0.00047452 USDT, 总额=0.00070658 USDT
2025-03-12 01:32:19 - INFO - [LINK] 成功获取1000根5mK线数据
2025-03-12 01:32:19 - INFO - [LINK] 当前价格: 12.877, AI信号: 0
2025-03-12 01:32:33 - INFO - [root] 接收到退出信号，正在关闭所有交易...
2025-03-12 01:32:33 - INFO - [LINK] 关闭 LINKUSDT 所有持仓
2025-03-12 01:32:39 - INFO - [root] ==================================================
2025-03-12 01:32:39 - INFO - [root] 日志系统初始化完成 - 2025-03-12 01:32:39
2025-03-12 01:32:39 - INFO - [root] ==================================================
2025-03-12 01:32:39 - INFO - [utils.exchange] 代理连接测试成功
2025-03-12 01:32:40 - INFO - [utils.exchange] 服务器时间差: -46 ms
2025-03-12 01:32:43 - INFO - [utils.exchange] API权限验证成功
2025-03-12 01:32:43 - INFO - [LINK] 当前已经是单向持仓模式
2025-03-12 01:32:43 - INFO - [LINK] 设置杠杆倍数 5倍 成功
2025-03-12 01:32:43 - INFO - [LINK] 当前已经是CROSSED保证金模式
2025-03-12 01:32:43 - INFO - [LINK] 交易器初始化成功 for LINKUSDT
2025-03-12 01:32:43 - INFO - [LINK] 创建新的CNN模型
2025-03-12 01:32:43 - WARNING - [absl] At this time, the v2.11+ optimizer `tf.keras.optimizers.Adam` runs slowly on M1/M2 Macs, please use the legacy Keras optimizer instead, located at `tf.keras.optimizers.legacy.Adam`.
2025-03-12 01:32:43 - WARNING - [absl] There is a known slowdown when using v2.11+ Keras optimizers on M1/M2 Macs. Falling back to the legacy Keras optimizer, i.e., `tf.keras.optimizers.legacy.Adam`.
2025-03-12 01:32:43 - INFO - [LINK] 初始化 LINKUSDT 交易器和策略成功
2025-03-12 01:32:43 - INFO - [LINK] 交易线程启动成功
2025-03-12 01:32:43 - INFO - [root] 启动线程监控
2025-03-12 01:32:43 - INFO - [root] 交易系统启动成功，正在交易的币对: LINKUSDT
2025-03-12 01:32:43 - INFO - [LINK] USDT余额: 可用=0.00047449, 总额=0.00070658
2025-03-12 01:32:43 - INFO - [LINK] 当前账户余额: 可用=0.00047449 USDT, 总额=0.00070658 USDT
2025-03-12 01:32:44 - INFO - [LINK] 成功获取1000根5mK线数据
2025-03-12 01:32:44 - INFO - [LINK] 模型需要训练/更新
2025-03-12 01:32:44 - INFO - [LINK] 获取 1000 根 5m K线数据用于训练
2025-03-12 01:32:44 - INFO - [LINK] 成功获取1000根5mK线数据
2025-03-12 01:32:44 - INFO - [LINK] 开始训练CNN模型，数据集大小: 928
2025-03-12 01:32:45 - INFO - [LINK] 模型训练完成，损失: 0.5420, 准确率: 0.7790
2025-03-12 01:32:45 - INFO - [LINK] 模型训练完成，将使用新模型生成信号
2025-03-12 01:32:46 - INFO - [LINK] 预测概率 - 买入: 0.1840, 卖出: 0.3077, 观望: 0.5083
2025-03-12 01:32:46 - INFO - [LINK] 最终预测: 观望, 置信度: 0.5083
2025-03-12 01:32:46 - INFO - [LINK] 当前价格: 12.888, AI信号: 0
2025-03-12 01:33:47 - INFO - [LINK] USDT余额: 可用=0.0004745, 总额=0.00070658
2025-03-12 01:33:47 - INFO - [LINK] 当前账户余额: 可用=0.00047450 USDT, 总额=0.00070658 USDT
2025-03-12 01:33:47 - INFO - [LINK] 成功获取1000根5mK线数据
2025-03-12 01:33:48 - INFO - [LINK] 当前价格: 12.86, AI信号: 0
2025-03-12 01:34:48 - INFO - [LINK] USDT余额: 可用=0.00047451, 总额=0.00070658
2025-03-12 01:34:48 - INFO - [LINK] 当前账户余额: 可用=0.00047451 USDT, 总额=0.00070658 USDT
2025-03-12 01:34:48 - INFO - [LINK] 成功获取1000根5mK线数据
2025-03-12 01:34:49 - INFO - [LINK] 当前价格: 12.843, AI信号: 0
2025-03-12 01:35:49 - INFO - [LINK] USDT余额: 可用=0.00047449, 总额=0.00070658
2025-03-12 01:35:49 - INFO - [LINK] 当前账户余额: 可用=0.00047449 USDT, 总额=0.00070658 USDT
2025-03-12 01:35:50 - INFO - [LINK] 成功获取1000根5mK线数据
2025-03-12 01:35:50 - INFO - [LINK] 预测概率 - 买入: 0.1688, 卖出: 0.3079, 观望: 0.5233
2025-03-12 01:35:50 - INFO - [LINK] 最终预测: 观望, 置信度: 0.5233
2025-03-12 01:35:50 - INFO - [LINK] 当前价格: 12.808, AI信号: 0
2025-03-12 01:36:51 - INFO - [LINK] USDT余额: 可用=0.00047448, 总额=0.00070658
2025-03-12 01:36:51 - INFO - [LINK] 当前账户余额: 可用=0.00047448 USDT, 总额=0.00070658 USDT
2025-03-12 01:36:51 - INFO - [LINK] 成功获取1000根5mK线数据
2025-03-12 01:36:52 - INFO - [LINK] 当前价格: 12.821, AI信号: 0
2025-03-12 01:37:52 - INFO - [LINK] USDT余额: 可用=0.00047449, 总额=0.00070658
2025-03-12 01:37:52 - INFO - [LINK] 当前账户余额: 可用=0.00047449 USDT, 总额=0.00070658 USDT
2025-03-12 01:37:52 - INFO - [LINK] 成功获取1000根5mK线数据
2025-03-12 01:37:53 - INFO - [LINK] 当前价格: 12.83, AI信号: 0
2025-03-12 01:38:53 - INFO - [LINK] USDT余额: 可用=0.00047448, 总额=0.00070658
2025-03-12 01:38:53 - INFO - [LINK] 当前账户余额: 可用=0.00047448 USDT, 总额=0.00070658 USDT
2025-03-12 01:38:54 - INFO - [LINK] 成功获取1000根5mK线数据
2025-03-12 01:38:54 - INFO - [LINK] 当前价格: 12.841, AI信号: 0
2025-03-12 01:39:55 - INFO - [LINK] USDT余额: 可用=0.00047448, 总额=0.00070658
2025-03-12 01:39:55 - INFO - [LINK] 当前账户余额: 可用=0.00047448 USDT, 总额=0.00070658 USDT
2025-03-12 01:39:55 - INFO - [LINK] 成功获取1000根5mK线数据
2025-03-12 01:39:55 - INFO - [LINK] 当前价格: 12.872, AI信号: 0
2025-03-12 01:40:56 - INFO - [LINK] USDT余额: 可用=0.00047451, 总额=0.00070658
2025-03-12 01:40:56 - INFO - [LINK] 当前账户余额: 可用=0.00047451 USDT, 总额=0.00070658 USDT
2025-03-12 01:40:56 - INFO - [LINK] 成功获取1000根5mK线数据
2025-03-12 01:40:56 - INFO - [LINK] 预测概率 - 买入: 0.1611, 卖出: 0.3048, 观望: 0.5341
2025-03-12 01:40:56 - INFO - [LINK] 最终预测: 观望, 置信度: 0.5341
2025-03-12 01:40:57 - INFO - [LINK] 当前价格: 12.89, AI信号: 0
2025-03-12 01:41:57 - INFO - [LINK] USDT余额: 可用=0.0004745, 总额=0.00070658
2025-03-12 01:41:57 - INFO - [LINK] 当前账户余额: 可用=0.00047450 USDT, 总额=0.00070658 USDT
2025-03-12 01:41:58 - INFO - [LINK] 成功获取1000根5mK线数据
2025-03-12 01:41:58 - INFO - [LINK] 当前价格: 12.927, AI信号: 0
2025-03-12 01:42:58 - ERROR - [LINK] 获取账户余额失败: binance GET https://fapi.binance.com/fapi/v2/account?timestamp=1741714978603&recvWindow=60000&signature=694e187262cb8cfb918e03b90cdda4b2dbf89b739d014ee81c3a4002fb9751ea
2025-03-12 01:42:58 - WARNING - [LINK] get_balance 调用失败，1/3次尝试: binance GET https://fapi.binance.com/fapi/v2/account?timestamp=1741714978603&recvWindow=60000&signature=694e187262cb8cfb918e03b90cdda4b2dbf89b739d014ee81c3a4002fb9751ea
2025-03-12 01:43:04 - INFO - [LINK] USDT余额: 可用=0.00047451, 总额=0.00070658
2025-03-12 01:43:04 - INFO - [LINK] 当前账户余额: 可用=0.00047451 USDT, 总额=0.00070658 USDT
2025-03-12 01:43:04 - INFO - [LINK] 成功获取1000根5mK线数据
2025-03-12 01:43:04 - INFO - [LINK] 当前价格: 12.906, AI信号: 0
2025-03-12 01:43:48 - INFO - [root] ==================================================
2025-03-12 01:43:48 - INFO - [root] 日志系统初始化完成 - 2025-03-12 01:43:48
2025-03-12 01:43:48 - INFO - [root] ==================================================
2025-03-12 01:43:48 - INFO - [utils.exchange] 代理连接测试成功
2025-03-12 01:43:49 - INFO - [utils.exchange] 服务器时间差: 43 ms
2025-03-12 01:43:51 - INFO - [utils.exchange] API权限验证成功
2025-03-12 01:43:52 - INFO - [LINK] 当前已经是单向持仓模式
2025-03-12 01:43:52 - INFO - [LINK] 设置杠杆倍数 5倍 成功
2025-03-12 01:43:52 - INFO - [LINK] 当前已经是CROSSED保证金模式
2025-03-12 01:43:52 - INFO - [LINK] 交易器初始化成功 for LINKUSDT
2025-03-12 01:43:52 - INFO - [LINK] 加载已有CNN模型: models/cnn_trend_LINKUSDT.h5
2025-03-12 01:43:52 - INFO - [LINK] 初始化 LINKUSDT 交易器和策略成功
2025-03-12 01:43:52 - INFO - [LINK] 交易线程启动成功
2025-03-12 01:43:52 - INFO - [root] 启动线程监控
2025-03-12 01:43:52 - INFO - [root] 交易系统启动成功，正在交易的币对: LINKUSDT
2025-03-12 01:43:52 - INFO - [LINK] USDT余额: 可用=0.00047448, 总额=0.00070658
2025-03-12 01:43:52 - INFO - [LINK] 当前账户余额: 可用=0.00047448 USDT, 总额=0.00070658 USDT
2025-03-12 01:43:52 - INFO - [LINK] 成功获取1000根5mK线数据
2025-03-12 01:43:53 - INFO - [LINK] 预测概率 - 买入: 0.1611, 卖出: 0.3048, 观望: 0.5341
2025-03-12 01:43:53 - INFO - [LINK] 最终预测: 观望, 置信度: 0.5341
2025-03-12 01:43:53 - INFO - [LINK] 当前价格: 12.905, AI信号: 0
2025-03-12 01:44:54 - INFO - [LINK] USDT余额: 可用=0.00047448, 总额=0.00070658
2025-03-12 01:44:54 - INFO - [LINK] 当前账户余额: 可用=0.00047448 USDT, 总额=0.00070658 USDT
2025-03-12 01:44:54 - INFO - [LINK] 成功获取1000根5mK线数据
2025-03-12 01:44:55 - INFO - [LINK] 当前价格: 12.947, AI信号: 0
2025-03-12 01:45:55 - INFO - [LINK] USDT余额: 可用=0.00047449, 总额=0.00070658
2025-03-12 01:45:55 - INFO - [LINK] 当前账户余额: 可用=0.00047449 USDT, 总额=0.00070658 USDT
2025-03-12 01:45:56 - INFO - [LINK] 成功获取1000根5mK线数据
2025-03-12 01:45:56 - INFO - [LINK] 预测概率 - 买入: 0.1480, 卖出: 0.3063, 观望: 0.5456
2025-03-12 01:45:56 - INFO - [LINK] 最终预测: 观望, 置信度: 0.5456
2025-03-12 01:45:56 - INFO - [LINK] 当前价格: 12.951, AI信号: 0
2025-03-12 01:46:56 - ERROR - [LINK] 获取账户余额失败: binance GET https://fapi.binance.com/fapi/v2/account?timestamp=1741715216699&recvWindow=60000&signature=8bff6319b0a14df5b1375091b6f45f2c816653b45d643fb0f125115998876fe9
2025-03-12 01:46:56 - WARNING - [LINK] get_balance 调用失败，1/3次尝试: binance GET https://fapi.binance.com/fapi/v2/account?timestamp=1741715216699&recvWindow=60000&signature=8bff6319b0a14df5b1375091b6f45f2c816653b45d643fb0f125115998876fe9
2025-03-12 01:47:02 - INFO - [LINK] USDT余额: 可用=0.00047449, 总额=0.00070658
2025-03-12 01:47:02 - INFO - [LINK] 当前账户余额: 可用=0.00047449 USDT, 总额=0.00070658 USDT
2025-03-12 01:47:02 - INFO - [LINK] 成功获取1000根5mK线数据
2025-03-12 01:47:02 - INFO - [LINK] 当前价格: 13.007, AI信号: 0
2025-03-12 01:48:03 - INFO - [LINK] USDT余额: 可用=0.00047448, 总额=0.00070658
2025-03-12 01:48:03 - INFO - [LINK] 当前账户余额: 可用=0.00047448 USDT, 总额=0.00070658 USDT
2025-03-12 01:48:03 - INFO - [LINK] 成功获取1000根5mK线数据
2025-03-12 01:48:04 - INFO - [LINK] 当前价格: 13.015, AI信号: 0
2025-03-12 01:49:04 - INFO - [LINK] USDT余额: 可用=0.00047449, 总额=0.00070658
2025-03-12 01:49:04 - INFO - [LINK] 当前账户余额: 可用=0.00047449 USDT, 总额=0.00070658 USDT
2025-03-12 01:49:05 - INFO - [LINK] 成功获取1000根5mK线数据
2025-03-12 01:49:05 - INFO - [LINK] 当前价格: 13.022, AI信号: 0
2025-03-12 01:50:06 - INFO - [LINK] USDT余额: 可用=0.0004745, 总额=0.00070658
2025-03-12 01:50:06 - INFO - [LINK] 当前账户余额: 可用=0.00047450 USDT, 总额=0.00070658 USDT
2025-03-12 01:50:06 - INFO - [LINK] 成功获取1000根5mK线数据
2025-03-12 01:50:06 - INFO - [LINK] 预测概率 - 买入: 0.1437, 卖出: 0.3092, 观望: 0.5471
2025-03-12 01:50:06 - INFO - [LINK] 最终预测: 观望, 置信度: 0.5471
2025-03-12 01:50:07 - INFO - [LINK] 当前价格: 12.967, AI信号: 0
2025-03-12 01:51:07 - INFO - [LINK] USDT余额: 可用=0.00047451, 总额=0.00070658
2025-03-12 01:51:07 - INFO - [LINK] 当前账户余额: 可用=0.00047451 USDT, 总额=0.00070658 USDT
2025-03-12 01:51:07 - INFO - [LINK] 成功获取1000根5mK线数据
2025-03-12 01:51:08 - INFO - [LINK] 当前价格: 12.986, AI信号: 0
2025-03-12 01:52:08 - INFO - [LINK] USDT余额: 可用=0.0004745, 总额=0.00070658
2025-03-12 01:52:08 - INFO - [LINK] 当前账户余额: 可用=0.00047450 USDT, 总额=0.00070658 USDT
2025-03-12 01:52:09 - INFO - [LINK] 成功获取1000根5mK线数据
2025-03-12 01:52:09 - INFO - [LINK] 当前价格: 12.975, AI信号: 0
2025-03-12 01:53:10 - INFO - [LINK] USDT余额: 可用=0.0004745, 总额=0.00070658
2025-03-12 01:53:10 - INFO - [LINK] 当前账户余额: 可用=0.00047450 USDT, 总额=0.00070658 USDT
2025-03-12 01:53:10 - INFO - [LINK] 成功获取1000根5mK线数据
2025-03-12 01:53:10 - INFO - [LINK] 当前价格: 12.952, AI信号: 0
2025-03-12 01:54:11 - INFO - [LINK] USDT余额: 可用=0.00047449, 总额=0.00070658
2025-03-12 01:54:11 - INFO - [LINK] 当前账户余额: 可用=0.00047449 USDT, 总额=0.00070658 USDT
2025-03-12 01:54:11 - INFO - [LINK] 成功获取1000根5mK线数据
2025-03-12 01:54:12 - INFO - [LINK] 当前价格: 12.926, AI信号: 0
2025-03-12 01:55:12 - INFO - [LINK] USDT余额: 可用=0.00047449, 总额=0.00070658
2025-03-12 01:55:12 - INFO - [LINK] 当前账户余额: 可用=0.00047449 USDT, 总额=0.00070658 USDT
2025-03-12 01:55:13 - INFO - [LINK] 成功获取1000根5mK线数据
2025-03-12 01:55:13 - INFO - [LINK] 预测概率 - 买入: 0.1445, 卖出: 0.3037, 观望: 0.5517
2025-03-12 01:55:13 - INFO - [LINK] 最终预测: 观望, 置信度: 0.5517
2025-03-12 01:55:13 - INFO - [LINK] 当前价格: 12.929, AI信号: 0
2025-03-12 01:56:14 - INFO - [LINK] USDT余额: 可用=0.00047449, 总额=0.00070658
2025-03-12 01:56:14 - INFO - [LINK] 当前账户余额: 可用=0.00047449 USDT, 总额=0.00070658 USDT
2025-03-12 01:56:14 - INFO - [LINK] 成功获取1000根5mK线数据
2025-03-12 01:56:15 - INFO - [LINK] 当前价格: 12.916, AI信号: 0
2025-03-12 01:57:15 - INFO - [LINK] USDT余额: 可用=0.00047451, 总额=0.00070658
2025-03-12 01:57:15 - INFO - [LINK] 当前账户余额: 可用=0.00047451 USDT, 总额=0.00070658 USDT
2025-03-12 01:57:16 - INFO - [LINK] 成功获取1000根5mK线数据
2025-03-12 01:57:16 - INFO - [LINK] 当前价格: 12.894, AI信号: 0
2025-03-12 01:58:17 - INFO - [LINK] USDT余额: 可用=0.00047452, 总额=0.00070658
2025-03-12 01:58:17 - INFO - [LINK] 当前账户余额: 可用=0.00047452 USDT, 总额=0.00070658 USDT
2025-03-12 01:58:17 - INFO - [LINK] 成功获取1000根5mK线数据
2025-03-12 01:58:17 - INFO - [LINK] 当前价格: 12.864, AI信号: 0
2025-03-12 01:59:18 - INFO - [LINK] USDT余额: 可用=0.0004745, 总额=0.00070658
2025-03-12 01:59:18 - INFO - [LINK] 当前账户余额: 可用=0.00047450 USDT, 总额=0.00070658 USDT
2025-03-12 01:59:18 - INFO - [LINK] 成功获取1000根5mK线数据
2025-03-12 01:59:18 - INFO - [LINK] 当前价格: 12.894, AI信号: 0
2025-03-12 02:00:19 - INFO - [LINK] USDT余额: 可用=0.0004745, 总额=0.00070658
2025-03-12 02:00:19 - INFO - [LINK] 当前账户余额: 可用=0.00047450 USDT, 总额=0.00070658 USDT
2025-03-12 02:00:19 - INFO - [LINK] 成功获取1000根5mK线数据
2025-03-12 02:00:19 - INFO - [LINK] 预测概率 - 买入: 0.1451, 卖出: 0.3042, 观望: 0.5507
2025-03-12 02:00:19 - INFO - [LINK] 最终预测: 观望, 置信度: 0.5507
2025-03-12 02:00:20 - INFO - [LINK] 当前价格: 12.916, AI信号: 0
2025-03-12 02:01:21 - INFO - [LINK] USDT余额: 可用=0.00047451, 总额=0.00070658
2025-03-12 02:01:21 - INFO - [LINK] 当前账户余额: 可用=0.00047451 USDT, 总额=0.00070658 USDT
2025-03-12 02:01:21 - INFO - [LINK] 成功获取1000根5mK线数据
2025-03-12 02:01:21 - INFO - [LINK] 当前价格: 12.934, AI信号: 0
2025-03-12 02:02:22 - INFO - [LINK] USDT余额: 可用=0.0004745, 总额=0.00070658
2025-03-12 02:02:22 - INFO - [LINK] 当前账户余额: 可用=0.00047450 USDT, 总额=0.00070658 USDT
2025-03-12 02:02:22 - INFO - [LINK] 成功获取1000根5mK线数据
2025-03-12 02:02:23 - INFO - [LINK] 当前价格: 12.986, AI信号: 0
2025-03-12 02:03:23 - INFO - [LINK] USDT余额: 可用=0.00047451, 总额=0.00070658
2025-03-12 02:03:23 - INFO - [LINK] 当前账户余额: 可用=0.00047451 USDT, 总额=0.00070658 USDT
2025-03-12 02:03:23 - INFO - [LINK] 成功获取1000根5mK线数据
2025-03-12 02:03:24 - INFO - [LINK] 当前价格: 13.041, AI信号: 0
2025-03-12 02:04:24 - INFO - [LINK] USDT余额: 可用=0.0004745, 总额=0.00070658
2025-03-12 02:04:24 - INFO - [LINK] 当前账户余额: 可用=0.00047450 USDT, 总额=0.00070658 USDT
2025-03-12 02:04:25 - INFO - [LINK] 成功获取1000根5mK线数据
2025-03-12 02:04:25 - INFO - [LINK] 当前价格: 13.076, AI信号: 0
2025-03-12 02:05:26 - INFO - [LINK] USDT余额: 可用=0.00047452, 总额=0.00070658
2025-03-12 02:05:26 - INFO - [LINK] 当前账户余额: 可用=0.00047452 USDT, 总额=0.00070658 USDT
2025-03-12 02:05:26 - INFO - [LINK] 成功获取1000根5mK线数据
2025-03-12 02:05:26 - INFO - [LINK] 预测概率 - 买入: 0.1448, 卖出: 0.3011, 观望: 0.5541
2025-03-12 02:05:26 - INFO - [LINK] 最终预测: 观望, 置信度: 0.5541
2025-03-12 02:05:27 - INFO - [LINK] 当前价格: 13.048, AI信号: 0
