2025-03-10 00:11:54 - INFO - [root] ==================================================
2025-03-10 00:11:54 - INFO - [root] 日志系统初始化完成 - 2025-03-10 00:11:54
2025-03-10 00:11:54 - INFO - [root] ==================================================
2025-03-10 00:11:55 - INFO - [utils.exchange] 代理连接测试成功
2025-03-10 00:11:55 - INFO - [utils.exchange] 服务器时间差: 123 ms
2025-03-10 00:11:58 - INFO - [utils.exchange] API权限验证成功
2025-03-10 00:11:58 - INFO - [LINK] 当前已经是单向持仓模式
2025-03-10 00:11:59 - INFO - [LINK] 设置杠杆倍数 5倍 成功
2025-03-10 00:11:59 - INFO - [LINK] 当前已经是CROSSED保证金模式
2025-03-10 00:11:59 - INFO - [LINK] 交易器初始化成功 for LINKUSDT
2025-03-10 00:11:59 - INFO - [LINK] 获取历史K线数据进行初始训练...
2025-03-10 00:11:59 - INFO - [LINK] 成功获取1000根5mK线数据
2025-03-10 00:11:59 - INFO - [LINK] 成功获取1000根5mK线数据
2025-03-10 00:11:59 - INFO - [LINK] 标签分布: 看跌=395, 盘整=315, 看涨=284
2025-03-10 00:11:59 - INFO - [LINK] 模型评估结果:
2025-03-10 00:11:59 - INFO - [LINK] Accuracy: 0.8749
2025-03-10 00:11:59 - INFO - [LINK] Precision: 0.8754
2025-03-10 00:11:59 - INFO - [LINK] Recall: 0.8749
2025-03-10 00:11:59 - INFO - [LINK] F1 Score: 0.8747
2025-03-10 00:11:59 - INFO - [LINK] 初始模型训练完成
2025-03-10 00:11:59 - INFO - [LINK] 初始化 LINKUSDT 交易器和策略成功
2025-03-10 00:11:59 - INFO - [LINK] 交易线程启动成功
2025-03-10 00:11:59 - INFO - [root] 启动线程监控
2025-03-10 00:11:59 - INFO - [root] 交易系统启动成功，正在交易的币对: LINKUSDT
2025-03-10 00:12:00 - INFO - [LINK] USDT余额: 可用=115.7859744, 总额=115.80936501
2025-03-10 00:12:00 - INFO - [LINK] 当前账户余额: 可用=115.78597440 USDT, 总额=115.80936501 USDT
2025-03-10 00:12:00 - INFO - [LINK] 成功获取1000根5mK线数据
2025-03-10 00:12:00 - INFO - [LINK] 预测概率: 卖出=0.3830, 观望=0.4649, 买入=0.1521
2025-03-10 00:12:00 - INFO - [LINK] 当前价格: 14.312, AI信号: -1
2025-03-10 00:12:01 - INFO - [LINK] 订单创建成功: {'info': {'orderId': '38833289830', 'symbol': 'LINKUSDT', 'status': 'FILLED', 'clientOrderId': 'x-xcKtGhcua7f9ec52ec87ed5541c253', 'price': '0.000', 'avgPrice': '14.31300', 'origQty': '2.42', 'executedQty': '2.42', 'cumQty': '2.42', 'cumQuote': '34.63746', 'timeInForce': 'GTC', 'type': 'MARKET', 'reduceOnly': False, 'closePosition': False, 'side': 'SELL', 'positionSide': 'BOTH', 'stopPrice': '0.000', 'workingType': 'CONTRACT_PRICE', 'priceProtect': False, 'origType': 'MARKET', 'priceMatch': 'NONE', 'selfTradePreventionMode': 'EXPIRE_MAKER', 'goodTillDate': '0', 'updateTime': '1741536721471'}, 'id': '38833289830', 'clientOrderId': 'x-xcKtGhcua7f9ec52ec87ed5541c253', 'timestamp': 1741536721471, 'datetime': '2025-03-09T16:12:01.471Z', 'lastTradeTimestamp': 1741536721471, 'lastUpdateTimestamp': 1741536721471, 'symbol': 'LINK/USDT:USDT', 'type': 'market', 'timeInForce': 'GTC', 'postOnly': False, 'reduceOnly': False, 'side': 'sell', 'price': 14.313, 'triggerPrice': None, 'amount': 2.42, 'cost': 34.63746, 'average': 14.313, 'filled': 2.42, 'remaining': 0.0, 'status': 'closed', 'fee': {'currency': None, 'cost': None, 'rate': None}, 'trades': [], 'fees': [{'currency': None, 'cost': None, 'rate': None}], 'stopPrice': None, 'takeProfitPrice': None, 'stopLossPrice': None}
2025-03-10 00:13:01 - ERROR - [LINK] 获取账户余额失败: binance GET https://fapi.binance.com/fapi/v2/account?timestamp=1741536781471&recvWindow=60000&signature=56c2a37178660979b57ef2a2c3d5a6d26fe303f30f4739f11766ba431be6045f
2025-03-10 00:13:01 - WARNING - [LINK] get_balance 调用失败，1/3次尝试: binance GET https://fapi.binance.com/fapi/v2/account?timestamp=1741536781471&recvWindow=60000&signature=56c2a37178660979b57ef2a2c3d5a6d26fe303f30f4739f11766ba431be6045f
2025-03-10 00:13:06 - INFO - [LINK] USDT余额: 可用=108.73944044, 总额=115.70726077
2025-03-10 00:13:06 - INFO - [LINK] 当前账户余额: 可用=108.73944044 USDT, 总额=115.70726077 USDT
2025-03-10 00:13:07 - INFO - [LINK] 成功获取1000根5mK线数据
2025-03-10 00:13:07 - INFO - [LINK] 预测概率: 卖出=0.3783, 观望=0.4947, 买入=0.1269
2025-03-10 00:13:07 - INFO - [LINK] 当前持仓方向: 空，持仓金额: 34.7222
2025-03-10 00:13:07 - INFO - [LINK] 当前价格: 14.345, AI信号: -1, 持仓数量: 2.42, 开仓均价: 14.313, 未实现盈亏: -0.08 USDT (-0.22%)
2025-03-10 00:14:08 - INFO - [LINK] USDT余额: 可用=108.80632474, 总额=115.77510629
2025-03-10 00:14:08 - INFO - [LINK] 当前账户余额: 可用=108.80632474 USDT, 总额=115.77510629 USDT
2025-03-10 00:14:08 - INFO - [LINK] 成功获取1000根5mK线数据
2025-03-10 00:14:08 - INFO - [LINK] 预测概率: 卖出=0.3701, 观望=0.4997, 买入=0.1302
2025-03-10 00:14:09 - INFO - [LINK] 当前持仓方向: 空，持仓金额: 34.6592
2025-03-10 00:14:09 - INFO - [LINK] 当前价格: 14.31, AI信号: -1, 持仓数量: 2.42, 开仓均价: 14.313, 未实现盈亏: 0.01 USDT (0.02%)
2025-03-10 00:15:09 - ERROR - [LINK] 获取账户余额失败: binance GET https://fapi.binance.com/fapi/v2/account?timestamp=1741536909155&recvWindow=60000&signature=703df9b2b24d1f96d6fffdf5661308d92b0afe2ff5d093e4b03f652ca3fc6df2
2025-03-10 00:15:09 - WARNING - [LINK] get_balance 调用失败，1/3次尝试: binance GET https://fapi.binance.com/fapi/v2/account?timestamp=1741536909155&recvWindow=60000&signature=703df9b2b24d1f96d6fffdf5661308d92b0afe2ff5d093e4b03f652ca3fc6df2
2025-03-10 00:15:14 - INFO - [LINK] USDT余额: 可用=108.79180295, 总额=115.75090274
2025-03-10 00:15:14 - INFO - [LINK] 当前账户余额: 可用=108.79180295 USDT, 总额=115.75090274 USDT
2025-03-10 00:15:15 - INFO - [LINK] 成功获取1000根5mK线数据
2025-03-10 00:15:15 - INFO - [LINK] 预测概率: 卖出=0.4026, 观望=0.4988, 买入=0.0987
2025-03-10 00:15:15 - INFO - [LINK] 当前持仓方向: 空，持仓金额: 34.6786
2025-03-10 00:15:15 - INFO - [LINK] 当前价格: 14.327, AI信号: -1, 持仓数量: 2.42, 开仓均价: 14.313, 未实现盈亏: -0.03 USDT (-0.10%)
2025-03-10 00:16:16 - INFO - [LINK] USDT余额: 可用=108.70703184, 总额=115.68995942
2025-03-10 00:16:16 - INFO - [LINK] 当前账户余额: 可用=108.70703184 USDT, 总额=115.68995942 USDT
2025-03-10 00:16:16 - INFO - [LINK] 成功获取1000根5mK线数据
2025-03-10 00:16:16 - INFO - [LINK] 预测概率: 卖出=0.3709, 观望=0.5211, 买入=0.1080
2025-03-10 00:16:17 - INFO - [LINK] 当前持仓方向: 空，持仓金额: 34.7512
2025-03-10 00:16:17 - INFO - [LINK] 当前价格: 14.353, AI信号: -1, 持仓数量: 2.42, 开仓均价: 14.313, 未实现盈亏: -0.10 USDT (-0.28%)
2025-03-10 00:17:17 - INFO - [LINK] USDT余额: 可用=108.79704941, 总额=115.75527652
2025-03-10 00:17:17 - INFO - [LINK] 当前账户余额: 可用=108.79704941 USDT, 总额=115.75527652 USDT
2025-03-10 00:17:18 - INFO - [LINK] 成功获取1000根5mK线数据
2025-03-10 00:17:18 - INFO - [LINK] 预测概率: 卖出=0.3814, 观望=0.5107, 买入=0.1079
2025-03-10 00:17:18 - INFO - [LINK] 当前持仓方向: 空，持仓金额: 34.6675
2025-03-10 00:17:18 - INFO - [LINK] 当前价格: 14.33, AI信号: -1, 持仓数量: 2.42, 开仓均价: 14.313, 未实现盈亏: -0.04 USDT (-0.12%)
2025-03-10 00:18:28 - ERROR - [LINK] 获取账户余额失败: binance GET https://fapi.binance.com/fapi/v2/account?timestamp=1741537098718&recvWindow=60000&signature=3118ddf9ecbacf53668fa656fdcf06b520f9af175b73282dbfe643013f307364
2025-03-10 00:18:28 - WARNING - [LINK] get_balance 调用失败，1/3次尝试: binance GET https://fapi.binance.com/fapi/v2/account?timestamp=1741537098718&recvWindow=60000&signature=3118ddf9ecbacf53668fa656fdcf06b520f9af175b73282dbfe643013f307364
2025-03-10 00:18:34 - INFO - [LINK] USDT余额: 可用=108.87358799, 总额=115.82108629
2025-03-10 00:18:34 - INFO - [LINK] 当前账户余额: 可用=108.87358799 USDT, 总额=115.82108629 USDT
2025-03-10 00:18:34 - INFO - [LINK] 成功获取1000根5mK线数据
2025-03-10 00:18:34 - INFO - [LINK] 预测概率: 卖出=0.4237, 观望=0.4832, 买入=0.0931
2025-03-10 00:18:34 - INFO - [LINK] 当前持仓方向: 空，持仓金额: 34.6084
2025-03-10 00:18:34 - INFO - [LINK] 当前价格: 14.3, AI信号: -1, 持仓数量: 2.42, 开仓均价: 14.313, 未实现盈亏: 0.03 USDT (0.09%)
2025-03-10 00:19:35 - INFO - [LINK] USDT余额: 可用=108.99795619, 总额=115.92272629
2025-03-10 00:19:35 - INFO - [LINK] 当前账户余额: 可用=108.99795619 USDT, 总额=115.92272629 USDT
2025-03-10 00:19:35 - INFO - [LINK] 成功获取1000根5mK线数据
2025-03-10 00:19:35 - INFO - [LINK] 预测概率: 卖出=0.4807, 观望=0.4369, 买入=0.0824
2025-03-10 00:19:36 - INFO - [LINK] 当前持仓方向: 空，持仓金额: 34.4947
2025-03-10 00:19:36 - INFO - [LINK] 当前价格: 14.261, AI信号: -1, 持仓数量: 2.42, 开仓均价: 14.313, 未实现盈亏: 0.13 USDT (0.36%)
2025-03-10 00:20:36 - INFO - [LINK] USDT余额: 可用=109.03134682, 总额=115.95660629
2025-03-10 00:20:36 - INFO - [LINK] 当前账户余额: 可用=109.03134682 USDT, 总额=115.95660629 USDT
2025-03-10 00:20:37 - INFO - [LINK] 成功获取1000根5mK线数据
2025-03-10 00:20:37 - INFO - [LINK] 预测概率: 卖出=0.5518, 观望=0.3839, 买入=0.0642
2025-03-10 00:20:37 - INFO - [LINK] 当前持仓方向: 空，持仓金额: 34.4874
2025-03-10 00:20:37 - INFO - [LINK] 当前价格: 14.239, AI信号: -1, 持仓数量: 2.42, 开仓均价: 14.313, 未实现盈亏: 0.18 USDT (0.52%)
2025-03-10 00:21:38 - INFO - [LINK] USDT余额: 可用=108.96892195, 总额=115.89852629
2025-03-10 00:21:38 - INFO - [LINK] 当前账户余额: 可用=108.96892195 USDT, 总额=115.89852629 USDT
2025-03-10 00:21:38 - INFO - [LINK] 成功获取1000根5mK线数据
2025-03-10 00:21:38 - INFO - [LINK] 预测概率: 卖出=0.5035, 观望=0.4302, 买入=0.0662
2025-03-10 00:21:38 - INFO - [LINK] 当前持仓方向: 空，持仓金额: 34.5189
2025-03-10 00:21:38 - INFO - [LINK] 当前价格: 14.273, AI信号: -1, 持仓数量: 2.42, 开仓均价: 14.313, 未实现盈亏: 0.10 USDT (0.28%)
2025-03-10 00:22:39 - INFO - [LINK] USDT余额: 可用=108.9994077, 总额=115.92998629
2025-03-10 00:22:39 - INFO - [LINK] 当前账户余额: 可用=108.99940770 USDT, 总额=115.92998629 USDT
2025-03-10 00:22:39 - INFO - [LINK] 成功获取1000根5mK线数据
2025-03-10 00:22:39 - INFO - [LINK] 预测概率: 卖出=0.5085, 观望=0.4233, 买入=0.0682
2025-03-10 00:22:40 - INFO - [LINK] 当前持仓方向: 空，持仓金额: 34.5068
2025-03-10 00:22:40 - INFO - [LINK] 当前价格: 14.254, AI信号: -1, 持仓数量: 2.42, 开仓均价: 14.313, 未实现盈亏: 0.14 USDT (0.41%)
2025-03-10 00:23:40 - INFO - [LINK] USDT余额: 可用=109.10223946, 总额=116.00964322
2025-03-10 00:23:40 - INFO - [LINK] 当前账户余额: 可用=109.10223946 USDT, 总额=116.00964322 USDT
2025-03-10 00:23:41 - INFO - [LINK] 成功获取1000根5mK线数据
2025-03-10 00:23:41 - INFO - [LINK] 预测概率: 卖出=0.5381, 观望=0.3873, 买入=0.0746
2025-03-10 00:23:41 - INFO - [LINK] 当前持仓方向: 空，持仓金额: 34.4199
2025-03-10 00:23:41 - INFO - [LINK] 当前价格: 14.214, AI信号: -1, 持仓数量: 2.42, 开仓均价: 14.313, 未实现盈亏: 0.24 USDT (0.69%)
2025-03-10 00:24:42 - INFO - [LINK] USDT余额: 可用=109.13849949, 总额=116.03986544
2025-03-10 00:24:42 - INFO - [LINK] 当前账户余额: 可用=109.13849949 USDT, 总额=116.03986544 USDT
2025-03-10 00:24:42 - INFO - [LINK] 成功获取1000根5mK线数据
2025-03-10 00:24:42 - INFO - [LINK] 预测概率: 卖出=0.5318, 观望=0.4012, 买入=0.0669
2025-03-10 00:24:43 - INFO - [LINK] 当前持仓方向: 空，持仓金额: 34.3775
2025-03-10 00:24:43 - INFO - [LINK] 当前价格: 14.208, AI信号: -1, 持仓数量: 2.42, 开仓均价: 14.313, 未实现盈亏: 0.25 USDT (0.73%)
2025-03-10 00:25:43 - INFO - [LINK] USDT余额: 可用=109.10828876, 总额=116.01468629
2025-03-10 00:25:43 - INFO - [LINK] 当前账户余额: 可用=109.10828876 USDT, 总额=116.01468629 USDT
2025-03-10 00:25:43 - INFO - [LINK] 成功获取1000根5mK线数据
2025-03-10 00:25:43 - INFO - [LINK] 预测概率: 卖出=0.5213, 观望=0.4036, 买入=0.0751
2025-03-10 00:25:44 - INFO - [LINK] 当前持仓方向: 空，持仓金额: 34.4143
2025-03-10 00:25:44 - INFO - [LINK] 当前价格: 14.227, AI信号: -1, 持仓数量: 2.42, 开仓均价: 14.313, 未实现盈亏: 0.21 USDT (0.60%)
2025-03-10 00:26:44 - INFO - [LINK] USDT余额: 可用=109.1873737, 总额=116.08060104
2025-03-10 00:26:44 - INFO - [LINK] 当前账户余额: 可用=109.18737370 USDT, 总额=116.08060104 USDT
2025-03-10 00:26:45 - INFO - [LINK] 成功获取1000根5mK线数据
2025-03-10 00:26:45 - INFO - [LINK] 预测概率: 卖出=0.5158, 观望=0.4128, 买入=0.0714
2025-03-10 00:26:45 - INFO - [LINK] 当前持仓方向: 空，持仓金额: 34.3489
2025-03-10 00:26:45 - INFO - [LINK] 当前价格: 14.193, AI信号: -1, 持仓数量: 2.42, 开仓均价: 14.313, 未实现盈亏: 0.29 USDT (0.84%)
2025-03-10 00:27:46 - INFO - [LINK] USDT余额: 可用=109.28150214, 总额=116.15905349
2025-03-10 00:27:46 - INFO - [LINK] 当前账户余额: 可用=109.28150214 USDT, 总额=116.15905349 USDT
2025-03-10 00:27:46 - INFO - [LINK] 成功获取1000根5mK线数据
2025-03-10 00:27:46 - INFO - [LINK] 预测概率: 卖出=0.5019, 观望=0.4148, 买入=0.0833
2025-03-10 00:27:47 - INFO - [LINK] 当前持仓方向: 空，持仓金额: 34.2743
2025-03-10 00:27:47 - INFO - [LINK] 当前价格: 14.15, AI信号: -1, 持仓数量: 2.42, 开仓均价: 14.313, 未实现盈亏: 0.39 USDT (1.14%)
2025-03-10 00:28:47 - INFO - [LINK] USDT余额: 可用=109.25346538, 总额=116.13568629
2025-03-10 00:28:47 - INFO - [LINK] 当前账户余额: 可用=109.25346538 USDT, 总额=116.13568629 USDT
2025-03-10 00:28:48 - INFO - [LINK] 成功获取1000根5mK线数据
2025-03-10 00:28:48 - INFO - [LINK] 预测概率: 卖出=0.5024, 观望=0.4249, 买入=0.0727
2025-03-10 00:28:48 - INFO - [LINK] 当前持仓方向: 空，持仓金额: 34.2998
2025-03-10 00:28:48 - INFO - [LINK] 当前价格: 14.174, AI信号: -1, 持仓数量: 2.42, 开仓均价: 14.313, 未实现盈亏: 0.34 USDT (0.97%)
2025-03-10 00:29:49 - INFO - [LINK] USDT余额: 可用=109.20168641, 总额=116.09454629
2025-03-10 00:29:49 - INFO - [LINK] 当前账户余额: 可用=109.20168641 USDT, 总额=116.09454629 USDT
2025-03-10 00:29:49 - INFO - [LINK] 成功获取1000根5mK线数据
2025-03-10 00:29:49 - INFO - [LINK] 预测概率: 卖出=0.5214, 观望=0.4174, 买入=0.0612
2025-03-10 00:29:50 - INFO - [LINK] 当前持仓方向: 空，持仓金额: 34.3350
2025-03-10 00:29:50 - INFO - [LINK] 当前价格: 14.187, AI信号: -1, 持仓数量: 2.42, 开仓均价: 14.313, 未实现盈亏: 0.30 USDT (0.88%)
2025-03-10 00:31:00 - ERROR - [LINK] 获取账户余额失败: binance GET https://fapi.binance.com/fapi/v2/account?timestamp=1741537850331&recvWindow=60000&signature=ab0457a9dfcf6038e6dae7747ce51974dd4b138042c92ef032d0c3087448196f
2025-03-10 00:31:00 - WARNING - [LINK] get_balance 调用失败，1/3次尝试: binance GET https://fapi.binance.com/fapi/v2/account?timestamp=1741537850331&recvWindow=60000&signature=ab0457a9dfcf6038e6dae7747ce51974dd4b138042c92ef032d0c3087448196f
2025-03-10 00:31:06 - INFO - [LINK] USDT余额: 可用=109.26727576, 总额=116.14719653
2025-03-10 00:31:06 - INFO - [LINK] 当前账户余额: 可用=109.26727576 USDT, 总额=116.14719653 USDT
2025-03-10 00:31:06 - INFO - [LINK] 成功获取1000根5mK线数据
2025-03-10 00:31:06 - INFO - [LINK] 预测概率: 卖出=0.4759, 观望=0.4311, 买入=0.0930
2025-03-10 00:31:06 - INFO - [LINK] 当前持仓方向: 空，持仓金额: 34.2823
2025-03-10 00:31:06 - INFO - [LINK] 当前价格: 14.154, AI信号: -1, 持仓数量: 2.42, 开仓均价: 14.313, 未实现盈亏: 0.38 USDT (1.11%)
2025-03-10 00:35:04 - ERROR - [LINK] 获取账户余额失败: binance GET https://fapi.binance.com/fapi/v2/account?timestamp=1741538094649&recvWindow=60000&signature=ee96d25641097d848a39ed7f7b685dc93b3bb8dbbd4b2b79c6f1bba3d2fbea00
2025-03-10 00:35:04 - WARNING - [LINK] get_balance 调用失败，1/3次尝试: binance GET https://fapi.binance.com/fapi/v2/account?timestamp=1741538094649&recvWindow=60000&signature=ee96d25641097d848a39ed7f7b685dc93b3bb8dbbd4b2b79c6f1bba3d2fbea00
2025-03-10 00:35:10 - INFO - [LINK] USDT余额: 可用=109.31492442, 总额=116.20102629
2025-03-10 00:35:10 - INFO - [LINK] 当前账户余额: 可用=109.31492442 USDT, 总额=116.20102629 USDT
2025-03-10 00:35:10 - INFO - [LINK] 成功获取1000根5mK线数据
2025-03-10 00:35:10 - INFO - [LINK] 预测概率: 卖出=0.4667, 观望=0.4258, 买入=0.1076
2025-03-10 00:35:10 - INFO - [LINK] 当前持仓方向: 空，持仓金额: 34.2285
2025-03-10 00:35:10 - INFO - [LINK] 当前价格: 14.147, AI信号: -1, 持仓数量: 2.42, 开仓均价: 14.313, 未实现盈亏: 0.40 USDT (1.16%)
2025-03-10 00:36:11 - INFO - [LINK] USDT余额: 可用=109.45042204, 总额=116.30992629
2025-03-10 00:36:11 - INFO - [LINK] 当前账户余额: 可用=109.45042204 USDT, 总额=116.30992629 USDT
2025-03-10 00:36:11 - INFO - [LINK] 成功获取1000根5mK线数据
2025-03-10 00:36:11 - INFO - [LINK] 预测概率: 卖出=0.4801, 观望=0.4317, 买入=0.0882
2025-03-10 00:36:12 - INFO - [LINK] 当前持仓方向: 空，持仓金额: 34.1236
2025-03-10 00:36:12 - INFO - [LINK] 当前价格: 14.089, AI信号: -1, 持仓数量: 2.42, 开仓均价: 14.313, 未实现盈亏: 0.54 USDT (1.57%)
2025-03-10 00:37:12 - INFO - [LINK] USDT余额: 可用=109.52929956, 总额=116.36558629
2025-03-10 00:37:12 - INFO - [LINK] 当前账户余额: 可用=109.52929956 USDT, 总额=116.36558629 USDT
2025-03-10 00:37:13 - INFO - [LINK] 成功获取1000根5mK线数据
2025-03-10 00:37:13 - INFO - [LINK] 预测概率: 卖出=0.4744, 观望=0.4428, 买入=0.0828
2025-03-10 00:37:13 - INFO - [LINK] 当前持仓方向: 空，持仓金额: 34.0639
2025-03-10 00:37:13 - INFO - [LINK] 当前价格: 14.08, AI信号: -1, 持仓数量: 2.42, 开仓均价: 14.313, 未实现盈亏: 0.56 USDT (1.63%)
2025-03-10 00:38:14 - INFO - [LINK] USDT余额: 可用=109.54439352, 总额=116.38056814
2025-03-10 00:38:14 - INFO - [LINK] 当前账户余额: 可用=109.54439352 USDT, 总额=116.38056814 USDT
2025-03-10 00:38:14 - INFO - [LINK] 成功获取1000根5mK线数据
2025-03-10 00:38:14 - INFO - [LINK] 预测概率: 卖出=0.4583, 观望=0.4559, 买入=0.0858
2025-03-10 00:38:14 - INFO - [LINK] 当前持仓方向: 空，持仓金额: 34.0489
2025-03-10 00:38:14 - INFO - [LINK] 当前价格: 14.053, AI信号: -1, 持仓数量: 2.42, 开仓均价: 14.313, 未实现盈亏: 0.63 USDT (1.82%)
2025-03-10 00:39:15 - INFO - [LINK] USDT余额: 可用=109.51117307, 总额=116.35963478
2025-03-10 00:39:15 - INFO - [LINK] 当前账户余额: 可用=109.51117307 USDT, 总额=116.35963478 USDT
2025-03-10 00:39:15 - INFO - [LINK] 成功获取1000根5mK线数据
2025-03-10 00:39:15 - INFO - [LINK] 预测概率: 卖出=0.4561, 观望=0.4652, 买入=0.0787
2025-03-10 00:39:16 - INFO - [LINK] 当前持仓方向: 空，持仓金额: 34.0857
2025-03-10 00:39:16 - INFO - [LINK] 当前价格: 14.046, AI信号: -1, 持仓数量: 2.42, 开仓均价: 14.313, 未实现盈亏: 0.65 USDT (1.87%)
2025-03-10 00:40:16 - INFO - [LINK] USDT余额: 可用=109.54179608, 总额=116.37967628
2025-03-10 00:40:16 - INFO - [LINK] 当前账户余额: 可用=109.54179608 USDT, 总额=116.37967628 USDT
2025-03-10 00:40:17 - INFO - [LINK] 成功获取1000根5mK线数据
2025-03-10 00:40:17 - INFO - [LINK] 预测概率: 卖出=0.4542, 观望=0.4298, 买入=0.1160
2025-03-10 00:40:17 - INFO - [LINK] 当前持仓方向: 空，持仓金额: 34.0498
2025-03-10 00:40:17 - INFO - [LINK] 当前价格: 14.078, AI信号: -1, 持仓数量: 2.42, 开仓均价: 14.313, 未实现盈亏: 0.57 USDT (1.64%)
2025-03-10 00:41:18 - INFO - [LINK] USDT余额: 可用=109.55225133, 总额=116.3847159
2025-03-10 00:41:18 - INFO - [LINK] 当前账户余额: 可用=109.55225133 USDT, 总额=116.38471590 USDT
2025-03-10 00:41:18 - INFO - [LINK] 成功获取1000根5mK线数据
2025-03-10 00:41:18 - INFO - [LINK] 预测概率: 卖出=0.4310, 观望=0.4603, 买入=0.1087
2025-03-10 00:41:18 - INFO - [LINK] 当前持仓方向: 空，持仓金额: 34.0448
2025-03-10 00:41:18 - INFO - [LINK] 当前价格: 14.066, AI信号: -1, 持仓数量: 2.42, 开仓均价: 14.313, 未实现盈亏: 0.60 USDT (1.73%)
2025-03-10 00:42:19 - INFO - [LINK] USDT余额: 可用=109.49445729, 总额=116.33654629
2025-03-10 00:42:19 - INFO - [LINK] 当前账户余额: 可用=109.49445729 USDT, 总额=116.33654629 USDT
2025-03-10 00:42:19 - INFO - [LINK] 成功获取1000根5mK线数据
2025-03-10 00:42:20 - INFO - [LINK] 预测概率: 卖出=0.4429, 观望=0.4492, 买入=0.1079
2025-03-10 00:42:20 - INFO - [LINK] 当前持仓方向: 空，持仓金额: 34.0930
2025-03-10 00:42:20 - INFO - [LINK] 当前价格: 14.092, AI信号: -1, 持仓数量: 2.42, 开仓均价: 14.313, 未实现盈亏: 0.53 USDT (1.54%)
2025-03-10 00:43:21 - INFO - [LINK] USDT余额: 可用=109.35121759, 总额=116.21716013
2025-03-10 00:43:21 - INFO - [LINK] 当前账户余额: 可用=109.35121759 USDT, 总额=116.21716013 USDT
2025-03-10 00:43:21 - INFO - [LINK] 成功获取1000根5mK线数据
2025-03-10 00:43:21 - INFO - [LINK] 预测概率: 卖出=0.4605, 观望=0.4501, 买入=0.0894
2025-03-10 00:43:21 - INFO - [LINK] 当前持仓方向: 空，持仓金额: 34.2123
2025-03-10 00:43:21 - INFO - [LINK] 当前价格: 14.14, AI信号: -1, 持仓数量: 2.42, 开仓均价: 14.313, 未实现盈亏: 0.42 USDT (1.21%)
2025-03-10 00:44:22 - INFO - [LINK] USDT余额: 可用=109.36960627, 总额=116.23248629
2025-03-10 00:44:22 - INFO - [LINK] 当前账户余额: 可用=109.36960627 USDT, 总额=116.23248629 USDT
2025-03-10 00:44:22 - INFO - [LINK] 成功获取1000根5mK线数据
2025-03-10 00:44:22 - INFO - [LINK] 预测概率: 卖出=0.4582, 观望=0.4513, 买入=0.0905
2025-03-10 00:44:23 - INFO - [LINK] 当前持仓方向: 空，持仓金额: 34.1973
2025-03-10 00:44:23 - INFO - [LINK] 当前价格: 14.12, AI信号: -1, 持仓数量: 2.42, 开仓均价: 14.313, 未实现盈亏: 0.47 USDT (1.35%)
2025-03-10 00:45:23 - INFO - [LINK] USDT余额: 可用=109.41058401, 总额=116.26664035
2025-03-10 00:45:23 - INFO - [LINK] 当前账户余额: 可用=109.41058401 USDT, 总额=116.26664035 USDT
2025-03-10 00:45:24 - INFO - [LINK] 成功获取1000根5mK线数据
2025-03-10 00:45:24 - INFO - [LINK] 预测概率: 卖出=0.4801, 观望=0.4091, 买入=0.1108
2025-03-10 00:45:24 - INFO - [LINK] 当前持仓方向: 空，持仓金额: 34.1625
2025-03-10 00:45:24 - INFO - [LINK] 当前价格: 14.112, AI信号: -1, 持仓数量: 2.42, 开仓均价: 14.313, 未实现盈亏: 0.49 USDT (1.40%)
2025-03-10 00:46:25 - INFO - [LINK] USDT余额: 可用=109.40928729, 总额=116.27362629
2025-03-10 00:46:25 - INFO - [LINK] 当前账户余额: 可用=109.40928729 USDT, 总额=116.27362629 USDT
2025-03-10 00:46:25 - INFO - [LINK] 成功获取1000根5mK线数据
2025-03-10 00:46:25 - INFO - [LINK] 预测概率: 卖出=0.4548, 观望=0.4354, 买入=0.1098
2025-03-10 00:46:26 - INFO - [LINK] 当前持仓方向: 空，持仓金额: 34.1656
2025-03-10 00:46:26 - INFO - [LINK] 当前价格: 14.117, AI信号: -1, 持仓数量: 2.42, 开仓均价: 14.313, 未实现盈亏: 0.47 USDT (1.37%)
2025-03-10 00:47:26 - INFO - [LINK] USDT余额: 可用=109.39573811, 总额=116.27846629
2025-03-10 00:47:26 - INFO - [LINK] 当前账户余额: 可用=109.39573811 USDT, 总额=116.27846629 USDT
2025-03-10 00:47:27 - INFO - [LINK] 成功获取1000根5mK线数据
2025-03-10 00:47:27 - INFO - [LINK] 预测概率: 卖出=0.4668, 观望=0.4246, 买入=0.1086
2025-03-10 00:47:27 - INFO - [LINK] 当前持仓方向: 空，持仓金额: 34.1656
2025-03-10 00:47:27 - INFO - [LINK] 当前价格: 14.11, AI信号: -1, 持仓数量: 2.42, 开仓均价: 14.313, 未实现盈亏: 0.49 USDT (1.42%)
2025-03-10 00:48:28 - INFO - [LINK] USDT余额: 可用=109.48864978, 总额=116.33170629
2025-03-10 00:48:28 - INFO - [LINK] 当前账户余额: 可用=109.48864978 USDT, 总额=116.33170629 USDT
2025-03-10 00:48:28 - INFO - [LINK] 成功获取1000根5mK线数据
2025-03-10 00:48:28 - INFO - [LINK] 预测概率: 卖出=0.4681, 观望=0.4147, 买入=0.1173
2025-03-10 00:48:29 - INFO - [LINK] 当前持仓方向: 空，持仓金额: 34.0969
2025-03-10 00:48:29 - INFO - [LINK] 当前价格: 14.09, AI信号: -1, 持仓数量: 2.42, 开仓均价: 14.313, 未实现盈亏: 0.54 USDT (1.56%)
2025-03-10 00:49:29 - INFO - [LINK] USDT余额: 可用=109.49349016, 总额=116.34380629
2025-03-10 00:49:29 - INFO - [LINK] 当前账户余额: 可用=109.49349016 USDT, 总额=116.34380629 USDT
2025-03-10 00:49:30 - INFO - [LINK] 成功获取1000根5mK线数据
2025-03-10 00:49:30 - INFO - [LINK] 预测概率: 卖出=0.4721, 观望=0.4151, 买入=0.1128
2025-03-10 00:49:30 - INFO - [LINK] 当前持仓方向: 空，持仓金额: 34.0881
2025-03-10 00:49:30 - INFO - [LINK] 当前价格: 14.078, AI信号: -1, 持仓数量: 2.42, 开仓均价: 14.313, 未实现盈亏: 0.57 USDT (1.64%)
2025-03-10 00:50:31 - INFO - [LINK] USDT余额: 可用=109.59210817, 总额=116.41793524
2025-03-10 00:50:31 - INFO - [LINK] 当前账户余额: 可用=109.59210817 USDT, 总额=116.41793524 USDT
2025-03-10 00:50:31 - INFO - [LINK] 成功获取1000根5mK线数据
2025-03-10 00:50:31 - INFO - [LINK] 预测概率: 卖出=0.4867, 观望=0.4097, 买入=0.1036
2025-03-10 00:50:32 - INFO - [LINK] 当前持仓方向: 空，持仓金额: 33.9998
2025-03-10 00:50:32 - INFO - [LINK] 当前价格: 14.053, AI信号: -1, 持仓数量: 2.42, 开仓均价: 14.313, 未实现盈亏: 0.63 USDT (1.82%)
2025-03-10 00:51:32 - INFO - [LINK] USDT余额: 可用=109.68318602, 总额=116.49384629
2025-03-10 00:51:32 - INFO - [LINK] 当前账户余额: 可用=109.68318602 USDT, 总额=116.49384629 USDT
2025-03-10 00:51:33 - INFO - [LINK] 成功获取1000根5mK线数据
2025-03-10 00:51:33 - INFO - [LINK] 预测概率: 卖出=0.4854, 观望=0.4034, 买入=0.1112
2025-03-10 00:51:33 - INFO - [LINK] 当前持仓方向: 空，持仓金额: 33.9292
2025-03-10 00:51:33 - INFO - [LINK] 当前价格: 14.023, AI信号: -1, 持仓数量: 2.42, 开仓均价: 14.313, 未实现盈亏: 0.70 USDT (2.03%)
2025-03-10 00:52:34 - INFO - [LINK] USDT余额: 可用=109.68899307, 总额=116.49868629
2025-03-10 00:52:34 - INFO - [LINK] 当前账户余额: 可用=109.68899307 USDT, 总额=116.49868629 USDT
2025-03-10 00:52:34 - INFO - [LINK] 成功获取1000根5mK线数据
2025-03-10 00:52:34 - INFO - [LINK] 预测概率: 卖出=0.5090, 观望=0.3905, 买入=0.1005
2025-03-10 00:52:34 - INFO - [LINK] 当前持仓方向: 空，持仓金额: 33.9308
2025-03-10 00:52:34 - INFO - [LINK] 当前价格: 14.028, AI信号: -1, 持仓数量: 2.42, 开仓均价: 14.313, 未实现盈亏: 0.69 USDT (1.99%)
2025-03-10 00:53:35 - INFO - [LINK] USDT余额: 可用=109.76469029, 总额=116.56177803
2025-03-10 00:53:35 - INFO - [LINK] 当前账户余额: 可用=109.76469029 USDT, 总额=116.56177803 USDT
2025-03-10 00:53:35 - INFO - [LINK] 成功获取1000根5mK线数据
2025-03-10 00:53:35 - INFO - [LINK] 预测概率: 卖出=0.4984, 观望=0.3982, 买入=0.1034
2025-03-10 00:53:36 - INFO - [LINK] 当前持仓方向: 空，持仓金额: 33.8677
2025-03-10 00:53:36 - INFO - [LINK] 当前价格: 13.991, AI信号: -1, 持仓数量: 2.42, 开仓均价: 14.313, 未实现盈亏: 0.78 USDT (2.25%)
2025-03-10 00:54:36 - INFO - [LINK] USDT余额: 可用=109.75967074, 总额=116.55759412
2025-03-10 00:54:36 - INFO - [LINK] 当前账户余额: 可用=109.75967074 USDT, 总额=116.55759412 USDT
2025-03-10 00:54:37 - INFO - [LINK] 成功获取1000根5mK线数据
2025-03-10 00:54:37 - INFO - [LINK] 预测概率: 卖出=0.4975, 观望=0.4011, 买入=0.1014
2025-03-10 00:54:37 - INFO - [LINK] 当前持仓方向: 空，持仓金额: 33.8534
2025-03-10 00:54:37 - INFO - [LINK] 当前价格: 13.993, AI信号: -1, 持仓数量: 2.42, 开仓均价: 14.313, 未实现盈亏: 0.77 USDT (2.24%)
2025-03-10 00:55:38 - INFO - [LINK] USDT余额: 可用=109.73544913, 总额=116.53740629
2025-03-10 00:55:38 - INFO - [LINK] 当前账户余额: 可用=109.73544913 USDT, 总额=116.53740629 USDT
2025-03-10 00:55:38 - INFO - [LINK] 成功获取1000根5mK线数据
2025-03-10 00:55:38 - INFO - [LINK] 预测概率: 卖出=0.5016, 观望=0.3793, 买入=0.1190
2025-03-10 00:55:38 - INFO - [LINK] 当前持仓方向: 空，持仓金额: 33.8902
2025-03-10 00:55:38 - INFO - [LINK] 当前价格: 14.008, AI信号: -1, 持仓数量: 2.42, 开仓均价: 14.313, 未实现盈亏: 0.74 USDT (2.13%)
2025-03-10 00:56:39 - INFO - [LINK] USDT余额: 可用=109.82410991, 总额=116.61130316
2025-03-10 00:56:39 - INFO - [LINK] 当前账户余额: 可用=109.82410991 USDT, 总额=116.61130316 USDT
2025-03-10 00:56:40 - INFO - [LINK] 成功获取1000根5mK线数据
2025-03-10 00:56:40 - INFO - [LINK] 预测概率: 卖出=0.4949, 观望=0.3881, 买入=0.1170
2025-03-10 00:56:40 - INFO - [LINK] 当前持仓方向: 空，持仓金额: 33.8074
2025-03-10 00:56:40 - INFO - [LINK] 当前价格: 13.968, AI信号: -1, 持仓数量: 2.42, 开仓均价: 14.313, 未实现盈亏: 0.83 USDT (2.41%)
2025-03-10 00:57:41 - INFO - [LINK] USDT余额: 可用=109.74512804, 总额=116.54950629
2025-03-10 00:57:41 - INFO - [LINK] 当前账户余额: 可用=109.74512804 USDT, 总额=116.54950629 USDT
2025-03-10 00:57:41 - INFO - [LINK] 成功获取1000根5mK线数据
2025-03-10 00:57:41 - INFO - [LINK] 预测概率: 卖出=0.4547, 观望=0.4289, 买入=0.1163
2025-03-10 00:57:41 - INFO - [LINK] 当前持仓方向: 空，持仓金额: 33.8800
2025-03-10 00:57:41 - INFO - [LINK] 当前价格: 13.998, AI信号: -1, 持仓数量: 2.42, 开仓均价: 14.313, 未实现盈亏: 0.76 USDT (2.20%)
2025-03-10 01:36:41 - ERROR - [LINK] 获取账户余额失败: binance GET https://fapi.binance.com/fapi/v2/account?timestamp=1741541791638&recvWindow=60000&signature=f1563e1171b0453c17b6f8a9fe1e2b934cc140fb109996ef0da5aef30138a1e7
2025-03-10 01:36:41 - WARNING - [LINK] get_balance 调用失败，1/3次尝试: binance GET https://fapi.binance.com/fapi/v2/account?timestamp=1741541791638&recvWindow=60000&signature=f1563e1171b0453c17b6f8a9fe1e2b934cc140fb109996ef0da5aef30138a1e7
2025-03-10 01:52:31 - INFO - [LINK] USDT余额: 可用=110.42358251, 总额=117.11094629
2025-03-10 01:52:31 - INFO - [LINK] 当前账户余额: 可用=110.42358251 USDT, 总额=117.11094629 USDT
2025-03-10 01:52:31 - INFO - [LINK] 成功获取1000根5mK线数据
2025-03-10 01:52:32 - INFO - [LINK] 预测概率: 卖出=0.4909, 观望=0.3775, 买入=0.1316
2025-03-10 01:52:32 - INFO - [LINK] 当前持仓方向: 空，持仓金额: 33.3186
2025-03-10 01:52:32 - INFO - [LINK] 当前价格: 13.763, AI信号: -1, 持仓数量: 2.42, 开仓均价: 14.313, 未实现盈亏: 1.33 USDT (3.84%)
2025-03-10 05:34:31 - ERROR - [LINK] 获取账户余额失败: binance GET https://fapi.binance.com/fapi/v2/account?timestamp=1741554093947&recvWindow=60000&signature=0dbe9b842f7e826f53f231dae9923e2148dbe0d8450bf51f3d2d24d2387ba736
2025-03-10 05:34:31 - WARNING - [LINK] get_balance 调用失败，1/3次尝试: binance GET https://fapi.binance.com/fapi/v2/account?timestamp=1741554093947&recvWindow=60000&signature=0dbe9b842f7e826f53f231dae9923e2148dbe0d8450bf51f3d2d24d2387ba736
2025-03-10 05:52:03 - INFO - [LINK] USDT余额: 可用=110.57587222, 总额=117.23787504
2025-03-10 05:52:03 - INFO - [LINK] 当前账户余额: 可用=110.57587222 USDT, 总额=117.23787504 USDT
2025-03-10 05:52:03 - INFO - [LINK] 成功获取1000根5mK线数据
2025-03-10 05:52:03 - INFO - [LINK] 预测概率: 卖出=0.4819, 观望=0.4055, 买入=0.1125
2025-03-10 05:52:03 - INFO - [LINK] 当前持仓方向: 空，持仓金额: 33.1916
2025-03-10 05:52:03 - INFO - [LINK] 当前价格: 13.705, AI信号: -1, 持仓数量: 2.42, 开仓均价: 14.313, 未实现盈亏: 1.47 USDT (4.25%)
2025-03-10 08:41:13 - ERROR - [LINK] 获取账户余额失败: binance GET https://fapi.binance.com/fapi/v2/account?timestamp=1741566392395&recvWindow=60000&signature=73a58d69c82512beacdcc6589f1f39ccd4a2d3eab0d42705a0618ca2fb978f71
2025-03-10 08:41:13 - WARNING - [LINK] get_balance 调用失败，1/3次尝试: binance GET https://fapi.binance.com/fapi/v2/account?timestamp=1741566392395&recvWindow=60000&signature=73a58d69c82512beacdcc6589f1f39ccd4a2d3eab0d42705a0618ca2fb978f71
2025-03-10 08:41:18 - INFO - [LINK] USDT余额: 可用=110.43959191, 总额=117.13490804
2025-03-10 08:41:18 - INFO - [LINK] 当前账户余额: 可用=110.43959191 USDT, 总额=117.13490804 USDT
2025-03-10 08:41:18 - INFO - [LINK] 成功获取1000根5mK线数据
2025-03-10 08:41:19 - INFO - [LINK] 预测概率: 卖出=0.4460, 观望=0.3867, 买入=0.1673
2025-03-10 08:41:19 - INFO - [LINK] 当前持仓方向: 空，持仓金额: 33.3040
2025-03-10 08:41:19 - INFO - [LINK] 当前价格: 13.75, AI信号: -1, 持仓数量: 2.42, 开仓均价: 14.313, 未实现盈亏: 1.36 USDT (3.93%)
2025-03-10 08:42:19 - INFO - [LINK] USDT余额: 可用=110.28518755, 总额=117.01615097
2025-03-10 08:42:19 - INFO - [LINK] 当前账户余额: 可用=110.28518755 USDT, 总额=117.01615097 USDT
2025-03-10 08:42:20 - INFO - [LINK] 成功获取1000根5mK线数据
2025-03-10 08:42:20 - INFO - [LINK] 预测概率: 卖出=0.3983, 观望=0.4136, 买入=0.1880
2025-03-10 08:42:20 - INFO - [LINK] 当前持仓方向: 空，持仓金额: 33.4116
2025-03-10 08:42:20 - INFO - [LINK] 当前价格: 13.811, AI信号: -1, 持仓数量: 2.42, 开仓均价: 14.313, 未实现盈亏: 1.21 USDT (3.51%)
2025-03-10 08:43:21 - INFO - [LINK] USDT余额: 可用=110.14226716, 总额=116.89432901
2025-03-10 08:43:21 - INFO - [LINK] 当前账户余额: 可用=110.14226716 USDT, 总额=116.89432901 USDT
2025-03-10 08:43:21 - INFO - [LINK] 成功获取1000根5mK线数据
2025-03-10 08:43:21 - INFO - [LINK] 预测概率: 卖出=0.3507, 观望=0.4349, 买入=0.2144
2025-03-10 08:43:22 - INFO - [LINK] 当前持仓方向: 空，持仓金额: 33.5311
2025-03-10 08:43:22 - INFO - [LINK] 当前价格: 13.856, AI信号: 0, 持仓数量: 2.42, 开仓均价: 14.313, 未实现盈亏: 1.11 USDT (3.19%)
2025-03-10 08:43:22 - INFO - [LINK] 订单创建成功: {'info': {'orderId': '38845142509', 'symbol': 'LINKUSDT', 'status': 'FILLED', 'clientOrderId': 'x-xcKtGhcudb03960929d6ae1c23cfe4', 'price': '0.000', 'avgPrice': '13.86700', 'origQty': '2.42', 'executedQty': '2.42', 'cumQty': '2.42', 'cumQuote': '33.55814', 'timeInForce': 'GTC', 'type': 'MARKET', 'reduceOnly': False, 'closePosition': False, 'side': 'BUY', 'positionSide': 'BOTH', 'stopPrice': '0.000', 'workingType': 'CONTRACT_PRICE', 'priceProtect': False, 'origType': 'MARKET', 'priceMatch': 'NONE', 'selfTradePreventionMode': 'EXPIRE_MAKER', 'goodTillDate': '0', 'updateTime': '1741567402616'}, 'id': '38845142509', 'clientOrderId': 'x-xcKtGhcudb03960929d6ae1c23cfe4', 'timestamp': 1741567402616, 'datetime': '2025-03-10T00:43:22.616Z', 'lastTradeTimestamp': 1741567402616, 'lastUpdateTimestamp': 1741567402616, 'symbol': 'LINK/USDT:USDT', 'type': 'market', 'timeInForce': 'GTC', 'postOnly': False, 'reduceOnly': False, 'side': 'buy', 'price': 13.867, 'triggerPrice': None, 'amount': 2.42, 'cost': 33.55814, 'average': 13.867, 'filled': 2.42, 'remaining': 0.0, 'status': 'closed', 'fee': {'currency': None, 'cost': None, 'rate': None}, 'trades': [], 'fees': [{'currency': None, 'cost': None, 'rate': None}], 'stopPrice': None, 'takeProfitPrice': None, 'stopLossPrice': None}
2025-03-10 08:43:22 - INFO - [LINK] 平仓成功: {'info': {'orderId': '38845142509', 'symbol': 'LINKUSDT', 'status': 'FILLED', 'clientOrderId': 'x-xcKtGhcudb03960929d6ae1c23cfe4', 'price': '0.000', 'avgPrice': '13.86700', 'origQty': '2.42', 'executedQty': '2.42', 'cumQty': '2.42', 'cumQuote': '33.55814', 'timeInForce': 'GTC', 'type': 'MARKET', 'reduceOnly': False, 'closePosition': False, 'side': 'BUY', 'positionSide': 'BOTH', 'stopPrice': '0.000', 'workingType': 'CONTRACT_PRICE', 'priceProtect': False, 'origType': 'MARKET', 'priceMatch': 'NONE', 'selfTradePreventionMode': 'EXPIRE_MAKER', 'goodTillDate': '0', 'updateTime': '1741567402616'}, 'id': '38845142509', 'clientOrderId': 'x-xcKtGhcudb03960929d6ae1c23cfe4', 'timestamp': 1741567402616, 'datetime': '2025-03-10T00:43:22.616Z', 'lastTradeTimestamp': 1741567402616, 'lastUpdateTimestamp': 1741567402616, 'symbol': 'LINK/USDT:USDT', 'type': 'market', 'timeInForce': 'GTC', 'postOnly': False, 'reduceOnly': False, 'side': 'buy', 'price': 13.867, 'triggerPrice': None, 'amount': 2.42, 'cost': 33.55814, 'average': 13.867, 'filled': 2.42, 'remaining': 0.0, 'status': 'closed', 'fee': {'currency': None, 'cost': None, 'rate': None}, 'trades': [], 'fees': [{'currency': None, 'cost': None, 'rate': None}], 'stopPrice': None, 'takeProfitPrice': None, 'stopLossPrice': None}
2025-03-10 08:44:23 - INFO - [LINK] USDT余额: 可用=116.82686262, 总额=116.85046221
2025-03-10 08:44:23 - INFO - [LINK] 当前账户余额: 可用=116.82686262 USDT, 总额=116.85046221 USDT
2025-03-10 08:44:23 - INFO - [LINK] 成功获取1000根5mK线数据
2025-03-10 08:44:23 - INFO - [LINK] 预测概率: 卖出=0.3102, 观望=0.5004, 买入=0.1894
2025-03-10 08:44:23 - INFO - [LINK] 当前价格: 13.976, AI信号: 0
2025-03-10 08:45:24 - INFO - [LINK] USDT余额: 可用=116.8268624, 总额=116.85046221
2025-03-10 08:45:24 - INFO - [LINK] 当前账户余额: 可用=116.82686240 USDT, 总额=116.85046221 USDT
2025-03-10 08:45:24 - INFO - [LINK] 成功获取1000根5mK线数据
2025-03-10 08:45:24 - INFO - [LINK] 预测概率: 卖出=0.2929, 观望=0.5233, 买入=0.1838
2025-03-10 08:45:25 - INFO - [LINK] 当前价格: 13.967, AI信号: 0
2025-03-10 08:46:25 - INFO - [LINK] USDT余额: 可用=116.82686194, 总额=116.85046221
2025-03-10 08:46:25 - INFO - [LINK] 当前账户余额: 可用=116.82686194 USDT, 总额=116.85046221 USDT
2025-03-10 08:46:26 - INFO - [LINK] 成功获取1000根5mK线数据
2025-03-10 08:46:26 - INFO - [LINK] 预测概率: 卖出=0.2988, 观望=0.5111, 买入=0.1902
2025-03-10 08:46:26 - INFO - [LINK] 当前价格: 13.98, AI信号: 0
2025-03-10 08:47:27 - INFO - [LINK] USDT余额: 可用=116.82686234, 总额=116.85046221
2025-03-10 08:47:27 - INFO - [LINK] 当前账户余额: 可用=116.82686234 USDT, 总额=116.85046221 USDT
2025-03-10 08:47:27 - INFO - [LINK] 成功获取1000根5mK线数据
2025-03-10 08:47:27 - INFO - [LINK] 预测概率: 卖出=0.2804, 观望=0.5325, 买入=0.1871
2025-03-10 08:47:27 - INFO - [LINK] 当前价格: 13.944, AI信号: 0
2025-03-10 08:47:32 - INFO - [root] 接收到退出信号，正在关闭所有交易...
2025-03-10 08:47:32 - INFO - [LINK] 关闭 LINKUSDT 所有持仓
2025-03-10 08:47:41 - INFO - [root] ==================================================
2025-03-10 08:47:41 - INFO - [root] 日志系统初始化完成 - 2025-03-10 08:47:41
2025-03-10 08:47:41 - INFO - [root] ==================================================
2025-03-10 08:47:42 - INFO - [utils.exchange] 代理连接测试成功
2025-03-10 08:47:42 - INFO - [utils.exchange] 服务器时间差: 38 ms
2025-03-10 08:47:45 - INFO - [utils.exchange] API权限验证成功
2025-03-10 08:47:45 - INFO - [LINK] 当前已经是单向持仓模式
2025-03-10 08:47:45 - INFO - [LINK] 设置杠杆倍数 5倍 成功
2025-03-10 08:47:45 - INFO - [LINK] 当前已经是CROSSED保证金模式
2025-03-10 08:47:45 - INFO - [LINK] 交易器初始化成功 for LINKUSDT
2025-03-10 08:47:45 - INFO - [LINK] 获取历史K线数据进行初始训练...
2025-03-10 08:47:46 - INFO - [LINK] 成功获取1000根5mK线数据
2025-03-10 08:47:46 - INFO - [LINK] 成功获取1000根5mK线数据
2025-03-10 08:47:46 - INFO - [LINK] 标签分布: 看跌=410, 盘整=295, 看涨=289
2025-03-10 08:47:46 - INFO - [LINK] 模型评估结果:
2025-03-10 08:47:46 - INFO - [LINK] Accuracy: 0.8738
2025-03-10 08:47:46 - INFO - [LINK] Precision: 0.8741
2025-03-10 08:47:46 - INFO - [LINK] Recall: 0.8738
2025-03-10 08:47:46 - INFO - [LINK] F1 Score: 0.8738
2025-03-10 08:47:46 - INFO - [LINK] 初始模型训练完成
2025-03-10 08:47:46 - INFO - [LINK] 初始化 LINKUSDT 交易器和策略成功
2025-03-10 08:47:46 - INFO - [LINK] 交易线程启动成功
2025-03-10 08:47:46 - INFO - [root] 启动线程监控
2025-03-10 08:47:46 - INFO - [root] 交易系统启动成功，正在交易的币对: LINKUSDT
2025-03-10 08:47:46 - INFO - [LINK] USDT余额: 可用=116.82686207, 总额=116.85046221
2025-03-10 08:47:46 - INFO - [LINK] 当前账户余额: 可用=116.82686207 USDT, 总额=116.85046221 USDT
2025-03-10 08:47:47 - INFO - [LINK] 成功获取1000根5mK线数据
2025-03-10 08:47:47 - INFO - [LINK] 预测概率: 卖出=0.6417, 观望=0.2344, 买入=0.1239
2025-03-10 08:47:47 - INFO - [LINK] 当前价格: 13.969, AI信号: -1
2025-03-10 08:47:48 - INFO - [LINK] 订单创建成功: {'info': {'orderId': '38845339560', 'symbol': 'LINKUSDT', 'status': 'FILLED', 'clientOrderId': 'x-xcKtGhcuf1386379fe7d577c719976', 'price': '0.000', 'avgPrice': '13.96534', 'origQty': '8.36', 'executedQty': '8.36', 'cumQty': '8.36', 'cumQuote': '116.75027', 'timeInForce': 'GTC', 'type': 'MARKET', 'reduceOnly': False, 'closePosition': False, 'side': 'SELL', 'positionSide': 'BOTH', 'stopPrice': '0.000', 'workingType': 'CONTRACT_PRICE', 'priceProtect': False, 'origType': 'MARKET', 'priceMatch': 'NONE', 'selfTradePreventionMode': 'EXPIRE_MAKER', 'goodTillDate': '0', 'updateTime': '1741567668073'}, 'id': '38845339560', 'clientOrderId': 'x-xcKtGhcuf1386379fe7d577c719976', 'timestamp': 1741567668073, 'datetime': '2025-03-10T00:47:48.073Z', 'lastTradeTimestamp': 1741567668073, 'lastUpdateTimestamp': 1741567668073, 'symbol': 'LINK/USDT:USDT', 'type': 'market', 'timeInForce': 'GTC', 'postOnly': False, 'reduceOnly': False, 'side': 'sell', 'price': 13.96534, 'triggerPrice': None, 'amount': 8.36, 'cost': 116.75027, 'average': 13.96534, 'filled': 8.36, 'remaining': 0.0, 'status': 'closed', 'fee': {'currency': None, 'cost': None, 'rate': None}, 'trades': [], 'fees': [{'currency': None, 'cost': None, 'rate': None}], 'stopPrice': None, 'takeProfitPrice': None, 'stopLossPrice': None}
2025-03-10 08:48:48 - INFO - [LINK] USDT余额: 可用=93.27143313, 总额=116.66955707
2025-03-10 08:48:48 - INFO - [LINK] 当前账户余额: 可用=93.27143313 USDT, 总额=116.66955707 USDT
2025-03-10 08:48:48 - INFO - [LINK] 成功获取1000根5mK线数据
2025-03-10 08:48:49 - INFO - [LINK] 预测概率: 卖出=0.6234, 观望=0.2566, 买入=0.1200
2025-03-10 08:48:49 - INFO - [LINK] 当前持仓方向: 空，持仓金额: 116.8561
2025-03-10 08:48:49 - INFO - [LINK] 当前价格: 13.98, AI信号: -1, 持仓数量: 8.36, 开仓均价: 13.96534330144, 未实现盈亏: -0.12 USDT (-0.10%)
2025-03-10 08:49:49 - INFO - [LINK] USDT余额: 可用=92.9705241, 总额=116.41875707
2025-03-10 08:49:49 - INFO - [LINK] 当前账户余额: 可用=92.97052410 USDT, 总额=116.41875707 USDT
2025-03-10 08:49:50 - INFO - [LINK] 成功获取1000根5mK线数据
2025-03-10 08:49:50 - INFO - [LINK] 预测概率: 卖出=0.6036, 观望=0.2737, 买入=0.1227
2025-03-10 08:49:50 - INFO - [LINK] 当前持仓方向: 空，持仓金额: 117.1229
2025-03-10 08:49:50 - INFO - [LINK] 当前价格: 14.012, AI信号: -1, 持仓数量: 8.36, 开仓均价: 13.96534330144, 未实现盈亏: -0.39 USDT (-0.33%)
2025-03-10 08:50:51 - INFO - [LINK] USDT余额: 可用=92.69142348, 总额=116.18613405
2025-03-10 08:50:51 - INFO - [LINK] 当前账户余额: 可用=92.69142348 USDT, 总额=116.18613405 USDT
2025-03-10 08:50:51 - INFO - [LINK] 成功获取1000根5mK线数据
2025-03-10 08:50:51 - INFO - [LINK] 预测概率: 卖出=0.6298, 观望=0.2423, 买入=0.1279
2025-03-10 08:50:51 - INFO - [LINK] 当前持仓方向: 空，持仓金额: 117.3562
2025-03-10 08:50:51 - INFO - [LINK] 当前价格: 14.036, AI信号: -1, 持仓数量: 8.36, 开仓均价: 13.96534330144, 未实现盈亏: -0.59 USDT (-0.51%)
2025-03-10 08:51:52 - INFO - [LINK] USDT余额: 可用=92.94803003, 总额=116.40000935
2025-03-10 08:51:52 - INFO - [LINK] 当前账户余额: 可用=92.94803003 USDT, 总额=116.40000935 USDT
2025-03-10 08:51:52 - INFO - [LINK] 成功获取1000根5mK线数据
2025-03-10 08:51:52 - INFO - [LINK] 预测概率: 卖出=0.6139, 观望=0.2534, 买入=0.1327
2025-03-10 08:51:53 - INFO - [LINK] 当前持仓方向: 空，持仓金额: 117.1423
2025-03-10 08:51:53 - INFO - [LINK] 当前价格: 13.993, AI信号: -1, 持仓数量: 8.36, 开仓均价: 13.96534330144, 未实现盈亏: -0.23 USDT (-0.20%)
2025-03-10 08:52:53 - INFO - [LINK] USDT余额: 可用=92.70183094, 总额=116.19480881
2025-03-10 08:52:53 - INFO - [LINK] 当前账户余额: 可用=92.70183094 USDT, 总额=116.19480881 USDT
2025-03-10 08:52:54 - INFO - [LINK] 成功获取1000根5mK线数据
2025-03-10 08:52:54 - INFO - [LINK] 预测概率: 卖出=0.6254, 观望=0.2431, 买入=0.1315
2025-03-10 08:52:54 - INFO - [LINK] 当前持仓方向: 空，持仓金额: 117.3464
2025-03-10 08:52:54 - INFO - [LINK] 当前价格: 14.036, AI信号: -1, 持仓数量: 8.36, 开仓均价: 13.96534330144, 未实现盈亏: -0.59 USDT (-0.51%)
2025-03-10 08:53:55 - INFO - [LINK] USDT余额: 可用=92.41496586, 总额=115.95571498
2025-03-10 08:53:55 - INFO - [LINK] 当前账户余额: 可用=92.41496586 USDT, 总额=115.95571498 USDT
2025-03-10 08:53:55 - INFO - [LINK] 成功获取1000根5mK线数据
2025-03-10 08:53:55 - INFO - [LINK] 预测概率: 卖出=0.6265, 观望=0.2363, 买入=0.1372
2025-03-10 08:53:55 - INFO - [LINK] 当前持仓方向: 空，持仓金额: 117.5866
2025-03-10 08:53:55 - INFO - [LINK] 当前价格: 14.068, AI信号: -1, 持仓数量: 8.36, 开仓均价: 13.96534330144, 未实现盈亏: -0.86 USDT (-0.74%)
2025-03-10 08:54:56 - INFO - [LINK] USDT余额: 可用=92.59435334, 总额=116.10522915
2025-03-10 08:54:56 - INFO - [LINK] 当前账户余额: 可用=92.59435334 USDT, 总额=116.10522915 USDT
2025-03-10 08:54:56 - INFO - [LINK] 成功获取1000根5mK线数据
2025-03-10 08:54:56 - INFO - [LINK] 预测概率: 卖出=0.6147, 观望=0.2502, 买入=0.1351
2025-03-10 08:54:57 - INFO - [LINK] 当前持仓方向: 空，持仓金额: 117.4371
2025-03-10 08:54:57 - INFO - [LINK] 当前价格: 14.046, AI信号: -1, 持仓数量: 8.36, 开仓均价: 13.96534330144, 未实现盈亏: -0.67 USDT (-0.58%)
2025-03-10 08:55:57 - INFO - [LINK] USDT余额: 可用=92.66969014, 总额=116.16802094
2025-03-10 08:55:57 - INFO - [LINK] 当前账户余额: 可用=92.66969014 USDT, 总额=116.16802094 USDT
2025-03-10 08:55:58 - INFO - [LINK] 成功获取1000根5mK线数据
2025-03-10 08:55:58 - INFO - [LINK] 预测概率: 卖出=0.6572, 观望=0.2188, 买入=0.1239
2025-03-10 08:55:58 - INFO - [LINK] 当前持仓方向: 空，持仓金额: 117.3394
2025-03-10 08:55:58 - INFO - [LINK] 当前价格: 14.032, AI信号: -1, 持仓数量: 8.36, 开仓均价: 13.96534330144, 未实现盈亏: -0.56 USDT (-0.48%)
2025-03-10 08:56:59 - INFO - [LINK] USDT余额: 可用=92.97052392, 总额=116.41875707
2025-03-10 08:56:59 - INFO - [LINK] 当前账户余额: 可用=92.97052392 USDT, 总额=116.41875707 USDT
2025-03-10 08:56:59 - INFO - [LINK] 成功获取1000根5mK线数据
2025-03-10 08:56:59 - INFO - [LINK] 预测概率: 卖出=0.6621, 观望=0.2177, 买入=0.1203
2025-03-10 08:56:59 - INFO - [LINK] 当前持仓方向: 空，持仓金额: 117.1236
2025-03-10 08:56:59 - INFO - [LINK] 当前价格: 14.009, AI信号: -1, 持仓数量: 8.36, 开仓均价: 13.96534330144, 未实现盈亏: -0.36 USDT (-0.31%)
2025-03-10 08:58:00 - INFO - [LINK] USDT余额: 可用=93.01566158, 总额=116.47727707
2025-03-10 08:58:00 - INFO - [LINK] 当前账户余额: 可用=93.01566158 USDT, 总额=116.47727707 USDT
2025-03-10 08:58:00 - INFO - [LINK] 成功获取1000根5mK线数据
2025-03-10 08:58:00 - INFO - [LINK] 预测概率: 卖出=0.6638, 观望=0.2158, 买入=0.1204
2025-03-10 08:58:01 - INFO - [LINK] 当前持仓方向: 空，持仓金额: 117.1019
2025-03-10 08:58:01 - INFO - [LINK] 当前价格: 13.998, AI信号: -1, 持仓数量: 8.36, 开仓均价: 13.96534330144, 未实现盈亏: -0.27 USDT (-0.23%)
2025-03-10 08:59:01 - INFO - [LINK] USDT余额: 可用=92.93792093, 总额=116.39158356
2025-03-10 08:59:01 - INFO - [LINK] 当前账户余额: 可用=92.93792093 USDT, 总额=116.39158356 USDT
2025-03-10 08:59:02 - INFO - [LINK] 成功获取1000根5mK线数据
2025-03-10 08:59:02 - INFO - [LINK] 预测概率: 卖出=0.6627, 观望=0.2136, 买入=0.1237
2025-03-10 08:59:02 - INFO - [LINK] 当前持仓方向: 空，持仓金额: 117.1334
2025-03-10 08:59:02 - INFO - [LINK] 当前价格: 14.014, AI信号: -1, 持仓数量: 8.36, 开仓均价: 13.96534330144, 未实现盈亏: -0.41 USDT (-0.35%)
2025-03-10 09:00:03 - INFO - [LINK] USDT余额: 可用=93.30426814, 总额=116.70835424
2025-03-10 09:00:03 - INFO - [LINK] 当前账户余额: 可用=93.30426814 USDT, 总额=116.70835424 USDT
2025-03-10 09:00:03 - INFO - [LINK] 成功获取1000根5mK线数据
2025-03-10 09:00:03 - INFO - [LINK] 预测概率: 卖出=0.6591, 观望=0.2157, 买入=0.1253
2025-03-10 09:00:03 - INFO - [LINK] 当前持仓方向: 空，持仓金额: 116.8340
2025-03-10 09:00:03 - INFO - [LINK] 当前价格: 13.974, AI信号: -1, 持仓数量: 8.36, 开仓均价: 13.96534330144, 未实现盈亏: -0.07 USDT (-0.06%)
2025-03-10 09:01:04 - INFO - [LINK] USDT余额: 可用=93.62766692, 总额=117.02980376
2025-03-10 09:01:04 - INFO - [LINK] 当前账户余额: 可用=93.62766692 USDT, 总额=117.02980376 USDT
2025-03-10 09:01:04 - INFO - [LINK] 成功获取1000根5mK线数据
2025-03-10 09:01:04 - INFO - [LINK] 预测概率: 卖出=0.6800, 观望=0.2163, 买入=0.1037
2025-03-10 09:01:05 - INFO - [LINK] 当前持仓方向: 空，持仓金额: 116.6075
2025-03-10 09:01:05 - INFO - [LINK] 当前价格: 13.939, AI信号: -1, 持仓数量: 8.36, 开仓均价: 13.96534330144, 未实现盈亏: 0.22 USDT (0.19%)
2025-03-10 09:02:05 - INFO - [LINK] USDT余额: 可用=92.57298405, 总额=116.1027199
2025-03-10 09:02:05 - INFO - [LINK] 当前账户余额: 可用=92.57298405 USDT, 总额=116.10271990 USDT
2025-03-10 09:02:06 - INFO - [LINK] 成功获取1000根5mK线数据
2025-03-10 09:02:06 - INFO - [LINK] 预测概率: 卖出=0.6787, 观望=0.2086, 买入=0.1127
2025-03-10 09:02:06 - INFO - [LINK] 当前持仓方向: 空，持仓金额: 117.4396
2025-03-10 09:02:06 - INFO - [LINK] 当前价格: 14.035, AI信号: -1, 持仓数量: 8.36, 开仓均价: 13.96534330144, 未实现盈亏: -0.58 USDT (-0.50%)
2025-03-10 09:03:07 - INFO - [LINK] USDT余额: 可用=92.36713405, 总额=115.91584848
2025-03-10 09:03:07 - INFO - [LINK] 当前账户余额: 可用=92.36713405 USDT, 总额=115.91584848 USDT
2025-03-10 09:03:07 - INFO - [LINK] 成功获取1000根5mK线数据
2025-03-10 09:03:07 - INFO - [LINK] 预测概率: 卖出=0.6837, 观望=0.2088, 买入=0.1075
2025-03-10 09:03:07 - INFO - [LINK] 当前持仓方向: 空，持仓金额: 117.6265
2025-03-10 09:03:07 - INFO - [LINK] 当前价格: 14.05, AI信号: -1, 持仓数量: 8.36, 开仓均价: 13.96534330144, 未实现盈亏: -0.71 USDT (-0.61%)
2025-03-10 09:04:08 - INFO - [LINK] USDT余额: 可用=92.13800619, 总额=115.72487707
2025-03-10 09:04:08 - INFO - [LINK] 当前账户余额: 可用=92.13800619 USDT, 总额=115.72487707 USDT
2025-03-10 09:04:08 - INFO - [LINK] 成功获取1000根5mK线数据
2025-03-10 09:04:08 - INFO - [LINK] 预测概率: 卖出=0.6599, 观望=0.2302, 买入=0.1099
2025-03-10 09:04:09 - INFO - [LINK] 当前持仓方向: 空，持仓金额: 117.7590
2025-03-10 09:04:09 - INFO - [LINK] 当前价格: 14.077, AI信号: -1, 持仓数量: 8.36, 开仓均价: 13.96534330144, 未实现盈亏: -0.93 USDT (-0.80%)
2025-03-10 09:05:09 - INFO - [LINK] USDT余额: 可用=92.20158395, 总额=115.77786635
2025-03-10 09:05:09 - INFO - [LINK] 当前账户余额: 可用=92.20158395 USDT, 总额=115.77786635 USDT
2025-03-10 09:05:10 - INFO - [LINK] 成功获取1000根5mK线数据
2025-03-10 09:05:10 - INFO - [LINK] 预测概率: 卖出=0.7083, 观望=0.1937, 买入=0.0980
2025-03-10 09:05:10 - INFO - [LINK] 当前持仓方向: 空，持仓金额: 117.7632
2025-03-10 09:05:10 - INFO - [LINK] 当前价格: 14.097, AI信号: -1, 持仓数量: 8.36, 开仓均价: 13.96534330144, 未实现盈亏: -1.10 USDT (-0.94%)
2025-03-10 09:06:11 - INFO - [LINK] USDT余额: 可用=92.38127226, 总额=115.92763173
2025-03-10 09:06:11 - INFO - [LINK] 当前账户余额: 可用=92.38127226 USDT, 总额=115.92763173 USDT
2025-03-10 09:06:11 - INFO - [LINK] 成功获取1000根5mK线数据
2025-03-10 09:06:11 - INFO - [LINK] 预测概率: 卖出=0.7352, 观望=0.1672, 买入=0.0976
2025-03-10 09:06:11 - INFO - [LINK] 当前持仓方向: 空，持仓金额: 117.6147
2025-03-10 09:06:11 - INFO - [LINK] 当前价格: 14.06, AI信号: -1, 持仓数量: 8.36, 开仓均价: 13.96534330144, 未实现盈亏: -0.79 USDT (-0.68%)
2025-03-10 09:28:45 - ERROR - [LINK] 获取账户余额失败: binance GET https://fapi.binance.com/fapi/v2/account?timestamp=1741570115893&recvWindow=60000&signature=c90a7421cbc30d35edf3ace9cd03d44b1cfc5851a73d065f9e5bdf00afe5bc3b
2025-03-10 09:28:45 - WARNING - [LINK] get_balance 调用失败，1/3次尝试: binance GET https://fapi.binance.com/fapi/v2/account?timestamp=1741570115893&recvWindow=60000&signature=c90a7421cbc30d35edf3ace9cd03d44b1cfc5851a73d065f9e5bdf00afe5bc3b
2025-03-10 09:33:34 - INFO - [LINK] USDT余额: 可用=92.76991792, 总额=116.25155707
2025-03-10 09:33:34 - INFO - [LINK] 当前账户余额: 可用=92.76991792 USDT, 总额=116.25155707 USDT
2025-03-10 09:33:34 - INFO - [LINK] 成功获取1000根5mK线数据
2025-03-10 09:33:34 - INFO - [LINK] 预测概率: 卖出=0.7608, 观望=0.1749, 买入=0.0643
2025-03-10 09:33:35 - INFO - [LINK] 当前持仓方向: 空，持仓金额: 117.2850
2025-03-10 09:33:35 - INFO - [LINK] 当前价格: 14.039, AI信号: -1, 持仓数量: 8.36, 开仓均价: 13.96534330144, 未实现盈亏: -0.62 USDT (-0.53%)
2025-03-10 10:17:57 - INFO - [root] 接收到退出信号，正在关闭所有交易...
2025-03-10 10:17:57 - INFO - [LINK] 关闭 LINKUSDT 所有持仓
2025-03-10 10:18:37 - INFO - [root] ==================================================
2025-03-10 10:18:37 - INFO - [root] 日志系统初始化完成 - 2025-03-10 10:18:37
2025-03-10 10:18:37 - INFO - [root] ==================================================
2025-03-10 10:18:42 - ERROR - [utils.exchange] 代理测试失败: HTTPSConnectionPool(host='api1.binance.com', port=443): Max retries exceeded with url: /api/v3/time (Caused by ProxyError('Cannot connect to proxy.', ConnectionResetError(54, 'Connection reset by peer')))
2025-03-10 10:18:42 - WARNING - [utils.exchange] 代理连接失败，5秒后重试 (1/3)
2025-03-10 10:18:47 - INFO - [utils.exchange] 代理连接测试成功
2025-03-10 10:18:48 - INFO - [utils.exchange] 服务器时间差: 95 ms
2025-03-10 10:18:51 - INFO - [utils.exchange] API权限验证成功
2025-03-10 10:18:51 - INFO - [LINK] 当前已经是单向持仓模式
2025-03-10 10:18:51 - INFO - [LINK] 设置杠杆倍数 5倍 成功
2025-03-10 10:18:51 - INFO - [LINK] 当前已经是CROSSED保证金模式
2025-03-10 10:18:51 - INFO - [LINK] 交易器初始化成功 for LINKUSDT
2025-03-10 10:18:51 - INFO - [LINK] 获取历史K线数据进行初始训练...
2025-03-10 10:18:52 - INFO - [LINK] 成功获取1000根5mK线数据
2025-03-10 10:18:52 - INFO - [LINK] 成功获取1000根5mK线数据
2025-03-10 10:18:52 - INFO - [LINK] 标签分布: 看跌=408, 盘整=301, 看涨=285
2025-03-10 10:18:52 - INFO - [LINK] 模型评估结果:
2025-03-10 10:18:52 - INFO - [LINK] Accuracy: 0.8665
2025-03-10 10:18:52 - INFO - [LINK] Precision: 0.8678
2025-03-10 10:18:52 - INFO - [LINK] Recall: 0.8665
2025-03-10 10:18:52 - INFO - [LINK] F1 Score: 0.8667
2025-03-10 10:18:52 - INFO - [LINK] 初始模型训练完成
2025-03-10 10:18:52 - INFO - [LINK] 初始化 LINKUSDT 交易器和策略成功
2025-03-10 10:18:52 - INFO - [LINK] 交易线程启动成功
2025-03-10 10:18:52 - INFO - [root] 启动线程监控
2025-03-10 10:18:52 - INFO - [root] 交易系统启动成功，正在交易的币对: LINKUSDT
2025-03-10 10:18:52 - INFO - [LINK] USDT余额: 可用=91.87395873, 总额=115.50480049
2025-03-10 10:18:52 - INFO - [LINK] 当前账户余额: 可用=91.87395873 USDT, 总额=115.50480049 USDT
2025-03-10 10:18:52 - INFO - [LINK] 成功获取1000根5mK线数据
2025-03-10 10:18:52 - INFO - [LINK] 预测概率: 卖出=0.4416, 观望=0.3051, 买入=0.2532
2025-03-10 10:18:53 - INFO - [LINK] 当前持仓方向: 空，持仓金额: 117.9874
2025-03-10 10:18:53 - INFO - [LINK] 当前价格: 14.113, AI信号: 0, 持仓数量: 8.36, 开仓均价: 13.96534330144, 未实现盈亏: -1.23 USDT (-1.06%)
2025-03-10 10:18:54 - INFO - [LINK] 订单创建成功: {'info': {'orderId': '38847660134', 'symbol': 'LINKUSDT', 'status': 'FILLED', 'clientOrderId': 'x-xcKtGhcu3ed7ee759eb19693c8dfc8', 'price': '0.000', 'avgPrice': '14.10500', 'origQty': '8.36', 'executedQty': '8.36', 'cumQty': '8.36', 'cumQuote': '117.91780', 'timeInForce': 'GTC', 'type': 'MARKET', 'reduceOnly': False, 'closePosition': False, 'side': 'BUY', 'positionSide': 'BOTH', 'stopPrice': '0.000', 'workingType': 'CONTRACT_PRICE', 'priceProtect': False, 'origType': 'MARKET', 'priceMatch': 'NONE', 'selfTradePreventionMode': 'EXPIRE_MAKER', 'goodTillDate': '0', 'updateTime': '1741573134197'}, 'id': '38847660134', 'clientOrderId': 'x-xcKtGhcu3ed7ee759eb19693c8dfc8', 'timestamp': 1741573134197, 'datetime': '2025-03-10T02:18:54.197Z', 'lastTradeTimestamp': 1741573134197, 'lastUpdateTimestamp': 1741573134197, 'symbol': 'LINK/USDT:USDT', 'type': 'market', 'timeInForce': 'GTC', 'postOnly': False, 'reduceOnly': False, 'side': 'buy', 'price': 14.105, 'triggerPrice': None, 'amount': 8.36, 'cost': 117.9178, 'average': 14.105, 'filled': 8.36, 'remaining': 0.0, 'status': 'closed', 'fee': {'currency': None, 'cost': None, 'rate': None}, 'trades': [], 'fees': [{'currency': None, 'cost': None, 'rate': None}], 'stopPrice': None, 'takeProfitPrice': None, 'stopLossPrice': None}
2025-03-10 10:18:54 - INFO - [LINK] 平仓成功: {'info': {'orderId': '38847660134', 'symbol': 'LINKUSDT', 'status': 'FILLED', 'clientOrderId': 'x-xcKtGhcu3ed7ee759eb19693c8dfc8', 'price': '0.000', 'avgPrice': '14.10500', 'origQty': '8.36', 'executedQty': '8.36', 'cumQty': '8.36', 'cumQuote': '117.91780', 'timeInForce': 'GTC', 'type': 'MARKET', 'reduceOnly': False, 'closePosition': False, 'side': 'BUY', 'positionSide': 'BOTH', 'stopPrice': '0.000', 'workingType': 'CONTRACT_PRICE', 'priceProtect': False, 'origType': 'MARKET', 'priceMatch': 'NONE', 'selfTradePreventionMode': 'EXPIRE_MAKER', 'goodTillDate': '0', 'updateTime': '1741573134197'}, 'id': '38847660134', 'clientOrderId': 'x-xcKtGhcu3ed7ee759eb19693c8dfc8', 'timestamp': 1741573134197, 'datetime': '2025-03-10T02:18:54.197Z', 'lastTradeTimestamp': 1741573134197, 'lastUpdateTimestamp': 1741573134197, 'symbol': 'LINK/USDT:USDT', 'type': 'market', 'timeInForce': 'GTC', 'postOnly': False, 'reduceOnly': False, 'side': 'buy', 'price': 14.105, 'triggerPrice': None, 'amount': 8.36, 'cost': 117.9178, 'average': 14.105, 'filled': 8.36, 'remaining': 0.0, 'status': 'closed', 'fee': {'currency': None, 'cost': None, 'rate': None}, 'trades': [], 'fees': [{'currency': None, 'cost': None, 'rate': None}], 'stopPrice': None, 'takeProfitPrice': None, 'stopLossPrice': None}
2025-03-10 10:19:54 - INFO - [LINK] USDT余额: 可用=115.54225568, 总额=115.56559819
2025-03-10 10:19:54 - INFO - [LINK] 当前账户余额: 可用=115.54225568 USDT, 总额=115.56559819 USDT
2025-03-10 10:19:55 - INFO - [LINK] 成功获取1000根5mK线数据
2025-03-10 10:19:55 - INFO - [LINK] 预测概率: 卖出=0.4534, 观望=0.3026, 买入=0.2440
2025-03-10 10:19:55 - INFO - [LINK] 当前价格: 14.079, AI信号: -1
2025-03-10 10:19:55 - INFO - [LINK] 订单创建成功: {'info': {'orderId': '38847686228', 'symbol': 'LINKUSDT', 'status': 'FILLED', 'clientOrderId': 'x-xcKtGhcued68080edce7a8cc581cda', 'price': '0.000', 'avgPrice': '14.07900', 'origQty': '8.20', 'executedQty': '8.20', 'cumQty': '8.20', 'cumQuote': '115.44780', 'timeInForce': 'GTC', 'type': 'MARKET', 'reduceOnly': False, 'closePosition': False, 'side': 'SELL', 'positionSide': 'BOTH', 'stopPrice': '0.000', 'workingType': 'CONTRACT_PRICE', 'priceProtect': False, 'origType': 'MARKET', 'priceMatch': 'NONE', 'selfTradePreventionMode': 'EXPIRE_MAKER', 'goodTillDate': '0', 'updateTime': '1741573195884'}, 'id': '38847686228', 'clientOrderId': 'x-xcKtGhcued68080edce7a8cc581cda', 'timestamp': 1741573195884, 'datetime': '2025-03-10T02:19:55.884Z', 'lastTradeTimestamp': 1741573195884, 'lastUpdateTimestamp': 1741573195884, 'symbol': 'LINK/USDT:USDT', 'type': 'market', 'timeInForce': 'GTC', 'postOnly': False, 'reduceOnly': False, 'side': 'sell', 'price': 14.079, 'triggerPrice': None, 'amount': 8.2, 'cost': 115.4478, 'average': 14.079, 'filled': 8.2, 'remaining': 0.0, 'status': 'closed', 'fee': {'currency': None, 'cost': None, 'rate': None}, 'trades': [], 'fees': [{'currency': None, 'cost': None, 'rate': None}], 'stopPrice': None, 'takeProfitPrice': None, 'stopLossPrice': None}
2025-03-10 10:20:56 - INFO - [LINK] USDT余额: 可用=92.25724592, 总额=115.39307429
2025-03-10 10:20:56 - INFO - [LINK] 当前账户余额: 可用=92.25724592 USDT, 总额=115.39307429 USDT
2025-03-10 10:20:56 - INFO - [LINK] 成功获取1000根5mK线数据
2025-03-10 10:20:56 - INFO - [LINK] 预测概率: 卖出=0.4876, 观望=0.3220, 买入=0.1905
2025-03-10 10:20:57 - INFO - [LINK] 当前持仓方向: 空，持仓金额: 115.5458
2025-03-10 10:20:57 - INFO - [LINK] 当前价格: 14.094, AI信号: -1, 持仓数量: 8.2, 开仓均价: 14.079, 未实现盈亏: -0.12 USDT (-0.11%)
2025-03-10 10:21:57 - INFO - [LINK] USDT余额: 可用=92.33134487, 总额=115.4548335
2025-03-10 10:21:57 - INFO - [LINK] 当前账户余额: 可用=92.33134487 USDT, 总额=115.45483350 USDT
2025-03-10 10:21:58 - INFO - [LINK] 成功获取1000根5mK线数据
2025-03-10 10:21:58 - INFO - [LINK] 预测概率: 卖出=0.4888, 观望=0.3113, 买入=0.1999
2025-03-10 10:21:58 - INFO - [LINK] 当前持仓方向: 空，持仓金额: 115.4992
2025-03-10 10:21:58 - INFO - [LINK] 当前价格: 14.087, AI信号: -1, 持仓数量: 8.2, 开仓均价: 14.079, 未实现盈亏: -0.07 USDT (-0.06%)
2025-03-10 10:22:59 - INFO - [LINK] USDT余额: 可用=92.39319958, 总额=115.50638739
2025-03-10 10:22:59 - INFO - [LINK] 当前账户余额: 可用=92.39319958 USDT, 总额=115.50638739 USDT
2025-03-10 10:22:59 - INFO - [LINK] 成功获取1000根5mK线数据
2025-03-10 10:22:59 - INFO - [LINK] 预测概率: 卖出=0.5174, 观望=0.2896, 买入=0.1930
2025-03-10 10:22:59 - INFO - [LINK] 当前持仓方向: 空，持仓金额: 115.4493
2025-03-10 10:22:59 - INFO - [LINK] 当前价格: 14.08, AI信号: -1, 持仓数量: 8.2, 开仓均价: 14.079, 未实现盈亏: -0.01 USDT (-0.01%)
2025-03-10 10:24:00 - INFO - [LINK] USDT余额: 可用=92.66061918, 总额=115.72927429
2025-03-10 10:24:00 - INFO - [LINK] 当前账户余额: 可用=92.66061918 USDT, 总额=115.72927429 USDT
2025-03-10 10:24:00 - INFO - [LINK] 成功获取1000根5mK线数据
2025-03-10 10:24:00 - INFO - [LINK] 预测概率: 卖出=0.5103, 观望=0.2900, 买入=0.1997
2025-03-10 10:24:10 - ERROR - [LINK] 获取市场价格失败: binance GET https://fapi.binance.com/fapi/v1/ticker/24hr?symbol=LINKUSDT
2025-03-10 10:24:10 - WARNING - [LINK] get_market_price 调用失败，1/3次尝试: binance GET https://fapi.binance.com/fapi/v1/ticker/24hr?symbol=LINKUSDT
2025-03-10 10:24:16 - INFO - [LINK] 当前持仓方向: 空，持仓金额: 115.2213
2025-03-10 10:24:16 - INFO - [LINK] 当前价格: 14.046, AI信号: -1, 持仓数量: 8.2, 开仓均价: 14.079, 未实现盈亏: 0.27 USDT (0.23%)
2025-03-10 10:25:17 - INFO - [LINK] USDT余额: 可用=92.74916397, 总额=115.80307429
2025-03-10 10:25:17 - INFO - [LINK] 当前账户余额: 可用=92.74916397 USDT, 总额=115.80307429 USDT
2025-03-10 10:25:17 - INFO - [LINK] 成功获取1000根5mK线数据
2025-03-10 10:25:17 - INFO - [LINK] 预测概率: 卖出=0.5679, 观望=0.2828, 买入=0.1494
2025-03-10 10:25:17 - INFO - [LINK] 当前持仓方向: 空，持仓金额: 115.1526
2025-03-10 10:25:17 - INFO - [LINK] 当前价格: 14.041, AI信号: -1, 持仓数量: 8.2, 开仓均价: 14.079, 未实现盈亏: 0.31 USDT (0.27%)
2025-03-10 10:26:18 - INFO - [LINK] USDT余额: 可用=92.80819386, 总额=115.85227429
2025-03-10 10:26:18 - INFO - [LINK] 当前账户余额: 可用=92.80819386 USDT, 总额=115.85227429 USDT
2025-03-10 10:26:18 - INFO - [LINK] 成功获取1000根5mK线数据
2025-03-10 10:26:18 - INFO - [LINK] 预测概率: 卖出=0.5696, 观望=0.2720, 买入=0.1584
2025-03-10 10:26:19 - INFO - [LINK] 当前持仓方向: 空，持仓金额: 115.0769
2025-03-10 10:26:19 - INFO - [LINK] 当前价格: 14.031, AI信号: -1, 持仓数量: 8.2, 开仓均价: 14.079, 未实现盈亏: 0.39 USDT (0.34%)
2025-03-10 10:27:19 - INFO - [LINK] USDT余额: 可用=92.87706292, 总额=115.90967429
2025-03-10 10:27:19 - INFO - [LINK] 当前账户余额: 可用=92.87706292 USDT, 总额=115.90967429 USDT
2025-03-10 10:27:20 - INFO - [LINK] 成功获取1000根5mK线数据
2025-03-10 10:27:20 - INFO - [LINK] 预测概率: 卖出=0.5611, 观望=0.2758, 买入=0.1631
2025-03-10 10:27:20 - INFO - [LINK] 当前持仓方向: 空，持仓金额: 115.0542
2025-03-10 10:27:20 - INFO - [LINK] 当前价格: 14.021, AI信号: -1, 持仓数量: 8.2, 开仓均价: 14.079, 未实现盈亏: 0.48 USDT (0.41%)
2025-03-10 10:28:21 - INFO - [LINK] USDT余额: 可用=92.78851781, 总额=115.83587429
2025-03-10 10:28:21 - INFO - [LINK] 当前账户余额: 可用=92.78851781 USDT, 总额=115.83587429 USDT
2025-03-10 10:28:21 - INFO - [LINK] 成功获取1000根5mK线数据
2025-03-10 10:28:21 - INFO - [LINK] 预测概率: 卖出=0.5498, 观望=0.2835, 买入=0.1667
2025-03-10 10:28:21 - INFO - [LINK] 当前持仓方向: 空，持仓金额: 115.1198
2025-03-10 10:28:21 - INFO - [LINK] 当前价格: 14.044, AI信号: -1, 持仓数量: 8.2, 开仓均价: 14.079, 未实现盈亏: 0.29 USDT (0.25%)
2025-03-10 10:29:22 - INFO - [LINK] USDT余额: 可用=93.09517652, 总额=116.09146665
2025-03-10 10:29:22 - INFO - [LINK] 当前账户余额: 可用=93.09517652 USDT, 总额=116.09146665 USDT
2025-03-10 10:29:22 - INFO - [LINK] 成功获取1000根5mK线数据
2025-03-10 10:29:22 - INFO - [LINK] 预测概率: 卖出=0.5090, 观望=0.3072, 买入=0.1838
2025-03-10 10:29:23 - INFO - [LINK] 当前持仓方向: 空，持仓金额: 114.8642
2025-03-10 10:29:23 - INFO - [LINK] 当前价格: 14.007, AI信号: -1, 持仓数量: 8.2, 开仓均价: 14.079, 未实现盈亏: 0.59 USDT (0.51%)
2025-03-10 10:30:23 - INFO - [LINK] USDT余额: 可用=93.01479986, 总额=116.02447429
2025-03-10 10:30:23 - INFO - [LINK] 当前账户余额: 可用=93.01479986 USDT, 总额=116.02447429 USDT
2025-03-10 10:30:24 - INFO - [LINK] 成功获取1000根5mK线数据
2025-03-10 10:30:24 - INFO - [LINK] 预测概率: 卖出=0.4994, 观望=0.3245, 买入=0.1762
2025-03-10 10:30:24 - INFO - [LINK] 当前持仓方向: 空，持仓金额: 114.9312
2025-03-10 10:30:24 - INFO - [LINK] 当前价格: 14.001, AI信号: -1, 持仓数量: 8.2, 开仓均价: 14.079, 未实现盈亏: 0.64 USDT (0.55%)
2025-03-10 10:56:57 - ERROR - [LINK] 获取账户余额失败: binance GET https://fapi.binance.com/fapi/v2/account?timestamp=1741575407526&recvWindow=60000&signature=4371a37a5c48458c4bb09a1d9de76358cf08bafa40d36adbba0160d9eaee77b0
2025-03-10 10:56:57 - WARNING - [LINK] get_balance 调用失败，1/3次尝试: binance GET https://fapi.binance.com/fapi/v2/account?timestamp=1741575407526&recvWindow=60000&signature=4371a37a5c48458c4bb09a1d9de76358cf08bafa40d36adbba0160d9eaee77b0
2025-03-10 10:57:03 - INFO - [LINK] USDT余额: 可用=92.14986091, 总额=115.30357244
2025-03-10 10:57:03 - INFO - [LINK] 当前账户余额: 可用=92.14986091 USDT, 总额=115.30357244 USDT
2025-03-10 10:57:03 - INFO - [LINK] 成功获取1000根5mK线数据
2025-03-10 10:57:03 - INFO - [LINK] 预测概率: 卖出=0.6260, 观望=0.2684, 买入=0.1056
2025-03-10 10:57:03 - INFO - [LINK] 当前持仓方向: 空，持仓金额: 115.6521
2025-03-10 10:57:03 - INFO - [LINK] 当前价格: 14.102, AI信号: -1, 持仓数量: 8.2, 开仓均价: 14.079, 未实现盈亏: -0.19 USDT (-0.16%)
2025-03-10 10:57:16 - INFO - [root] 接收到退出信号，正在关闭所有交易...
2025-03-10 10:57:16 - INFO - [LINK] 关闭 LINKUSDT 所有持仓
2025-03-10 10:59:30 - INFO - [root] ==================================================
2025-03-10 10:59:30 - INFO - [root] 日志系统初始化完成 - 2025-03-10 10:59:30
2025-03-10 10:59:30 - INFO - [root] ==================================================
2025-03-10 10:59:30 - INFO - [utils.exchange] 代理连接测试成功
2025-03-10 10:59:31 - INFO - [utils.exchange] 服务器时间差: -9 ms
2025-03-10 10:59:33 - INFO - [utils.exchange] API权限验证成功
2025-03-10 10:59:34 - INFO - [LINK] 当前已经是单向持仓模式
2025-03-10 10:59:34 - INFO - [LINK] 设置杠杆倍数 5倍 成功
2025-03-10 10:59:34 - INFO - [LINK] 当前已经是CROSSED保证金模式
2025-03-10 10:59:34 - INFO - [LINK] 交易器初始化成功 for LINKUSDT
2025-03-10 10:59:34 - INFO - [LINK] 获取历史K线数据进行初始训练...
2025-03-10 10:59:34 - INFO - [LINK] 成功获取1000根5mK线数据
2025-03-10 10:59:34 - INFO - [LINK] 成功获取1000根5mK线数据
2025-03-10 10:59:34 - INFO - [LINK] 标签分布: 看跌=407, 盘整=299, 看涨=288
2025-03-10 10:59:35 - INFO - [LINK] 模型评估结果:
2025-03-10 10:59:35 - INFO - [LINK] Accuracy: 0.8707
2025-03-10 10:59:35 - INFO - [LINK] Precision: 0.8708
2025-03-10 10:59:35 - INFO - [LINK] Recall: 0.8707
2025-03-10 10:59:35 - INFO - [LINK] F1 Score: 0.8706
2025-03-10 10:59:35 - INFO - [LINK] 初始模型训练完成
2025-03-10 10:59:35 - INFO - [LINK] 初始化 LINKUSDT 交易器和策略成功
2025-03-10 10:59:35 - INFO - [LINK] 交易线程启动成功
2025-03-10 10:59:35 - INFO - [root] 启动线程监控
2025-03-10 10:59:35 - INFO - [root] 交易系统启动成功，正在交易的币对: LINKUSDT
2025-03-10 10:59:35 - INFO - [LINK] USDT余额: 可用=92.06047848, 总额=115.22907429
2025-03-10 10:59:35 - INFO - [LINK] 当前账户余额: 可用=92.06047848 USDT, 总额=115.22907429 USDT
2025-03-10 10:59:35 - INFO - [LINK] 成功获取1000根5mK线数据
2025-03-10 10:59:35 - INFO - [LINK] 预测概率: 卖出=0.2948, 观望=0.3893, 买入=0.3159
2025-03-10 10:59:36 - INFO - [LINK] 当前持仓方向: 空，持仓金额: 115.7266
2025-03-10 10:59:36 - INFO - [LINK] 当前价格: 14.11, AI信号: 0, 持仓数量: 8.2, 开仓均价: 14.079, 未实现盈亏: -0.25 USDT (-0.22%)
2025-03-10 10:59:36 - INFO - [LINK] 订单创建成功: {'info': {'orderId': '38848449323', 'symbol': 'LINKUSDT', 'status': 'FILLED', 'clientOrderId': 'x-xcKtGhcu2235d60c87c4a77b86ac9f', 'price': '0.000', 'avgPrice': '14.11600', 'origQty': '8.20', 'executedQty': '8.20', 'cumQty': '8.20', 'cumQuote': '115.75120', 'timeInForce': 'GTC', 'type': 'MARKET', 'reduceOnly': False, 'closePosition': False, 'side': 'BUY', 'positionSide': 'BOTH', 'stopPrice': '0.000', 'workingType': 'CONTRACT_PRICE', 'priceProtect': False, 'origType': 'MARKET', 'priceMatch': 'NONE', 'selfTradePreventionMode': 'EXPIRE_MAKER', 'goodTillDate': '0', 'updateTime': '1741575576623'}, 'id': '38848449323', 'clientOrderId': 'x-xcKtGhcu2235d60c87c4a77b86ac9f', 'timestamp': 1741575576623, 'datetime': '2025-03-10T02:59:36.623Z', 'lastTradeTimestamp': 1741575576623, 'lastUpdateTimestamp': 1741575576623, 'symbol': 'LINK/USDT:USDT', 'type': 'market', 'timeInForce': 'GTC', 'postOnly': False, 'reduceOnly': False, 'side': 'buy', 'price': 14.116, 'triggerPrice': None, 'amount': 8.2, 'cost': 115.7512, 'average': 14.116, 'filled': 8.2, 'remaining': 0.0, 'status': 'closed', 'fee': {'currency': None, 'cost': None, 'rate': None}, 'trades': [], 'fees': [{'currency': None, 'cost': None, 'rate': None}], 'stopPrice': None, 'takeProfitPrice': None, 'stopLossPrice': None}
2025-03-10 10:59:36 - INFO - [LINK] 平仓成功: {'info': {'orderId': '38848449323', 'symbol': 'LINKUSDT', 'status': 'FILLED', 'clientOrderId': 'x-xcKtGhcu2235d60c87c4a77b86ac9f', 'price': '0.000', 'avgPrice': '14.11600', 'origQty': '8.20', 'executedQty': '8.20', 'cumQty': '8.20', 'cumQuote': '115.75120', 'timeInForce': 'GTC', 'type': 'MARKET', 'reduceOnly': False, 'closePosition': False, 'side': 'BUY', 'positionSide': 'BOTH', 'stopPrice': '0.000', 'workingType': 'CONTRACT_PRICE', 'priceProtect': False, 'origType': 'MARKET', 'priceMatch': 'NONE', 'selfTradePreventionMode': 'EXPIRE_MAKER', 'goodTillDate': '0', 'updateTime': '1741575576623'}, 'id': '38848449323', 'clientOrderId': 'x-xcKtGhcu2235d60c87c4a77b86ac9f', 'timestamp': 1741575576623, 'datetime': '2025-03-10T02:59:36.623Z', 'lastTradeTimestamp': 1741575576623, 'lastUpdateTimestamp': 1741575576623, 'symbol': 'LINK/USDT:USDT', 'type': 'market', 'timeInForce': 'GTC', 'postOnly': False, 'reduceOnly': False, 'side': 'buy', 'price': 14.116, 'triggerPrice': None, 'amount': 8.2, 'cost': 115.7512, 'average': 14.116, 'filled': 8.2, 'remaining': 0.0, 'status': 'closed', 'fee': {'currency': None, 'cost': None, 'rate': None}, 'trades': [], 'fees': [{'currency': None, 'cost': None, 'rate': None}], 'stopPrice': None, 'takeProfitPrice': None, 'stopLossPrice': None}
2025-03-10 11:00:37 - INFO - [LINK] USDT余额: 可用=115.12333951, 总额=115.14659869
2025-03-10 11:00:37 - INFO - [LINK] 当前账户余额: 可用=115.12333951 USDT, 总额=115.14659869 USDT
2025-03-10 11:00:37 - INFO - [LINK] 成功获取1000根5mK线数据
2025-03-10 11:00:37 - INFO - [LINK] 预测概率: 卖出=0.3407, 观望=0.3899, 买入=0.2694
2025-03-10 11:00:37 - INFO - [LINK] 当前价格: 14.124, AI信号: 0
2025-03-10 11:01:38 - INFO - [LINK] USDT余额: 可用=115.12334048, 总额=115.14659869
2025-03-10 11:01:38 - INFO - [LINK] 当前账户余额: 可用=115.12334048 USDT, 总额=115.14659869 USDT
2025-03-10 11:01:38 - INFO - [LINK] 成功获取1000根5mK线数据
2025-03-10 11:01:39 - INFO - [LINK] 预测概率: 卖出=0.3449, 观望=0.4022, 买入=0.2529
2025-03-10 11:01:39 - INFO - [LINK] 当前价格: 14.117, AI信号: 0
