2025-02-21 00:00:11 - INFO - [root] ==================================================
2025-02-21 00:00:11 - INFO - [root] 日志系统初始化完成 - 2025-02-21 00:00:11
2025-02-21 00:00:11 - INFO - [root] ==================================================
2025-02-21 00:00:13 - INFO - [ETHUSDT] 没有未成交的订单
2025-02-21 00:00:13 - INFO - [ETHUSDT] 当前已经是单向持仓模式
2025-02-21 00:00:13 - INFO - [ETHUSDT] 设置杠杆倍数 4倍 成功
2025-02-21 00:00:13 - INFO - [ETHUSDT] 当前已经是CROSSED保证金模式
2025-02-21 00:00:13 - INFO - [ETHUSDT] 交易器初始化成功 for ETHUSDT
2025-02-21 00:00:13 - INFO - [ETHUSDT] 模型输入维度: 38
2025-02-21 00:00:14 - INFO - [ETHUSDT] 深度学习模型初始化成功
2025-02-21 00:00:14 - INFO - [ETHUSDT] 获取历史K线数据...
2025-02-21 00:00:14 - INFO - [ETHUSDT] 成功获取1000根1hK线数据
2025-02-21 00:00:14 - INFO - [ETHUSDT] 成功获取1000根K线数据
2025-02-21 00:00:14 - INFO - [ETHUSDT] 计算技术指标成功
2025-02-21 00:00:14 - INFO - [ETHUSDT] 填充NaN值成功
2025-02-21 00:00:14 - INFO - [ETHUSDT] Epoch 1/20:
2025-02-21 00:00:14 - INFO - [ETHUSDT] Train Loss: 1.0739, Val Loss: 1.0752, Accuracy: 43.50%
2025-02-21 00:00:14 - INFO - [ETHUSDT] Epoch 2/20:
2025-02-21 00:00:14 - INFO - [ETHUSDT] Train Loss: 1.0399, Val Loss: 1.0556, Accuracy: 47.00%
2025-02-21 00:00:14 - INFO - [ETHUSDT] Epoch 3/20:
2025-02-21 00:00:14 - INFO - [ETHUSDT] Train Loss: 1.0270, Val Loss: 1.0578, Accuracy: 43.00%
2025-02-21 00:00:15 - INFO - [ETHUSDT] Epoch 4/20:
2025-02-21 00:00:15 - INFO - [ETHUSDT] Train Loss: 1.0145, Val Loss: 1.0449, Accuracy: 46.00%
2025-02-21 00:00:15 - INFO - [ETHUSDT] Epoch 5/20:
2025-02-21 00:00:15 - INFO - [ETHUSDT] Train Loss: 1.0166, Val Loss: 1.0568, Accuracy: 45.00%
2025-02-21 00:00:15 - INFO - [ETHUSDT] Epoch 6/20:
2025-02-21 00:00:15 - INFO - [ETHUSDT] Train Loss: 1.0042, Val Loss: 1.0605, Accuracy: 44.00%
2025-02-21 00:00:15 - INFO - [ETHUSDT] Epoch 7/20:
2025-02-21 00:00:15 - INFO - [ETHUSDT] Train Loss: 1.0028, Val Loss: 1.0553, Accuracy: 45.50%
2025-02-21 00:00:15 - INFO - [ETHUSDT] Epoch 8/20:
2025-02-21 00:00:15 - INFO - [ETHUSDT] Train Loss: 0.9994, Val Loss: 1.0569, Accuracy: 44.50%
2025-02-21 00:00:15 - INFO - [ETHUSDT] Epoch 9/20:
2025-02-21 00:00:15 - INFO - [ETHUSDT] Train Loss: 0.9889, Val Loss: 1.0526, Accuracy: 47.50%
2025-02-21 00:00:15 - INFO - [ETHUSDT] Early stopping at epoch 9
2025-02-21 00:00:15 - INFO - [ETHUSDT] 模型训练完成
2025-02-21 00:00:15 - INFO - [ETHUSDT] 模型训练成功
2025-02-21 00:00:15 - INFO - [ETHUSDT] 初始化 ETHUSDT 交易器和策略成功
2025-02-21 00:00:15 - INFO - [ETHUSDT] 交易线程启动成功
2025-02-21 00:00:15 - INFO - [root] 启动线程监控
2025-02-21 00:00:15 - INFO - [root] 交易系统启动成功，正在交易的币对: ETHUSDT
2025-02-21 00:00:15 - INFO - [ETHUSDT] USDT余额: 可用=93.45594718, 总额=93.47487239
2025-02-21 00:00:15 - INFO - [ETHUSDT] 当前账户余额: 可用=93.45594718 USDT, 总额=93.47487239 USDT
2025-02-21 00:00:16 - INFO - [ETHUSDT] 成功获取1000根1mK线数据
2025-02-21 00:00:16 - INFO - [ETHUSDT] 计算技术指标成功
2025-02-21 00:00:16 - INFO - [ETHUSDT] 填充NaN值成功
2025-02-21 00:00:16 - INFO - [ETHUSDT] 预测概率: 卖出=0.2618, 买入=0.5141, 持仓=0.2241
2025-02-21 00:00:16 - INFO - [ETHUSDT] 市场状态: RSI=28.82, MACD=-4.20, ADX=30.16, 波动率=0.0008, 趋势强度=0.0022, 市场情绪=-0.1092
2025-02-21 00:00:16 - INFO - [ETHUSDT] 预测置信度0.5141低于阈值0.9，保持观望
2025-02-21 00:00:16 - INFO - [ETHUSDT] USDT余额: 可用=93.45594761, 总额=93.47487239
2025-02-21 00:00:17 - INFO - [ETHUSDT] 当前价格: 2709.43, AI信号: 0
2025-02-21 00:00:17 - INFO - [root] ETHUSDT 状态 - 可用余额: 93.46 USDT, 总余额: 93.47 USDT, 持仓量: 0
2025-02-21 00:01:17 - INFO - [ETHUSDT] USDT余额: 可用=93.45594687, 总额=93.47487239
2025-02-21 00:01:17 - INFO - [ETHUSDT] 当前账户余额: 可用=93.45594687 USDT, 总额=93.47487239 USDT
2025-02-21 00:01:17 - INFO - [ETHUSDT] 成功获取1000根1mK线数据
2025-02-21 00:01:17 - INFO - [ETHUSDT] 计算技术指标成功
2025-02-21 00:01:17 - INFO - [ETHUSDT] 填充NaN值成功
2025-02-21 00:01:17 - INFO - [ETHUSDT] 预测概率: 卖出=0.2561, 买入=0.5203, 持仓=0.2236
2025-02-21 00:01:17 - INFO - [ETHUSDT] 市场状态: RSI=31.67, MACD=-4.08, ADX=31.59, 波动率=0.0008, 趋势强度=0.0022, 市场情绪=-0.0844
2025-02-21 00:01:17 - INFO - [ETHUSDT] 预测置信度0.5203低于阈值0.9，保持观望
2025-02-21 00:01:17 - INFO - [ETHUSDT] USDT余额: 可用=93.45594687, 总额=93.47487239
2025-02-21 00:01:18 - INFO - [root] ETHUSDT 状态 - 可用余额: 93.46 USDT, 总余额: 93.47 USDT, 持仓量: 0
2025-02-21 00:01:18 - INFO - [ETHUSDT] 当前价格: 2709.36, AI信号: 0
2025-02-21 00:02:18 - INFO - [ETHUSDT] USDT余额: 可用=93.45594801, 总额=93.47487239
2025-02-21 00:02:18 - INFO - [ETHUSDT] USDT余额: 可用=93.45594801, 总额=93.47487239
2025-02-21 00:02:18 - INFO - [ETHUSDT] 当前账户余额: 可用=93.45594801 USDT, 总额=93.47487239 USDT
2025-02-21 00:02:18 - INFO - [root] ETHUSDT 状态 - 可用余额: 93.46 USDT, 总余额: 93.47 USDT, 持仓量: 0
2025-02-21 00:02:18 - INFO - [ETHUSDT] 成功获取1000根1mK线数据
2025-02-21 00:02:18 - INFO - [ETHUSDT] 计算技术指标成功
2025-02-21 00:02:18 - INFO - [ETHUSDT] 填充NaN值成功
2025-02-21 00:02:18 - INFO - [ETHUSDT] 预测概率: 卖出=0.2762, 买入=0.4964, 持仓=0.2274
2025-02-21 00:02:18 - INFO - [ETHUSDT] 市场状态: RSI=32.69, MACD=-4.07, ADX=33.21, 波动率=0.0008, 趋势强度=0.0023, 市场情绪=-0.0613
2025-02-21 00:02:18 - INFO - [ETHUSDT] 预测置信度0.4964低于阈值0.9，保持观望
2025-02-21 00:02:19 - INFO - [ETHUSDT] 当前价格: 2710.05, AI信号: 0
2025-02-21 00:03:18 - INFO - [ETHUSDT] USDT余额: 可用=93.45594706, 总额=93.47487239
2025-02-21 00:03:19 - INFO - [ETHUSDT] USDT余额: 可用=93.45594711, 总额=93.47487239
2025-02-21 00:03:19 - INFO - [ETHUSDT] 当前账户余额: 可用=93.45594711 USDT, 总额=93.47487239 USDT
2025-02-21 00:03:19 - INFO - [root] ETHUSDT 状态 - 可用余额: 93.46 USDT, 总余额: 93.47 USDT, 持仓量: 0
2025-02-21 00:03:19 - INFO - [ETHUSDT] 成功获取1000根1mK线数据
2025-02-21 00:03:19 - INFO - [ETHUSDT] 计算技术指标成功
2025-02-21 00:03:19 - INFO - [ETHUSDT] 填充NaN值成功
2025-02-21 00:03:19 - INFO - [ETHUSDT] 预测概率: 卖出=0.2900, 买入=0.4802, 持仓=0.2298
2025-02-21 00:03:19 - INFO - [ETHUSDT] 市场状态: RSI=35.32, MACD=-4.11, ADX=34.80, 波动率=0.0008, 趋势强度=0.0023, 市场情绪=-0.0369
2025-02-21 00:03:19 - INFO - [ETHUSDT] 预测置信度0.4802低于阈值0.9，保持观望
2025-02-21 00:03:20 - INFO - [ETHUSDT] 当前价格: 2711.26, AI信号: 0
2025-02-21 00:04:20 - INFO - [ETHUSDT] USDT余额: 可用=93.45594781, 总额=93.47487239
2025-02-21 00:04:20 - INFO - [root] ETHUSDT 状态 - 可用余额: 93.46 USDT, 总余额: 93.47 USDT, 持仓量: 0
2025-02-21 00:04:20 - INFO - [ETHUSDT] USDT余额: 可用=93.45594706, 总额=93.47487239
2025-02-21 00:04:20 - INFO - [ETHUSDT] 当前账户余额: 可用=93.45594706 USDT, 总额=93.47487239 USDT
2025-02-21 00:04:21 - INFO - [ETHUSDT] 成功获取1000根1mK线数据
2025-02-21 00:04:21 - INFO - [ETHUSDT] 计算技术指标成功
2025-02-21 00:04:21 - INFO - [ETHUSDT] 填充NaN值成功
2025-02-21 00:04:21 - INFO - [ETHUSDT] 预测概率: 卖出=0.2513, 买入=0.5272, 持仓=0.2215
2025-02-21 00:04:21 - INFO - [ETHUSDT] 市场状态: RSI=28.83, MACD=-4.56, ADX=36.55, 波动率=0.0007, 趋势强度=0.0025, 市场情绪=-0.0923
2025-02-21 00:04:21 - INFO - [ETHUSDT] 预测置信度0.5272低于阈值0.9，保持观望
2025-02-21 00:04:21 - INFO - [ETHUSDT] 当前价格: 2706.54, AI信号: 0
2025-02-21 00:05:21 - INFO - [ETHUSDT] USDT余额: 可用=93.45594724, 总额=93.47487239
2025-02-21 00:05:21 - INFO - [root] ETHUSDT 状态 - 可用余额: 93.46 USDT, 总余额: 93.47 USDT, 持仓量: 0
2025-02-21 00:05:21 - INFO - [ETHUSDT] USDT余额: 可用=93.45594809, 总额=93.47487239
2025-02-21 00:05:21 - INFO - [ETHUSDT] 当前账户余额: 可用=93.45594809 USDT, 总额=93.47487239 USDT
2025-02-21 00:05:22 - INFO - [ETHUSDT] 成功获取1000根1mK线数据
2025-02-21 00:05:22 - INFO - [ETHUSDT] 计算技术指标成功
2025-02-21 00:05:22 - INFO - [ETHUSDT] 填充NaN值成功
2025-02-21 00:05:22 - INFO - [ETHUSDT] 预测概率: 卖出=0.2923, 买入=0.4783, 持仓=0.2295
2025-02-21 00:05:22 - INFO - [ETHUSDT] 市场状态: RSI=35.38, MACD=-4.23, ADX=37.98, 波动率=0.0008, 趋势强度=0.0025, 市场情绪=-0.0322
2025-02-21 00:05:22 - INFO - [ETHUSDT] 预测置信度0.4783低于阈值0.9，保持观望
2025-02-21 00:05:22 - INFO - [ETHUSDT] 当前价格: 2710.99, AI信号: 0
2025-02-21 00:06:21 - INFO - [ETHUSDT] USDT余额: 可用=93.45594678, 总额=93.47487239
2025-02-21 00:06:21 - INFO - [root] ETHUSDT 状态 - 可用余额: 93.46 USDT, 总余额: 93.47 USDT, 持仓量: 0
2025-02-21 00:06:23 - INFO - [ETHUSDT] USDT余额: 可用=93.45594749, 总额=93.47487239
2025-02-21 00:06:23 - INFO - [ETHUSDT] 当前账户余额: 可用=93.45594749 USDT, 总额=93.47487239 USDT
2025-02-21 00:06:24 - INFO - [ETHUSDT] 成功获取1000根1mK线数据
2025-02-21 00:06:24 - INFO - [ETHUSDT] 计算技术指标成功
2025-02-21 00:06:24 - INFO - [ETHUSDT] 填充NaN值成功
2025-02-21 00:06:24 - INFO - [ETHUSDT] 预测概率: 卖出=0.4057, 买入=0.3526, 持仓=0.2417
2025-02-21 00:06:24 - INFO - [ETHUSDT] 市场状态: RSI=47.63, MACD=-3.53, ADX=37.45, 波动率=0.0009, 趋势强度=0.0023, 市场情绪=0.5001
2025-02-21 00:06:24 - INFO - [ETHUSDT] 预测置信度0.4057低于阈值0.9，保持观望
2025-02-21 00:06:24 - INFO - [ETHUSDT] 当前价格: 2715.06, AI信号: 0
2025-02-21 00:07:22 - INFO - [ETHUSDT] USDT余额: 可用=93.45594724, 总额=93.47487239
2025-02-21 00:07:22 - INFO - [root] ETHUSDT 状态 - 可用余额: 93.46 USDT, 总余额: 93.47 USDT, 持仓量: 0
2025-02-21 00:07:24 - INFO - [ETHUSDT] USDT余额: 可用=93.45594767, 总额=93.47487239
2025-02-21 00:07:24 - INFO - [ETHUSDT] 当前账户余额: 可用=93.45594767 USDT, 总额=93.47487239 USDT
2025-02-21 00:07:25 - INFO - [ETHUSDT] 成功获取1000根1mK线数据
2025-02-21 00:07:25 - INFO - [ETHUSDT] 计算技术指标成功
2025-02-21 00:07:25 - INFO - [ETHUSDT] 填充NaN值成功
2025-02-21 00:07:25 - INFO - [ETHUSDT] 预测概率: 卖出=0.4518, 买入=0.3116, 持仓=0.2366
2025-02-21 00:07:25 - INFO - [ETHUSDT] 市场状态: RSI=50.01, MACD=-2.80, ADX=35.07, 波动率=0.0010, 趋势强度=0.0021, 市场情绪=0.5405
2025-02-21 00:07:25 - INFO - [ETHUSDT] 预测置信度0.4518低于阈值0.9，保持观望
2025-02-21 00:07:25 - INFO - [ETHUSDT] 当前价格: 2717.1, AI信号: 0
2025-02-21 00:08:22 - INFO - [ETHUSDT] USDT余额: 可用=93.45594794, 总额=93.47487239
2025-02-21 00:08:23 - INFO - [root] ETHUSDT 状态 - 可用余额: 93.46 USDT, 总余额: 93.47 USDT, 持仓量: 0
2025-02-21 00:08:25 - INFO - [ETHUSDT] USDT余额: 可用=93.45594752, 总额=93.47487239
2025-02-21 00:08:25 - INFO - [ETHUSDT] 当前账户余额: 可用=93.45594752 USDT, 总额=93.47487239 USDT
2025-02-21 00:08:27 - INFO - [ETHUSDT] 成功获取1000根1mK线数据
2025-02-21 00:08:27 - INFO - [ETHUSDT] 计算技术指标成功
2025-02-21 00:08:27 - INFO - [ETHUSDT] 填充NaN值成功
2025-02-21 00:08:27 - INFO - [ETHUSDT] 预测概率: 卖出=0.3954, 买入=0.3666, 持仓=0.2381
2025-02-21 00:08:27 - INFO - [ETHUSDT] 市场状态: RSI=49.96, MACD=-2.43, ADX=33.50, 波动率=0.0010, 趋势强度=0.0020, 市场情绪=0.5472
2025-02-21 00:08:27 - INFO - [ETHUSDT] 预测置信度0.3954低于阈值0.9，保持观望
2025-02-21 00:08:27 - INFO - [ETHUSDT] 当前价格: 2717.19, AI信号: 0
2025-02-21 00:09:23 - INFO - [ETHUSDT] USDT余额: 可用=93.45594722, 总额=93.47487239
2025-02-21 00:09:23 - INFO - [root] ETHUSDT 状态 - 可用余额: 93.46 USDT, 总余额: 93.47 USDT, 持仓量: 0
2025-02-21 00:09:27 - INFO - [ETHUSDT] USDT余额: 可用=93.45594789, 总额=93.47487239
2025-02-21 00:09:27 - INFO - [ETHUSDT] 当前账户余额: 可用=93.45594789 USDT, 总额=93.47487239 USDT
2025-02-21 00:09:28 - INFO - [ETHUSDT] 成功获取1000根1mK线数据
2025-02-21 00:09:28 - INFO - [ETHUSDT] 计算技术指标成功
2025-02-21 00:09:28 - INFO - [ETHUSDT] 填充NaN值成功
2025-02-21 00:09:28 - INFO - [ETHUSDT] 预测概率: 卖出=0.3983, 买入=0.3634, 持仓=0.2383
2025-02-21 00:09:28 - INFO - [ETHUSDT] 市场状态: RSI=53.85, MACD=-1.68, ADX=31.95, 波动率=0.0010, 趋势强度=0.0018, 市场情绪=0.6113
2025-02-21 00:09:28 - INFO - [ETHUSDT] 预测置信度0.3983低于阈值0.9，保持观望
2025-02-21 00:09:28 - INFO - [ETHUSDT] 当前价格: 2718.83, AI信号: 0
2025-02-21 00:10:01 - INFO - [root] 接收到退出信号，正在关闭所有交易...
2025-02-21 00:10:01 - INFO - [ETHUSDT] 关闭 ETHUSDT 所有持仓
2025-02-21 00:10:06 - INFO - [root] ==================================================
2025-02-21 00:10:06 - INFO - [root] 日志系统初始化完成 - 2025-02-21 00:10:06
2025-02-21 00:10:06 - INFO - [root] ==================================================
2025-02-21 00:10:09 - INFO - [ETH] 没有未成交的订单
2025-02-21 00:10:09 - INFO - [ETH] 当前已经是单向持仓模式
2025-02-21 00:10:09 - INFO - [ETH] 设置杠杆倍数 4倍 成功
2025-02-21 00:10:09 - INFO - [ETH] 当前已经是CROSSED保证金模式
2025-02-21 00:10:09 - INFO - [ETH] 交易器初始化成功 for ETHUSDT
2025-02-21 00:10:09 - INFO - [ETH] 模型输入维度: 38
2025-02-21 00:10:10 - INFO - [ETH] 深度学习模型初始化成功
2025-02-21 00:10:10 - INFO - [ETH] 获取历史K线数据...
2025-02-21 00:10:10 - INFO - [ETH] 成功获取1000根1hK线数据
2025-02-21 00:10:10 - INFO - [ETH] 成功获取1000根K线数据
2025-02-21 00:10:10 - INFO - [ETH] 计算技术指标成功
2025-02-21 00:10:10 - INFO - [ETH] 填充NaN值成功
2025-02-21 00:10:10 - INFO - [ETH] Epoch 1/20:
2025-02-21 00:10:10 - INFO - [ETH] Train Loss: 1.0811, Val Loss: 1.0682, Accuracy: 41.50%
2025-02-21 00:10:11 - INFO - [ETH] Epoch 2/20:
2025-02-21 00:10:11 - INFO - [ETH] Train Loss: 1.0469, Val Loss: 1.0414, Accuracy: 44.50%
2025-02-21 00:10:11 - INFO - [ETH] Epoch 3/20:
2025-02-21 00:10:11 - INFO - [ETH] Train Loss: 1.0302, Val Loss: 1.0355, Accuracy: 43.50%
2025-02-21 00:10:11 - INFO - [ETH] Epoch 4/20:
2025-02-21 00:10:11 - INFO - [ETH] Train Loss: 1.0164, Val Loss: 1.0357, Accuracy: 43.00%
2025-02-21 00:10:11 - INFO - [ETH] Epoch 5/20:
2025-02-21 00:10:11 - INFO - [ETH] Train Loss: 1.0085, Val Loss: 1.0358, Accuracy: 47.00%
2025-02-21 00:10:11 - INFO - [ETH] Epoch 6/20:
2025-02-21 00:10:11 - INFO - [ETH] Train Loss: 1.0067, Val Loss: 1.0467, Accuracy: 46.50%
2025-02-21 00:10:11 - INFO - [ETH] Epoch 7/20:
2025-02-21 00:10:11 - INFO - [ETH] Train Loss: 1.0006, Val Loss: 1.0624, Accuracy: 41.50%
2025-02-21 00:10:11 - INFO - [ETH] Epoch 8/20:
2025-02-21 00:10:11 - INFO - [ETH] Train Loss: 0.9962, Val Loss: 1.0551, Accuracy: 41.00%
2025-02-21 00:10:11 - INFO - [ETH] Early stopping at epoch 8
2025-02-21 00:10:11 - INFO - [ETH] 模型训练完成
2025-02-21 00:10:11 - INFO - [ETH] 模型训练成功
2025-02-21 00:10:11 - INFO - [ETH] 初始化 ETHUSDT 交易器和策略成功
2025-02-21 00:10:11 - INFO - [ETH] 交易线程启动成功
2025-02-21 00:10:11 - INFO - [root] 启动线程监控
2025-02-21 00:10:11 - INFO - [root] 交易系统启动成功，正在交易的币对: ETHUSDT
2025-02-21 00:10:11 - INFO - [ETH] USDT余额: 可用=93.45594722, 总额=93.47487239
2025-02-21 00:10:11 - INFO - [ETH] 当前账户余额: 可用=93.45594722 USDT, 总额=93.47487239 USDT
2025-02-21 00:10:12 - INFO - [ETH] USDT余额: 可用=93.45594798, 总额=93.47487239
2025-02-21 00:10:12 - INFO - [root] ETHUSDT 状态 - 可用余额: 93.46 USDT, 总余额: 93.47 USDT, 持仓量: 0
2025-02-21 00:10:12 - INFO - [ETH] 成功获取1000根1mK线数据
2025-02-21 00:10:12 - INFO - [ETH] 计算技术指标成功
2025-02-21 00:10:12 - INFO - [ETH] 填充NaN值成功
2025-02-21 00:10:12 - INFO - [ETH] 预测概率: 卖出=0.2861, 买入=0.4743, 持仓=0.2396
2025-02-21 00:10:12 - INFO - [ETH] 市场状态: RSI=55.54, MACD=-1.08, ADX=29.39, 波动率=0.0010, 趋势强度=0.0017, 市场情绪=0.6267
2025-02-21 00:10:12 - INFO - [ETH] 预测置信度0.4743低于阈值0.9，保持观望
2025-02-21 00:10:12 - INFO - [ETH] 当前价格: 2720.59, AI信号: 0
2025-02-21 00:11:12 - INFO - [ETH] USDT余额: 可用=93.45594778, 总额=93.47487239
2025-02-21 00:11:12 - INFO - [root] ETHUSDT 状态 - 可用余额: 93.46 USDT, 总余额: 93.47 USDT, 持仓量: 0
2025-02-21 00:11:12 - INFO - [ETH] USDT余额: 可用=93.45594778, 总额=93.47487239
2025-02-21 00:11:12 - INFO - [ETH] 当前账户余额: 可用=93.45594778 USDT, 总额=93.47487239 USDT
2025-02-21 00:11:13 - INFO - [ETH] 成功获取1000根1mK线数据
2025-02-21 00:11:13 - INFO - [ETH] 计算技术指标成功
2025-02-21 00:11:13 - INFO - [ETH] 填充NaN值成功
2025-02-21 00:11:13 - INFO - [ETH] 预测概率: 卖出=0.2730, 买入=0.4950, 持仓=0.2320
2025-02-21 00:11:13 - INFO - [ETH] 市场状态: RSI=62.13, MACD=-0.02, ADX=28.86, 波动率=0.0010, 趋势强度=0.0013, 市场情绪=0.6965
2025-02-21 00:11:13 - INFO - [ETH] 预测置信度0.4950低于阈值0.9，保持观望
2025-02-21 00:11:13 - INFO - [ETH] 当前价格: 2727.07, AI信号: 0
2025-02-21 00:12:12 - INFO - [ETH] USDT余额: 可用=93.45594721, 总额=93.47487239
2025-02-21 00:12:12 - INFO - [root] ETHUSDT 状态 - 可用余额: 93.46 USDT, 总余额: 93.47 USDT, 持仓量: 0
2025-02-21 00:12:13 - INFO - [ETH] USDT余额: 可用=93.45594769, 总额=93.47487239
2025-02-21 00:12:13 - INFO - [ETH] 当前账户余额: 可用=93.45594769 USDT, 总额=93.47487239 USDT
2025-02-21 00:12:14 - INFO - [ETH] 成功获取1000根1mK线数据
2025-02-21 00:12:14 - INFO - [ETH] 计算技术指标成功
2025-02-21 00:12:14 - INFO - [ETH] 填充NaN值成功
2025-02-21 00:12:14 - INFO - [ETH] 预测概率: 卖出=0.3614, 买入=0.3881, 持仓=0.2505
2025-02-21 00:12:14 - INFO - [ETH] 市场状态: RSI=66.15, MACD=1.01, ADX=28.18, 波动率=0.0010, 趋势强度=0.0010, 市场情绪=0.7168
2025-02-21 00:12:14 - INFO - [ETH] 预测置信度0.3881低于阈值0.9，保持观望
2025-02-21 00:12:14 - INFO - [ETH] 当前价格: 2730.05, AI信号: 0
2025-02-21 00:12:52 - INFO - [root] 接收到退出信号，正在关闭所有交易...
2025-02-21 00:12:52 - INFO - [ETH] 关闭 ETHUSDT 所有持仓
2025-02-21 00:25:16 - INFO - [root] ==================================================
2025-02-21 00:25:16 - INFO - [root] 日志系统初始化完成 - 2025-02-21 00:25:16
2025-02-21 00:25:16 - INFO - [root] ==================================================
2025-02-21 00:25:19 - INFO - [ETH] 没有未成交的订单
2025-02-21 00:25:19 - INFO - [ETH] 当前已经是单向持仓模式
2025-02-21 00:25:19 - INFO - [ETH] 设置杠杆倍数 4倍 成功
2025-02-21 00:25:19 - INFO - [ETH] 当前已经是CROSSED保证金模式
2025-02-21 00:25:19 - INFO - [ETH] 交易器初始化成功 for ETHUSDT
2025-02-21 00:25:19 - INFO - [ETH] 模型输入维度: 38
2025-02-21 00:25:19 - INFO - [ETH] 深度学习模型初始化成功
2025-02-21 00:25:19 - INFO - [ETH] 获取历史K线数据...
2025-02-21 00:25:20 - INFO - [ETH] 成功获取1000根1hK线数据
2025-02-21 00:25:20 - INFO - [ETH] 成功获取1000根K线数据
2025-02-21 00:25:20 - INFO - [ETH] 计算技术指标成功
2025-02-21 00:25:20 - INFO - [ETH] 填充NaN值成功
2025-02-21 00:25:20 - INFO - [ETH] Epoch 1/20:
2025-02-21 00:25:20 - INFO - [ETH] Train Loss: 1.0649, Val Loss: 1.0700, Accuracy: 45.50%
2025-02-21 00:25:20 - INFO - [ETH] Epoch 2/20:
2025-02-21 00:25:20 - INFO - [ETH] Train Loss: 1.0480, Val Loss: 1.0497, Accuracy: 49.50%
2025-02-21 00:25:20 - INFO - [ETH] Epoch 3/20:
2025-02-21 00:25:20 - INFO - [ETH] Train Loss: 1.0341, Val Loss: 1.0372, Accuracy: 49.00%
2025-02-21 00:25:20 - INFO - [ETH] Epoch 4/20:
2025-02-21 00:25:20 - INFO - [ETH] Train Loss: 1.0252, Val Loss: 1.0374, Accuracy: 47.50%
2025-02-21 00:25:20 - INFO - [ETH] Epoch 5/20:
2025-02-21 00:25:20 - INFO - [ETH] Train Loss: 1.0201, Val Loss: 1.0335, Accuracy: 47.00%
2025-02-21 00:25:20 - INFO - [ETH] Epoch 6/20:
2025-02-21 00:25:20 - INFO - [ETH] Train Loss: 1.0064, Val Loss: 1.0483, Accuracy: 47.00%
2025-02-21 00:25:20 - INFO - [ETH] Epoch 7/20:
2025-02-21 00:25:20 - INFO - [ETH] Train Loss: 1.0084, Val Loss: 1.0408, Accuracy: 45.50%
2025-02-21 00:25:20 - INFO - [ETH] Epoch 8/20:
2025-02-21 00:25:20 - INFO - [ETH] Train Loss: 1.0079, Val Loss: 1.0500, Accuracy: 48.50%
2025-02-21 00:25:21 - INFO - [ETH] Epoch 9/20:
2025-02-21 00:25:21 - INFO - [ETH] Train Loss: 0.9979, Val Loss: 1.0528, Accuracy: 47.00%
2025-02-21 00:25:21 - INFO - [ETH] Epoch 10/20:
2025-02-21 00:25:21 - INFO - [ETH] Train Loss: 0.9964, Val Loss: 1.0514, Accuracy: 45.50%
2025-02-21 00:25:21 - INFO - [ETH] Early stopping at epoch 10
2025-02-21 00:25:21 - INFO - [ETH] 模型训练完成
2025-02-21 00:25:21 - INFO - [ETH] 模型训练成功
2025-02-21 00:25:21 - INFO - [ETH] 初始化 ETHUSDT 交易器和策略成功
2025-02-21 00:25:21 - INFO - [ETH] 交易线程启动成功
2025-02-21 00:25:21 - INFO - [root] 启动线程监控
2025-02-21 00:25:21 - INFO - [root] 交易系统启动成功，正在交易的币对: ETHUSDT
2025-02-21 00:25:21 - INFO - [ETH] USDT余额: 可用=93.45594782, 总额=93.47487239
2025-02-21 00:25:21 - INFO - [ETH] 当前账户余额: 可用=93.45594782 USDT, 总额=93.47487239 USDT
2025-02-21 00:25:22 - INFO - [ETH] 成功获取1000根1mK线数据
2025-02-21 00:25:22 - INFO - [ETH] 计算技术指标成功
2025-02-21 00:25:22 - INFO - [ETH] 填充NaN值成功
2025-02-21 00:25:22 - INFO - [ETH] 预测概率: 卖出=0.3090, 买入=0.4351, 持仓=0.2559
2025-02-21 00:25:22 - INFO - [ETH] 市场状态: RSI=56.32, MACD=1.54, ADX=15.95, 波动率=0.0010, 趋势强度=0.0001, 市场情绪=0.5721
2025-02-21 00:25:22 - INFO - [ETH] 预测置信度0.4351低于阈值0.9，保持观望
2025-02-21 00:25:22 - INFO - [ETH] USDT余额: 可用=93.45594741, 总额=93.47487239
2025-02-21 00:25:22 - INFO - [ETH] 可用余额: 93.46 USDT
2025-02-21 00:25:23 - INFO - [ETH] 当前价格: 2724.66, AI信号: 0
2025-02-21 00:26:23 - INFO - [ETH] USDT余额: 可用=93.45594731, 总额=93.47487239
2025-02-21 00:26:23 - INFO - [ETH] 当前账户余额: 可用=93.45594731 USDT, 总额=93.47487239 USDT
2025-02-21 00:26:24 - INFO - [ETH] 成功获取1000根1mK线数据
2025-02-21 00:26:24 - INFO - [ETH] 计算技术指标成功
2025-02-21 00:26:24 - INFO - [ETH] 填充NaN值成功
2025-02-21 00:26:24 - INFO - [ETH] 预测概率: 卖出=0.3071, 买入=0.4381, 持仓=0.2548
2025-02-21 00:26:24 - INFO - [ETH] 市场状态: RSI=56.21, MACD=1.52, ADX=15.54, 波动率=0.0008, 趋势强度=0.0000, 市场情绪=0.5662
2025-02-21 00:26:24 - INFO - [ETH] 预测置信度0.4381低于阈值0.9，保持观望
2025-02-21 00:26:24 - INFO - [ETH] USDT余额: 可用=93.45594729, 总额=93.47487239
2025-02-21 00:26:24 - INFO - [ETH] 可用余额: 93.46 USDT
2025-02-21 00:26:24 - INFO - [ETH] 当前价格: 2724.66, AI信号: 0
2025-02-21 00:27:24 - INFO - [ETH] USDT余额: 可用=93.45594777, 总额=93.47487239
2025-02-21 00:27:24 - INFO - [ETH] 当前账户余额: 可用=93.45594777 USDT, 总额=93.47487239 USDT
2025-02-21 00:27:25 - INFO - [ETH] 成功获取1000根1mK线数据
2025-02-21 00:27:25 - INFO - [ETH] 计算技术指标成功
2025-02-21 00:27:25 - INFO - [ETH] 填充NaN值成功
2025-02-21 00:27:25 - INFO - [ETH] 预测概率: 卖出=0.2679, 买入=0.4983, 持仓=0.2339
2025-02-21 00:27:25 - INFO - [ETH] 市场状态: RSI=51.08, MACD=1.28, ADX=14.46, 波动率=0.0008, 趋势强度=0.0000, 市场情绪=0.4804
2025-02-21 00:27:25 - INFO - [ETH] 预测置信度0.4983低于阈值0.9，保持观望
2025-02-21 00:27:25 - INFO - [ETH] USDT余额: 可用=93.45594691, 总额=93.47487239
2025-02-21 00:27:25 - INFO - [ETH] 可用余额: 93.46 USDT
2025-02-21 00:27:26 - INFO - [ETH] 当前价格: 2722.16, AI信号: 0
2025-02-21 00:28:26 - INFO - [ETH] USDT余额: 可用=93.45594782, 总额=93.47487239
2025-02-21 00:28:26 - INFO - [ETH] 当前账户余额: 可用=93.45594782 USDT, 总额=93.47487239 USDT
2025-02-21 00:28:26 - INFO - [ETH] 成功获取1000根1mK线数据
2025-02-21 00:28:26 - INFO - [ETH] 计算技术指标成功
2025-02-21 00:28:26 - INFO - [ETH] 填充NaN值成功
2025-02-21 00:28:26 - INFO - [ETH] 预测概率: 卖出=0.3048, 买入=0.4440, 持仓=0.2513
2025-02-21 00:28:26 - INFO - [ETH] 市场状态: RSI=54.63, MACD=1.30, ADX=13.80, 波动率=0.0008, 趋势强度=0.0000, 市场情绪=0.5352
2025-02-21 00:28:26 - INFO - [ETH] 预测置信度0.4440低于阈值0.9，保持观望
2025-02-21 00:28:27 - INFO - [ETH] USDT余额: 可用=93.45594695, 总额=93.47487239
2025-02-21 00:28:27 - INFO - [ETH] 可用余额: 93.46 USDT
2025-02-21 00:28:27 - INFO - [ETH] 当前价格: 2723.99, AI信号: 0
2025-02-21 00:28:58 - INFO - [root] 接收到退出信号，正在关闭所有交易...
2025-02-21 00:28:58 - INFO - [ETH] 关闭 ETHUSDT 所有持仓
2025-02-21 00:35:03 - INFO - [root] ==================================================
2025-02-21 00:35:03 - INFO - [root] 日志系统初始化完成 - 2025-02-21 00:35:03
2025-02-21 00:35:03 - INFO - [root] ==================================================
2025-02-21 00:35:05 - INFO - [ETH] 没有未成交的订单
2025-02-21 00:35:05 - INFO - [ETH] 当前已经是单向持仓模式
2025-02-21 00:35:06 - INFO - [ETH] 设置杠杆倍数 4倍 成功
2025-02-21 00:35:06 - INFO - [ETH] 当前已经是CROSSED保证金模式
2025-02-21 00:35:06 - INFO - [ETH] 交易器初始化成功 for ETHUSDT
2025-02-21 00:35:06 - INFO - [ETH] 模型输入维度: 38
2025-02-21 00:35:06 - INFO - [ETH] 深度学习模型初始化成功
2025-02-21 00:35:06 - INFO - [ETH] 获取历史K线数据...
2025-02-21 00:35:06 - INFO - [ETH] 成功获取1000根1hK线数据
2025-02-21 00:35:06 - INFO - [ETH] 成功获取1000根K线数据
2025-02-21 00:35:06 - INFO - [ETH] 计算技术指标成功
2025-02-21 00:35:06 - INFO - [ETH] 填充NaN值成功
2025-02-21 00:35:07 - INFO - [ETH] Epoch 1/20:
2025-02-21 00:35:07 - INFO - [ETH] Train Loss: 1.0801, Val Loss: 1.0736, Accuracy: 47.00%
2025-02-21 00:35:07 - INFO - [ETH] Epoch 2/20:
2025-02-21 00:35:07 - INFO - [ETH] Train Loss: 1.0421, Val Loss: 1.0532, Accuracy: 47.50%
2025-02-21 00:35:07 - INFO - [ETH] Epoch 3/20:
2025-02-21 00:35:07 - INFO - [ETH] Train Loss: 1.0259, Val Loss: 1.0540, Accuracy: 44.00%
2025-02-21 00:35:07 - INFO - [ETH] Epoch 4/20:
2025-02-21 00:35:07 - INFO - [ETH] Train Loss: 1.0178, Val Loss: 1.0526, Accuracy: 46.50%
2025-02-21 00:35:07 - INFO - [ETH] Epoch 5/20:
2025-02-21 00:35:07 - INFO - [ETH] Train Loss: 1.0070, Val Loss: 1.0244, Accuracy: 49.00%
2025-02-21 00:35:07 - INFO - [ETH] Epoch 6/20:
2025-02-21 00:35:07 - INFO - [ETH] Train Loss: 1.0030, Val Loss: 1.0423, Accuracy: 46.50%
2025-02-21 00:35:07 - INFO - [ETH] Epoch 7/20:
2025-02-21 00:35:07 - INFO - [ETH] Train Loss: 0.9986, Val Loss: 1.0469, Accuracy: 45.50%
2025-02-21 00:35:07 - INFO - [ETH] Epoch 8/20:
2025-02-21 00:35:07 - INFO - [ETH] Train Loss: 0.9883, Val Loss: 1.0378, Accuracy: 46.00%
2025-02-21 00:35:07 - INFO - [ETH] Epoch 9/20:
2025-02-21 00:35:07 - INFO - [ETH] Train Loss: 0.9839, Val Loss: 1.0425, Accuracy: 48.00%
2025-02-21 00:35:08 - INFO - [ETH] Epoch 10/20:
2025-02-21 00:35:08 - INFO - [ETH] Train Loss: 0.9808, Val Loss: 1.0383, Accuracy: 47.50%
2025-02-21 00:35:08 - INFO - [ETH] Early stopping at epoch 10
2025-02-21 00:35:08 - INFO - [ETH] 模型训练完成
2025-02-21 00:35:08 - INFO - [ETH] 模型训练成功
2025-02-21 00:35:08 - INFO - [ETH] 初始化 ETHUSDT 交易器和策略成功
2025-02-21 00:35:08 - INFO - [ETH] 交易线程启动成功
2025-02-21 00:35:08 - INFO - [root] 启动线程监控
2025-02-21 00:35:08 - INFO - [root] 交易系统启动成功，正在交易的币对: ETHUSDT
2025-02-21 00:35:09 - INFO - [ETH] USDT余额: 可用=93.45594659, 总额=93.47487239
2025-02-21 00:35:09 - INFO - [ETH] 当前账户余额: 可用=93.45594659 USDT, 总额=93.47487239 USDT
2025-02-21 00:35:09 - INFO - [ETH] 成功获取1000根1mK线数据
2025-02-21 00:35:09 - INFO - [ETH] 计算技术指标成功
2025-02-21 00:35:09 - INFO - [ETH] 填充NaN值成功
2025-02-21 00:35:09 - INFO - [ETH] 预测概率: 卖出=0.3062, 买入=0.4610, 持仓=0.2327
2025-02-21 00:35:09 - INFO - [ETH] 市场状态: RSI=43.10, MACD=0.15, ADX=12.91, 波动率=0.0005, 趋势强度=0.0001, 市场情绪=-0.0533
2025-02-21 00:35:09 - INFO - [ETH] 预测置信度0.4610低于阈值0.9，保持观望
2025-02-21 00:35:10 - INFO - [ETH] 当前价格: 2720.82, AI信号: 0
2025-02-21 00:35:10 - INFO - [ETH] USDT余额: 可用=93.45594741, 总额=93.47487239
2025-02-21 00:35:10 - INFO - [ETH] 当前账户余额: 可用=93.45594741 USDT, 总额=93.47487239 USDT
2025-02-21 00:35:11 - INFO - [ETH] 成功获取1000根1mK线数据
2025-02-21 00:35:11 - INFO - [ETH] 计算技术指标成功
2025-02-21 00:35:11 - INFO - [ETH] 填充NaN值成功
2025-02-21 00:35:11 - INFO - [ETH] 预测概率: 卖出=0.3566, 买入=0.4064, 持仓=0.2370
2025-02-21 00:35:11 - INFO - [ETH] 市场状态: RSI=44.26, MACD=0.20, ADX=12.69, 波动率=0.0005, 趋势强度=0.0000, 市场情绪=-0.0329
2025-02-21 00:35:11 - INFO - [ETH] 预测置信度0.4064低于阈值0.9，保持观望
2025-02-21 00:35:12 - INFO - [ETH] 当前价格: 2719.94, AI信号: 0
2025-02-21 00:35:12 - INFO - [ETH] USDT余额: 可用=93.45594759, 总额=93.47487239
2025-02-21 00:35:12 - INFO - [ETH] 当前账户余额: 可用=93.45594759 USDT, 总额=93.47487239 USDT
2025-02-21 00:35:13 - INFO - [ETH] 成功获取1000根1mK线数据
2025-02-21 00:35:13 - INFO - [ETH] 计算技术指标成功
2025-02-21 00:35:13 - INFO - [ETH] 填充NaN值成功
2025-02-21 00:35:13 - INFO - [ETH] 预测概率: 卖出=0.2799, 买入=0.4914, 持仓=0.2288
2025-02-21 00:35:13 - INFO - [ETH] 市场状态: RSI=40.94, MACD=0.07, ADX=13.21, 波动率=0.0006, 趋势强度=0.0001, 市场情绪=-0.0900
2025-02-21 00:35:13 - INFO - [ETH] 预测置信度0.4914低于阈值0.9，保持观望
2025-02-21 00:35:13 - INFO - [ETH] 当前价格: 2720.82, AI信号: 0
2025-02-21 00:35:13 - INFO - [ETH] USDT余额: 可用=93.45594777, 总额=93.47487239
2025-02-21 00:35:13 - INFO - [ETH] 当前账户余额: 可用=93.45594777 USDT, 总额=93.47487239 USDT
2025-02-21 00:35:14 - INFO - [ETH] 成功获取1000根1mK线数据
2025-02-21 00:35:14 - INFO - [ETH] 计算技术指标成功
2025-02-21 00:35:14 - INFO - [ETH] 填充NaN值成功
2025-02-21 00:35:14 - INFO - [ETH] 预测概率: 卖出=0.2799, 买入=0.4914, 持仓=0.2288
2025-02-21 00:35:14 - INFO - [ETH] 市场状态: RSI=40.94, MACD=0.07, ADX=13.21, 波动率=0.0006, 趋势强度=0.0001, 市场情绪=-0.0900
2025-02-21 00:35:14 - INFO - [ETH] 预测置信度0.4914低于阈值0.9，保持观望
2025-02-21 00:35:14 - INFO - [ETH] 当前价格: 2719.94, AI信号: 0
2025-02-21 00:35:14 - INFO - [ETH] USDT余额: 可用=93.45594773, 总额=93.47487239
2025-02-21 00:35:14 - INFO - [ETH] 当前账户余额: 可用=93.45594773 USDT, 总额=93.47487239 USDT
2025-02-21 00:35:15 - INFO - [ETH] 成功获取1000根1mK线数据
2025-02-21 00:35:15 - INFO - [ETH] 计算技术指标成功
2025-02-21 00:35:15 - INFO - [ETH] 填充NaN值成功
2025-02-21 00:35:15 - INFO - [ETH] 预测概率: 卖出=0.2799, 买入=0.4914, 持仓=0.2288
2025-02-21 00:35:15 - INFO - [ETH] 市场状态: RSI=40.94, MACD=0.07, ADX=13.21, 波动率=0.0006, 趋势强度=0.0001, 市场情绪=-0.0900
2025-02-21 00:35:15 - INFO - [ETH] 预测置信度0.4914低于阈值0.9，保持观望
2025-02-21 00:35:15 - INFO - [ETH] 当前价格: 2718.35, AI信号: 0
2025-02-21 00:35:15 - INFO - [ETH] USDT余额: 可用=93.45594679, 总额=93.47487239
2025-02-21 00:35:15 - INFO - [ETH] 当前账户余额: 可用=93.45594679 USDT, 总额=93.47487239 USDT
2025-02-21 00:35:16 - INFO - [ETH] 成功获取1000根1mK线数据
2025-02-21 00:35:16 - INFO - [ETH] 计算技术指标成功
2025-02-21 00:35:16 - INFO - [ETH] 填充NaN值成功
2025-02-21 00:35:16 - INFO - [ETH] 预测概率: 卖出=0.2746, 买入=0.4975, 持仓=0.2278
2025-02-21 00:35:16 - INFO - [ETH] 市场状态: RSI=40.83, MACD=0.07, ADX=13.22, 波动率=0.0006, 趋势强度=0.0001, 市场情绪=-0.0919
2025-02-21 00:35:16 - INFO - [ETH] 预测置信度0.4975低于阈值0.9，保持观望
2025-02-21 00:35:17 - INFO - [ETH] 当前价格: 2719.94, AI信号: 0
2025-02-21 00:35:17 - INFO - [ETH] USDT余额: 可用=93.45594711, 总额=93.47487239
2025-02-21 00:35:17 - INFO - [ETH] 当前账户余额: 可用=93.45594711 USDT, 总额=93.47487239 USDT
2025-02-21 00:35:18 - INFO - [ETH] 成功获取1000根1mK线数据
2025-02-21 00:35:18 - INFO - [ETH] 计算技术指标成功
2025-02-21 00:35:18 - INFO - [ETH] 填充NaN值成功
2025-02-21 00:35:18 - INFO - [ETH] 预测概率: 卖出=0.2746, 买入=0.4975, 持仓=0.2278
2025-02-21 00:35:18 - INFO - [ETH] 市场状态: RSI=40.83, MACD=0.07, ADX=13.22, 波动率=0.0006, 趋势强度=0.0001, 市场情绪=-0.0919
2025-02-21 00:35:18 - INFO - [ETH] 预测置信度0.4975低于阈值0.9，保持观望
2025-02-21 00:35:18 - INFO - [ETH] 当前价格: 2718.35, AI信号: 0
2025-02-21 00:35:18 - INFO - [ETH] USDT余额: 可用=93.45594711, 总额=93.47487239
2025-02-21 00:35:18 - INFO - [ETH] 当前账户余额: 可用=93.45594711 USDT, 总额=93.47487239 USDT
2025-02-21 00:35:19 - INFO - [ETH] 成功获取1000根1mK线数据
2025-02-21 00:35:19 - INFO - [ETH] 计算技术指标成功
2025-02-21 00:35:19 - INFO - [ETH] 填充NaN值成功
2025-02-21 00:35:19 - INFO - [ETH] 预测概率: 卖出=0.2561, 买入=0.5198, 持仓=0.2241
2025-02-21 00:35:19 - INFO - [ETH] 市场状态: RSI=41.55, MACD=0.10, ADX=13.25, 波动率=0.0006, 趋势强度=0.0001, 市场情绪=-0.0798
2025-02-21 00:35:19 - INFO - [ETH] 预测置信度0.5198低于阈值0.9，保持观望
2025-02-21 00:35:19 - INFO - [ETH] 当前价格: 2718.29, AI信号: 0
2025-02-21 00:35:19 - INFO - [ETH] USDT余额: 可用=93.45594807, 总额=93.47487239
2025-02-21 00:35:19 - INFO - [ETH] 当前账户余额: 可用=93.45594807 USDT, 总额=93.47487239 USDT
2025-02-21 00:35:20 - INFO - [ETH] 成功获取1000根1mK线数据
2025-02-21 00:35:20 - INFO - [ETH] 计算技术指标成功
2025-02-21 00:35:20 - INFO - [ETH] 填充NaN值成功
2025-02-21 00:35:20 - INFO - [ETH] 预测概率: 卖出=0.2561, 买入=0.5198, 持仓=0.2241
2025-02-21 00:35:20 - INFO - [ETH] 市场状态: RSI=41.55, MACD=0.10, ADX=13.25, 波动率=0.0006, 趋势强度=0.0001, 市场情绪=-0.0798
2025-02-21 00:35:20 - INFO - [ETH] 预测置信度0.5198低于阈值0.9，保持观望
2025-02-21 00:35:20 - INFO - [ETH] 当前价格: 2718.29, AI信号: 0
2025-02-21 00:35:20 - INFO - [ETH] USDT余额: 可用=93.45594743, 总额=93.47487239
2025-02-21 00:35:20 - INFO - [ETH] 当前账户余额: 可用=93.45594743 USDT, 总额=93.47487239 USDT
2025-02-21 00:35:20 - INFO - [ETH] 成功获取1000根1mK线数据
2025-02-21 00:35:20 - INFO - [ETH] 计算技术指标成功
2025-02-21 00:35:20 - INFO - [ETH] 填充NaN值成功
2025-02-21 00:35:20 - INFO - [ETH] 预测概率: 卖出=0.2636, 买入=0.5107, 持仓=0.2257
2025-02-21 00:35:20 - INFO - [ETH] 市场状态: RSI=40.92, MACD=0.07, ADX=13.25, 波动率=0.0006, 趋势强度=0.0001, 市场情绪=-0.0903
2025-02-21 00:35:20 - INFO - [ETH] 预测置信度0.5107低于阈值0.9，保持观望
2025-02-21 00:35:21 - INFO - [ETH] 当前价格: 2718.29, AI信号: 0
2025-02-21 00:35:21 - INFO - [ETH] USDT余额: 可用=93.45594757, 总额=93.47487239
2025-02-21 00:35:21 - INFO - [ETH] 当前账户余额: 可用=93.45594757 USDT, 总额=93.47487239 USDT
2025-02-21 00:35:22 - INFO - [ETH] 成功获取1000根1mK线数据
2025-02-21 00:35:22 - INFO - [ETH] 计算技术指标成功
2025-02-21 00:35:22 - INFO - [ETH] 填充NaN值成功
2025-02-21 00:35:22 - INFO - [ETH] 预测概率: 卖出=0.2561, 买入=0.5198, 持仓=0.2241
2025-02-21 00:35:22 - INFO - [ETH] 市场状态: RSI=41.55, MACD=0.10, ADX=13.25, 波动率=0.0006, 趋势强度=0.0001, 市场情绪=-0.0798
2025-02-21 00:35:22 - INFO - [ETH] 预测置信度0.5198低于阈值0.9，保持观望
2025-02-21 00:35:23 - INFO - [ETH] 当前价格: 2718.29, AI信号: 0
2025-02-21 00:35:23 - INFO - [ETH] USDT余额: 可用=93.45594682, 总额=93.47487239
2025-02-21 00:35:23 - INFO - [ETH] 当前账户余额: 可用=93.45594682 USDT, 总额=93.47487239 USDT
2025-02-21 00:35:23 - INFO - [ETH] 成功获取1000根1mK线数据
2025-02-21 00:35:23 - INFO - [ETH] 计算技术指标成功
2025-02-21 00:35:23 - INFO - [ETH] 填充NaN值成功
2025-02-21 00:35:23 - INFO - [ETH] 预测概率: 卖出=0.2156, 买入=0.5714, 持仓=0.2130
2025-02-21 00:35:23 - INFO - [ETH] 市场状态: RSI=36.61, MACD=-0.13, ADX=13.98, 波动率=0.0007, 趋势强度=0.0001, 市场情绪=-0.1568
2025-02-21 00:35:23 - INFO - [ETH] 预测置信度0.5714低于阈值0.9，保持观望
2025-02-21 00:35:24 - INFO - [ETH] 当前价格: 2718.29, AI信号: 0
2025-02-21 00:35:24 - INFO - [ETH] USDT余额: 可用=93.45594767, 总额=93.47487239
2025-02-21 00:35:24 - INFO - [ETH] 当前账户余额: 可用=93.45594767 USDT, 总额=93.47487239 USDT
2025-02-21 00:35:24 - INFO - [ETH] 成功获取1000根1mK线数据
2025-02-21 00:35:24 - INFO - [ETH] 计算技术指标成功
2025-02-21 00:35:24 - INFO - [ETH] 填充NaN值成功
2025-02-21 00:35:24 - INFO - [ETH] 预测概率: 卖出=0.2156, 买入=0.5714, 持仓=0.2130
2025-02-21 00:35:24 - INFO - [ETH] 市场状态: RSI=36.61, MACD=-0.13, ADX=13.98, 波动率=0.0007, 趋势强度=0.0001, 市场情绪=-0.1568
2025-02-21 00:35:24 - INFO - [ETH] 预测置信度0.5714低于阈值0.9，保持观望
2025-02-21 00:35:25 - INFO - [ETH] 当前价格: 2718.34, AI信号: 0
2025-02-21 00:35:25 - INFO - [ETH] USDT余额: 可用=93.45594792, 总额=93.47487239
2025-02-21 00:35:25 - INFO - [ETH] 当前账户余额: 可用=93.45594792 USDT, 总额=93.47487239 USDT
2025-02-21 00:35:26 - INFO - [ETH] 成功获取1000根1mK线数据
2025-02-21 00:35:26 - INFO - [ETH] 计算技术指标成功
2025-02-21 00:35:26 - INFO - [ETH] 填充NaN值成功
2025-02-21 00:35:26 - INFO - [ETH] 预测概率: 卖出=0.2145, 买入=0.5728, 持仓=0.2127
2025-02-21 00:35:26 - INFO - [ETH] 市场状态: RSI=36.42, MACD=-0.14, ADX=14.04, 波动率=0.0007, 趋势强度=0.0001, 市场情绪=-0.1594
2025-02-21 00:35:26 - INFO - [ETH] 预测置信度0.5728低于阈值0.9，保持观望
2025-02-21 00:35:26 - INFO - [ETH] 当前价格: 2718.38, AI信号: 0
2025-02-21 00:35:26 - INFO - [ETH] USDT余额: 可用=93.45594808, 总额=93.47487239
2025-02-21 00:35:26 - INFO - [ETH] 当前账户余额: 可用=93.45594808 USDT, 总额=93.47487239 USDT
2025-02-21 00:35:27 - INFO - [ETH] 成功获取1000根1mK线数据
2025-02-21 00:35:27 - INFO - [ETH] 计算技术指标成功
2025-02-21 00:35:27 - INFO - [ETH] 填充NaN值成功
2025-02-21 00:35:27 - INFO - [ETH] 预测概率: 卖出=0.2145, 买入=0.5728, 持仓=0.2127
2025-02-21 00:35:27 - INFO - [ETH] 市场状态: RSI=36.42, MACD=-0.14, ADX=14.04, 波动率=0.0007, 趋势强度=0.0001, 市场情绪=-0.1594
2025-02-21 00:35:27 - INFO - [ETH] 预测置信度0.5728低于阈值0.9，保持观望
2025-02-21 00:35:28 - INFO - [ETH] 当前价格: 2715.84, AI信号: 0
2025-02-21 00:35:28 - INFO - [ETH] USDT余额: 可用=93.45594716, 总额=93.47487239
2025-02-21 00:35:28 - INFO - [ETH] 当前账户余额: 可用=93.45594716 USDT, 总额=93.47487239 USDT
2025-02-21 00:35:29 - INFO - [ETH] 成功获取1000根1mK线数据
2025-02-21 00:35:29 - INFO - [ETH] 计算技术指标成功
2025-02-21 00:35:29 - INFO - [ETH] 填充NaN值成功
2025-02-21 00:35:29 - INFO - [ETH] 预测概率: 卖出=0.2145, 买入=0.5728, 持仓=0.2127
2025-02-21 00:35:29 - INFO - [ETH] 市场状态: RSI=36.42, MACD=-0.14, ADX=14.04, 波动率=0.0007, 趋势强度=0.0001, 市场情绪=-0.1594
2025-02-21 00:35:29 - INFO - [ETH] 预测置信度0.5728低于阈值0.9，保持观望
2025-02-21 00:35:30 - INFO - [ETH] 当前价格: 2715.21, AI信号: 0
2025-02-21 00:35:30 - INFO - [root] 接收到退出信号，正在关闭所有交易...
2025-02-21 00:35:30 - INFO - [ETH] 关闭 ETHUSDT 所有持仓
2025-02-21 00:43:25 - INFO - [root] ==================================================
2025-02-21 00:43:25 - INFO - [root] 日志系统初始化完成 - 2025-02-21 00:43:25
2025-02-21 00:43:25 - INFO - [root] ==================================================
2025-02-21 00:43:27 - INFO - [ETH] 没有未成交的订单
2025-02-21 00:43:27 - INFO - [ETH] 当前已经是单向持仓模式
2025-02-21 00:43:27 - INFO - [ETH] 设置杠杆倍数 4倍 成功
2025-02-21 00:43:28 - INFO - [ETH] 当前已经是CROSSED保证金模式
2025-02-21 00:43:28 - INFO - [ETH] 交易器初始化成功 for ETHUSDT
2025-02-21 00:43:28 - INFO - [ETH] 模型输入维度: 38
2025-02-21 00:43:28 - INFO - [ETH] 深度学习模型初始化成功
2025-02-21 00:43:28 - INFO - [ETH] 获取历史K线数据...
2025-02-21 00:43:29 - INFO - [ETH] 成功获取1000根1hK线数据
2025-02-21 00:43:29 - INFO - [ETH] 成功获取1000根K线数据
2025-02-21 00:43:29 - INFO - [ETH] 计算技术指标成功
2025-02-21 00:43:29 - INFO - [ETH] 填充NaN值成功
2025-02-21 00:43:29 - INFO - [ETH] Epoch 1/20:
2025-02-21 00:43:29 - INFO - [ETH] Train Loss: 1.0692, Val Loss: 1.0638, Accuracy: 43.50%
2025-02-21 00:43:29 - INFO - [ETH] Epoch 2/20:
2025-02-21 00:43:29 - INFO - [ETH] Train Loss: 1.0427, Val Loss: 1.0453, Accuracy: 45.00%
2025-02-21 00:43:29 - INFO - [ETH] Epoch 3/20:
2025-02-21 00:43:29 - INFO - [ETH] Train Loss: 1.0283, Val Loss: 1.0438, Accuracy: 44.00%
2025-02-21 00:43:29 - INFO - [ETH] Epoch 4/20:
2025-02-21 00:43:29 - INFO - [ETH] Train Loss: 1.0211, Val Loss: 1.0458, Accuracy: 43.50%
2025-02-21 00:43:29 - INFO - [ETH] Epoch 5/20:
2025-02-21 00:43:29 - INFO - [ETH] Train Loss: 1.0157, Val Loss: 1.0408, Accuracy: 43.00%
2025-02-21 00:43:30 - INFO - [ETH] Epoch 6/20:
2025-02-21 00:43:30 - INFO - [ETH] Train Loss: 1.0078, Val Loss: 1.0414, Accuracy: 44.50%
2025-02-21 00:43:30 - INFO - [ETH] Epoch 7/20:
2025-02-21 00:43:30 - INFO - [ETH] Train Loss: 0.9931, Val Loss: 1.0537, Accuracy: 39.00%
2025-02-21 00:43:30 - INFO - [ETH] Epoch 8/20:
2025-02-21 00:43:30 - INFO - [ETH] Train Loss: 0.9975, Val Loss: 1.0541, Accuracy: 41.50%
2025-02-21 00:43:30 - INFO - [ETH] Epoch 9/20:
2025-02-21 00:43:30 - INFO - [ETH] Train Loss: 0.9907, Val Loss: 1.0549, Accuracy: 40.00%
2025-02-21 00:43:30 - INFO - [ETH] Epoch 10/20:
2025-02-21 00:43:30 - INFO - [ETH] Train Loss: 0.9771, Val Loss: 1.0535, Accuracy: 43.00%
2025-02-21 00:43:30 - INFO - [ETH] Early stopping at epoch 10
2025-02-21 00:43:30 - INFO - [ETH] 模型训练完成
2025-02-21 00:43:30 - INFO - [ETH] 模型训练成功
2025-02-21 00:43:30 - INFO - [ETH] 初始化 ETHUSDT 交易器和策略成功
2025-02-21 00:43:30 - INFO - [ETH] 交易线程启动成功
2025-02-21 00:43:30 - INFO - [root] 启动线程监控
2025-02-21 00:43:30 - INFO - [root] 交易系统启动成功，正在交易的币对: ETHUSDT
2025-02-21 00:43:30 - INFO - [ETH] USDT余额: 可用=93.45594787, 总额=93.47487239
2025-02-21 00:43:30 - INFO - [ETH] 当前账户余额: 可用=93.45594787 USDT, 总额=93.47487239 USDT
2025-02-21 00:43:31 - INFO - [ETH] 成功获取1000根1mK线数据
2025-02-21 00:43:31 - INFO - [ETH] 计算技术指标成功
2025-02-21 00:43:31 - INFO - [ETH] 填充NaN值成功
2025-02-21 00:43:31 - INFO - [ETH] 预测概率: 卖出=0.3516, 买入=0.4038, 持仓=0.2447
2025-02-21 00:43:31 - INFO - [ETH] 市场状态: RSI=52.64, MACD=0.18, ADX=15.07, 波动率=0.0007, 趋势强度=0.0001, 市场情绪=0.5241
2025-02-21 00:43:31 - INFO - [ETH] 预测置信度0.4038低于阈值0.9，保持观望
2025-02-21 00:43:31 - INFO - [ETH] 当前价格: 2721.86, AI信号: 0
2025-02-21 00:44:31 - INFO - [ETH] USDT余额: 可用=93.45594712, 总额=93.47487239
2025-02-21 00:44:31 - INFO - [ETH] 当前账户余额: 可用=93.45594712 USDT, 总额=93.47487239 USDT
2025-02-21 00:44:32 - INFO - [ETH] 成功获取1000根1mK线数据
2025-02-21 00:44:32 - INFO - [ETH] 计算技术指标成功
2025-02-21 00:44:32 - INFO - [ETH] 填充NaN值成功
2025-02-21 00:44:32 - INFO - [ETH] 预测概率: 卖出=0.3807, 买入=0.3716, 持仓=0.2477
2025-02-21 00:44:32 - INFO - [ETH] 市场状态: RSI=54.95, MACD=0.32, ADX=14.44, 波动率=0.0007, 趋势强度=0.0001, 市场情绪=0.5651
2025-02-21 00:44:32 - INFO - [ETH] 预测置信度0.3807低于阈值0.9，保持观望
2025-02-21 00:44:33 - INFO - [ETH] 当前价格: 2722.96, AI信号: 0
2025-02-21 00:45:33 - INFO - [ETH] USDT余额: 可用=93.45594746, 总额=93.47487239
2025-02-21 00:45:33 - INFO - [ETH] 当前账户余额: 可用=93.45594746 USDT, 总额=93.47487239 USDT
2025-02-21 00:45:34 - INFO - [ETH] 成功获取1000根1mK线数据
2025-02-21 00:45:34 - INFO - [ETH] 计算技术指标成功
2025-02-21 00:45:34 - INFO - [ETH] 填充NaN值成功
2025-02-21 00:45:34 - INFO - [ETH] 预测概率: 卖出=0.3704, 买入=0.3812, 持仓=0.2483
2025-02-21 00:45:34 - INFO - [ETH] 市场状态: RSI=54.17, MACD=0.37, ADX=13.61, 波动率=0.0007, 趋势强度=0.0000, 市场情绪=0.5551
2025-02-21 00:45:34 - INFO - [ETH] 预测置信度0.3812低于阈值0.9，保持观望
2025-02-21 00:45:34 - INFO - [ETH] 当前价格: 2724.41, AI信号: 0
2025-02-21 00:46:34 - INFO - [ETH] USDT余额: 可用=93.45594704, 总额=93.47487239
2025-02-21 00:46:34 - INFO - [ETH] 当前账户余额: 可用=93.45594704 USDT, 总额=93.47487239 USDT
2025-02-21 00:46:34 - INFO - [ETH] 成功获取1000根1mK线数据
2025-02-21 00:46:34 - INFO - [ETH] 计算技术指标成功
2025-02-21 00:46:34 - INFO - [ETH] 填充NaN值成功
2025-02-21 00:46:34 - INFO - [ETH] 预测概率: 卖出=0.2919, 买入=0.4707, 持仓=0.2373
2025-02-21 00:46:34 - INFO - [ETH] 市场状态: RSI=44.43, MACD=0.03, ADX=13.88, 波动率=0.0008, 趋势强度=0.0001, 市场情绪=0.0182
2025-02-21 00:46:34 - INFO - [ETH] 预测置信度0.4707低于阈值0.9，保持观望
2025-02-21 00:46:34 - INFO - [ETH] 当前价格: 2719.34, AI信号: 0
2025-02-21 00:47:35 - INFO - [ETH] USDT余额: 可用=93.45594665, 总额=93.47487239
2025-02-21 00:47:35 - INFO - [ETH] 当前账户余额: 可用=93.45594665 USDT, 总额=93.47487239 USDT
2025-02-21 00:47:35 - INFO - [ETH] 成功获取1000根1mK线数据
2025-02-21 00:47:35 - INFO - [ETH] 计算技术指标成功
2025-02-21 00:47:35 - INFO - [ETH] 填充NaN值成功
2025-02-21 00:47:35 - INFO - [ETH] 预测概率: 卖出=0.3081, 买入=0.4499, 持仓=0.2420
2025-02-21 00:47:35 - INFO - [ETH] 市场状态: RSI=43.07, MACD=-0.21, ADX=14.77, 波动率=0.0008, 趋势强度=0.0002, 市场情绪=0.0036
2025-02-21 00:47:35 - INFO - [ETH] 预测置信度0.4499低于阈值0.9，保持观望
2025-02-21 00:47:35 - INFO - [ETH] 当前价格: 2717.85, AI信号: 0
2025-02-21 00:48:36 - INFO - [ETH] USDT余额: 可用=93.45594695, 总额=93.47487239
2025-02-21 00:48:36 - INFO - [ETH] 当前账户余额: 可用=93.45594695 USDT, 总额=93.47487239 USDT
2025-02-21 00:48:36 - INFO - [ETH] 成功获取1000根1mK线数据
2025-02-21 00:48:36 - INFO - [ETH] 计算技术指标成功
2025-02-21 00:48:36 - INFO - [ETH] 填充NaN值成功
2025-02-21 00:48:36 - INFO - [ETH] 预测概率: 卖出=0.3079, 买入=0.4493, 持仓=0.2428
2025-02-21 00:48:36 - INFO - [ETH] 市场状态: RSI=41.05, MACD=-0.43, ADX=15.62, 波动率=0.0008, 趋势强度=0.0002, 市场情绪=-0.0220
2025-02-21 00:48:36 - INFO - [ETH] 预测置信度0.4493低于阈值0.9，保持观望
2025-02-21 00:48:36 - INFO - [ETH] 当前价格: 2717.49, AI信号: 0
2025-02-21 00:49:37 - INFO - [ETH] USDT余额: 可用=93.4559474, 总额=93.47487239
2025-02-21 00:49:37 - INFO - [ETH] 当前账户余额: 可用=93.45594740 USDT, 总额=93.47487239 USDT
2025-02-21 00:49:37 - INFO - [ETH] 成功获取1000根1mK线数据
2025-02-21 00:49:37 - INFO - [ETH] 计算技术指标成功
2025-02-21 00:49:37 - INFO - [ETH] 填充NaN值成功
2025-02-21 00:49:37 - INFO - [ETH] 预测概率: 卖出=0.3287, 买入=0.4239, 持仓=0.2474
2025-02-21 00:49:37 - INFO - [ETH] 市场状态: RSI=41.91, MACD=-0.71, ADX=16.48, 波动率=0.0008, 趋势强度=0.0003, 市场情绪=-0.0074
2025-02-21 00:49:37 - INFO - [ETH] 预测置信度0.4239低于阈值0.9，保持观望
2025-02-21 00:49:37 - INFO - [ETH] 当前价格: 2717.97, AI信号: 0
2025-02-21 00:50:37 - INFO - [ETH] USDT余额: 可用=93.4559475, 总额=93.47487239
2025-02-21 00:50:37 - INFO - [ETH] 当前账户余额: 可用=93.45594750 USDT, 总额=93.47487239 USDT
2025-02-21 00:50:38 - INFO - [ETH] 成功获取1000根1mK线数据
2025-02-21 00:50:38 - INFO - [ETH] 计算技术指标成功
2025-02-21 00:50:38 - INFO - [ETH] 填充NaN值成功
2025-02-21 00:50:38 - INFO - [ETH] 预测概率: 卖出=0.3565, 买入=0.3931, 持仓=0.2503
2025-02-21 00:50:38 - INFO - [ETH] 市场状态: RSI=47.01, MACD=-0.57, ADX=17.18, 波动率=0.0008, 趋势强度=0.0003, 市场情绪=0.0657
2025-02-21 00:50:38 - INFO - [ETH] 预测置信度0.3931低于阈值0.9，保持观望
2025-02-21 00:50:38 - INFO - [ETH] 当前价格: 2719.55, AI信号: 0
2025-02-21 00:51:28 - INFO - [root] 接收到退出信号，正在关闭所有交易...
2025-02-21 00:51:28 - INFO - [ETH] 关闭 ETHUSDT 所有持仓
2025-02-21 00:51:38 - INFO - [root] ==================================================
2025-02-21 00:51:38 - INFO - [root] 日志系统初始化完成 - 2025-02-21 00:51:38
2025-02-21 00:51:38 - INFO - [root] ==================================================
2025-02-21 00:51:40 - INFO - [ETH] 没有未成交的订单
2025-02-21 00:51:40 - INFO - [ETH] 当前已经是单向持仓模式
2025-02-21 00:51:40 - INFO - [ETH] 设置杠杆倍数 2倍 成功
2025-02-21 00:51:41 - INFO - [ETH] 当前已经是CROSSED保证金模式
2025-02-21 00:51:41 - INFO - [ETH] 交易器初始化成功 for ETHUSDT
2025-02-21 00:51:41 - INFO - [ETH] 模型输入维度: 38
2025-02-21 00:51:41 - INFO - [ETH] 深度学习模型初始化成功
2025-02-21 00:51:41 - INFO - [ETH] 获取历史K线数据...
2025-02-21 00:51:41 - INFO - [ETH] 成功获取1000根1hK线数据
2025-02-21 00:51:41 - INFO - [ETH] 成功获取1000根K线数据
2025-02-21 00:51:41 - INFO - [ETH] 计算技术指标成功
2025-02-21 00:51:41 - INFO - [ETH] 填充NaN值成功
2025-02-21 00:51:41 - INFO - [ETH] Epoch 1/20:
2025-02-21 00:51:41 - INFO - [ETH] Train Loss: 1.0878, Val Loss: 1.0792, Accuracy: 42.50%
2025-02-21 00:51:41 - INFO - [ETH] Epoch 2/20:
2025-02-21 00:51:41 - INFO - [ETH] Train Loss: 1.0558, Val Loss: 1.0548, Accuracy: 41.50%
2025-02-21 00:51:42 - INFO - [ETH] Epoch 3/20:
2025-02-21 00:51:42 - INFO - [ETH] Train Loss: 1.0338, Val Loss: 1.0382, Accuracy: 46.00%
2025-02-21 00:51:42 - INFO - [ETH] Epoch 4/20:
2025-02-21 00:51:42 - INFO - [ETH] Train Loss: 1.0285, Val Loss: 1.0334, Accuracy: 46.50%
2025-02-21 00:51:42 - INFO - [ETH] Epoch 5/20:
2025-02-21 00:51:42 - INFO - [ETH] Train Loss: 1.0223, Val Loss: 1.0329, Accuracy: 43.00%
2025-02-21 00:51:42 - INFO - [ETH] Epoch 6/20:
2025-02-21 00:51:42 - INFO - [ETH] Train Loss: 1.0123, Val Loss: 1.0222, Accuracy: 48.00%
2025-02-21 00:51:42 - INFO - [ETH] Epoch 7/20:
2025-02-21 00:51:42 - INFO - [ETH] Train Loss: 1.0101, Val Loss: 1.0341, Accuracy: 46.00%
2025-02-21 00:51:42 - INFO - [ETH] Epoch 8/20:
2025-02-21 00:51:42 - INFO - [ETH] Train Loss: 0.9996, Val Loss: 1.0216, Accuracy: 48.00%
2025-02-21 00:51:42 - INFO - [ETH] Epoch 9/20:
2025-02-21 00:51:42 - INFO - [ETH] Train Loss: 0.9979, Val Loss: 1.0093, Accuracy: 50.50%
2025-02-21 00:51:42 - INFO - [ETH] Epoch 10/20:
2025-02-21 00:51:42 - INFO - [ETH] Train Loss: 0.9976, Val Loss: 1.0235, Accuracy: 48.50%
2025-02-21 00:51:42 - INFO - [ETH] Epoch 11/20:
2025-02-21 00:51:42 - INFO - [ETH] Train Loss: 0.9983, Val Loss: 1.0318, Accuracy: 44.00%
2025-02-21 00:51:42 - INFO - [ETH] Epoch 12/20:
2025-02-21 00:51:42 - INFO - [ETH] Train Loss: 0.9930, Val Loss: 1.0108, Accuracy: 50.50%
2025-02-21 00:51:43 - INFO - [ETH] Epoch 13/20:
2025-02-21 00:51:43 - INFO - [ETH] Train Loss: 0.9796, Val Loss: 1.0128, Accuracy: 47.50%
2025-02-21 00:51:43 - INFO - [ETH] Epoch 14/20:
2025-02-21 00:51:43 - INFO - [ETH] Train Loss: 0.9819, Val Loss: 1.0216, Accuracy: 47.00%
2025-02-21 00:51:43 - INFO - [ETH] Early stopping at epoch 14
2025-02-21 00:51:43 - INFO - [ETH] 模型训练完成
2025-02-21 00:51:43 - INFO - [ETH] 模型训练成功
2025-02-21 00:51:43 - INFO - [ETH] 初始化 ETHUSDT 交易器和策略成功
2025-02-21 00:51:43 - INFO - [ETH] 交易线程启动成功
2025-02-21 00:51:43 - INFO - [root] 启动线程监控
2025-02-21 00:51:43 - INFO - [root] 交易系统启动成功，正在交易的币对: ETHUSDT
2025-02-21 00:51:43 - INFO - [ETH] USDT余额: 可用=93.45594769, 总额=93.47487239
2025-02-21 00:51:43 - INFO - [ETH] 当前账户余额: 可用=93.45594769 USDT, 总额=93.47487239 USDT
2025-02-21 00:51:43 - INFO - [ETH] 成功获取1000根1mK线数据
2025-02-21 00:51:43 - INFO - [ETH] 计算技术指标成功
2025-02-21 00:51:43 - INFO - [ETH] 填充NaN值成功
2025-02-21 00:51:43 - INFO - [ETH] 预测概率: 卖出=0.2675, 买入=0.5058, 持仓=0.2267
2025-02-21 00:51:43 - INFO - [ETH] 市场状态: RSI=42.84, MACD=-0.74, ADX=17.05, 波动率=0.0008, 趋势强度=0.0003, 市场情绪=0.0002
2025-02-21 00:51:44 - INFO - [ETH] 当前价格: 2717.18, AI信号: 1
2025-02-21 00:51:44 - INFO - [ETH] 开多信号，准备开仓...
2025-02-21 00:51:45 - INFO - [ETH] 订单创建成功: {'info': {'orderId': '8389765841804785670', 'symbol': 'ETHUSDT', 'status': 'FILLED', 'clientOrderId': 'x-xcKtGhcubb5646622f8a4e60a7eda5', 'price': '0.00', 'avgPrice': '2717.25000', 'origQty': '0.034', 'executedQty': '0.034', 'cumQty': '0.034', 'cumQuote': '92.38650', 'timeInForce': 'GTC', 'type': 'MARKET', 'reduceOnly': False, 'closePosition': False, 'side': 'BUY', 'positionSide': 'BOTH', 'stopPrice': '0.00', 'workingType': 'CONTRACT_PRICE', 'priceProtect': False, 'origType': 'MARKET', 'priceMatch': 'NONE', 'selfTradePreventionMode': 'EXPIRE_MAKER', 'goodTillDate': '0', 'updateTime': '1740070305230'}, 'id': '8389765841804785670', 'clientOrderId': 'x-xcKtGhcubb5646622f8a4e60a7eda5', 'timestamp': 1740070305230, 'datetime': '2025-02-20T16:51:45.230Z', 'lastTradeTimestamp': 1740070305230, 'lastUpdateTimestamp': 1740070305230, 'symbol': 'ETH/USDT:USDT', 'type': 'market', 'timeInForce': 'GTC', 'postOnly': False, 'reduceOnly': False, 'side': 'buy', 'price': 2717.25, 'triggerPrice': None, 'amount': 0.034, 'cost': 92.3865, 'average': 2717.25, 'filled': 0.034, 'remaining': 0.0, 'status': 'closed', 'fee': {'currency': None, 'cost': None, 'rate': None}, 'trades': [], 'fees': [{'currency': None, 'cost': None, 'rate': None}], 'stopPrice': None, 'takeProfitPrice': None, 'stopLossPrice': None}
2025-02-21 00:52:45 - INFO - [ETH] USDT余额: 可用=47.23282675, 总额=93.46131914
2025-02-21 00:52:45 - INFO - [ETH] 当前账户余额: 可用=47.23282675 USDT, 总额=93.46131914 USDT
2025-02-21 00:52:46 - INFO - [ETH] 成功获取1000根1mK线数据
2025-02-21 00:52:46 - INFO - [ETH] 计算技术指标成功
2025-02-21 00:52:46 - INFO - [ETH] 填充NaN值成功
2025-02-21 00:52:46 - INFO - [ETH] 预测概率: 卖出=0.2740, 买入=0.4978, 持仓=0.2282
2025-02-21 00:52:46 - INFO - [ETH] 市场状态: RSI=44.00, MACD=-0.84, ADX=17.44, 波动率=0.0008, 趋势强度=0.0004, 市场情绪=0.0221
2025-02-21 00:52:46 - INFO - [ETH] 当前持仓方向: 多，持仓金额: 92.41948，当前持仓量: 0.034
2025-02-21 00:52:46 - INFO - [ETH] 当前价格: 2716.84, AI信号: 1, 未实现盈亏: -0.01 USDT, 盈亏率: -0.02%
2025-02-21 00:52:46 - INFO - [ETH] 开多信号，准备开仓...
2025-02-21 00:52:47 - INFO - [ETH] 订单创建成功: {'info': {'orderId': '8389765841805308978', 'symbol': 'ETHUSDT', 'status': 'FILLED', 'clientOrderId': 'x-xcKtGhcub1c953d4b4b6579b81a915', 'price': '0.00', 'avgPrice': '2718.97000', 'origQty': '0.017', 'executedQty': '0.017', 'cumQty': '0.017', 'cumQuote': '46.22249', 'timeInForce': 'GTC', 'type': 'MARKET', 'reduceOnly': False, 'closePosition': False, 'side': 'BUY', 'positionSide': 'BOTH', 'stopPrice': '0.00', 'workingType': 'CONTRACT_PRICE', 'priceProtect': False, 'origType': 'MARKET', 'priceMatch': 'NONE', 'selfTradePreventionMode': 'EXPIRE_MAKER', 'goodTillDate': '0', 'updateTime': '1740070366979'}, 'id': '8389765841805308978', 'clientOrderId': 'x-xcKtGhcub1c953d4b4b6579b81a915', 'timestamp': 1740070366979, 'datetime': '2025-02-20T16:52:46.979Z', 'lastTradeTimestamp': 1740070366979, 'lastUpdateTimestamp': 1740070366979, 'symbol': 'ETH/USDT:USDT', 'type': 'market', 'timeInForce': 'GTC', 'postOnly': False, 'reduceOnly': False, 'side': 'buy', 'price': 2718.97, 'triggerPrice': None, 'amount': 0.017, 'cost': 46.22249, 'average': 2718.97, 'filled': 0.017, 'remaining': 0.0, 'status': 'closed', 'fee': {'currency': None, 'cost': None, 'rate': None}, 'trades': [], 'fees': [{'currency': None, 'cost': None, 'rate': None}], 'stopPrice': None, 'takeProfitPrice': None, 'stopLossPrice': None}
2025-02-21 00:53:47 - INFO - [ETH] USDT余额: 可用=24.05403002, 总额=93.4257979
2025-02-21 00:53:47 - INFO - [ETH] 当前账户余额: 可用=24.05403002 USDT, 总额=93.42579790 USDT
2025-02-21 00:53:48 - INFO - [ETH] 成功获取1000根1mK线数据
2025-02-21 00:53:48 - INFO - [ETH] 计算技术指标成功
2025-02-21 00:53:48 - INFO - [ETH] 填充NaN值成功
2025-02-21 00:53:48 - INFO - [ETH] 预测概率: 卖出=0.2660, 买入=0.5078, 持仓=0.2262
2025-02-21 00:53:48 - INFO - [ETH] 市场状态: RSI=45.35, MACD=-0.74, ADX=17.79, 波动率=0.0009, 趋势强度=0.0003, 市场情绪=0.0367
2025-02-21 00:53:48 - INFO - [ETH] 当前持仓方向: 多，持仓金额: 138.60242071，当前持仓量: 0.051
2025-02-21 00:53:48 - INFO - [ETH] 当前价格: 2718.23, AI信号: 1, 未实现盈亏: 0.02 USDT, 盈亏率: 0.01%
2025-02-21 00:53:48 - INFO - [ETH] 开多信号，准备开仓...
2025-02-21 00:53:49 - INFO - [ETH] 订单创建成功: {'info': {'orderId': '8389765841805774158', 'symbol': 'ETHUSDT', 'status': 'FILLED', 'clientOrderId': 'x-xcKtGhcu26c6f47f4537f3e2f60e74', 'price': '0.00', 'avgPrice': '2717.30000', 'origQty': '0.008', 'executedQty': '0.008', 'cumQty': '0.008', 'cumQuote': '21.73840', 'timeInForce': 'GTC', 'type': 'MARKET', 'reduceOnly': False, 'closePosition': False, 'side': 'BUY', 'positionSide': 'BOTH', 'stopPrice': '0.00', 'workingType': 'CONTRACT_PRICE', 'priceProtect': False, 'origType': 'MARKET', 'priceMatch': 'NONE', 'selfTradePreventionMode': 'EXPIRE_MAKER', 'goodTillDate': '0', 'updateTime': '1740070429380'}, 'id': '8389765841805774158', 'clientOrderId': 'x-xcKtGhcu26c6f47f4537f3e2f60e74', 'timestamp': 1740070429380, 'datetime': '2025-02-20T16:53:49.380Z', 'lastTradeTimestamp': 1740070429380, 'lastUpdateTimestamp': 1740070429380, 'symbol': 'ETH/USDT:USDT', 'type': 'market', 'timeInForce': 'GTC', 'postOnly': False, 'reduceOnly': False, 'side': 'buy', 'price': 2717.3, 'triggerPrice': None, 'amount': 0.008, 'cost': 21.7384, 'average': 2717.3, 'filled': 0.008, 'remaining': 0.0, 'status': 'closed', 'fee': {'currency': None, 'cost': None, 'rate': None}, 'trades': [], 'fees': [{'currency': None, 'cost': None, 'rate': None}], 'stopPrice': None, 'takeProfitPrice': None, 'stopLossPrice': None}
2025-02-21 00:54:11 - INFO - [root] 接收到退出信号，正在关闭所有交易...
2025-02-21 00:54:11 - INFO - [ETH] 关闭 ETHUSDT 所有持仓
2025-02-21 01:01:53 - INFO - [root] ==================================================
2025-02-21 01:01:53 - INFO - [root] 日志系统初始化完成 - 2025-02-21 01:01:53
2025-02-21 01:01:53 - INFO - [root] ==================================================
2025-02-21 01:01:58 - ERROR - [ETH] 取消所有订单失败: binanceusdm GET https://api.binance.com/sapi/v1/capital/config/getall?timestamp=1740070913678&recvWindow=5000&signature=46792c8bb4e36fbd4af19aaae95d7013892b57547bcc855c8b3cd09f12a66e92
2025-02-21 01:01:58 - WARNING - [ETH] cancel_all_orders 调用失败，1/3次尝试: binanceusdm GET https://api.binance.com/sapi/v1/capital/config/getall?timestamp=1740070913678&recvWindow=5000&signature=46792c8bb4e36fbd4af19aaae95d7013892b57547bcc855c8b3cd09f12a66e92
2025-02-21 01:02:05 - INFO - [ETH] 没有未成交的订单
2025-02-21 01:02:06 - INFO - [ETH] 当前已经是单向持仓模式
2025-02-21 01:02:06 - INFO - [ETH] 设置杠杆倍数 2倍 成功
2025-02-21 01:02:06 - INFO - [ETH] 当前已经是CROSSED保证金模式
2025-02-21 01:02:06 - INFO - [ETH] 交易器初始化成功 for ETHUSDT
2025-02-21 01:02:06 - INFO - [ETH] 模型输入维度: 38
2025-02-21 01:02:06 - INFO - [ETH] 深度学习模型初始化成功
2025-02-21 01:02:06 - INFO - [ETH] 获取历史K线数据...
2025-02-21 01:02:07 - INFO - [ETH] 成功获取1000根1hK线数据
2025-02-21 01:02:07 - INFO - [ETH] 成功获取1000根K线数据
2025-02-21 01:02:07 - INFO - [ETH] 计算技术指标成功
2025-02-21 01:02:07 - INFO - [ETH] 填充NaN值成功
2025-02-21 01:02:07 - INFO - [ETH] Epoch 1/20:
2025-02-21 01:02:07 - INFO - [ETH] Train Loss: 1.0816, Val Loss: 1.0771, Accuracy: 46.50%
2025-02-21 01:02:07 - INFO - [ETH] Epoch 2/20:
2025-02-21 01:02:07 - INFO - [ETH] Train Loss: 1.0462, Val Loss: 1.0550, Accuracy: 42.50%
2025-02-21 01:02:07 - INFO - [ETH] Epoch 3/20:
2025-02-21 01:02:07 - INFO - [ETH] Train Loss: 1.0274, Val Loss: 1.0455, Accuracy: 47.50%
2025-02-21 01:02:07 - INFO - [ETH] Epoch 4/20:
2025-02-21 01:02:07 - INFO - [ETH] Train Loss: 1.0115, Val Loss: 1.0434, Accuracy: 46.00%
2025-02-21 01:02:07 - INFO - [ETH] Epoch 5/20:
2025-02-21 01:02:07 - INFO - [ETH] Train Loss: 1.0121, Val Loss: 1.0567, Accuracy: 41.50%
2025-02-21 01:02:07 - INFO - [ETH] Epoch 6/20:
2025-02-21 01:02:07 - INFO - [ETH] Train Loss: 0.9987, Val Loss: 1.0474, Accuracy: 48.50%
2025-02-21 01:02:07 - INFO - [ETH] Epoch 7/20:
2025-02-21 01:02:07 - INFO - [ETH] Train Loss: 1.0003, Val Loss: 1.0510, Accuracy: 47.50%
2025-02-21 01:02:07 - INFO - [ETH] Epoch 8/20:
2025-02-21 01:02:07 - INFO - [ETH] Train Loss: 0.9844, Val Loss: 1.0449, Accuracy: 48.00%
2025-02-21 01:02:08 - INFO - [ETH] Epoch 9/20:
2025-02-21 01:02:08 - INFO - [ETH] Train Loss: 0.9731, Val Loss: 1.0508, Accuracy: 48.50%
2025-02-21 01:02:08 - INFO - [ETH] Early stopping at epoch 9
2025-02-21 01:02:08 - INFO - [ETH] 模型训练完成
2025-02-21 01:02:08 - INFO - [ETH] 模型训练成功
2025-02-21 01:02:08 - INFO - [ETH] 初始化 ETHUSDT 交易器和策略成功
2025-02-21 01:02:08 - INFO - [ETH] 交易线程启动成功
2025-02-21 01:02:08 - INFO - [root] 启动线程监控
2025-02-21 01:02:08 - INFO - [root] 交易系统启动成功，正在交易的币对: ETHUSDT
2025-02-21 01:02:08 - INFO - [ETH] USDT余额: 可用=93.14396875, 总额=93.1628309
2025-02-21 01:02:08 - INFO - [ETH] 当前账户余额: 可用=93.14396875 USDT, 总额=93.16283090 USDT
2025-02-21 01:02:08 - INFO - [ETH] 成功获取1000根1mK线数据
2025-02-21 01:02:08 - INFO - [ETH] 计算技术指标成功
2025-02-21 01:02:08 - INFO - [ETH] 填充NaN值成功
2025-02-21 01:02:08 - INFO - [ETH] 预测概率: 卖出=0.2810, 买入=0.4908, 持仓=0.2281
2025-02-21 01:02:08 - INFO - [ETH] 市场状态: RSI=40.50, MACD=-2.34, ADX=28.61, 波动率=0.0007, 趋势强度=0.0011, 市场情绪=0.0064
2025-02-21 01:02:09 - INFO - [ETH] 当前价格: 2712.2, AI信号: 1
2025-02-21 01:02:09 - INFO - [ETH] 开多信号，准备开仓...
2025-02-21 01:02:10 - INFO - [ETH] 订单创建成功: {'info': {'orderId': '8389765841809630057', 'symbol': 'ETHUSDT', 'status': 'FILLED', 'clientOrderId': 'x-xcKtGhcu1c22398deface8a6f850a6', 'price': '0.00', 'avgPrice': '2713.35000', 'origQty': '0.034', 'executedQty': '0.034', 'cumQty': '0.034', 'cumQuote': '92.25390', 'timeInForce': 'GTC', 'type': 'MARKET', 'reduceOnly': False, 'closePosition': False, 'side': 'BUY', 'positionSide': 'BOTH', 'stopPrice': '0.00', 'workingType': 'CONTRACT_PRICE', 'priceProtect': False, 'origType': 'MARKET', 'priceMatch': 'NONE', 'selfTradePreventionMode': 'EXPIRE_MAKER', 'goodTillDate': '0', 'updateTime': '1740070930060'}, 'id': '8389765841809630057', 'clientOrderId': 'x-xcKtGhcu1c22398deface8a6f850a6', 'timestamp': 1740070930060, 'datetime': '2025-02-20T17:02:10.060Z', 'lastTradeTimestamp': 1740070930060, 'lastUpdateTimestamp': 1740070930060, 'symbol': 'ETH/USDT:USDT', 'type': 'market', 'timeInForce': 'GTC', 'postOnly': False, 'reduceOnly': False, 'side': 'buy', 'price': 2713.35, 'triggerPrice': None, 'amount': 0.034, 'cost': 92.2539, 'average': 2713.35, 'filled': 0.034, 'remaining': 0.0, 'status': 'closed', 'fee': {'currency': None, 'cost': None, 'rate': None}, 'trades': [], 'fees': [{'currency': None, 'cost': None, 'rate': None}], 'stopPrice': None, 'takeProfitPrice': None, 'stopLossPrice': None}
2025-02-21 01:03:10 - INFO - [ETH] USDT余额: 可用=47.02696796, 总额=93.24116095
2025-02-21 01:03:10 - INFO - [ETH] 当前账户余额: 可用=47.02696796 USDT, 总额=93.24116095 USDT
2025-02-21 01:03:10 - INFO - [ETH] 成功获取1000根1mK线数据
2025-02-21 01:03:10 - INFO - [ETH] 计算技术指标成功
2025-02-21 01:03:10 - INFO - [ETH] 填充NaN值成功
2025-02-21 01:03:10 - INFO - [ETH] 预测概率: 卖出=0.2587, 买入=0.5165, 持仓=0.2248
2025-02-21 01:03:10 - INFO - [ETH] 市场状态: RSI=49.99, MACD=-1.78, ADX=26.32, 波动率=0.0008, 趋势强度=0.0009, 市场情绪=0.5073
2025-02-21 01:03:11 - INFO - [ETH] 当前持仓方向: 多，持仓金额: 92.378357，当前持仓量: 0.034
2025-02-21 01:03:11 - INFO - [ETH] 当前价格: 2716.66, AI信号: 1, 未实现盈亏: 0.11 USDT, 盈亏率: 0.12%
2025-02-21 01:03:11 - INFO - [ETH] 已有多仓，保持当前仓位
2025-02-21 01:03:11 - INFO - [ETH] USDT余额: 可用=47.00546803, 总额=93.23997153
2025-02-21 01:03:11 - INFO - [ETH] 当前账户余额: 可用=47.00546803 USDT, 总额=93.23997153 USDT
2025-02-21 01:03:12 - INFO - [ETH] 成功获取1000根1mK线数据
2025-02-21 01:03:12 - INFO - [ETH] 计算技术指标成功
2025-02-21 01:03:12 - INFO - [ETH] 填充NaN值成功
2025-02-21 01:03:12 - INFO - [ETH] 预测概率: 卖出=0.2576, 买入=0.5180, 持仓=0.2244
2025-02-21 01:03:12 - INFO - [ETH] 市场状态: RSI=49.92, MACD=-1.78, ADX=26.32, 波动率=0.0008, 趋势强度=0.0009, 市场情绪=0.5065
2025-02-21 01:03:12 - INFO - [ETH] 当前持仓方向: 多，持仓金额: 92.37716758，当前持仓量: 0.034
2025-02-21 01:03:12 - INFO - [ETH] 当前价格: 2716.65, AI信号: 1, 未实现盈亏: 0.11 USDT, 盈亏率: 0.12%
2025-02-21 01:03:12 - INFO - [ETH] 已有多仓，保持当前仓位
2025-02-21 01:03:12 - INFO - [ETH] USDT余额: 可用=46.98847146, 总额=93.23997153
2025-02-21 01:03:12 - INFO - [ETH] 当前账户余额: 可用=46.98847146 USDT, 总额=93.23997153 USDT
2025-02-21 01:03:13 - INFO - [ETH] 成功获取1000根1mK线数据
2025-02-21 01:03:13 - INFO - [ETH] 计算技术指标成功
2025-02-21 01:03:13 - INFO - [ETH] 填充NaN值成功
2025-02-21 01:03:13 - INFO - [ETH] 预测概率: 卖出=0.2507, 买入=0.5269, 持仓=0.2224
2025-02-21 01:03:13 - INFO - [ETH] 市场状态: RSI=47.22, MACD=-1.87, ADX=26.32, 波动率=0.0008, 趋势强度=0.0010, 市场情绪=0.4757
2025-02-21 01:03:14 - INFO - [ETH] 当前持仓方向: 多，持仓金额: 92.34421996，当前持仓量: 0.034
2025-02-21 01:03:14 - INFO - [ETH] 当前价格: 2716.65, AI信号: 1, 未实现盈亏: 0.11 USDT, 盈亏率: 0.12%
2025-02-21 01:03:14 - INFO - [ETH] 已有多仓，保持当前仓位
2025-02-21 01:03:14 - INFO - [ETH] USDT余额: 可用=46.99746637, 总额=93.20702391
2025-02-21 01:03:14 - INFO - [ETH] 当前账户余额: 可用=46.99746637 USDT, 总额=93.20702391 USDT
2025-02-21 01:03:15 - INFO - [ETH] 成功获取1000根1mK线数据
2025-02-21 01:03:15 - INFO - [ETH] 计算技术指标成功
2025-02-21 01:03:15 - INFO - [ETH] 填充NaN值成功
2025-02-21 01:03:15 - INFO - [ETH] 预测概率: 卖出=0.2498, 买入=0.5281, 持仓=0.2221
2025-02-21 01:03:15 - INFO - [ETH] 市场状态: RSI=46.69, MACD=-1.88, ADX=26.32, 波动率=0.0008, 趋势强度=0.0010, 市场情绪=0.4694
2025-02-21 01:03:16 - INFO - [ETH] 当前持仓方向: 多，持仓金额: 92.34355615，当前持仓量: 0.034
2025-02-21 01:03:16 - INFO - [ETH] 当前价格: 2716.83, AI信号: 1, 未实现盈亏: 0.12 USDT, 盈亏率: 0.13%
2025-02-21 01:03:16 - INFO - [ETH] 已有多仓，保持当前仓位
2025-02-21 01:03:16 - INFO - [ETH] USDT余额: 可用=47.0049364, 总额=93.2063601
2025-02-21 01:03:16 - INFO - [ETH] 当前账户余额: 可用=47.00493640 USDT, 总额=93.20636010 USDT
2025-02-21 01:03:17 - INFO - [ETH] 成功获取1000根1mK线数据
2025-02-21 01:03:17 - INFO - [ETH] 计算技术指标成功
2025-02-21 01:03:17 - INFO - [ETH] 填充NaN值成功
2025-02-21 01:03:17 - INFO - [ETH] 预测概率: 卖出=0.2497, 买入=0.5282, 持仓=0.2220
2025-02-21 01:03:17 - INFO - [ETH] 市场状态: RSI=46.69, MACD=-1.88, ADX=26.32, 波动率=0.0008, 趋势强度=0.0010, 市场情绪=0.4694
2025-02-21 01:03:18 - INFO - [ETH] 当前持仓方向: 多，持仓金额: 92.34240146，当前持仓量: 0.034
2025-02-21 01:03:18 - INFO - [ETH] 当前价格: 2715.68, AI信号: 1, 未实现盈亏: 0.08 USDT, 盈亏率: 0.09%
2025-02-21 01:03:18 - INFO - [ETH] 已有多仓，保持当前仓位
2025-02-21 01:03:18 - INFO - [ETH] USDT余额: 可用=47.01513428, 总额=93.20520541
2025-02-21 01:03:18 - INFO - [ETH] 当前账户余额: 可用=47.01513428 USDT, 总额=93.20520541 USDT
2025-02-21 01:03:19 - INFO - [ETH] 成功获取1000根1mK线数据
2025-02-21 01:03:19 - INFO - [ETH] 计算技术指标成功
2025-02-21 01:03:19 - INFO - [ETH] 填充NaN值成功
2025-02-21 01:03:19 - INFO - [ETH] 预测概率: 卖出=0.2505, 买入=0.5271, 持仓=0.2223
2025-02-21 01:03:19 - INFO - [ETH] 市场状态: RSI=47.15, MACD=-1.87, ADX=26.32, 波动率=0.0008, 趋势强度=0.0010, 市场情绪=0.4749
2025-02-21 01:03:19 - INFO - [ETH] 当前持仓方向: 多，持仓金额: 92.34911241，当前持仓量: 0.034
2025-02-21 01:03:19 - INFO - [ETH] 当前价格: 2716.83, AI信号: 1, 未实现盈亏: 0.12 USDT, 盈亏率: 0.13%
2025-02-21 01:03:19 - INFO - [ETH] 已有多仓，保持当前仓位
2025-02-21 01:03:19 - INFO - [ETH] USDT余额: 可用=47.01269619, 总额=93.21191636
2025-02-21 01:03:19 - INFO - [ETH] 当前账户余额: 可用=47.01269619 USDT, 总额=93.21191636 USDT
2025-02-21 01:03:20 - INFO - [ETH] 成功获取1000根1mK线数据
2025-02-21 01:03:20 - INFO - [ETH] 计算技术指标成功
2025-02-21 01:03:20 - INFO - [ETH] 填充NaN值成功
2025-02-21 01:03:20 - INFO - [ETH] 预测概率: 卖出=0.2518, 买入=0.5255, 持仓=0.2227
2025-02-21 01:03:20 - INFO - [ETH] 市场状态: RSI=47.87, MACD=-1.84, ADX=26.32, 波动率=0.0008, 趋势强度=0.0010, 市场情绪=0.4834
2025-02-21 01:03:20 - INFO - [ETH] 当前持仓方向: 多，持仓金额: 92.35120907，当前持仓量: 0.034
2025-02-21 01:03:20 - INFO - [ETH] 当前价格: 2716.83, AI信号: 1, 未实现盈亏: 0.12 USDT, 盈亏率: 0.13%
2025-02-21 01:03:20 - INFO - [ETH] 已有多仓，保持当前仓位
2025-02-21 01:03:20 - INFO - [ETH] USDT余额: 可用=47.01953535, 总额=93.21401302
2025-02-21 01:03:20 - INFO - [ETH] 当前账户余额: 可用=47.01953535 USDT, 总额=93.21401302 USDT
2025-02-21 01:03:21 - INFO - [ETH] 成功获取1000根1mK线数据
2025-02-21 01:03:21 - INFO - [ETH] 计算技术指标成功
2025-02-21 01:03:21 - INFO - [ETH] 填充NaN值成功
2025-02-21 01:03:21 - INFO - [ETH] 预测概率: 卖出=0.2518, 买入=0.5255, 持仓=0.2227
2025-02-21 01:03:21 - INFO - [ETH] 市场状态: RSI=47.84, MACD=-1.84, ADX=26.32, 波动率=0.0008, 趋势强度=0.0010, 市场情绪=0.4831
2025-02-21 01:03:22 - INFO - [ETH] 当前持仓方向: 多，持仓金额: 92.35328955，当前持仓量: 0.034
2025-02-21 01:03:22 - INFO - [ETH] 当前价格: 2715.36, AI信号: 1, 未实现盈亏: 0.07 USDT, 盈亏率: 0.07%
2025-02-21 01:03:22 - INFO - [ETH] 已有多仓，保持当前仓位
2025-02-21 01:03:22 - INFO - [ETH] USDT余额: 可用=47.02459926, 总额=93.22414395
2025-02-21 01:03:22 - INFO - [ETH] 当前账户余额: 可用=47.02459926 USDT, 总额=93.22414395 USDT
2025-02-21 01:03:23 - INFO - [ETH] 成功获取1000根1mK线数据
2025-02-21 01:03:23 - INFO - [ETH] 计算技术指标成功
2025-02-21 01:03:23 - INFO - [ETH] 填充NaN值成功
2025-02-21 01:03:23 - INFO - [ETH] 预测概率: 卖出=0.2518, 买入=0.5255, 持仓=0.2227
2025-02-21 01:03:23 - INFO - [ETH] 市场状态: RSI=47.87, MACD=-1.84, ADX=26.32, 波动率=0.0008, 趋势强度=0.0010, 市场情绪=0.4834
2025-02-21 01:03:23 - INFO - [ETH] 当前持仓方向: 多，持仓金额: 92.36193284，当前持仓量: 0.034
2025-02-21 01:03:23 - INFO - [ETH] 当前价格: 2715.97, AI信号: 1, 未实现盈亏: 0.09 USDT, 盈亏率: 0.10%
2025-02-21 01:03:23 - INFO - [ETH] 已有多仓，保持当前仓位
2025-02-21 01:03:23 - INFO - [ETH] USDT余额: 可用=47.0243021, 总额=93.22473679
2025-02-21 01:03:23 - INFO - [ETH] 当前账户余额: 可用=47.02430210 USDT, 总额=93.22473679 USDT
2025-02-21 01:03:24 - INFO - [ETH] 成功获取1000根1mK线数据
2025-02-21 01:03:24 - INFO - [ETH] 计算技术指标成功
2025-02-21 01:03:24 - INFO - [ETH] 填充NaN值成功
2025-02-21 01:03:24 - INFO - [ETH] 预测概率: 卖出=0.2529, 买入=0.5240, 持仓=0.2231
2025-02-21 01:03:24 - INFO - [ETH] 市场状态: RSI=48.44, MACD=-1.82, ADX=26.32, 波动率=0.0008, 趋势强度=0.0009, 市场情绪=0.4900
2025-02-21 01:03:24 - INFO - [ETH] 当前持仓方向: 多，持仓金额: 92.36193284，当前持仓量: 0.034
2025-02-21 01:03:24 - INFO - [ETH] 当前价格: 2715.97, AI信号: 1, 未实现盈亏: 0.09 USDT, 盈亏率: 0.10%
2025-02-21 01:03:24 - INFO - [ETH] 已有多仓，保持当前仓位
2025-02-21 01:03:24 - INFO - [ETH] USDT余额: 可用=47.01614474, 总额=93.22473679
2025-02-21 01:03:24 - INFO - [ETH] 当前账户余额: 可用=47.01614474 USDT, 总额=93.22473679 USDT
2025-02-21 01:03:25 - INFO - [ETH] 成功获取1000根1mK线数据
2025-02-21 01:03:25 - INFO - [ETH] 计算技术指标成功
2025-02-21 01:03:25 - INFO - [ETH] 填充NaN值成功
2025-02-21 01:03:25 - INFO - [ETH] 预测概率: 卖出=0.2544, 买入=0.5220, 持仓=0.2235
2025-02-21 01:03:25 - INFO - [ETH] 市场状态: RSI=49.20, MACD=-1.80, ADX=26.32, 波动率=0.0008, 趋势强度=0.0009, 市场情绪=0.4984
2025-02-21 01:03:25 - INFO - [ETH] 当前持仓方向: 多，持仓金额: 92.36202188，当前持仓量: 0.034
2025-02-21 01:03:25 - INFO - [ETH] 当前价格: 2715.97, AI信号: 1, 未实现盈亏: 0.09 USDT, 盈亏率: 0.10%
2025-02-21 01:03:25 - INFO - [ETH] 已有多仓，保持当前仓位
2025-02-21 01:03:25 - INFO - [ETH] USDT余额: 可用=47.0201785, 总额=93.22482583
2025-02-21 01:03:25 - INFO - [ETH] 当前账户余额: 可用=47.02017850 USDT, 总额=93.22482583 USDT
2025-02-21 01:03:26 - INFO - [ETH] 成功获取1000根1mK线数据
2025-02-21 01:03:26 - INFO - [ETH] 计算技术指标成功
2025-02-21 01:03:26 - INFO - [ETH] 填充NaN值成功
2025-02-21 01:03:26 - INFO - [ETH] 预测概率: 卖出=0.2545, 买入=0.5220, 持仓=0.2235
2025-02-21 01:03:26 - INFO - [ETH] 市场状态: RSI=49.20, MACD=-1.80, ADX=26.32, 波动率=0.0008, 趋势强度=0.0009, 市场情绪=0.4984
2025-02-21 01:03:26 - INFO - [ETH] 当前持仓方向: 多，持仓金额: 92.36224046，当前持仓量: 0.034
2025-02-21 01:03:26 - INFO - [ETH] 当前价格: 2715.97, AI信号: 1, 未实现盈亏: 0.09 USDT, 盈亏率: 0.10%
2025-02-21 01:03:26 - INFO - [ETH] 已有多仓，保持当前仓位
2025-02-21 01:03:26 - INFO - [ETH] USDT余额: 可用=47.02504989, 总额=93.22504441
2025-02-21 01:03:26 - INFO - [ETH] 当前账户余额: 可用=47.02504989 USDT, 总额=93.22504441 USDT
2025-02-21 01:03:27 - INFO - [ETH] 成功获取1000根1mK线数据
2025-02-21 01:03:27 - INFO - [ETH] 计算技术指标成功
2025-02-21 01:03:27 - INFO - [ETH] 填充NaN值成功
2025-02-21 01:03:27 - INFO - [ETH] 预测概率: 卖出=0.2544, 买入=0.5220, 持仓=0.2235
2025-02-21 01:03:27 - INFO - [ETH] 市场状态: RSI=49.20, MACD=-1.80, ADX=26.32, 波动率=0.0008, 趋势强度=0.0009, 市场情绪=0.4984
2025-02-21 01:03:27 - INFO - [ETH] 当前持仓方向: 多，持仓金额: 92.36308236，当前持仓量: 0.034
2025-02-21 01:03:27 - INFO - [ETH] 当前价格: 2716.5, AI信号: 1, 未实现盈亏: 0.11 USDT, 盈亏率: 0.12%
2025-02-21 01:03:27 - INFO - [ETH] 已有多仓，保持当前仓位
2025-02-21 01:03:28 - INFO - [ETH] USDT余额: 可用=47.0253171, 总额=93.22610704
2025-02-21 01:03:28 - INFO - [ETH] 当前账户余额: 可用=47.02531710 USDT, 总额=93.22610704 USDT
2025-02-21 01:03:28 - INFO - [ETH] 成功获取1000根1mK线数据
2025-02-21 01:03:28 - INFO - [ETH] 计算技术指标成功
2025-02-21 01:03:28 - INFO - [ETH] 填充NaN值成功
2025-02-21 01:03:28 - INFO - [ETH] 预测概率: 卖出=0.2544, 买入=0.5221, 持仓=0.2235
2025-02-21 01:03:28 - INFO - [ETH] 市场状态: RSI=49.42, MACD=-1.79, ADX=26.32, 波动率=0.0008, 趋势强度=0.0009, 市场情绪=0.5009
2025-02-21 01:03:29 - INFO - [ETH] 当前持仓方向: 多，持仓金额: 92.36330309，当前持仓量: 0.034
2025-02-21 01:03:29 - INFO - [ETH] 当前价格: 2716.4, AI信号: 1, 未实现盈亏: 0.10 USDT, 盈亏率: 0.11%
2025-02-21 01:03:29 - INFO - [ETH] 已有多仓，保持当前仓位
2025-02-21 01:03:29 - INFO - [ETH] USDT余额: 可用=47.0284002, 总额=93.23174942
2025-02-21 01:03:29 - INFO - [ETH] 当前账户余额: 可用=47.02840020 USDT, 总额=93.23174942 USDT
2025-02-21 01:03:29 - INFO - [ETH] 成功获取1000根1mK线数据
2025-02-21 01:03:29 - INFO - [ETH] 计算技术指标成功
2025-02-21 01:03:29 - INFO - [ETH] 填充NaN值成功
2025-02-21 01:03:29 - INFO - [ETH] 预测概率: 卖出=0.2544, 买入=0.5221, 持仓=0.2235
2025-02-21 01:03:29 - INFO - [ETH] 市场状态: RSI=49.42, MACD=-1.79, ADX=26.32, 波动率=0.0008, 趋势强度=0.0009, 市场情绪=0.5009
2025-02-21 01:03:30 - INFO - [ETH] 当前持仓方向: 多，持仓金额: 92.37188，当前持仓量: 0.034
2025-02-21 01:03:30 - INFO - [ETH] 当前价格: 2716.4, AI信号: 1, 未实现盈亏: 0.10 USDT, 盈亏率: 0.11%
2025-02-21 01:03:30 - INFO - [ETH] 已有多仓，保持当前仓位
2025-02-21 01:03:30 - INFO - [ETH] USDT余额: 可用=47.02986735, 总额=93.23468395
2025-02-21 01:03:30 - INFO - [ETH] 当前账户余额: 可用=47.02986735 USDT, 总额=93.23468395 USDT
2025-02-21 01:03:31 - INFO - [ETH] 成功获取1000根1mK线数据
2025-02-21 01:03:31 - INFO - [ETH] 计算技术指标成功
2025-02-21 01:03:31 - INFO - [ETH] 填充NaN值成功
2025-02-21 01:03:31 - INFO - [ETH] 预测概率: 卖出=0.2544, 买入=0.5221, 持仓=0.2235
2025-02-21 01:03:31 - INFO - [ETH] 市场状态: RSI=49.42, MACD=-1.79, ADX=26.32, 波动率=0.0008, 趋势强度=0.0009, 市场情绪=0.5009
2025-02-21 01:03:31 - INFO - [ETH] 当前持仓方向: 多，持仓金额: 92.37188，当前持仓量: 0.034
2025-02-21 01:03:31 - INFO - [ETH] 当前价格: 2716.5, AI信号: 1, 未实现盈亏: 0.11 USDT, 盈亏率: 0.12%
2025-02-21 01:03:31 - INFO - [ETH] 已有多仓，保持当前仓位
2025-02-21 01:03:31 - INFO - [ETH] USDT余额: 可用=47.02986723, 总额=93.23468395
2025-02-21 01:03:31 - INFO - [ETH] 当前账户余额: 可用=47.02986723 USDT, 总额=93.23468395 USDT
2025-02-21 01:03:31 - INFO - [ETH] 成功获取1000根1mK线数据
2025-02-21 01:03:31 - INFO - [ETH] 计算技术指标成功
2025-02-21 01:03:32 - INFO - [ETH] 填充NaN值成功
2025-02-21 01:03:32 - INFO - [ETH] 预测概率: 卖出=0.2549, 买入=0.5214, 持仓=0.2237
2025-02-21 01:03:32 - INFO - [ETH] 市场状态: RSI=49.87, MACD=-1.78, ADX=26.32, 波动率=0.0008, 趋势强度=0.0009, 市场情绪=0.5059
2025-02-21 01:03:32 - INFO - [ETH] 当前持仓方向: 多，持仓金额: 92.37698，当前持仓量: 0.034
2025-02-21 01:03:32 - INFO - [ETH] 当前价格: 2716.4, AI信号: 1, 未实现盈亏: 0.10 USDT, 盈亏率: 0.11%
2025-02-21 01:03:32 - INFO - [ETH] 已有多仓，保持当前仓位
2025-02-21 01:03:32 - INFO - [ETH] USDT余额: 可用=47.0320764, 总额=93.23978395
2025-02-21 01:03:32 - INFO - [ETH] 当前账户余额: 可用=47.03207640 USDT, 总额=93.23978395 USDT
2025-02-21 01:03:33 - INFO - [ETH] 成功获取1000根1mK线数据
2025-02-21 01:03:33 - INFO - [ETH] 计算技术指标成功
2025-02-21 01:03:33 - INFO - [ETH] 填充NaN值成功
2025-02-21 01:03:33 - INFO - [ETH] 预测概率: 卖出=0.2551, 买入=0.5212, 持仓=0.2237
2025-02-21 01:03:33 - INFO - [ETH] 市场状态: RSI=49.99, MACD=-1.78, ADX=26.32, 波动率=0.0008, 趋势强度=0.0009, 市场情绪=0.5073
2025-02-21 01:03:33 - INFO - [ETH] 当前持仓方向: 多，持仓金额: 92.37698，当前持仓量: 0.034
2025-02-21 01:03:33 - INFO - [ETH] 当前价格: 2716.4, AI信号: 1, 未实现盈亏: 0.10 USDT, 盈亏率: 0.11%
2025-02-21 01:03:33 - INFO - [ETH] 已有多仓，保持当前仓位
2025-02-21 01:03:34 - INFO - [ETH] USDT余额: 可用=47.03241541, 总额=93.23978395
2025-02-21 01:03:34 - INFO - [ETH] 当前账户余额: 可用=47.03241541 USDT, 总额=93.23978395 USDT
2025-02-21 01:03:34 - INFO - [ETH] 成功获取1000根1mK线数据
2025-02-21 01:03:34 - INFO - [ETH] 计算技术指标成功
2025-02-21 01:03:34 - INFO - [ETH] 填充NaN值成功
2025-02-21 01:03:34 - INFO - [ETH] 预测概率: 卖出=0.2532, 买入=0.5235, 持仓=0.2233
2025-02-21 01:03:34 - INFO - [ETH] 市场状态: RSI=50.38, MACD=-1.76, ADX=26.32, 波动率=0.0008, 趋势强度=0.0009, 市场情绪=0.5118
2025-02-21 01:03:34 - INFO - [ETH] 当前持仓方向: 多，持仓金额: 92.37766，当前持仓量: 0.034
2025-02-21 01:03:34 - INFO - [ETH] 当前价格: 2716.82, AI信号: 1, 未实现盈亏: 0.12 USDT, 盈亏率: 0.13%
2025-02-21 01:03:34 - INFO - [ETH] 已有多仓，保持当前仓位
2025-02-21 01:03:34 - INFO - [ETH] USDT余额: 可用=47.0327562, 总额=93.24046395
2025-02-21 01:03:34 - INFO - [ETH] 当前账户余额: 可用=47.03275620 USDT, 总额=93.24046395 USDT
2025-02-21 01:03:35 - INFO - [ETH] 成功获取1000根1mK线数据
2025-02-21 01:03:35 - INFO - [ETH] 计算技术指标成功
2025-02-21 01:03:35 - INFO - [ETH] 填充NaN值成功
2025-02-21 01:03:35 - INFO - [ETH] 预测概率: 卖出=0.2532, 买入=0.5235, 持仓=0.2233
2025-02-21 01:03:35 - INFO - [ETH] 市场状态: RSI=50.38, MACD=-1.76, ADX=26.32, 波动率=0.0008, 趋势强度=0.0009, 市场情绪=0.5118
2025-02-21 01:03:36 - INFO - [ETH] 当前持仓方向: 多，持仓金额: 92.38305331，当前持仓量: 0.034
2025-02-21 01:03:36 - INFO - [ETH] 当前价格: 2716.97, AI信号: 1, 未实现盈亏: 0.12 USDT, 盈亏率: 0.13%
2025-02-21 01:03:36 - INFO - [ETH] 已有多仓，保持当前仓位
2025-02-21 01:03:36 - INFO - [ETH] USDT余额: 可用=47.0263203, 总额=93.24585726
2025-02-21 01:03:36 - INFO - [ETH] 当前账户余额: 可用=47.02632030 USDT, 总额=93.24585726 USDT
2025-02-21 01:03:36 - INFO - [ETH] 成功获取1000根1mK线数据
2025-02-21 01:03:36 - INFO - [ETH] 计算技术指标成功
2025-02-21 01:03:36 - INFO - [ETH] 填充NaN值成功
2025-02-21 01:03:36 - INFO - [ETH] 预测概率: 卖出=0.2532, 买入=0.5235, 持仓=0.2233
2025-02-21 01:03:36 - INFO - [ETH] 市场状态: RSI=50.38, MACD=-1.76, ADX=26.32, 波动率=0.0008, 趋势强度=0.0009, 市场情绪=0.5118
2025-02-21 01:03:37 - INFO - [ETH] 当前持仓方向: 多，持仓金额: 92.38305331，当前持仓量: 0.034
2025-02-21 01:03:37 - INFO - [ETH] 当前价格: 2716.82, AI信号: 1, 未实现盈亏: 0.12 USDT, 盈亏率: 0.13%
2025-02-21 01:03:37 - INFO - [ETH] 已有多仓，保持当前仓位
2025-02-21 01:03:37 - INFO - [ETH] USDT余额: 可用=47.03252766, 总额=93.24567917
2025-02-21 01:03:37 - INFO - [ETH] 当前账户余额: 可用=47.03252766 USDT, 总额=93.24567917 USDT
2025-02-21 01:03:37 - INFO - [ETH] 成功获取1000根1mK线数据
2025-02-21 01:03:37 - INFO - [ETH] 计算技术指标成功
2025-02-21 01:03:37 - INFO - [ETH] 填充NaN值成功
2025-02-21 01:03:37 - INFO - [ETH] 预测概率: 卖出=0.2533, 买入=0.5234, 持仓=0.2233
2025-02-21 01:03:37 - INFO - [ETH] 市场状态: RSI=50.57, MACD=-1.76, ADX=26.28, 波动率=0.0008, 趋势强度=0.0009, 市场情绪=0.5140
2025-02-21 01:03:38 - INFO - [ETH] 当前持仓方向: 多，持仓金额: 92.38297236，当前持仓量: 0.034
2025-02-21 01:03:38 - INFO - [ETH] 当前价格: 2716.82, AI信号: 1, 未实现盈亏: 0.12 USDT, 盈亏率: 0.13%
2025-02-21 01:03:38 - INFO - [ETH] 已有多仓，保持当前仓位
2025-02-21 01:03:38 - INFO - [ETH] USDT余额: 可用=47.03485855, 总额=93.24577631
2025-02-21 01:03:38 - INFO - [ETH] 当前账户余额: 可用=47.03485855 USDT, 总额=93.24577631 USDT
2025-02-21 01:03:39 - INFO - [ETH] 成功获取1000根1mK线数据
2025-02-21 01:03:39 - INFO - [ETH] 计算技术指标成功
2025-02-21 01:03:39 - INFO - [ETH] 填充NaN值成功
2025-02-21 01:03:39 - INFO - [ETH] 预测概率: 卖出=0.2529, 买入=0.5239, 持仓=0.2232
2025-02-21 01:03:39 - INFO - [ETH] 市场状态: RSI=50.54, MACD=-1.76, ADX=26.28, 波动率=0.0008, 趋势强度=0.0009, 市场情绪=0.5137
2025-02-21 01:03:39 - INFO - [ETH] 当前持仓方向: 多，持仓金额: 92.38339331，当前持仓量: 0.034
2025-02-21 01:03:39 - INFO - [ETH] 当前价格: 2716.88, AI信号: 1, 未实现盈亏: 0.12 USDT, 盈亏率: 0.13%
2025-02-21 01:03:39 - INFO - [ETH] 已有多仓，保持当前仓位
2025-02-21 01:03:39 - INFO - [ETH] USDT余额: 可用=47.03498853, 总额=93.24619726
2025-02-21 01:03:39 - INFO - [ETH] 当前账户余额: 可用=47.03498853 USDT, 总额=93.24619726 USDT
2025-02-21 01:03:40 - INFO - [ETH] 成功获取1000根1mK线数据
2025-02-21 01:03:40 - INFO - [ETH] 计算技术指标成功
2025-02-21 01:03:40 - INFO - [ETH] 填充NaN值成功
2025-02-21 01:03:40 - INFO - [ETH] 预测概率: 卖出=0.2529, 买入=0.5239, 持仓=0.2232
2025-02-21 01:03:40 - INFO - [ETH] 市场状态: RSI=50.54, MACD=-1.76, ADX=26.28, 波动率=0.0008, 趋势强度=0.0009, 市场情绪=0.5137
2025-02-21 01:03:40 - INFO - [ETH] 当前持仓方向: 多，持仓金额: 92.3837182，当前持仓量: 0.034
2025-02-21 01:03:40 - INFO - [ETH] 当前价格: 2716.88, AI信号: 1, 未实现盈亏: 0.12 USDT, 盈亏率: 0.13%
2025-02-21 01:03:40 - INFO - [ETH] 已有多仓，保持当前仓位
2025-02-21 01:03:40 - INFO - [ETH] USDT余额: 可用=47.03448614, 总额=93.24652215
2025-02-21 01:03:40 - INFO - [ETH] 当前账户余额: 可用=47.03448614 USDT, 总额=93.24652215 USDT
2025-02-21 01:03:41 - INFO - [ETH] 成功获取1000根1mK线数据
2025-02-21 01:03:41 - INFO - [ETH] 计算技术指标成功
2025-02-21 01:03:41 - INFO - [ETH] 填充NaN值成功
2025-02-21 01:03:41 - INFO - [ETH] 预测概率: 卖出=0.2529, 买入=0.5239, 持仓=0.2232
2025-02-21 01:03:41 - INFO - [ETH] 市场状态: RSI=50.54, MACD=-1.76, ADX=26.28, 波动率=0.0008, 趋势强度=0.0009, 市场情绪=0.5137
2025-02-21 01:03:41 - INFO - [ETH] 当前持仓方向: 多，持仓金额: 92.3859363，当前持仓量: 0.034
2025-02-21 01:03:41 - INFO - [ETH] 当前价格: 2716.88, AI信号: 1, 未实现盈亏: 0.12 USDT, 盈亏率: 0.13%
2025-02-21 01:03:41 - INFO - [ETH] 已有多仓，保持当前仓位
2025-02-21 01:03:41 - INFO - [ETH] USDT余额: 可用=47.0368927, 总额=93.24874025
2025-02-21 01:03:41 - INFO - [ETH] 当前账户余额: 可用=47.03689270 USDT, 总额=93.24874025 USDT
2025-02-21 01:03:42 - INFO - [ETH] 成功获取1000根1mK线数据
2025-02-21 01:03:42 - INFO - [ETH] 计算技术指标成功
2025-02-21 01:03:42 - INFO - [ETH] 填充NaN值成功
2025-02-21 01:03:42 - INFO - [ETH] 预测概率: 卖出=0.2530, 买入=0.5238, 持仓=0.2232
2025-02-21 01:03:42 - INFO - [ETH] 市场状态: RSI=50.71, MACD=-1.75, ADX=26.25, 波动率=0.0008, 趋势强度=0.0009, 市场情绪=0.5156
2025-02-21 01:03:42 - INFO - [ETH] 当前持仓方向: 多，持仓金额: 92.38718，当前持仓量: 0.034
2025-02-21 01:03:42 - INFO - [ETH] 当前价格: 2716.88, AI信号: 1, 未实现盈亏: 0.12 USDT, 盈亏率: 0.13%
2025-02-21 01:03:42 - INFO - [ETH] 已有多仓，保持当前仓位
2025-02-21 01:03:42 - INFO - [ETH] USDT余额: 可用=47.03751339, 总额=93.24998395
2025-02-21 01:03:42 - INFO - [ETH] 当前账户余额: 可用=47.03751339 USDT, 总额=93.24998395 USDT
2025-02-21 01:03:43 - INFO - [ETH] 成功获取1000根1mK线数据
2025-02-21 01:03:43 - INFO - [ETH] 计算技术指标成功
2025-02-21 01:03:43 - INFO - [ETH] 填充NaN值成功
2025-02-21 01:03:43 - INFO - [ETH] 预测概率: 卖出=0.2530, 买入=0.5238, 持仓=0.2232
2025-02-21 01:03:43 - INFO - [ETH] 市场状态: RSI=50.71, MACD=-1.75, ADX=26.25, 波动率=0.0008, 趋势强度=0.0009, 市场情绪=0.5156
2025-02-21 01:03:43 - INFO - [ETH] 当前持仓方向: 多，持仓金额: 92.38718，当前持仓量: 0.034
2025-02-21 01:03:43 - INFO - [ETH] 当前价格: 2716.88, AI信号: 1, 未实现盈亏: 0.12 USDT, 盈亏率: 0.13%
2025-02-21 01:03:43 - INFO - [ETH] 已有多仓，保持当前仓位
2025-02-21 01:03:43 - INFO - [ETH] USDT余额: 可用=47.03751337, 总额=93.24998395
2025-02-21 01:03:43 - INFO - [ETH] 当前账户余额: 可用=47.03751337 USDT, 总额=93.24998395 USDT
2025-02-21 01:03:44 - INFO - [ETH] 成功获取1000根1mK线数据
2025-02-21 01:03:44 - INFO - [ETH] 计算技术指标成功
2025-02-21 01:03:44 - INFO - [ETH] 填充NaN值成功
2025-02-21 01:03:44 - INFO - [ETH] 预测概率: 卖出=0.2533, 买入=0.5234, 持仓=0.2233
2025-02-21 01:03:44 - INFO - [ETH] 市场状态: RSI=51.04, MACD=-1.74, ADX=26.18, 波动率=0.0008, 趋势强度=0.0009, 市场情绪=0.5195
2025-02-21 01:03:44 - INFO - [ETH] 当前持仓方向: 多，持仓金额: 92.38752，当前持仓量: 0.034
2025-02-21 01:03:44 - INFO - [ETH] 当前价格: 2716.88, AI信号: 1, 未实现盈亏: 0.12 USDT, 盈亏率: 0.13%
2025-02-21 01:03:44 - INFO - [ETH] 已有多仓，保持当前仓位
2025-02-21 01:03:44 - INFO - [ETH] USDT余额: 可用=47.03768326, 总额=93.25032395
2025-02-21 01:03:44 - INFO - [ETH] 当前账户余额: 可用=47.03768326 USDT, 总额=93.25032395 USDT
2025-02-21 01:03:45 - INFO - [ETH] 成功获取1000根1mK线数据
2025-02-21 01:03:45 - INFO - [ETH] 计算技术指标成功
2025-02-21 01:03:45 - INFO - [ETH] 填充NaN值成功
2025-02-21 01:03:45 - INFO - [ETH] 预测概率: 卖出=0.2533, 买入=0.5234, 持仓=0.2233
2025-02-21 01:03:45 - INFO - [ETH] 市场状态: RSI=51.04, MACD=-1.74, ADX=26.18, 波动率=0.0008, 趋势强度=0.0009, 市场情绪=0.5195
2025-02-21 01:03:45 - INFO - [ETH] 当前持仓方向: 多，持仓金额: 92.38922，当前持仓量: 0.034
2025-02-21 01:03:45 - INFO - [ETH] 当前价格: 2717.28, AI信号: 1, 未实现盈亏: 0.13 USDT, 盈亏率: 0.14%
2025-02-21 01:03:45 - INFO - [ETH] 已有多仓，保持当前仓位
2025-02-21 01:03:46 - INFO - [ETH] USDT余额: 可用=47.03853386, 总额=93.25202395
2025-02-21 01:03:46 - INFO - [ETH] 当前账户余额: 可用=47.03853386 USDT, 总额=93.25202395 USDT
2025-02-21 01:03:46 - INFO - [ETH] 成功获取1000根1mK线数据
2025-02-21 01:03:46 - INFO - [ETH] 计算技术指标成功
2025-02-21 01:03:46 - INFO - [ETH] 填充NaN值成功
2025-02-21 01:03:46 - INFO - [ETH] 预测概率: 卖出=0.2532, 买入=0.5235, 持仓=0.2233
2025-02-21 01:03:46 - INFO - [ETH] 市场状态: RSI=51.04, MACD=-1.74, ADX=26.18, 波动率=0.0008, 趋势强度=0.0009, 市场情绪=0.5195
2025-02-21 01:03:47 - INFO - [ETH] 当前持仓方向: 多，持仓金额: 92.38888，当前持仓量: 0.034
2025-02-21 01:03:47 - INFO - [ETH] 当前价格: 2717.28, AI信号: 1, 未实现盈亏: 0.13 USDT, 盈亏率: 0.14%
2025-02-21 01:03:47 - INFO - [ETH] 已有多仓，保持当前仓位
2025-02-21 01:03:47 - INFO - [ETH] USDT余额: 可用=47.03972246, 总额=93.25440395
2025-02-21 01:03:47 - INFO - [ETH] 当前账户余额: 可用=47.03972246 USDT, 总额=93.25440395 USDT
2025-02-21 01:03:47 - INFO - [ETH] 成功获取1000根1mK线数据
2025-02-21 01:03:47 - INFO - [ETH] 计算技术指标成功
2025-02-21 01:03:47 - INFO - [ETH] 填充NaN值成功
2025-02-21 01:03:47 - INFO - [ETH] 预测概率: 卖出=0.2532, 买入=0.5235, 持仓=0.2233
2025-02-21 01:03:47 - INFO - [ETH] 市场状态: RSI=51.04, MACD=-1.74, ADX=26.18, 波动率=0.0008, 趋势强度=0.0009, 市场情绪=0.5195
2025-02-21 01:03:48 - INFO - [ETH] 当前持仓方向: 多，持仓金额: 92.3916，当前持仓量: 0.034
2025-02-21 01:03:48 - INFO - [ETH] 当前价格: 2717.32, AI信号: 1, 未实现盈亏: 0.13 USDT, 盈亏率: 0.15%
2025-02-21 01:03:48 - INFO - [ETH] 已有多仓，保持当前仓位
2025-02-21 01:03:48 - INFO - [ETH] USDT余额: 可用=47.03972247, 总额=93.25440395
2025-02-21 01:03:48 - INFO - [ETH] 当前账户余额: 可用=47.03972247 USDT, 总额=93.25440395 USDT
2025-02-21 01:03:48 - INFO - [ETH] 成功获取1000根1mK线数据
2025-02-21 01:03:48 - INFO - [ETH] 计算技术指标成功
2025-02-21 01:03:48 - INFO - [ETH] 填充NaN值成功
2025-02-21 01:03:48 - INFO - [ETH] 预测概率: 卖出=0.2535, 买入=0.5231, 持仓=0.2234
2025-02-21 01:03:48 - INFO - [ETH] 市场状态: RSI=51.34, MACD=-1.73, ADX=26.12, 波动率=0.0008, 趋势强度=0.0009, 市场情绪=0.5230
2025-02-21 01:03:48 - INFO - [ETH] 当前持仓方向: 多，持仓金额: 92.3916，当前持仓量: 0.034
2025-02-21 01:03:48 - INFO - [ETH] 当前价格: 2717.32, AI信号: 1, 未实现盈亏: 0.13 USDT, 盈亏率: 0.15%
2025-02-21 01:03:48 - INFO - [ETH] 已有多仓，保持当前仓位
2025-02-21 01:03:49 - INFO - [ETH] USDT余额: 可用=47.0398925, 总额=93.25474395
2025-02-21 01:03:49 - INFO - [ETH] 当前账户余额: 可用=47.03989250 USDT, 总额=93.25474395 USDT
2025-02-21 01:03:49 - INFO - [ETH] 成功获取1000根1mK线数据
2025-02-21 01:03:49 - INFO - [ETH] 计算技术指标成功
2025-02-21 01:03:49 - INFO - [ETH] 填充NaN值成功
2025-02-21 01:03:49 - INFO - [ETH] 预测概率: 卖出=0.2534, 买入=0.5232, 持仓=0.2234
2025-02-21 01:03:49 - INFO - [ETH] 市场状态: RSI=51.34, MACD=-1.73, ADX=26.12, 波动率=0.0008, 趋势强度=0.0009, 市场情绪=0.5230
2025-02-21 01:03:49 - INFO - [ETH] 当前持仓方向: 多，持仓金额: 92.39194，当前持仓量: 0.034
2025-02-21 01:03:49 - INFO - [ETH] 当前价格: 2717.4, AI信号: 1, 未实现盈亏: 0.14 USDT, 盈亏率: 0.15%
2025-02-21 01:03:49 - INFO - [ETH] 已有多仓，保持当前仓位
2025-02-21 01:03:49 - INFO - [ETH] USDT余额: 可用=47.0398925, 总额=93.25474395
2025-02-21 01:03:49 - INFO - [ETH] 当前账户余额: 可用=47.03989250 USDT, 总额=93.25474395 USDT
2025-02-21 01:03:50 - INFO - [ETH] 成功获取1000根1mK线数据
2025-02-21 01:03:50 - INFO - [ETH] 计算技术指标成功
2025-02-21 01:03:50 - INFO - [ETH] 填充NaN值成功
2025-02-21 01:03:50 - INFO - [ETH] 预测概率: 卖出=0.2535, 买入=0.5231, 持仓=0.2234
2025-02-21 01:03:50 - INFO - [ETH] 市场状态: RSI=51.34, MACD=-1.73, ADX=26.12, 波动率=0.0008, 趋势强度=0.0009, 市场情绪=0.5230
2025-02-21 01:03:50 - INFO - [ETH] 当前持仓方向: 多，持仓金额: 92.39466，当前持仓量: 0.034
2025-02-21 01:03:50 - INFO - [ETH] 当前价格: 2717.4, AI信号: 1, 未实现盈亏: 0.14 USDT, 盈亏率: 0.15%
2025-02-21 01:03:50 - INFO - [ETH] 已有多仓，保持当前仓位
2025-02-21 01:03:50 - INFO - [ETH] USDT余额: 可用=47.04125198, 总额=93.25746395
2025-02-21 01:03:50 - INFO - [ETH] 当前账户余额: 可用=47.04125198 USDT, 总额=93.25746395 USDT
2025-02-21 01:03:51 - INFO - [ETH] 成功获取1000根1mK线数据
2025-02-21 01:03:51 - INFO - [ETH] 计算技术指标成功
2025-02-21 01:03:51 - INFO - [ETH] 填充NaN值成功
2025-02-21 01:03:51 - INFO - [ETH] 预测概率: 卖出=0.2534, 买入=0.5232, 持仓=0.2234
2025-02-21 01:03:51 - INFO - [ETH] 市场状态: RSI=51.34, MACD=-1.73, ADX=26.12, 波动率=0.0008, 趋势强度=0.0009, 市场情绪=0.5230
2025-02-21 01:03:52 - INFO - [ETH] 当前持仓方向: 多，持仓金额: 92.39738，当前持仓量: 0.034
2025-02-21 01:03:52 - INFO - [ETH] 当前价格: 2717.4, AI信号: 1, 未实现盈亏: 0.14 USDT, 盈亏率: 0.15%
2025-02-21 01:03:52 - INFO - [ETH] 已有多仓，保持当前仓位
2025-02-21 01:03:52 - INFO - [ETH] USDT余额: 可用=47.04261226, 总额=93.26018395
2025-02-21 01:03:52 - INFO - [ETH] 当前账户余额: 可用=47.04261226 USDT, 总额=93.26018395 USDT
2025-02-21 01:03:52 - INFO - [ETH] 成功获取1000根1mK线数据
2025-02-21 01:03:52 - INFO - [ETH] 计算技术指标成功
2025-02-21 01:03:52 - INFO - [ETH] 填充NaN值成功
2025-02-21 01:03:52 - INFO - [ETH] 预测概率: 卖出=0.2536, 买入=0.5229, 持仓=0.2235
2025-02-21 01:03:52 - INFO - [ETH] 市场状态: RSI=51.57, MACD=-1.72, ADX=26.07, 波动率=0.0008, 趋势强度=0.0009, 市场情绪=0.5257
2025-02-21 01:03:53 - INFO - [root] 接收到退出信号，正在关闭所有交易...
2025-02-21 01:03:53 - INFO - [ETH] 关闭 ETHUSDT 所有持仓
