2025-02-23 00:06:11 - INFO - [root] ==================================================
2025-02-23 00:06:11 - INFO - [root] 日志系统初始化完成 - 2025-02-23 00:06:11
2025-02-23 00:06:11 - INFO - [root] ==================================================
2025-02-23 00:06:21 - ERROR - [BTC] 取消所有订单失败: binanceusdm GET https://api.binance.com/sapi/v1/capital/config/getall?timestamp=1740240371558&recvWindow=5000&signature=a43ab8e393ca0ee97b32f4a9b743da4a9f6f85d9e5e527110476330456a4979b
2025-02-23 00:06:21 - WARNING - [BTC] cancel_all_orders 调用失败，1/3次尝试: binanceusdm GET https://api.binance.com/sapi/v1/capital/config/getall?timestamp=1740240371558&recvWindow=5000&signature=a43ab8e393ca0ee97b32f4a9b743da4a9f6f85d9e5e527110476330456a4979b
2025-02-23 00:06:25 - INFO - [root] 用户中断，正在关闭交易系统...
2025-02-23 00:08:22 - INFO - [root] ==================================================
2025-02-23 00:08:22 - INFO - [root] 日志系统初始化完成 - 2025-02-23 00:08:22
2025-02-23 00:08:22 - INFO - [root] ==================================================
2025-02-23 00:08:24 - INFO - [BERA] 没有未成交的订单
2025-02-23 00:08:25 - INFO - [BERA] 当前已经是单向持仓模式
2025-02-23 00:08:25 - INFO - [BERA] 设置杠杆倍数 5倍 成功
2025-02-23 00:08:25 - INFO - [BERA] 当前已经是CROSSED保证金模式
2025-02-23 00:08:25 - INFO - [BERA] 交易器初始化成功 for BERAUSDT
2025-02-23 00:08:25 - INFO - [BERA] 获取历史K线数据进行初始训练...
2025-02-23 00:08:25 - INFO - [BERA] 成功获取500根1mK线数据
2025-02-23 00:08:25 - INFO - [BERA] 成功获取500根1mK线数据
2025-02-23 00:08:25 - INFO - [BERA] 模型评估指标:
2025-02-23 00:08:25 - INFO - [BERA] 训练集准确率: 0.7975
2025-02-23 00:08:25 - INFO - [BERA] 加权精确率: 0.8040
2025-02-23 00:08:25 - INFO - [BERA] 加权召回率: 0.7975
2025-02-23 00:08:25 - INFO - [BERA] 加权F1分数: 0.7949
2025-02-23 00:08:25 - INFO - [BERA] 混淆矩阵:
2025-02-23 00:08:25 - INFO - [BERA] 卖出 观望 买入
2025-02-23 00:08:25 - INFO - [BERA] [106  15   2] # 实际卖出
2025-02-23 00:08:25 - INFO - [BERA] [ 25 114  28] # 实际观望
2025-02-23 00:08:25 - INFO - [BERA] [  7   5 103] # 实际买入
2025-02-23 00:08:25 - INFO - [BERA] Top 5 重要特征:
2025-02-23 00:08:25 - INFO - [BERA] BB_width_48: 0.1139
2025-02-23 00:08:25 - INFO - [BERA] MACD: 0.0547
2025-02-23 00:08:25 - INFO - [BERA] volume_ma_12: 0.0494
2025-02-23 00:08:25 - INFO - [BERA] RSI_48: 0.0486
2025-02-23 00:08:25 - INFO - [BERA] volume_ma_24: 0.0406
2025-02-23 00:08:25 - INFO - [BERA] 初始模型训练完成
2025-02-23 00:08:25 - INFO - [BERA] 获取历史K线数据进行初始训练...
2025-02-23 00:08:25 - WARNING - [BERA] K线数量超过最大限制1500，已自动调整
2025-02-23 00:08:26 - INFO - [BERA] 成功获取1500根15mK线数据
2025-02-23 00:08:26 - INFO - [BERA] 成功获取1500根15mK线数据
2025-02-23 00:08:26 - INFO - [BERA] 模型评估指标:
2025-02-23 00:08:26 - INFO - [BERA] 训练集准确率: 0.7238
2025-02-23 00:08:26 - INFO - [BERA] 加权精确率: 0.7449
2025-02-23 00:08:26 - INFO - [BERA] 加权召回率: 0.7238
2025-02-23 00:08:26 - INFO - [BERA] 加权F1分数: 0.7291
2025-02-23 00:08:26 - INFO - [BERA] 混淆矩阵:
2025-02-23 00:08:26 - INFO - [BERA] 卖出 观望 买入
2025-02-23 00:08:26 - INFO - [BERA] [449  77 118] # 实际卖出
2025-02-23 00:08:26 - INFO - [BERA] [ 17 108  11] # 实际观望
2025-02-23 00:08:26 - INFO - [BERA] [118  47 460] # 实际买入
2025-02-23 00:08:26 - INFO - [BERA] Top 5 重要特征:
2025-02-23 00:08:26 - INFO - [BERA] high_low_range: 0.0599
2025-02-23 00:08:26 - INFO - [BERA] BB_width_48: 0.0540
2025-02-23 00:08:26 - INFO - [BERA] volatility_1h: 0.0469
2025-02-23 00:08:26 - INFO - [BERA] volatility_ratio: 0.0449
2025-02-23 00:08:26 - INFO - [BERA] BB_width_24: 0.0443
2025-02-23 00:08:26 - INFO - [BERA] 初始模型训练完成
2025-02-23 00:08:26 - INFO - [BERA] 初始化 BERAUSDT 交易器和策略成功
2025-02-23 00:08:26 - INFO - [BERA] 交易线程启动成功
2025-02-23 00:08:26 - INFO - [root] 启动线程监控
2025-02-23 00:08:26 - INFO - [root] 交易系统启动成功，正在交易的币对: BERAUSDT
2025-02-23 00:08:26 - INFO - [BERA] USDT余额: 可用=70.64854475, 总额=70.66290788
2025-02-23 00:08:26 - INFO - [BERA] 当前账户余额: 可用=70.64854475 USDT, 总额=70.66290788 USDT
2025-02-23 00:08:27 - INFO - [BERA] 成功获取1000根1mK线数据
2025-02-23 00:08:27 - INFO - [BERA] 预测概率: 卖出=0.2490, 观望=0.4647, 买入=0.2863
2025-02-23 00:08:27 - INFO - [BERA] 当前成交量百分位(5.00%)低于阈值(50%)
2025-02-23 00:08:28 - INFO - [BERA] 当前价格: 7.175, AI信号: 0
2025-02-23 00:13:29 - INFO - [BERA] USDT余额: 可用=70.64854466, 总额=70.66290788
2025-02-23 00:13:29 - INFO - [BERA] 当前账户余额: 可用=70.64854466 USDT, 总额=70.66290788 USDT
2025-02-23 00:13:29 - INFO - [BERA] 成功获取1000根1mK线数据
2025-02-23 00:13:29 - INFO - [BERA] 预测概率: 卖出=0.2000, 观望=0.5440, 买入=0.2560
2025-02-23 00:13:29 - INFO - [BERA] 当前成交量百分位(5.00%)低于阈值(50%)
2025-02-23 00:13:30 - INFO - [BERA] 当前价格: 7.161, AI信号: 0
2025-02-23 00:18:31 - INFO - [BERA] USDT余额: 可用=70.64854509, 总额=70.66290788
2025-02-23 00:18:31 - INFO - [BERA] 当前账户余额: 可用=70.64854509 USDT, 总额=70.66290788 USDT
2025-02-23 00:18:31 - INFO - [BERA] 成功获取1000根1mK线数据
2025-02-23 00:18:31 - INFO - [BERA] 预测概率: 卖出=0.2426, 观望=0.5232, 买入=0.2342
2025-02-23 00:18:31 - INFO - [BERA] 当前成交量百分位(15.00%)低于阈值(50%)
2025-02-23 00:18:32 - INFO - [BERA] 当前价格: 7.2, AI信号: 0
2025-02-23 00:22:21 - INFO - [root] ==================================================
2025-02-23 00:22:21 - INFO - [root] 日志系统初始化完成 - 2025-02-23 00:22:21
2025-02-23 00:22:21 - INFO - [root] ==================================================
2025-02-23 00:22:23 - INFO - [BERA] 没有未成交的订单
2025-02-23 00:22:23 - INFO - [BERA] 当前已经是单向持仓模式
2025-02-23 00:22:23 - INFO - [BERA] 设置杠杆倍数 5倍 成功
2025-02-23 00:22:23 - INFO - [BERA] 当前已经是CROSSED保证金模式
2025-02-23 00:22:23 - INFO - [BERA] 交易器初始化成功 for BERAUSDT
2025-02-23 00:22:23 - INFO - [BERA] 获取历史K线数据进行初始训练...
2025-02-23 00:22:24 - INFO - [BERA] 成功获取500根1mK线数据
2025-02-23 00:22:24 - INFO - [BERA] 成功获取500根1mK线数据
2025-02-23 00:22:24 - INFO - [BERA] 模型评估指标:
2025-02-23 00:22:24 - INFO - [BERA] 训练集准确率: 0.8000
2025-02-23 00:22:24 - INFO - [BERA] 加权精确率: 0.8083
2025-02-23 00:22:24 - INFO - [BERA] 加权召回率: 0.8000
2025-02-23 00:22:24 - INFO - [BERA] 加权F1分数: 0.7985
2025-02-23 00:22:24 - INFO - [BERA] 混淆矩阵:
2025-02-23 00:22:24 - INFO - [BERA] 卖出 观望 买入
2025-02-23 00:22:24 - INFO - [BERA] [103  14   7] # 实际卖出
2025-02-23 00:22:24 - INFO - [BERA] [ 29 115  20] # 实际观望
2025-02-23 00:22:24 - INFO - [BERA] [  8   3 106] # 实际买入
2025-02-23 00:22:24 - INFO - [BERA] Top 5 重要特征:
2025-02-23 00:22:24 - INFO - [BERA] BB_width_48: 0.1086
2025-02-23 00:22:24 - INFO - [BERA] RSI_48: 0.0672
2025-02-23 00:22:24 - INFO - [BERA] MACD_signal: 0.0561
2025-02-23 00:22:24 - INFO - [BERA] MACD: 0.0491
2025-02-23 00:22:24 - INFO - [BERA] volume_ma_12: 0.0451
2025-02-23 00:22:24 - INFO - [BERA] 初始模型训练完成
2025-02-23 00:22:24 - INFO - [BERA] 获取历史K线数据进行初始训练...
2025-02-23 00:22:24 - WARNING - [BERA] K线数量超过最大限制1500，已自动调整
2025-02-23 00:22:25 - INFO - [BERA] 成功获取1500根15mK线数据
2025-02-23 00:22:25 - INFO - [BERA] 成功获取1500根15mK线数据
2025-02-23 00:22:25 - INFO - [BERA] 模型评估指标:
2025-02-23 00:22:25 - INFO - [BERA] 训练集准确率: 0.7338
2025-02-23 00:22:25 - INFO - [BERA] 加权精确率: 0.7508
2025-02-23 00:22:25 - INFO - [BERA] 加权召回率: 0.7338
2025-02-23 00:22:25 - INFO - [BERA] 加权F1分数: 0.7387
2025-02-23 00:22:25 - INFO - [BERA] 混淆矩阵:
2025-02-23 00:22:25 - INFO - [BERA] 卖出 观望 买入
2025-02-23 00:22:25 - INFO - [BERA] [467  68 108] # 实际卖出
2025-02-23 00:22:25 - INFO - [BERA] [ 21 102  14] # 实际观望
2025-02-23 00:22:25 - INFO - [BERA] [118  45 462] # 实际买入
2025-02-23 00:22:25 - INFO - [BERA] Top 5 重要特征:
2025-02-23 00:22:25 - INFO - [BERA] high_low_range: 0.0590
2025-02-23 00:22:25 - INFO - [BERA] BB_width_48: 0.0521
2025-02-23 00:22:25 - INFO - [BERA] BB_width_24: 0.0464
2025-02-23 00:22:25 - INFO - [BERA] volatility_ratio: 0.0445
2025-02-23 00:22:25 - INFO - [BERA] volume_ma_12: 0.0430
2025-02-23 00:22:25 - INFO - [BERA] 初始模型训练完成
2025-02-23 00:22:25 - INFO - [BERA] 初始化 BERAUSDT 交易器和策略成功
2025-02-23 00:22:25 - INFO - [BERA] 交易线程启动成功
2025-02-23 00:22:25 - INFO - [root] 启动线程监控
2025-02-23 00:22:25 - INFO - [root] 交易系统启动成功，正在交易的币对: BERAUSDT
2025-02-23 00:22:25 - INFO - [BERA] USDT余额: 可用=70.64854468, 总额=70.66290788
2025-02-23 00:22:25 - INFO - [BERA] 当前账户余额: 可用=70.64854468 USDT, 总额=70.66290788 USDT
2025-02-23 00:22:26 - INFO - [BERA] 成功获取1000根1mK线数据
2025-02-23 00:22:26 - INFO - [BERA] 预测概率: 卖出=0.2847, 观望=0.4440, 买入=0.2714
2025-02-23 00:22:26 - INFO - [BERA] 当前成交量百分位(5.00%)低于阈值(50%)
2025-02-23 00:22:27 - INFO - [BERA] 当前价格: 7.186, AI信号: 0
2025-02-23 00:23:28 - INFO - [root] ==================================================
2025-02-23 00:23:28 - INFO - [root] 日志系统初始化完成 - 2025-02-23 00:23:28
2025-02-23 00:23:28 - INFO - [root] ==================================================
2025-02-23 00:23:30 - INFO - [BERA] 没有未成交的订单
2025-02-23 00:23:31 - INFO - [BERA] 当前已经是单向持仓模式
2025-02-23 00:23:31 - INFO - [BERA] 设置杠杆倍数 5倍 成功
2025-02-23 00:23:31 - INFO - [BERA] 当前已经是CROSSED保证金模式
2025-02-23 00:23:31 - INFO - [BERA] 交易器初始化成功 for BERAUSDT
2025-02-23 00:23:31 - INFO - [BERA] 获取历史K线数据进行初始训练...
2025-02-23 00:23:32 - INFO - [BERA] USDT余额: 可用=70.64854487, 总额=70.66290788
2025-02-23 00:23:32 - INFO - [BERA] 当前账户余额: 可用=70.64854487 USDT, 总额=70.66290788 USDT
2025-02-23 00:23:33 - INFO - [BERA] 成功获取1000根1mK线数据
2025-02-23 00:23:33 - INFO - [BERA] 预测概率: 卖出=0.2569, 观望=0.4398, 买入=0.3033
2025-02-23 00:23:33 - INFO - [BERA] 当前成交量百分位(10.00%)低于阈值(50%)
2025-02-23 00:23:33 - INFO - [BERA] 当前价格: 7.185, AI信号: 0
2025-02-23 00:28:34 - INFO - [BERA] USDT余额: 可用=70.64854448, 总额=70.66290788
2025-02-23 00:28:34 - INFO - [BERA] 当前账户余额: 可用=70.64854448 USDT, 总额=70.66290788 USDT
2025-02-23 00:28:34 - INFO - [BERA] 成功获取1000根1mK线数据
2025-02-23 00:28:34 - INFO - [BERA] 预测概率: 卖出=0.2705, 观望=0.4770, 买入=0.2524
2025-02-23 00:28:34 - INFO - [BERA] 当前成交量百分位(5.00%)低于阈值(50%)
2025-02-23 00:28:35 - INFO - [BERA] 当前价格: 7.223, AI信号: 0
2025-02-23 00:32:01 - INFO - [BERA] 成功获取500根1mK线数据
2025-02-23 00:32:03 - INFO - [BERA] 成功获取500根1mK线数据
2025-02-23 00:33:36 - INFO - [BERA] USDT余额: 可用=70.64854472, 总额=70.66290788
2025-02-23 00:33:36 - INFO - [BERA] 当前账户余额: 可用=70.64854472 USDT, 总额=70.66290788 USDT
2025-02-23 00:33:36 - INFO - [BERA] 成功获取1000根1mK线数据
2025-02-23 00:33:36 - INFO - [BERA] 预测概率: 卖出=0.2885, 观望=0.3733, 买入=0.3382
2025-02-23 00:33:36 - INFO - [BERA] 概率差异(0.0497)小于阈值(0.12)
2025-02-23 00:33:36 - INFO - [BERA] 当前价格: 7.204, AI信号: 0
2025-02-23 00:38:37 - INFO - [BERA] USDT余额: 可用=70.64854478, 总额=70.66290788
2025-02-23 00:38:37 - INFO - [BERA] 当前账户余额: 可用=70.64854478 USDT, 总额=70.66290788 USDT
2025-02-23 00:38:37 - INFO - [BERA] 成功获取1000根1mK线数据
2025-02-23 00:38:37 - INFO - [BERA] 预测概率: 卖出=0.2924, 观望=0.4315, 买入=0.2761
2025-02-23 00:38:37 - INFO - [BERA] 当前成交量百分位(5.00%)低于阈值(50%)
2025-02-23 00:38:38 - INFO - [BERA] 当前价格: 7.224, AI信号: 0
2025-02-23 00:43:38 - INFO - [BERA] USDT余额: 可用=70.648545, 总额=70.66290788
2025-02-23 00:43:38 - INFO - [BERA] 当前账户余额: 可用=70.64854500 USDT, 总额=70.66290788 USDT
2025-02-23 00:43:39 - INFO - [BERA] 成功获取1000根1mK线数据
2025-02-23 00:43:39 - INFO - [BERA] 预测概率: 卖出=0.3225, 观望=0.3627, 买入=0.3148
2025-02-23 00:43:39 - INFO - [BERA] 概率差异(0.0077)小于阈值(0.12)
2025-02-23 00:43:39 - INFO - [BERA] 当前价格: 7.263, AI信号: 0
2025-02-23 00:48:40 - INFO - [BERA] USDT余额: 可用=70.64854499, 总额=70.66290788
2025-02-23 00:48:40 - INFO - [BERA] 当前账户余额: 可用=70.64854499 USDT, 总额=70.66290788 USDT
2025-02-23 00:48:40 - INFO - [BERA] 成功获取1000根1mK线数据
2025-02-23 00:48:40 - INFO - [BERA] 预测概率: 卖出=0.2710, 观望=0.4690, 买入=0.2600
2025-02-23 00:48:40 - INFO - [BERA] 当前成交量百分位(5.00%)低于阈值(50%)
2025-02-23 00:48:40 - INFO - [BERA] 当前价格: 7.247, AI信号: 0
2025-02-23 00:53:41 - INFO - [BERA] USDT余额: 可用=70.64854499, 总额=70.66290788
2025-02-23 00:53:41 - INFO - [BERA] 当前账户余额: 可用=70.64854499 USDT, 总额=70.66290788 USDT
2025-02-23 00:53:41 - INFO - [BERA] 成功获取1000根1mK线数据
2025-02-23 00:53:41 - INFO - [BERA] 预测概率: 卖出=0.2343, 观望=0.4727, 买入=0.2930
2025-02-23 00:53:41 - INFO - [BERA] 当前成交量百分位(30.00%)低于阈值(50%)
2025-02-23 00:53:41 - INFO - [BERA] 当前价格: 7.227, AI信号: 0
2025-02-23 00:58:42 - INFO - [BERA] USDT余额: 可用=70.64854466, 总额=70.66290788
2025-02-23 00:58:42 - INFO - [BERA] 当前账户余额: 可用=70.64854466 USDT, 总额=70.66290788 USDT
2025-02-23 00:58:42 - INFO - [BERA] 成功获取1000根1mK线数据
2025-02-23 00:58:42 - INFO - [BERA] 预测概率: 卖出=0.2735, 观望=0.4034, 买入=0.3231
2025-02-23 00:58:42 - INFO - [BERA] 当前成交量百分位(40.00%)低于阈值(50%)
2025-02-23 00:58:43 - INFO - [BERA] 当前价格: 7.234, AI信号: 0
2025-02-23 01:03:43 - INFO - [BERA] USDT余额: 可用=70.6485448, 总额=70.66290788
2025-02-23 01:03:43 - INFO - [BERA] 当前账户余额: 可用=70.64854480 USDT, 总额=70.66290788 USDT
2025-02-23 01:03:43 - INFO - [BERA] 成功获取1000根1mK线数据
2025-02-23 01:03:44 - INFO - [BERA] 预测概率: 卖出=0.3082, 观望=0.3471, 买入=0.3447
2025-02-23 01:03:44 - INFO - [BERA] 概率差异(0.0365)小于阈值(0.12)
2025-02-23 01:03:44 - INFO - [BERA] 当前价格: 7.323, AI信号: 0
2025-02-23 01:08:49 - ERROR - [BERA] 获取账户余额失败: binanceusdm GET https://fapi.binance.com/fapi/v2/account?timestamp=1740244124022&recvWindow=5000&signature=8debdb54b8b16e15e0f16c3670d6002cf763385860853ed011dd9fca5499cecd
2025-02-23 01:08:49 - WARNING - [BERA] get_balance 调用失败，1/3次尝试: binanceusdm GET https://fapi.binance.com/fapi/v2/account?timestamp=1740244124022&recvWindow=5000&signature=8debdb54b8b16e15e0f16c3670d6002cf763385860853ed011dd9fca5499cecd
2025-02-23 01:08:55 - INFO - [BERA] USDT余额: 可用=70.64854525, 总额=70.66290788
2025-02-23 01:08:55 - INFO - [BERA] 当前账户余额: 可用=70.64854525 USDT, 总额=70.66290788 USDT
2025-02-23 01:08:55 - INFO - [BERA] 成功获取1000根1mK线数据
2025-02-23 01:08:55 - INFO - [BERA] 预测概率: 卖出=0.2666, 观望=0.4197, 买入=0.3137
2025-02-23 01:08:55 - INFO - [BERA] 概率差异(0.0471)小于阈值(0.12)
2025-02-23 01:08:55 - INFO - [BERA] 当前价格: 7.275, AI信号: 0
2025-02-23 01:13:55 - INFO - [BERA] USDT余额: 可用=70.64854488, 总额=70.66290788
2025-02-23 01:13:55 - INFO - [BERA] 当前账户余额: 可用=70.64854488 USDT, 总额=70.66290788 USDT
2025-02-23 01:13:56 - INFO - [BERA] 成功获取1000根1mK线数据
2025-02-23 01:13:56 - INFO - [BERA] 预测概率: 卖出=0.2632, 观望=0.4711, 买入=0.2657
2025-02-23 01:13:56 - INFO - [BERA] 当前成交量百分位(30.00%)低于阈值(50%)
2025-02-23 01:13:56 - INFO - [BERA] 当前价格: 7.277, AI信号: 0
2025-02-23 01:18:56 - INFO - [BERA] USDT余额: 可用=70.64854479, 总额=70.66290788
2025-02-23 01:18:56 - INFO - [BERA] 当前账户余额: 可用=70.64854479 USDT, 总额=70.66290788 USDT
2025-02-23 01:18:57 - INFO - [BERA] 成功获取1000根1mK线数据
2025-02-23 01:18:57 - INFO - [BERA] 预测概率: 卖出=0.2599, 观望=0.4970, 买入=0.2431
2025-02-23 01:18:57 - INFO - [BERA] 当前成交量百分位(5.00%)低于阈值(50%)
2025-02-23 01:18:57 - INFO - [BERA] 当前价格: 7.314, AI信号: 0
2025-02-23 01:23:57 - INFO - [BERA] USDT余额: 可用=70.64854478, 总额=70.66290788
2025-02-23 01:23:57 - INFO - [BERA] 当前账户余额: 可用=70.64854478 USDT, 总额=70.66290788 USDT
2025-02-23 01:23:57 - INFO - [BERA] 成功获取1000根1mK线数据
2025-02-23 01:23:58 - INFO - [BERA] 预测概率: 卖出=0.3038, 观望=0.3648, 买入=0.3313
2025-02-23 01:23:58 - INFO - [BERA] 概率差异(0.0275)小于阈值(0.12)
2025-02-23 01:23:58 - INFO - [BERA] 当前价格: 7.318, AI信号: 0
2025-02-23 01:27:19 - INFO - [root] 接收到退出信号，正在关闭所有交易...
2025-02-23 01:27:19 - INFO - [BERA] 关闭 BERAUSDT 所有持仓
2025-02-23 01:27:22 - INFO - [root] ==================================================
2025-02-23 01:27:22 - INFO - [root] 日志系统初始化完成 - 2025-02-23 01:27:22
2025-02-23 01:27:22 - INFO - [root] ==================================================
2025-02-23 01:27:23 - INFO - [BERA] 没有未成交的订单
2025-02-23 01:27:23 - INFO - [BERA] 当前已经是单向持仓模式
2025-02-23 01:27:23 - INFO - [BERA] 设置杠杆倍数 5倍 成功
2025-02-23 01:27:24 - INFO - [BERA] 当前已经是CROSSED保证金模式
2025-02-23 01:27:24 - INFO - [BERA] 交易器初始化成功 for BERAUSDT
2025-02-23 01:27:24 - INFO - [BERA] 获取历史K线数据进行初始训练...
2025-02-23 01:27:24 - INFO - [BERA] 成功获取500根1mK线数据
2025-02-23 01:27:24 - INFO - [BERA] 成功获取500根1mK线数据
2025-02-23 01:27:24 - INFO - [BERA] 模型评估指标:
2025-02-23 01:27:24 - INFO - [BERA] 训练集准确率: 0.9312
2025-02-23 01:27:24 - INFO - [BERA] 加权精确率: 0.9342
2025-02-23 01:27:24 - INFO - [BERA] 加权召回率: 0.9312
2025-02-23 01:27:24 - INFO - [BERA] 加权F1分数: 0.9321
2025-02-23 01:27:24 - INFO - [BERA] 混淆矩阵:
2025-02-23 01:27:24 - INFO - [BERA] 卖出 观望 买入
2025-02-23 01:27:24 - INFO - [BERA] [62  9  1] # 实际卖出
2025-02-23 01:27:24 - INFO - [BERA] [ 13 329   7] # 实际观望
2025-02-23 01:27:24 - INFO - [BERA] [ 1  1 42] # 实际买入
2025-02-23 01:27:24 - INFO - [BERA] Top 5 重要特征:
2025-02-23 01:27:24 - INFO - [BERA] BB_width_36: 0.0956
2025-02-23 01:27:24 - INFO - [BERA] volume_ma_12: 0.0870
2025-02-23 01:27:24 - INFO - [BERA] volume_ma_6: 0.0666
2025-02-23 01:27:24 - INFO - [BERA] BB_width_12: 0.0632
2025-02-23 01:27:24 - INFO - [BERA] RSI_24: 0.0475
2025-02-23 01:27:24 - INFO - [BERA] 初始模型训练完成
2025-02-23 01:27:24 - INFO - [BERA] 获取历史K线数据进行初始训练...
2025-02-23 01:27:24 - INFO - [BERA] 成功获取1000根5mK线数据
2025-02-23 01:27:24 - INFO - [BERA] 成功获取1000根5mK线数据
2025-02-23 01:27:25 - INFO - [BERA] 模型评估指标:
2025-02-23 01:27:25 - INFO - [BERA] 训练集准确率: 0.7824
2025-02-23 01:27:25 - INFO - [BERA] 加权精确率: 0.8057
2025-02-23 01:27:25 - INFO - [BERA] 加权召回率: 0.7824
2025-02-23 01:27:25 - INFO - [BERA] 加权F1分数: 0.7890
2025-02-23 01:27:25 - INFO - [BERA] 混淆矩阵:
2025-02-23 01:27:25 - INFO - [BERA] 卖出 观望 买入
2025-02-23 01:27:25 - INFO - [BERA] [140  39   9] # 实际卖出
2025-02-23 01:27:25 - INFO - [BERA] [ 80 525  57] # 实际观望
2025-02-23 01:27:25 - INFO - [BERA] [ 3 22 90] # 实际买入
2025-02-23 01:27:25 - INFO - [BERA] Top 5 重要特征:
2025-02-23 01:27:25 - INFO - [BERA] volume_ma_12: 0.0739
2025-02-23 01:27:25 - INFO - [BERA] volume_ma_6: 0.0657
2025-02-23 01:27:25 - INFO - [BERA] BB_width_36: 0.0656
2025-02-23 01:27:25 - INFO - [BERA] BB_width_24: 0.0577
2025-02-23 01:27:25 - INFO - [BERA] BB_width_12: 0.0487
2025-02-23 01:27:25 - INFO - [BERA] 初始模型训练完成
2025-02-23 01:27:25 - INFO - [BERA] 初始化 BERAUSDT 交易器和策略成功
2025-02-23 01:27:25 - INFO - [BERA] 交易线程启动成功
2025-02-23 01:27:25 - INFO - [root] 启动线程监控
2025-02-23 01:27:25 - INFO - [root] 交易系统启动成功，正在交易的币对: BERAUSDT
2025-02-23 01:27:25 - INFO - [BERA] USDT余额: 可用=70.64854524, 总额=70.66290788
2025-02-23 01:27:25 - INFO - [BERA] 当前账户余额: 可用=70.64854524 USDT, 总额=70.66290788 USDT
2025-02-23 01:27:25 - INFO - [BERA] 成功获取1000根5mK线数据
2025-02-23 01:27:25 - INFO - [BERA] 预测概率: 卖出=0.2879, 观望=0.5949, 买入=0.1172
2025-02-23 01:27:26 - INFO - [BERA] 当前价格: 7.32, AI信号: 0
2025-02-23 01:31:47 - INFO - [root] 接收到退出信号，正在关闭所有交易...
2025-02-23 01:31:47 - INFO - [BERA] 关闭 BERAUSDT 所有持仓
2025-02-23 01:31:50 - INFO - [root] ==================================================
2025-02-23 01:31:50 - INFO - [root] 日志系统初始化完成 - 2025-02-23 01:31:50
2025-02-23 01:31:50 - INFO - [root] ==================================================
2025-02-23 01:31:51 - INFO - [BERA] 没有未成交的订单
2025-02-23 01:31:52 - INFO - [BERA] 当前已经是单向持仓模式
2025-02-23 01:31:52 - INFO - [BERA] 设置杠杆倍数 5倍 成功
2025-02-23 01:31:52 - INFO - [BERA] 当前已经是CROSSED保证金模式
2025-02-23 01:31:52 - INFO - [BERA] 交易器初始化成功 for BERAUSDT
2025-02-23 01:31:52 - INFO - [BERA] 获取历史K线数据进行初始训练...
2025-02-23 01:31:52 - INFO - [BERA] 成功获取500根1mK线数据
2025-02-23 01:31:52 - INFO - [BERA] 成功获取500根1mK线数据
2025-02-23 01:31:52 - INFO - [BERA] 模型评估指标:
2025-02-23 01:31:52 - INFO - [BERA] 训练集准确率: 0.9226
2025-02-23 01:31:52 - INFO - [BERA] 加权精确率: 0.9266
2025-02-23 01:31:52 - INFO - [BERA] 加权召回率: 0.9226
2025-02-23 01:31:52 - INFO - [BERA] 加权F1分数: 0.9237
2025-02-23 01:31:52 - INFO - [BERA] 混淆矩阵:
2025-02-23 01:31:52 - INFO - [BERA] 卖出 观望 买入
2025-02-23 01:31:52 - INFO - [BERA] [62 10  0] # 实际卖出
2025-02-23 01:31:52 - INFO - [BERA] [ 14 325  10] # 实际观望
2025-02-23 01:31:52 - INFO - [BERA] [ 0  2 42] # 实际买入
2025-02-23 01:31:52 - INFO - [BERA] Top 5 重要特征:
2025-02-23 01:31:52 - INFO - [BERA] volume_ma_12: 0.0869
2025-02-23 01:31:52 - INFO - [BERA] BB_width_36: 0.0721
2025-02-23 01:31:52 - INFO - [BERA] volume_ma_6: 0.0668
2025-02-23 01:31:52 - INFO - [BERA] BB_width_12: 0.0649
2025-02-23 01:31:52 - INFO - [BERA] RSI_24: 0.0589
2025-02-23 01:31:52 - INFO - [BERA] 初始模型训练完成
2025-02-23 01:31:52 - INFO - [BERA] 获取历史K线数据进行初始训练...
2025-02-23 01:31:53 - INFO - [BERA] 成功获取1000根5mK线数据
2025-02-23 01:31:53 - INFO - [BERA] 成功获取1000根5mK线数据
2025-02-23 01:31:53 - INFO - [BERA] 模型评估指标:
2025-02-23 01:31:53 - INFO - [BERA] 训练集准确率: 0.7824
2025-02-23 01:31:53 - INFO - [BERA] 加权精确率: 0.8050
2025-02-23 01:31:53 - INFO - [BERA] 加权召回率: 0.7824
2025-02-23 01:31:53 - INFO - [BERA] 加权F1分数: 0.7890
2025-02-23 01:31:53 - INFO - [BERA] 混淆矩阵:
2025-02-23 01:31:53 - INFO - [BERA] 卖出 观望 买入
2025-02-23 01:31:53 - INFO - [BERA] [138  41   9] # 实际卖出
2025-02-23 01:31:53 - INFO - [BERA] [ 80 527  55] # 实际观望
2025-02-23 01:31:53 - INFO - [BERA] [ 5 20 90] # 实际买入
2025-02-23 01:31:53 - INFO - [BERA] Top 5 重要特征:
2025-02-23 01:31:53 - INFO - [BERA] volume_ma_12: 0.0838
2025-02-23 01:31:53 - INFO - [BERA] volume_ma_6: 0.0658
2025-02-23 01:31:53 - INFO - [BERA] BB_width_24: 0.0582
2025-02-23 01:31:53 - INFO - [BERA] BB_width_36: 0.0579
2025-02-23 01:31:53 - INFO - [BERA] high_low_range: 0.0571
2025-02-23 01:31:53 - INFO - [BERA] 初始模型训练完成
2025-02-23 01:31:53 - INFO - [BERA] 初始化 BERAUSDT 交易器和策略成功
2025-02-23 01:31:53 - INFO - [BERA] 交易线程启动成功
2025-02-23 01:31:53 - INFO - [root] 启动线程监控
2025-02-23 01:31:53 - INFO - [root] 交易系统启动成功，正在交易的币对: BERAUSDT
2025-02-23 01:31:53 - INFO - [BERA] USDT余额: 可用=70.64854446, 总额=70.66290788
2025-02-23 01:31:53 - INFO - [BERA] 当前账户余额: 可用=70.64854446 USDT, 总额=70.66290788 USDT
2025-02-23 01:31:54 - INFO - [BERA] 成功获取1000根5mK线数据
2025-02-23 01:31:54 - INFO - [BERA] 预测概率: 卖出=0.2883, 观望=0.4898, 买入=0.2219
2025-02-23 01:31:54 - INFO - [BERA] 当前价格: 7.359, AI信号: 0
2025-02-23 01:36:55 - INFO - [BERA] USDT余额: 可用=70.64854513, 总额=70.66290788
2025-02-23 01:36:55 - INFO - [BERA] 当前账户余额: 可用=70.64854513 USDT, 总额=70.66290788 USDT
2025-02-23 01:36:55 - INFO - [BERA] 成功获取1000根5mK线数据
2025-02-23 01:36:55 - INFO - [BERA] 预测概率: 卖出=0.3012, 观望=0.4493, 买入=0.2495
2025-02-23 01:36:55 - INFO - [BERA] 信号置信度(0.4493)低于阈值(0.45)
2025-02-23 01:36:55 - INFO - [BERA] 当前价格: 7.428, AI信号: 0
2025-02-23 01:41:04 - INFO - [root] 接收到退出信号，正在关闭所有交易...
2025-02-23 01:41:04 - INFO - [BERA] 关闭 BERAUSDT 所有持仓
2025-02-23 01:41:07 - INFO - [root] ==================================================
2025-02-23 01:41:07 - INFO - [root] 日志系统初始化完成 - 2025-02-23 01:41:07
2025-02-23 01:41:07 - INFO - [root] ==================================================
2025-02-23 01:41:08 - INFO - [BERA] 没有未成交的订单
2025-02-23 01:41:08 - INFO - [BERA] 当前已经是单向持仓模式
2025-02-23 01:41:08 - INFO - [BERA] 设置杠杆倍数 5倍 成功
2025-02-23 01:41:09 - INFO - [BERA] 当前已经是CROSSED保证金模式
2025-02-23 01:41:09 - INFO - [BERA] 交易器初始化成功 for BERAUSDT
2025-02-23 01:41:09 - INFO - [BERA] 获取历史K线数据进行初始训练...
2025-02-23 01:41:09 - INFO - [BERA] 成功获取1000根5mK线数据
2025-02-23 01:41:09 - INFO - [BERA] 成功获取1000根5mK线数据
2025-02-23 01:41:09 - INFO - [BERA] 模型评估结果:
2025-02-23 01:41:09 - INFO - [BERA] Accuracy: 0.7699
2025-02-23 01:41:09 - INFO - [BERA] Precision: 0.7971
2025-02-23 01:41:09 - INFO - [BERA] Recall: 0.7699
2025-02-23 01:41:09 - INFO - [BERA] F1 Score: 0.7777
2025-02-23 01:41:09 - INFO - [BERA] 初始模型训练完成
2025-02-23 01:41:09 - INFO - [BERA] 初始化 BERAUSDT 交易器和策略成功
2025-02-23 01:41:09 - INFO - [BERA] 交易线程启动成功
2025-02-23 01:41:09 - INFO - [root] 启动线程监控
2025-02-23 01:41:09 - INFO - [root] 交易系统启动成功，正在交易的币对: BERAUSDT
2025-02-23 01:41:09 - INFO - [BERA] USDT余额: 可用=70.6485445, 总额=70.66290788
2025-02-23 01:41:09 - INFO - [BERA] 当前账户余额: 可用=70.64854450 USDT, 总额=70.66290788 USDT
2025-02-23 01:41:10 - INFO - [BERA] 成功获取1000根5mK线数据
2025-02-23 01:41:10 - INFO - [BERA] 当前价格: 7.414, AI信号: 0
2025-02-23 01:46:11 - INFO - [BERA] USDT余额: 可用=70.64854504, 总额=70.66290788
2025-02-23 01:46:11 - INFO - [BERA] 当前账户余额: 可用=70.64854504 USDT, 总额=70.66290788 USDT
2025-02-23 01:46:11 - INFO - [BERA] 成功获取1000根5mK线数据
2025-02-23 01:46:11 - INFO - [BERA] 当前价格: 7.375, AI信号: 0
2025-02-23 01:47:09 - INFO - [root] 接收到退出信号，正在关闭所有交易...
2025-02-23 01:47:09 - INFO - [BERA] 关闭 BERAUSDT 所有持仓
2025-02-23 01:47:19 - INFO - [root] ==================================================
2025-02-23 01:47:19 - INFO - [root] 日志系统初始化完成 - 2025-02-23 01:47:19
2025-02-23 01:47:19 - INFO - [root] ==================================================
2025-02-23 01:47:20 - INFO - [BERA] 没有未成交的订单
2025-02-23 01:47:21 - INFO - [BERA] 当前已经是单向持仓模式
2025-02-23 01:47:21 - INFO - [BERA] 设置杠杆倍数 5倍 成功
2025-02-23 01:47:21 - INFO - [BERA] 当前已经是CROSSED保证金模式
2025-02-23 01:47:21 - INFO - [BERA] 交易器初始化成功 for BERAUSDT
2025-02-23 01:47:21 - INFO - [BERA] 获取历史K线数据进行初始训练...
2025-02-23 01:47:21 - INFO - [BERA] 成功获取1000根5mK线数据
2025-02-23 01:47:21 - INFO - [BERA] 成功获取1000根5mK线数据
2025-02-23 01:47:21 - INFO - [BERA] 模型评估结果:
2025-02-23 01:47:21 - INFO - [BERA] Accuracy: 0.7886
2025-02-23 01:47:21 - INFO - [BERA] Precision: 0.8128
2025-02-23 01:47:21 - INFO - [BERA] Recall: 0.7886
2025-02-23 01:47:21 - INFO - [BERA] F1 Score: 0.7953
2025-02-23 01:47:21 - INFO - [BERA] 初始模型训练完成
2025-02-23 01:47:21 - INFO - [BERA] 初始化 BERAUSDT 交易器和策略成功
2025-02-23 01:47:21 - INFO - [BERA] 交易线程启动成功
2025-02-23 01:47:21 - INFO - [root] 启动线程监控
2025-02-23 01:47:21 - INFO - [root] 交易系统启动成功，正在交易的币对: BERAUSDT
2025-02-23 01:47:22 - INFO - [BERA] USDT余额: 可用=70.64854508, 总额=70.66290788
2025-02-23 01:47:22 - INFO - [BERA] 当前账户余额: 可用=70.64854508 USDT, 总额=70.66290788 USDT
2025-02-23 01:47:22 - INFO - [BERA] 成功获取1000根5mK线数据
2025-02-23 01:47:22 - INFO - [BERA] 预测概率: 卖出=0.2426, 观望=0.5489, 买入=0.2085
2025-02-23 01:47:22 - INFO - [BERA] 当前价格: 7.377, AI信号: 0
2025-02-23 01:51:07 - INFO - [root] 接收到退出信号，正在关闭所有交易...
2025-02-23 01:51:07 - INFO - [BERA] 关闭 BERAUSDT 所有持仓
2025-02-23 01:51:10 - INFO - [root] ==================================================
2025-02-23 01:51:10 - INFO - [root] 日志系统初始化完成 - 2025-02-23 01:51:10
2025-02-23 01:51:10 - INFO - [root] ==================================================
2025-02-23 01:51:11 - INFO - [BERA] 没有未成交的订单
2025-02-23 01:51:11 - INFO - [BERA] 当前已经是单向持仓模式
2025-02-23 01:51:11 - INFO - [BERA] 设置杠杆倍数 5倍 成功
2025-02-23 01:51:11 - INFO - [BERA] 当前已经是CROSSED保证金模式
2025-02-23 01:51:11 - INFO - [BERA] 交易器初始化成功 for BERAUSDT
2025-02-23 01:51:11 - INFO - [BERA] 获取历史K线数据进行初始训练...
2025-02-23 01:51:11 - INFO - [BERA] 成功获取500根1mK线数据
2025-02-23 01:51:11 - INFO - [BERA] 成功获取500根1mK线数据
2025-02-23 01:51:12 - INFO - [BERA] 模型评估指标:
2025-02-23 01:51:12 - INFO - [BERA] 训练集准确率: 0.9768
2025-02-23 01:51:12 - INFO - [BERA] 加权精确率: 0.9772
2025-02-23 01:51:12 - INFO - [BERA] 加权召回率: 0.9768
2025-02-23 01:51:12 - INFO - [BERA] 加权F1分数: 0.9768
2025-02-23 01:51:12 - INFO - [BERA] 混淆矩阵:
2025-02-23 01:51:12 - INFO - [BERA] 卖出 观望 买入
2025-02-23 01:51:12 - INFO - [BERA] [135   0   1] # 实际卖出
2025-02-23 01:51:12 - INFO - [BERA] [  5 154   3] # 实际观望
2025-02-23 01:51:12 - INFO - [BERA] [  1   1 174] # 实际买入
2025-02-23 01:51:12 - INFO - [BERA] Top 5 重要特征:
2025-02-23 01:51:12 - INFO - [BERA] BB_position_20: 0.4659
2025-02-23 01:51:12 - INFO - [BERA] BB_position_10: 0.1529
2025-02-23 01:51:12 - INFO - [BERA] volume_ma_3: 0.0445
2025-02-23 01:51:12 - INFO - [BERA] BB_position_5: 0.0394
2025-02-23 01:51:12 - INFO - [BERA] volume_ma_5: 0.0343
2025-02-23 01:51:12 - INFO - [BERA] 初始模型训练完成
2025-02-23 01:51:12 - INFO - [BERA] 初始化 BERAUSDT 交易器和策略成功
2025-02-23 01:51:12 - INFO - [BERA] 交易线程启动成功
2025-02-23 01:51:12 - INFO - [root] 启动线程监控
2025-02-23 01:51:12 - INFO - [root] 交易系统启动成功，正在交易的币对: BERAUSDT
2025-02-23 01:51:12 - INFO - [BERA] USDT余额: 可用=70.64854498, 总额=70.66290788
2025-02-23 01:51:12 - INFO - [BERA] 当前账户余额: 可用=70.64854498 USDT, 总额=70.66290788 USDT
2025-02-23 01:51:12 - INFO - [BERA] 成功获取500根1mK线数据
2025-02-23 01:51:12 - INFO - [BERA] 预测概率: 卖出=0.0997, 观望=0.4787, 买入=0.4217
2025-02-23 01:51:13 - INFO - [BERA] 当前价格: 7.44, AI信号: 0
2025-02-23 01:52:57 - INFO - [root] 接收到退出信号，正在关闭所有交易...
2025-02-23 01:52:57 - INFO - [BERA] 关闭 BERAUSDT 所有持仓
2025-02-23 01:55:38 - INFO - [root] ==================================================
2025-02-23 01:55:38 - INFO - [root] 日志系统初始化完成 - 2025-02-23 01:55:38
2025-02-23 01:55:38 - INFO - [root] ==================================================
2025-02-23 01:55:39 - INFO - [BERA] 没有未成交的订单
2025-02-23 01:55:39 - INFO - [BERA] 当前已经是单向持仓模式
2025-02-23 01:55:39 - INFO - [BERA] 设置杠杆倍数 5倍 成功
2025-02-23 01:55:39 - INFO - [BERA] 当前已经是CROSSED保证金模式
2025-02-23 01:55:39 - INFO - [BERA] 交易器初始化成功 for BERAUSDT
2025-02-23 01:55:39 - INFO - [BERA] 获取历史K线数据进行初始训练...
2025-02-23 01:55:40 - INFO - [BERA] 成功获取500根1mK线数据
2025-02-23 01:55:40 - INFO - [BERA] 成功获取500根1mK线数据
2025-02-23 01:55:40 - INFO - [BERA] 模型评估指标:
2025-02-23 01:55:40 - INFO - [BERA] 训练集准确率: 0.9747
2025-02-23 01:55:40 - INFO - [BERA] 加权精确率: 0.9749
2025-02-23 01:55:40 - INFO - [BERA] 加权召回率: 0.9747
2025-02-23 01:55:40 - INFO - [BERA] 加权F1分数: 0.9746
2025-02-23 01:55:40 - INFO - [BERA] 混淆矩阵:
2025-02-23 01:55:40 - INFO - [BERA] 卖出 观望 买入
2025-02-23 01:55:40 - INFO - [BERA] [136   0   1] # 实际卖出
2025-02-23 01:55:40 - INFO - [BERA] [  4 150   4] # 实际观望
2025-02-23 01:55:40 - INFO - [BERA] [  1   2 176] # 实际买入
2025-02-23 01:55:40 - INFO - [BERA] Top 5 重要特征:
2025-02-23 01:55:40 - INFO - [BERA] BB_position_20: 0.4495
2025-02-23 01:55:40 - INFO - [BERA] BB_position_10: 0.1529
2025-02-23 01:55:40 - INFO - [BERA] volume_ma_3: 0.0453
2025-02-23 01:55:40 - INFO - [BERA] BB_position_5: 0.0410
2025-02-23 01:55:40 - INFO - [BERA] price_change_3m: 0.0381
2025-02-23 01:55:40 - INFO - [BERA] 初始模型训练完成
2025-02-23 01:55:40 - INFO - [BERA] 初始化 BERAUSDT 交易器和策略成功
2025-02-23 01:55:40 - INFO - [BERA] 交易线程启动成功
2025-02-23 01:55:40 - INFO - [root] 启动线程监控
2025-02-23 01:55:40 - INFO - [root] 交易系统启动成功，正在交易的币对: BERAUSDT
2025-02-23 01:55:40 - INFO - [BERA] USDT余额: 可用=70.64854509, 总额=70.66290788
2025-02-23 01:55:40 - INFO - [BERA] 当前账户余额: 可用=70.64854509 USDT, 总额=70.66290788 USDT
2025-02-23 01:55:40 - INFO - [BERA] 成功获取500根1mK线数据
2025-02-23 01:55:40 - INFO - [BERA] 预测概率: 卖出=0.3328, 观望=0.5111, 买入=0.1562
2025-02-23 01:55:41 - INFO - [BERA] 当前价格: 7.38, AI信号: 0
2025-02-23 01:56:41 - INFO - [BERA] USDT余额: 可用=70.64854459, 总额=70.66290788
2025-02-23 01:56:41 - INFO - [BERA] 当前账户余额: 可用=70.64854459 USDT, 总额=70.66290788 USDT
2025-02-23 01:56:41 - INFO - [BERA] 成功获取500根1mK线数据
2025-02-23 01:56:41 - INFO - [BERA] 预测概率: 卖出=0.6682, 观望=0.1105, 买入=0.2213
2025-02-23 01:56:42 - INFO - [BERA] 当前价格: 7.394, AI信号: -1
2025-02-23 01:56:42 - INFO - [BERA] 订单创建成功: {'info': {'orderId': '379546096', 'symbol': 'BERAUSDT', 'status': 'FILLED', 'clientOrderId': 'x-xcKtGhcub4c491e4de5fa55630b692', 'price': '0.000000', 'avgPrice': '7.3920000', 'origQty': '4.7', 'executedQty': '4.7', 'cumQty': '4.7', 'cumQuote': '34.7424000', 'timeInForce': 'GTC', 'type': 'MARKET', 'reduceOnly': False, 'closePosition': False, 'side': 'SELL', 'positionSide': 'BOTH', 'stopPrice': '0.000000', 'workingType': 'CONTRACT_PRICE', 'priceProtect': False, 'origType': 'MARKET', 'priceMatch': 'NONE', 'selfTradePreventionMode': 'EXPIRE_MAKER', 'goodTillDate': '0', 'updateTime': '1740247002712'}, 'id': '379546096', 'clientOrderId': 'x-xcKtGhcub4c491e4de5fa55630b692', 'timestamp': 1740247002712, 'datetime': '2025-02-22T17:56:42.712Z', 'lastTradeTimestamp': 1740247002712, 'lastUpdateTimestamp': 1740247002712, 'symbol': 'BERA/USDT:USDT', 'type': 'market', 'timeInForce': 'GTC', 'postOnly': False, 'reduceOnly': False, 'side': 'sell', 'price': 7.392, 'triggerPrice': None, 'amount': 4.7, 'cost': 34.7424, 'average': 7.392, 'filled': 4.7, 'remaining': 0.0, 'status': 'closed', 'fee': {'currency': None, 'cost': None, 'rate': None}, 'trades': [], 'fees': [{'currency': None, 'cost': None, 'rate': None}], 'stopPrice': None, 'takeProfitPrice': None, 'stopLossPrice': None}
