2025-03-16 19:13:56 - INFO - [root] ==================================================
2025-03-16 19:13:56 - INFO - [root] 日志系统初始化完成 - 2025-03-16 19:13:56
2025-03-16 19:13:56 - INFO - [root] ==================================================
2025-03-16 19:13:56 - INFO - [utils.exchange] 代理连接测试成功
2025-03-16 19:13:57 - INFO - [utils.exchange] 服务器时间差: 125 ms
2025-03-16 19:14:00 - INFO - [utils.exchange] API权限验证成功
2025-03-16 19:14:00 - INFO - [SOL] 当前已经是单向持仓模式
2025-03-16 19:14:00 - INFO - [SOL] 设置杠杆倍数 5倍 成功
2025-03-16 19:14:00 - INFO - [SOL] 当前已经是CROSSED保证金模式
2025-03-16 19:14:00 - INFO - [SOL] 交易器初始化成功 for SOLUSDT
2025-03-16 19:14:00 - INFO - [SOL] 获取历史K线数据进行初始训练...
2025-03-16 19:14:01 - INFO - [SOL] 成功获取1500根15mK线数据
2025-03-16 19:14:01 - INFO - [SOL] 成功获取1500根15mK线数据
2025-03-16 19:14:01 - INFO - [SOL] 标签分布: 看跌=48, 盘整=1389, 看涨=63
2025-03-16 19:14:01 - INFO - [SOL] 模型评估结果:
2025-03-16 19:14:01 - INFO - [SOL] Accuracy: 0.9862
2025-03-16 19:14:01 - INFO - [SOL] Precision: 0.9886
2025-03-16 19:14:01 - INFO - [SOL] Recall: 0.9862
2025-03-16 19:14:01 - INFO - [SOL] F1 Score: 0.9868
2025-03-16 19:14:01 - INFO - [SOL] 初始模型训练完成
2025-03-16 19:14:01 - INFO - [SOL] 初始化 SOLUSDT 交易器和策略成功
2025-03-16 19:14:01 - INFO - [SOL] 交易线程启动成功
2025-03-16 19:14:01 - INFO - [root] 启动线程监控
2025-03-16 19:14:01 - INFO - [root] 交易系统启动成功，正在交易的币对: SOLUSDT
2025-03-16 19:14:01 - INFO - [SOL] USDT余额: 可用=30.32928341, 总额=30.3355819
2025-03-16 19:14:01 - INFO - [SOL] 当前账户余额: 可用=30.32928341 USDT, 总额=30.33558190 USDT
2025-03-16 19:14:02 - INFO - [SOL] 成功获取1500根15mK线数据
2025-03-16 19:14:02 - INFO - [SOL] 开始重新训练模型...
2025-03-16 19:14:02 - INFO - [SOL] 标签分布: 看跌=48, 盘整=1389, 看涨=63
2025-03-16 19:14:02 - INFO - [SOL] 模型评估结果:
2025-03-16 19:14:02 - INFO - [SOL] Accuracy: 0.9862
2025-03-16 19:14:02 - INFO - [SOL] Precision: 0.9886
2025-03-16 19:14:02 - INFO - [SOL] Recall: 0.9862
2025-03-16 19:14:02 - INFO - [SOL] F1 Score: 0.9868
2025-03-16 19:14:02 - INFO - [SOL] 模型重新训练完成
2025-03-16 19:14:02 - INFO - [SOL] 趋势分析: 方向=-1, 强度=26.3, 评分=-65.5
2025-03-16 19:14:02 - INFO - [SOL] 模型预测概率: 卖出=0.0460, 观望=0.9468, 买入=0.0072
2025-03-16 19:14:03 - INFO - [SOL] 当前价格: 132.04, AI信号: -1
2025-03-16 19:14:03 - WARNING - [SOL] 下单数量 0.2296976931990306 小于最小下单数量 1.0，将使用最小下单数量
2025-03-16 19:14:03 - INFO - [SOL] 订单创建成功: {'info': {'orderId': '107518199874', 'symbol': 'SOLUSDT', 'status': 'FILLED', 'clientOrderId': 'x-xcKtGhcub584d6ae2c3903bd608ef2', 'price': '0.0000', 'avgPrice': '132.0900', 'origQty': '1', 'executedQty': '1', 'cumQty': '1', 'cumQuote': '132.0900', 'timeInForce': 'GTC', 'type': 'MARKET', 'reduceOnly': False, 'closePosition': False, 'side': 'SELL', 'positionSide': 'BOTH', 'stopPrice': '0.0000', 'workingType': 'CONTRACT_PRICE', 'priceProtect': False, 'origType': 'MARKET', 'priceMatch': 'NONE', 'selfTradePreventionMode': 'EXPIRE_MAKER', 'goodTillDate': '0', 'updateTime': '1742123643976'}, 'id': '107518199874', 'clientOrderId': 'x-xcKtGhcub584d6ae2c3903bd608ef2', 'timestamp': 1742123643976, 'datetime': '2025-03-16T11:14:03.976Z', 'lastTradeTimestamp': 1742123643976, 'lastUpdateTimestamp': 1742123643976, 'symbol': 'SOL/USDT:USDT', 'type': 'market', 'timeInForce': 'GTC', 'postOnly': False, 'reduceOnly': False, 'side': 'sell', 'price': 132.09, 'triggerPrice': None, 'amount': 1.0, 'cost': 132.09, 'average': 132.09, 'filled': 1.0, 'remaining': 0.0, 'status': 'closed', 'fee': {'currency': None, 'cost': None, 'rate': None}, 'trades': [], 'fees': [{'currency': None, 'cost': None, 'rate': None}], 'stopPrice': None, 'takeProfitPrice': None, 'stopLossPrice': None}
2025-03-16 19:14:17 - INFO - [root] 接收到退出信号，正在关闭所有交易...
2025-03-16 19:14:17 - INFO - [SOL] 关闭 SOLUSDT 所有持仓
2025-03-16 19:14:52 - INFO - [root] ==================================================
2025-03-16 19:14:52 - INFO - [root] 日志系统初始化完成 - 2025-03-16 19:14:52
2025-03-16 19:14:52 - INFO - [root] ==================================================
2025-03-16 19:14:52 - INFO - [utils.exchange] 代理连接测试成功
2025-03-16 19:14:53 - INFO - [utils.exchange] 服务器时间差: 130 ms
2025-03-16 19:14:56 - INFO - [utils.exchange] API权限验证成功
2025-03-16 19:14:56 - INFO - [SOL] 当前已经是单向持仓模式
2025-03-16 19:14:56 - INFO - [SOL] 设置杠杆倍数 5倍 成功
2025-03-16 19:14:56 - INFO - [SOL] 当前已经是CROSSED保证金模式
2025-03-16 19:14:56 - INFO - [SOL] 交易器初始化成功 for SOLUSDT
2025-03-16 19:14:56 - INFO - [SOL] 获取历史K线数据进行初始训练...
2025-03-16 19:14:57 - INFO - [SOL] 成功获取1500根15mK线数据
2025-03-16 19:14:57 - INFO - [SOL] 成功获取1500根15mK线数据
2025-03-16 19:14:57 - INFO - [SOL] 标签分布: 看跌=48, 盘整=1389, 看涨=63
2025-03-16 19:14:57 - INFO - [SOL] 模型评估结果:
2025-03-16 19:14:57 - INFO - [SOL] Accuracy: 0.9862
2025-03-16 19:14:57 - INFO - [SOL] Precision: 0.9886
2025-03-16 19:14:57 - INFO - [SOL] Recall: 0.9862
2025-03-16 19:14:57 - INFO - [SOL] F1 Score: 0.9868
2025-03-16 19:14:57 - INFO - [SOL] 初始模型训练完成
2025-03-16 19:14:57 - INFO - [SOL] 初始化 SOLUSDT 交易器和策略成功
2025-03-16 19:14:57 - INFO - [SOL] 交易线程启动成功
2025-03-16 19:14:57 - INFO - [root] 启动线程监控
2025-03-16 19:14:57 - INFO - [root] 交易系统启动成功，正在交易的币对: SOLUSDT
2025-03-16 19:14:57 - INFO - [SOL] USDT余额: 可用=3.28134573, 总额=29.7995369
2025-03-16 19:14:57 - INFO - [SOL] 当前账户余额: 可用=3.28134573 USDT, 总额=29.79953690 USDT
2025-03-16 19:14:58 - INFO - [SOL] 成功获取1500根15mK线数据
2025-03-16 19:14:58 - INFO - [SOL] 开始重新训练模型...
2025-03-16 19:14:58 - INFO - [SOL] 标签分布: 看跌=48, 盘整=1389, 看涨=63
2025-03-16 19:14:58 - INFO - [SOL] 模型评估结果:
2025-03-16 19:14:58 - INFO - [SOL] Accuracy: 0.9862
2025-03-16 19:14:58 - INFO - [SOL] Precision: 0.9886
2025-03-16 19:14:58 - INFO - [SOL] Recall: 0.9862
2025-03-16 19:14:58 - INFO - [SOL] F1 Score: 0.9868
2025-03-16 19:14:58 - INFO - [SOL] 模型重新训练完成
2025-03-16 19:14:58 - INFO - [SOL] 趋势分析: 方向=-1, 强度=26.3, 评分=-65.0
2025-03-16 19:14:58 - INFO - [SOL] 模型预测概率: 卖出=0.0322, 观望=0.9594, 买入=0.0084
2025-03-16 19:14:59 - INFO - [SOL] 当前持仓方向: 空，持仓金额: 132.5289
2025-03-16 19:14:59 - INFO - [SOL] 当前价格: 132.57, AI信号: -1, 持仓数量: 1.0, 开仓均价: 132.09, 未实现盈亏: -0.48 USDT (-0.36%)
2025-03-16 19:16:00 - INFO - [SOL] USDT余额: 可用=3.69294151, 总额=30.15785644
2025-03-16 19:16:00 - INFO - [SOL] 当前账户余额: 可用=3.69294151 USDT, 总额=30.15785644 USDT
2025-03-16 19:16:00 - INFO - [SOL] 成功获取1500根15mK线数据
2025-03-16 19:16:00 - INFO - [SOL] 趋势分析: 方向=-1, 强度=28.2, 评分=-65.3
2025-03-16 19:16:00 - INFO - [SOL] 模型预测概率: 卖出=0.0452, 观望=0.9499, 买入=0.0049
2025-03-16 19:16:10 - ERROR - [SOL] 获取市场价格失败: binance GET https://fapi.binance.com/fapi/v1/ticker/24hr?symbol=SOLUSDT
2025-03-16 19:16:10 - WARNING - [SOL] get_market_price 调用失败，1/3次尝试: binance GET https://fapi.binance.com/fapi/v1/ticker/24hr?symbol=SOLUSDT
2025-03-16 19:16:16 - INFO - [SOL] 当前持仓方向: 空，持仓金额: 132.2633
2025-03-16 19:16:16 - INFO - [SOL] 当前价格: 132.29, AI信号: -1, 持仓数量: 1.0, 开仓均价: 132.09, 未实现盈亏: -0.20 USDT (-0.15%)
2025-03-16 19:17:17 - INFO - [SOL] USDT余额: 可用=4.12181576, 总额=30.50258613
2025-03-16 19:17:17 - INFO - [SOL] 当前账户余额: 可用=4.12181576 USDT, 总额=30.50258613 USDT
2025-03-16 19:17:17 - INFO - [SOL] 成功获取1500根15mK线数据
2025-03-16 19:17:17 - INFO - [SOL] 趋势分析: 方向=-1, 强度=28.2, 评分=-65.5
2025-03-16 19:17:17 - INFO - [SOL] 模型预测概率: 卖出=0.0654, 观望=0.9322, 买入=0.0024
2025-03-16 19:17:17 - INFO - [SOL] 当前持仓方向: 空，持仓金额: 131.8521
2025-03-16 19:17:17 - INFO - [SOL] 当前价格: 131.88, AI信号: -1, 持仓数量: 1.0, 开仓均价: 132.09, 未实现盈亏: 0.21 USDT (0.16%)
2025-03-16 19:18:18 - INFO - [SOL] USDT余额: 可用=4.3093566, 总额=30.65635537
2025-03-16 19:18:18 - INFO - [SOL] 当前账户余额: 可用=4.30935660 USDT, 总额=30.65635537 USDT
2025-03-16 19:18:18 - INFO - [SOL] 成功获取1500根15mK线数据
2025-03-16 19:18:18 - INFO - [SOL] 趋势分析: 方向=-1, 强度=28.3, 评分=-65.8
2025-03-16 19:18:18 - INFO - [SOL] 模型预测概率: 卖出=0.0672, 观望=0.9304, 买入=0.0024
2025-03-16 19:18:19 - INFO - [SOL] 当前持仓方向: 空，持仓金额: 131.6626
2025-03-16 19:18:19 - INFO - [SOL] 当前价格: 131.68, AI信号: -1, 持仓数量: 1.0, 开仓均价: 132.09, 未实现盈亏: 0.41 USDT (0.31%)
2025-03-16 19:19:19 - INFO - [SOL] USDT余额: 可用=4.24318581, 总额=30.6095369
2025-03-16 19:19:19 - INFO - [SOL] 当前账户余额: 可用=4.24318581 USDT, 总额=30.60953690 USDT
2025-03-16 19:19:20 - INFO - [SOL] 成功获取1500根15mK线数据
2025-03-16 19:19:20 - INFO - [SOL] 趋势分析: 方向=-1, 强度=28.3, 评分=-65.7
2025-03-16 19:19:20 - INFO - [SOL] 模型预测概率: 卖出=0.0607, 观望=0.9369, 买入=0.0024
2025-03-16 19:19:20 - INFO - [SOL] 当前持仓方向: 空，持仓金额: 131.7500
2025-03-16 19:19:20 - INFO - [SOL] 当前价格: 131.69, AI信号: -1, 持仓数量: 1.0, 开仓均价: 132.09, 未实现盈亏: 0.40 USDT (0.30%)
2025-03-16 19:20:21 - INFO - [SOL] USDT余额: 可用=4.25695087, 总额=30.61267677
2025-03-16 19:20:21 - INFO - [SOL] 当前账户余额: 可用=4.25695087 USDT, 总额=30.61267677 USDT
2025-03-16 19:20:21 - INFO - [SOL] 成功获取1500根15mK线数据
2025-03-16 19:20:21 - INFO - [SOL] 趋势分析: 方向=-1, 强度=28.3, 评分=-65.6
2025-03-16 19:20:21 - INFO - [SOL] 模型预测概率: 卖出=0.0496, 观望=0.9504, 买入=0.0000
2025-03-16 19:20:22 - INFO - [SOL] 当前持仓方向: 空，持仓金额: 131.7469
2025-03-16 19:20:22 - INFO - [SOL] 当前价格: 131.74, AI信号: -1, 持仓数量: 1.0, 开仓均价: 132.09, 未实现盈亏: 0.35 USDT (0.26%)
2025-03-16 19:21:22 - INFO - [SOL] USDT余额: 可用=4.7570997, 总额=31.0295369
2025-03-16 19:21:22 - INFO - [SOL] 当前账户余额: 可用=4.75709970 USDT, 总额=31.02953690 USDT
2025-03-16 19:21:23 - INFO - [SOL] 成功获取1500根15mK线数据
2025-03-16 19:21:23 - INFO - [SOL] 趋势分析: 方向=-1, 强度=28.5, 评分=-66.9
2025-03-16 19:21:23 - INFO - [SOL] 模型预测概率: 卖出=0.0833, 观望=0.9138, 买入=0.0030
2025-03-16 19:21:23 - INFO - [SOL] 当前持仓方向: 空，持仓金额: 131.3200
2025-03-16 19:21:23 - INFO - [SOL] 当前价格: 131.34, AI信号: -1, 持仓数量: 1.0, 开仓均价: 132.09, 未实现盈亏: 0.75 USDT (0.57%)
2025-03-16 19:22:24 - INFO - [SOL] USDT余额: 可用=4.84108562, 总额=31.0995369
2025-03-16 19:22:24 - INFO - [SOL] 当前账户余额: 可用=4.84108562 USDT, 总额=31.09953690 USDT
2025-03-16 19:22:24 - INFO - [SOL] 成功获取1500根15mK线数据
2025-03-16 19:22:24 - INFO - [SOL] 趋势分析: 方向=-1, 强度=28.5, 评分=-67.1
2025-03-16 19:22:24 - INFO - [SOL] 模型预测概率: 卖出=0.0987, 观望=0.8983, 买入=0.0030
2025-03-16 19:22:24 - INFO - [SOL] 当前持仓方向: 空，持仓金额: 131.2600
2025-03-16 19:22:24 - INFO - [SOL] 当前价格: 131.23, AI信号: -1, 持仓数量: 1.0, 开仓均价: 132.09, 未实现盈亏: 0.86 USDT (0.65%)
2025-03-16 19:23:25 - INFO - [SOL] USDT余额: 可用=4.95106779, 总额=31.1995369
2025-03-16 19:23:25 - INFO - [SOL] 当前账户余额: 可用=4.95106779 USDT, 总额=31.19953690 USDT
2025-03-16 19:23:25 - INFO - [SOL] 成功获取1500根15mK线数据
2025-03-16 19:23:25 - INFO - [SOL] 趋势分析: 方向=-1, 强度=28.7, 评分=-67.9
2025-03-16 19:23:25 - INFO - [SOL] 模型预测概率: 卖出=0.1035, 观望=0.8907, 买入=0.0058
2025-03-16 19:23:26 - INFO - [SOL] 当前持仓方向: 空，持仓金额: 131.1534
2025-03-16 19:23:26 - INFO - [SOL] 当前价格: 131.11, AI信号: -1, 持仓数量: 1.0, 开仓均价: 132.09, 未实现盈亏: 0.98 USDT (0.74%)
2025-03-16 19:24:26 - ERROR - [SOL] 获取账户余额失败: binance GET https://fapi.binance.com/fapi/v2/account?timestamp=1742124266349&recvWindow=60000&signature=d37aee9a75675e7fa5cae322de1a460061b47c10786d00b709af9e279cda0dcb
2025-03-16 19:24:26 - WARNING - [SOL] get_balance 调用失败，1/3次尝试: binance GET https://fapi.binance.com/fapi/v2/account?timestamp=1742124266349&recvWindow=60000&signature=d37aee9a75675e7fa5cae322de1a460061b47c10786d00b709af9e279cda0dcb
2025-03-16 19:24:31 - INFO - [SOL] USDT余额: 可用=4.92601718, 总额=31.17426466
2025-03-16 19:24:31 - INFO - [SOL] 当前账户余额: 可用=4.92601718 USDT, 总额=31.17426466 USDT
2025-03-16 19:24:32 - INFO - [SOL] 成功获取1500根15mK线数据
2025-03-16 19:24:32 - INFO - [SOL] 趋势分析: 方向=-1, 强度=28.7, 评分=-67.8
2025-03-16 19:24:32 - INFO - [SOL] 模型预测概率: 卖出=0.0931, 观望=0.9011, 买入=0.0058
2025-03-16 19:24:32 - INFO - [SOL] 当前持仓方向: 空，持仓金额: 131.1850
2025-03-16 19:24:32 - INFO - [SOL] 当前价格: 131.18, AI信号: -1, 持仓数量: 1.0, 开仓均价: 132.09, 未实现盈亏: 0.91 USDT (0.69%)
2025-03-16 19:25:33 - INFO - [SOL] USDT余额: 可用=4.99367578, 总额=31.22671658
2025-03-16 19:25:33 - INFO - [SOL] 当前账户余额: 可用=4.99367578 USDT, 总额=31.22671658 USDT
2025-03-16 19:25:33 - INFO - [SOL] 成功获取1500根15mK线数据
2025-03-16 19:25:33 - INFO - [SOL] 趋势分析: 方向=-1, 强度=28.7, 评分=-67.9
2025-03-16 19:25:33 - INFO - [SOL] 模型预测概率: 卖出=0.1052, 观望=0.8890, 买入=0.0058
2025-03-16 19:25:34 - INFO - [SOL] 当前持仓方向: 空，持仓金额: 131.1332
2025-03-16 19:25:34 - INFO - [SOL] 当前价格: 131.16, AI信号: -1, 持仓数量: 1.0, 开仓均价: 132.09, 未实现盈亏: 0.93 USDT (0.70%)
2025-03-16 19:26:34 - ERROR - [SOL] 获取账户余额失败: binance GET https://fapi.binance.com/fapi/v2/account?timestamp=1742124394251&recvWindow=60000&signature=2500a7a2f420497842c862289dd8800e0df4ad34e62d75a201b02cfe3c911f33
2025-03-16 19:26:34 - WARNING - [SOL] get_balance 调用失败，1/3次尝试: binance GET https://fapi.binance.com/fapi/v2/account?timestamp=1742124394251&recvWindow=60000&signature=2500a7a2f420497842c862289dd8800e0df4ad34e62d75a201b02cfe3c911f33
2025-03-16 19:26:49 - ERROR - [SOL] 获取账户余额失败: binance GET https://fapi.binance.com/fapi/v2/account?timestamp=1742124399272&recvWindow=60000&signature=f1ea8b1df19d6bc23c34c5e8bf2ecf3ef1012e1e2c0d7dcd36a053d35cf85347
2025-03-16 19:26:49 - WARNING - [SOL] get_balance 调用失败，2/3次尝试: binance GET https://fapi.binance.com/fapi/v2/account?timestamp=1742124399272&recvWindow=60000&signature=f1ea8b1df19d6bc23c34c5e8bf2ecf3ef1012e1e2c0d7dcd36a053d35cf85347
2025-03-16 19:26:54 - INFO - [SOL] USDT余额: 可用=5.15418933, 总额=31.36531414
2025-03-16 19:26:54 - INFO - [SOL] 当前账户余额: 可用=5.15418933 USDT, 总额=31.36531414 USDT
2025-03-16 19:26:55 - INFO - [SOL] 成功获取1500根15mK线数据
2025-03-16 19:26:55 - INFO - [SOL] 趋势分析: 方向=-1, 强度=28.7, 评分=-68.1
2025-03-16 19:26:55 - INFO - [SOL] 模型预测概率: 卖出=0.1301, 观望=0.8623, 买入=0.0077
2025-03-16 19:26:55 - INFO - [SOL] 当前持仓方向: 空，持仓金额: 130.9965
2025-03-16 19:26:55 - INFO - [SOL] 当前价格: 131.0, AI信号: -1, 持仓数量: 1.0, 开仓均价: 132.09, 未实现盈亏: 1.09 USDT (0.83%)
2025-03-16 19:27:56 - INFO - [SOL] USDT余额: 可用=5.04905891, 总额=31.27287668
2025-03-16 19:27:56 - INFO - [SOL] 当前账户余额: 可用=5.04905891 USDT, 总额=31.27287668 USDT
2025-03-16 19:27:56 - INFO - [SOL] 成功获取1500根15mK线数据
2025-03-16 19:27:56 - INFO - [SOL] 趋势分析: 方向=-1, 强度=28.7, 评分=-68.0
2025-03-16 19:27:56 - INFO - [SOL] 模型预测概率: 卖出=0.1159, 观望=0.8783, 买入=0.0058
2025-03-16 19:27:56 - INFO - [SOL] 当前持仓方向: 空，持仓金额: 131.0867
2025-03-16 19:27:56 - INFO - [SOL] 当前价格: 131.04, AI信号: -1, 持仓数量: 1.0, 开仓均价: 132.09, 未实现盈亏: 1.05 USDT (0.79%)
2025-03-16 19:28:57 - INFO - [SOL] USDT余额: 可用=5.18902771, 总额=31.3895369
2025-03-16 19:28:57 - INFO - [SOL] 当前账户余额: 可用=5.18902771 USDT, 总额=31.38953690 USDT
2025-03-16 19:28:57 - INFO - [SOL] 成功获取1500根15mK线数据
2025-03-16 19:28:57 - INFO - [SOL] 趋势分析: 方向=-1, 强度=28.7, 评分=-68.1
2025-03-16 19:28:57 - INFO - [SOL] 模型预测概率: 卖出=0.1301, 观望=0.8623, 买入=0.0077
2025-03-16 19:28:58 - INFO - [SOL] 当前持仓方向: 空，持仓金额: 130.9693
2025-03-16 19:28:58 - INFO - [SOL] 当前价格: 130.96, AI信号: -1, 持仓数量: 1.0, 开仓均价: 132.09, 未实现盈亏: 1.13 USDT (0.86%)
2025-03-16 19:29:58 - INFO - [SOL] USDT余额: 可用=4.88107992, 总额=31.1495369
2025-03-16 19:29:58 - INFO - [SOL] 当前账户余额: 可用=4.88107992 USDT, 总额=31.14953690 USDT
2025-03-16 19:29:59 - INFO - [SOL] 成功获取1500根15mK线数据
2025-03-16 19:29:59 - INFO - [SOL] 趋势分析: 方向=-1, 强度=28.7, 评分=-67.8
2025-03-16 19:29:59 - INFO - [SOL] 模型预测概率: 卖出=0.0901, 观望=0.9040, 买入=0.0058
2025-03-16 19:29:59 - INFO - [SOL] 当前持仓方向: 空，持仓金额: 131.2300
2025-03-16 19:29:59 - INFO - [SOL] 当前价格: 131.19, AI信号: -1, 持仓数量: 1.0, 开仓均价: 132.09, 未实现盈亏: 0.90 USDT (0.68%)
2025-03-16 19:31:00 - INFO - [SOL] USDT余额: 可用=4.77162314, 总额=31.04164154
2025-03-16 19:31:00 - INFO - [SOL] 当前账户余额: 可用=4.77162314 USDT, 总额=31.04164154 USDT
2025-03-16 19:31:00 - INFO - [SOL] 成功获取1500根15mK线数据
2025-03-16 19:31:00 - INFO - [SOL] 趋势分析: 方向=-1, 强度=31.0, 评分=-68.3
2025-03-16 19:31:00 - INFO - [SOL] 模型预测概率: 卖出=0.0752, 观望=0.9025, 买入=0.0223
2025-03-16 19:31:01 - INFO - [SOL] 当前持仓方向: 空，持仓金额: 131.3179
2025-03-16 19:31:01 - INFO - [SOL] 当前价格: 131.32, AI信号: -1, 持仓数量: 1.0, 开仓均价: 132.09, 未实现盈亏: 0.77 USDT (0.58%)
2025-03-16 19:32:01 - INFO - [SOL] USDT余额: 可用=5.10248021, 总额=31.31740201
2025-03-16 19:32:01 - INFO - [SOL] 当前账户余额: 可用=5.10248021 USDT, 总额=31.31740201 USDT
2025-03-16 19:32:02 - INFO - [SOL] 成功获取1500根15mK线数据
2025-03-16 19:32:02 - INFO - [SOL] 趋势分析: 方向=-1, 强度=31.0, 评分=-68.6
2025-03-16 19:32:02 - INFO - [SOL] 模型预测概率: 卖出=0.1214, 观望=0.8753, 买入=0.0033
2025-03-16 19:32:02 - INFO - [SOL] 当前持仓方向: 空，持仓金额: 131.0324
2025-03-16 19:32:02 - INFO - [SOL] 当前价格: 131.06, AI信号: -1, 持仓数量: 1.0, 开仓均价: 132.09, 未实现盈亏: 1.03 USDT (0.78%)
2025-03-16 19:33:03 - INFO - [SOL] USDT余额: 可用=5.2150235, 总额=31.4195369
2025-03-16 19:33:03 - INFO - [SOL] 当前账户余额: 可用=5.21502350 USDT, 总额=31.41953690 USDT
2025-03-16 19:33:03 - INFO - [SOL] 成功获取1500根15mK线数据
2025-03-16 19:33:03 - INFO - [SOL] 趋势分析: 方向=-1, 强度=31.1, 评分=-68.8
2025-03-16 19:33:03 - INFO - [SOL] 模型预测概率: 卖出=0.1440, 观望=0.8527, 买入=0.0033
2025-03-16 19:33:03 - INFO - [SOL] 当前持仓方向: 空，持仓金额: 130.9375
2025-03-16 19:33:03 - INFO - [SOL] 当前价格: 130.95, AI信号: -1, 持仓数量: 1.0, 开仓均价: 132.09, 未实现盈亏: 1.14 USDT (0.86%)
2025-03-16 19:34:03 - ERROR - [SOL] 获取账户余额失败: binance GET https://fapi.binance.com/fapi/v2/account?timestamp=1742124843912&recvWindow=60000&signature=7764b4be8dc7a78b6e77ec80c729163be6b5ea11660eb79557aa72ea1e2c5c19
2025-03-16 19:34:03 - WARNING - [SOL] get_balance 调用失败，1/3次尝试: binance GET https://fapi.binance.com/fapi/v2/account?timestamp=1742124843912&recvWindow=60000&signature=7764b4be8dc7a78b6e77ec80c729163be6b5ea11660eb79557aa72ea1e2c5c19
2025-03-16 19:34:09 - INFO - [SOL] USDT余额: 可用=5.09504381, 总额=31.3195369
2025-03-16 19:34:09 - INFO - [SOL] 当前账户余额: 可用=5.09504381 USDT, 总额=31.31953690 USDT
2025-03-16 19:34:09 - INFO - [SOL] 成功获取1500根15mK线数据
2025-03-16 19:34:09 - INFO - [SOL] 趋势分析: 方向=-1, 强度=31.1, 评分=-68.6
2025-03-16 19:34:09 - INFO - [SOL] 模型预测概率: 卖出=0.1287, 观望=0.8680, 买入=0.0033
2025-03-16 19:34:10 - INFO - [SOL] 当前持仓方向: 空，持仓金额: 131.0500
2025-03-16 19:34:10 - INFO - [SOL] 当前价格: 131.02, AI信号: -1, 持仓数量: 1.0, 开仓均价: 132.09, 未实现盈亏: 1.07 USDT (0.81%)
2025-03-16 19:35:10 - INFO - [SOL] USDT余额: 可用=5.13538376, 总额=31.34482593
2025-03-16 19:35:10 - INFO - [SOL] 当前账户余额: 可用=5.13538376 USDT, 总额=31.34482593 USDT
2025-03-16 19:35:11 - INFO - [SOL] 成功获取1500根15mK线数据
2025-03-16 19:35:11 - INFO - [SOL] 趋势分析: 方向=-1, 强度=31.1, 评分=-68.7
2025-03-16 19:35:11 - INFO - [SOL] 模型预测概率: 卖出=0.1350, 观望=0.8617, 买入=0.0033
2025-03-16 19:35:11 - INFO - [SOL] 当前持仓方向: 空，持仓金额: 131.0147
2025-03-16 19:35:11 - INFO - [SOL] 当前价格: 131.01, AI信号: -1, 持仓数量: 1.0, 开仓均价: 132.09, 未实现盈亏: 1.08 USDT (0.82%)
2025-03-16 19:36:12 - INFO - [SOL] USDT余额: 可用=5.14154989, 总额=31.34996561
2025-03-16 19:36:12 - INFO - [SOL] 当前账户余额: 可用=5.14154989 USDT, 总额=31.34996561 USDT
2025-03-16 19:36:12 - INFO - [SOL] 成功获取1500根15mK线数据
2025-03-16 19:36:12 - INFO - [SOL] 趋势分析: 方向=-1, 强度=31.1, 评分=-68.7
2025-03-16 19:36:12 - INFO - [SOL] 模型预测概率: 卖出=0.1350, 观望=0.8617, 买入=0.0033
2025-03-16 19:36:13 - INFO - [SOL] 当前持仓方向: 空，持仓金额: 131.0096
2025-03-16 19:36:13 - INFO - [SOL] 当前价格: 131.0, AI信号: -1, 持仓数量: 1.0, 开仓均价: 132.09, 未实现盈亏: 1.09 USDT (0.83%)
2025-03-16 19:37:18 - ERROR - [SOL] 获取账户余额失败: binance GET https://fapi.binance.com/fapi/v2/account?timestamp=1742125033189&recvWindow=60000&signature=06102f2d4e17f2a99286bcce64707666620d19ca606ded36f412826c8828f47c
2025-03-16 19:37:18 - WARNING - [SOL] get_balance 调用失败，1/3次尝试: binance GET https://fapi.binance.com/fapi/v2/account?timestamp=1742125033189&recvWindow=60000&signature=06102f2d4e17f2a99286bcce64707666620d19ca606ded36f412826c8828f47c
2025-03-16 19:37:28 - ERROR - [SOL] 获取账户余额失败: binance GET https://fapi.binance.com/fapi/v2/account?timestamp=1742125043206&recvWindow=60000&signature=f2597bcb50e8ae347422b25d4e0ee5bc42fa94f2465322017d6b177859ce245c
2025-03-16 19:37:28 - WARNING - [SOL] get_balance 调用失败，2/3次尝试: binance GET https://fapi.binance.com/fapi/v2/account?timestamp=1742125043206&recvWindow=60000&signature=f2597bcb50e8ae347422b25d4e0ee5bc42fa94f2465322017d6b177859ce245c
2025-03-16 19:37:38 - ERROR - [SOL] 获取账户余额失败: binance GET https://fapi.binance.com/fapi/v2/account?timestamp=1742125053220&recvWindow=60000&signature=f5ec2cce074b87da2d1068ca5e74f9254ef2d07702692fc2b15af89cd221e9ca
2025-03-16 19:37:38 - ERROR - [SOL] get_balance 调用失败，已达到最大重试次数: binance GET https://fapi.binance.com/fapi/v2/account?timestamp=1742125053220&recvWindow=60000&signature=f5ec2cce074b87da2d1068ca5e74f9254ef2d07702692fc2b15af89cd221e9ca
2025-03-16 19:37:38 - ERROR - [SOL] SOLUSDT 交易过程出错: binance GET https://fapi.binance.com/fapi/v2/account?timestamp=1742125053220&recvWindow=60000&signature=f5ec2cce074b87da2d1068ca5e74f9254ef2d07702692fc2b15af89cd221e9ca
2025-03-16 19:38:53 - ERROR - [SOL] 获取账户余额失败: binance GET https://fapi.binance.com/fapi/v2/account?timestamp=1742125128248&recvWindow=60000&signature=1452072d93ad3ba218f05087b0a08b43da2807657db085b4a7ff241441132ab8
2025-03-16 19:38:53 - WARNING - [SOL] get_balance 调用失败，1/3次尝试: binance GET https://fapi.binance.com/fapi/v2/account?timestamp=1742125128248&recvWindow=60000&signature=1452072d93ad3ba218f05087b0a08b43da2807657db085b4a7ff241441132ab8
2025-03-16 19:39:03 - ERROR - [SOL] 获取账户余额失败: binance GET https://fapi.binance.com/fapi/v2/account?timestamp=1742125138263&recvWindow=60000&signature=a2eac416546cb31a9ea946ec60bf6ab8354986f2a44b524a745873c263ca0c53
2025-03-16 19:39:03 - WARNING - [SOL] get_balance 调用失败，2/3次尝试: binance GET https://fapi.binance.com/fapi/v2/account?timestamp=1742125138263&recvWindow=60000&signature=a2eac416546cb31a9ea946ec60bf6ab8354986f2a44b524a745873c263ca0c53
2025-03-16 19:39:13 - ERROR - [SOL] 获取账户余额失败: binance GET https://fapi.binance.com/fapi/v2/account?timestamp=1742125148279&recvWindow=60000&signature=1eff87b3f81ac4d3e22ab57971127dc535164390ea010ab87276245a6b3a1ad0
2025-03-16 19:39:13 - ERROR - [SOL] get_balance 调用失败，已达到最大重试次数: binance GET https://fapi.binance.com/fapi/v2/account?timestamp=1742125148279&recvWindow=60000&signature=1eff87b3f81ac4d3e22ab57971127dc535164390ea010ab87276245a6b3a1ad0
2025-03-16 19:39:13 - ERROR - [SOL] SOLUSDT 交易过程出错: binance GET https://fapi.binance.com/fapi/v2/account?timestamp=1742125148279&recvWindow=60000&signature=1eff87b3f81ac4d3e22ab57971127dc535164390ea010ab87276245a6b3a1ad0
2025-03-16 19:40:28 - ERROR - [SOL] 获取账户余额失败: binance GET https://fapi.binance.com/fapi/v2/account?timestamp=1742125223301&recvWindow=60000&signature=253371a71f3bba20313dd8fe91ef0eb15f5e1a268de2973017a3bc8e05629298
2025-03-16 19:40:28 - WARNING - [SOL] get_balance 调用失败，1/3次尝试: binance GET https://fapi.binance.com/fapi/v2/account?timestamp=1742125223301&recvWindow=60000&signature=253371a71f3bba20313dd8fe91ef0eb15f5e1a268de2973017a3bc8e05629298
2025-03-16 19:40:38 - ERROR - [SOL] 获取账户余额失败: binance GET https://fapi.binance.com/fapi/v2/account?timestamp=1742125233315&recvWindow=60000&signature=38f8443da1a9a08b0e12be18d0866a649421dc1abe6b3ad0398fba84517022c6
2025-03-16 19:40:38 - WARNING - [SOL] get_balance 调用失败，2/3次尝试: binance GET https://fapi.binance.com/fapi/v2/account?timestamp=1742125233315&recvWindow=60000&signature=38f8443da1a9a08b0e12be18d0866a649421dc1abe6b3ad0398fba84517022c6
2025-03-16 19:40:48 - ERROR - [SOL] 获取账户余额失败: binance GET https://fapi.binance.com/fapi/v2/account?timestamp=1742125243323&recvWindow=60000&signature=d072169caa9cc2577b3c409c0e9b4968f328a682cef53334e28db29cd9f97bd3
2025-03-16 19:40:48 - ERROR - [SOL] get_balance 调用失败，已达到最大重试次数: binance GET https://fapi.binance.com/fapi/v2/account?timestamp=1742125243323&recvWindow=60000&signature=d072169caa9cc2577b3c409c0e9b4968f328a682cef53334e28db29cd9f97bd3
2025-03-16 19:40:48 - ERROR - [SOL] SOLUSDT 交易过程出错: binance GET https://fapi.binance.com/fapi/v2/account?timestamp=1742125243323&recvWindow=60000&signature=d072169caa9cc2577b3c409c0e9b4968f328a682cef53334e28db29cd9f97bd3
2025-03-16 19:42:03 - ERROR - [SOL] 获取账户余额失败: binance GET https://fapi.binance.com/fapi/v2/account?timestamp=1742125318350&recvWindow=60000&signature=1270bbb5c4a46a3f01d24d5c0dc59e23220b18a8d5795bc865c1867c637c6c62
2025-03-16 19:42:03 - WARNING - [SOL] get_balance 调用失败，1/3次尝试: binance GET https://fapi.binance.com/fapi/v2/account?timestamp=1742125318350&recvWindow=60000&signature=1270bbb5c4a46a3f01d24d5c0dc59e23220b18a8d5795bc865c1867c637c6c62
2025-03-16 19:42:13 - ERROR - [SOL] 获取账户余额失败: binance GET https://fapi.binance.com/fapi/v2/account?timestamp=1742125328370&recvWindow=60000&signature=71b6cba5f74aacbf8454840da931be32d5a2f8117f191dc43b066065482fc610
2025-03-16 19:42:13 - WARNING - [SOL] get_balance 调用失败，2/3次尝试: binance GET https://fapi.binance.com/fapi/v2/account?timestamp=1742125328370&recvWindow=60000&signature=71b6cba5f74aacbf8454840da931be32d5a2f8117f191dc43b066065482fc610
2025-03-16 19:42:23 - ERROR - [SOL] 获取账户余额失败: binance GET https://fapi.binance.com/fapi/v2/account?timestamp=1742125338388&recvWindow=60000&signature=5af62c157cdf46fd8c3b1f9df6e7a5f0c02a38a10f4bca48e4c6e2e74eb336c1
2025-03-16 19:42:23 - ERROR - [SOL] get_balance 调用失败，已达到最大重试次数: binance GET https://fapi.binance.com/fapi/v2/account?timestamp=1742125338388&recvWindow=60000&signature=5af62c157cdf46fd8c3b1f9df6e7a5f0c02a38a10f4bca48e4c6e2e74eb336c1
2025-03-16 19:42:23 - ERROR - [SOL] SOLUSDT 交易过程出错: binance GET https://fapi.binance.com/fapi/v2/account?timestamp=1742125338388&recvWindow=60000&signature=5af62c157cdf46fd8c3b1f9df6e7a5f0c02a38a10f4bca48e4c6e2e74eb336c1
2025-03-16 19:43:38 - ERROR - [SOL] 获取账户余额失败: binance GET https://fapi.binance.com/fapi/v2/account?timestamp=1742125413415&recvWindow=60000&signature=cf73a076a7c70ee6f9a7f8d356784ca96241778d87cb4a3c79cf98eb36ebf1ae
2025-03-16 19:43:38 - WARNING - [SOL] get_balance 调用失败，1/3次尝试: binance GET https://fapi.binance.com/fapi/v2/account?timestamp=1742125413415&recvWindow=60000&signature=cf73a076a7c70ee6f9a7f8d356784ca96241778d87cb4a3c79cf98eb36ebf1ae
2025-03-16 19:43:48 - ERROR - [SOL] 获取账户余额失败: binance GET https://fapi.binance.com/fapi/v2/account?timestamp=1742125423434&recvWindow=60000&signature=5350026497133f2990ffdbf184b048752e32ed7afb3f89d5e129cb535e731d9b
2025-03-16 19:43:48 - WARNING - [SOL] get_balance 调用失败，2/3次尝试: binance GET https://fapi.binance.com/fapi/v2/account?timestamp=1742125423434&recvWindow=60000&signature=5350026497133f2990ffdbf184b048752e32ed7afb3f89d5e129cb535e731d9b
2025-03-16 19:43:58 - ERROR - [SOL] 获取账户余额失败: binance GET https://fapi.binance.com/fapi/v2/account?timestamp=1742125433457&recvWindow=60000&signature=265fbca906507e427814e663408dc3481969cf3302ebfbf7e06fed283f7bba22
2025-03-16 19:43:58 - ERROR - [SOL] get_balance 调用失败，已达到最大重试次数: binance GET https://fapi.binance.com/fapi/v2/account?timestamp=1742125433457&recvWindow=60000&signature=265fbca906507e427814e663408dc3481969cf3302ebfbf7e06fed283f7bba22
2025-03-16 19:43:58 - ERROR - [SOL] SOLUSDT 交易过程出错: binance GET https://fapi.binance.com/fapi/v2/account?timestamp=1742125433457&recvWindow=60000&signature=265fbca906507e427814e663408dc3481969cf3302ebfbf7e06fed283f7bba22
2025-03-16 19:45:13 - ERROR - [SOL] 获取账户余额失败: binance GET https://fapi.binance.com/fapi/v2/account?timestamp=1742125508481&recvWindow=60000&signature=dab816bddc1d22065f0401503db0b0c512a7d61947e37c72c4cf7d5731362cd4
2025-03-16 19:45:13 - WARNING - [SOL] get_balance 调用失败，1/3次尝试: binance GET https://fapi.binance.com/fapi/v2/account?timestamp=1742125508481&recvWindow=60000&signature=dab816bddc1d22065f0401503db0b0c512a7d61947e37c72c4cf7d5731362cd4
2025-03-16 19:45:23 - ERROR - [SOL] 获取账户余额失败: binance GET https://fapi.binance.com/fapi/v2/account?timestamp=1742125518499&recvWindow=60000&signature=6a44db6ad8b655753807ecefa70edbeda4de647551005006855f72b1f5008140
2025-03-16 19:45:23 - WARNING - [SOL] get_balance 调用失败，2/3次尝试: binance GET https://fapi.binance.com/fapi/v2/account?timestamp=1742125518499&recvWindow=60000&signature=6a44db6ad8b655753807ecefa70edbeda4de647551005006855f72b1f5008140
2025-03-16 19:45:33 - ERROR - [SOL] 获取账户余额失败: binance GET https://fapi.binance.com/fapi/v2/account?timestamp=1742125528515&recvWindow=60000&signature=ef4981e6c430d9d8c503d6be0d9a8914088f763e134ed8e6b8b1348b02ab907c
2025-03-16 19:45:33 - ERROR - [SOL] get_balance 调用失败，已达到最大重试次数: binance GET https://fapi.binance.com/fapi/v2/account?timestamp=1742125528515&recvWindow=60000&signature=ef4981e6c430d9d8c503d6be0d9a8914088f763e134ed8e6b8b1348b02ab907c
2025-03-16 19:45:33 - ERROR - [SOL] SOLUSDT 交易过程出错: binance GET https://fapi.binance.com/fapi/v2/account?timestamp=1742125528515&recvWindow=60000&signature=ef4981e6c430d9d8c503d6be0d9a8914088f763e134ed8e6b8b1348b02ab907c
2025-03-16 19:46:48 - ERROR - [SOL] 获取账户余额失败: binance GET https://fapi.binance.com/fapi/v2/account?timestamp=1742125603536&recvWindow=60000&signature=c269660ace53d4d17ce232f98654390a315baef4b317cb935cdb739b230bff69
2025-03-16 19:46:48 - WARNING - [SOL] get_balance 调用失败，1/3次尝试: binance GET https://fapi.binance.com/fapi/v2/account?timestamp=1742125603536&recvWindow=60000&signature=c269660ace53d4d17ce232f98654390a315baef4b317cb935cdb739b230bff69
2025-03-16 19:46:58 - ERROR - [SOL] 获取账户余额失败: binance GET https://fapi.binance.com/fapi/v2/account?timestamp=1742125613549&recvWindow=60000&signature=2a6d6a8b54dc2f16f0204cb9156fe93644c09250e21f848d4bee786013df2e64
2025-03-16 19:46:58 - WARNING - [SOL] get_balance 调用失败，2/3次尝试: binance GET https://fapi.binance.com/fapi/v2/account?timestamp=1742125613549&recvWindow=60000&signature=2a6d6a8b54dc2f16f0204cb9156fe93644c09250e21f848d4bee786013df2e64
2025-03-16 19:47:08 - ERROR - [SOL] 获取账户余额失败: binance GET https://fapi.binance.com/fapi/v2/account?timestamp=1742125623561&recvWindow=60000&signature=5f7d158e30aa577c104e15cef2496717d2722ac34312c00d1258e21cde54c14c
2025-03-16 19:47:08 - ERROR - [SOL] get_balance 调用失败，已达到最大重试次数: binance GET https://fapi.binance.com/fapi/v2/account?timestamp=1742125623561&recvWindow=60000&signature=5f7d158e30aa577c104e15cef2496717d2722ac34312c00d1258e21cde54c14c
2025-03-16 19:47:08 - ERROR - [SOL] SOLUSDT 交易过程出错: binance GET https://fapi.binance.com/fapi/v2/account?timestamp=1742125623561&recvWindow=60000&signature=5f7d158e30aa577c104e15cef2496717d2722ac34312c00d1258e21cde54c14c
2025-03-16 19:48:23 - ERROR - [SOL] 获取账户余额失败: binance GET https://fapi.binance.com/fapi/v2/account?timestamp=1742125698585&recvWindow=60000&signature=95bde6c79c457c6b50743a312f6c821c04a019f0d68ed34a5fe9a6b07347a2cc
2025-03-16 19:48:23 - WARNING - [SOL] get_balance 调用失败，1/3次尝试: binance GET https://fapi.binance.com/fapi/v2/account?timestamp=1742125698585&recvWindow=60000&signature=95bde6c79c457c6b50743a312f6c821c04a019f0d68ed34a5fe9a6b07347a2cc
2025-03-16 19:48:33 - ERROR - [SOL] 获取账户余额失败: binance GET https://fapi.binance.com/fapi/v2/account?timestamp=1742125708602&recvWindow=60000&signature=645f4bc6bfa8a1b24c4448ee1515540b590fa85bdbcf4bdfa3d78a1de65abd60
2025-03-16 19:48:33 - WARNING - [SOL] get_balance 调用失败，2/3次尝试: binance GET https://fapi.binance.com/fapi/v2/account?timestamp=1742125708602&recvWindow=60000&signature=645f4bc6bfa8a1b24c4448ee1515540b590fa85bdbcf4bdfa3d78a1de65abd60
2025-03-16 19:48:43 - ERROR - [SOL] 获取账户余额失败: binance GET https://fapi.binance.com/fapi/v2/account?timestamp=1742125718622&recvWindow=60000&signature=c8e5c43d46f81232ead2b5aec557948b5fe35eca9b1aac4fb6f462dd894f7e2d
2025-03-16 19:48:43 - ERROR - [SOL] get_balance 调用失败，已达到最大重试次数: binance GET https://fapi.binance.com/fapi/v2/account?timestamp=1742125718622&recvWindow=60000&signature=c8e5c43d46f81232ead2b5aec557948b5fe35eca9b1aac4fb6f462dd894f7e2d
2025-03-16 19:48:43 - ERROR - [SOL] SOLUSDT 交易过程出错: binance GET https://fapi.binance.com/fapi/v2/account?timestamp=1742125718622&recvWindow=60000&signature=c8e5c43d46f81232ead2b5aec557948b5fe35eca9b1aac4fb6f462dd894f7e2d
2025-03-16 19:49:58 - ERROR - [SOL] 获取账户余额失败: binance GET https://fapi.binance.com/fapi/v2/account?timestamp=1742125793636&recvWindow=60000&signature=11bd1767e9f78dafa69f99cb41b03e92d39bb4b0d2e8aa83a9141d81af8664a2
2025-03-16 19:49:58 - WARNING - [SOL] get_balance 调用失败，1/3次尝试: binance GET https://fapi.binance.com/fapi/v2/account?timestamp=1742125793636&recvWindow=60000&signature=11bd1767e9f78dafa69f99cb41b03e92d39bb4b0d2e8aa83a9141d81af8664a2
2025-03-16 19:50:08 - ERROR - [SOL] 获取账户余额失败: binance GET https://fapi.binance.com/fapi/v2/account?timestamp=1742125803646&recvWindow=60000&signature=b425e81ec597944e2d2daec75304b9b39f8f2d1fff0497682893cabe6087225f
2025-03-16 19:50:08 - WARNING - [SOL] get_balance 调用失败，2/3次尝试: binance GET https://fapi.binance.com/fapi/v2/account?timestamp=1742125803646&recvWindow=60000&signature=b425e81ec597944e2d2daec75304b9b39f8f2d1fff0497682893cabe6087225f
2025-03-16 19:50:18 - ERROR - [SOL] 获取账户余额失败: binance GET https://fapi.binance.com/fapi/v2/account?timestamp=1742125813658&recvWindow=60000&signature=70eb4362561c4e18e9f0ca1ba5f9d57b17209339dec19a1f0a4243ba27456b3f
2025-03-16 19:50:18 - ERROR - [SOL] get_balance 调用失败，已达到最大重试次数: binance GET https://fapi.binance.com/fapi/v2/account?timestamp=1742125813658&recvWindow=60000&signature=70eb4362561c4e18e9f0ca1ba5f9d57b17209339dec19a1f0a4243ba27456b3f
2025-03-16 19:50:18 - ERROR - [SOL] SOLUSDT 交易过程出错: binance GET https://fapi.binance.com/fapi/v2/account?timestamp=1742125813658&recvWindow=60000&signature=70eb4362561c4e18e9f0ca1ba5f9d57b17209339dec19a1f0a4243ba27456b3f
2025-03-16 19:51:33 - ERROR - [SOL] 获取账户余额失败: binance GET https://fapi.binance.com/fapi/v2/account?timestamp=1742125888676&recvWindow=60000&signature=d55d7b8ebaa076a9b57752aaeefd6edc4ce3aa6725f57ab2786582f97d174c4c
2025-03-16 19:51:33 - WARNING - [SOL] get_balance 调用失败，1/3次尝试: binance GET https://fapi.binance.com/fapi/v2/account?timestamp=1742125888676&recvWindow=60000&signature=d55d7b8ebaa076a9b57752aaeefd6edc4ce3aa6725f57ab2786582f97d174c4c
2025-03-16 19:51:43 - ERROR - [SOL] 获取账户余额失败: binance GET https://fapi.binance.com/fapi/v2/account?timestamp=1742125898692&recvWindow=60000&signature=7089c03e45f84fd5266e120892eebea67abab556c982e5ee18447023d7ce6b0c
2025-03-16 19:51:43 - WARNING - [SOL] get_balance 调用失败，2/3次尝试: binance GET https://fapi.binance.com/fapi/v2/account?timestamp=1742125898692&recvWindow=60000&signature=7089c03e45f84fd5266e120892eebea67abab556c982e5ee18447023d7ce6b0c
2025-03-16 19:51:53 - ERROR - [SOL] 获取账户余额失败: binance GET https://fapi.binance.com/fapi/v2/account?timestamp=1742125908704&recvWindow=60000&signature=4c2b3ad414693734272441d7fee52bf1a3540176635c8e7beb0fd72d4b5be9c9
2025-03-16 19:51:53 - ERROR - [SOL] get_balance 调用失败，已达到最大重试次数: binance GET https://fapi.binance.com/fapi/v2/account?timestamp=1742125908704&recvWindow=60000&signature=4c2b3ad414693734272441d7fee52bf1a3540176635c8e7beb0fd72d4b5be9c9
2025-03-16 19:51:53 - ERROR - [SOL] SOLUSDT 交易过程出错: binance GET https://fapi.binance.com/fapi/v2/account?timestamp=1742125908704&recvWindow=60000&signature=4c2b3ad414693734272441d7fee52bf1a3540176635c8e7beb0fd72d4b5be9c9
2025-03-16 19:53:08 - ERROR - [SOL] 获取账户余额失败: binance GET https://fapi.binance.com/fapi/v2/account?timestamp=1742125983722&recvWindow=60000&signature=52aca6cb35701b15f302eae4740c74275e2dc8057ef597d2d6a0254862ced70a
2025-03-16 19:53:08 - WARNING - [SOL] get_balance 调用失败，1/3次尝试: binance GET https://fapi.binance.com/fapi/v2/account?timestamp=1742125983722&recvWindow=60000&signature=52aca6cb35701b15f302eae4740c74275e2dc8057ef597d2d6a0254862ced70a
2025-03-16 19:53:18 - ERROR - [SOL] 获取账户余额失败: binance GET https://fapi.binance.com/fapi/v2/account?timestamp=1742125993742&recvWindow=60000&signature=8e818de5720d8c1e858fe3c5db6095a6ea63ef37f5d31ca9f5f6ec3786f8a18d
2025-03-16 19:53:18 - WARNING - [SOL] get_balance 调用失败，2/3次尝试: binance GET https://fapi.binance.com/fapi/v2/account?timestamp=1742125993742&recvWindow=60000&signature=8e818de5720d8c1e858fe3c5db6095a6ea63ef37f5d31ca9f5f6ec3786f8a18d
2025-03-16 19:53:28 - ERROR - [SOL] 获取账户余额失败: binance GET https://fapi.binance.com/fapi/v2/account?timestamp=1742126003759&recvWindow=60000&signature=cd1d4dbe008d5decc2e6ccb5b412df60a6d9af94bfc83fc1589c75ebcffd37cc
2025-03-16 19:53:28 - ERROR - [SOL] get_balance 调用失败，已达到最大重试次数: binance GET https://fapi.binance.com/fapi/v2/account?timestamp=1742126003759&recvWindow=60000&signature=cd1d4dbe008d5decc2e6ccb5b412df60a6d9af94bfc83fc1589c75ebcffd37cc
2025-03-16 19:53:28 - ERROR - [SOL] SOLUSDT 交易过程出错: binance GET https://fapi.binance.com/fapi/v2/account?timestamp=1742126003759&recvWindow=60000&signature=cd1d4dbe008d5decc2e6ccb5b412df60a6d9af94bfc83fc1589c75ebcffd37cc
2025-03-16 19:54:43 - ERROR - [SOL] 获取账户余额失败: binance GET https://fapi.binance.com/fapi/v2/account?timestamp=1742126078788&recvWindow=60000&signature=9312ae6202e54fc7e7726cf376ec0a29d0611f72e12e3611542d3b2454649a81
2025-03-16 19:54:43 - WARNING - [SOL] get_balance 调用失败，1/3次尝试: binance GET https://fapi.binance.com/fapi/v2/account?timestamp=1742126078788&recvWindow=60000&signature=9312ae6202e54fc7e7726cf376ec0a29d0611f72e12e3611542d3b2454649a81
2025-03-16 19:54:53 - ERROR - [SOL] 获取账户余额失败: binance GET https://fapi.binance.com/fapi/v2/account?timestamp=1742126088799&recvWindow=60000&signature=0080010a48bcd370e3065a91452272c2fe290f8f6d8805e9d91f5dab6cd0faa0
2025-03-16 19:54:53 - WARNING - [SOL] get_balance 调用失败，2/3次尝试: binance GET https://fapi.binance.com/fapi/v2/account?timestamp=1742126088799&recvWindow=60000&signature=0080010a48bcd370e3065a91452272c2fe290f8f6d8805e9d91f5dab6cd0faa0
2025-03-16 19:55:03 - ERROR - [SOL] 获取账户余额失败: binance GET https://fapi.binance.com/fapi/v2/account?timestamp=1742126098818&recvWindow=60000&signature=710bdba652aa8781df6eda7dbfd1b85e9746ad294be2339a031b324f2f628454
2025-03-16 19:55:03 - ERROR - [SOL] get_balance 调用失败，已达到最大重试次数: binance GET https://fapi.binance.com/fapi/v2/account?timestamp=1742126098818&recvWindow=60000&signature=710bdba652aa8781df6eda7dbfd1b85e9746ad294be2339a031b324f2f628454
2025-03-16 19:55:03 - ERROR - [SOL] SOLUSDT 交易过程出错: binance GET https://fapi.binance.com/fapi/v2/account?timestamp=1742126098818&recvWindow=60000&signature=710bdba652aa8781df6eda7dbfd1b85e9746ad294be2339a031b324f2f628454
2025-03-16 19:56:18 - ERROR - [SOL] 获取账户余额失败: binance GET https://fapi.binance.com/fapi/v2/account?timestamp=1742126173833&recvWindow=60000&signature=25e8337663c01d6c27f39d0b8d5da9b460886bcd5b393f74f4cee209cb6b439d
2025-03-16 19:56:18 - WARNING - [SOL] get_balance 调用失败，1/3次尝试: binance GET https://fapi.binance.com/fapi/v2/account?timestamp=1742126173833&recvWindow=60000&signature=25e8337663c01d6c27f39d0b8d5da9b460886bcd5b393f74f4cee209cb6b439d
2025-03-16 19:56:28 - ERROR - [SOL] 获取账户余额失败: binance GET https://fapi.binance.com/fapi/v2/account?timestamp=1742126183845&recvWindow=60000&signature=e54c121a0e115e44ac5a892ede53ce1d244ea74b63d89c09b17f97f31a7c1a59
2025-03-16 19:56:28 - WARNING - [SOL] get_balance 调用失败，2/3次尝试: binance GET https://fapi.binance.com/fapi/v2/account?timestamp=1742126183845&recvWindow=60000&signature=e54c121a0e115e44ac5a892ede53ce1d244ea74b63d89c09b17f97f31a7c1a59
2025-03-16 19:56:38 - ERROR - [SOL] 获取账户余额失败: binance GET https://fapi.binance.com/fapi/v2/account?timestamp=1742126193858&recvWindow=60000&signature=609e0fd04843e67fa8c23bc6203474d2ac9e4e7d95c926f16b0125cced5dfb3e
2025-03-16 19:56:38 - ERROR - [SOL] get_balance 调用失败，已达到最大重试次数: binance GET https://fapi.binance.com/fapi/v2/account?timestamp=1742126193858&recvWindow=60000&signature=609e0fd04843e67fa8c23bc6203474d2ac9e4e7d95c926f16b0125cced5dfb3e
2025-03-16 19:56:38 - ERROR - [SOL] SOLUSDT 交易过程出错: binance GET https://fapi.binance.com/fapi/v2/account?timestamp=1742126193858&recvWindow=60000&signature=609e0fd04843e67fa8c23bc6203474d2ac9e4e7d95c926f16b0125cced5dfb3e
2025-03-16 19:57:53 - ERROR - [SOL] 获取账户余额失败: binance GET https://fapi.binance.com/fapi/v2/account?timestamp=1742126268875&recvWindow=60000&signature=738bd132c6742ac3c8e1194bfe9635034cf8207b4e1a52a54db93b5b8f07f6c1
2025-03-16 19:57:53 - WARNING - [SOL] get_balance 调用失败，1/3次尝试: binance GET https://fapi.binance.com/fapi/v2/account?timestamp=1742126268875&recvWindow=60000&signature=738bd132c6742ac3c8e1194bfe9635034cf8207b4e1a52a54db93b5b8f07f6c1
2025-03-16 19:58:03 - ERROR - [SOL] 获取账户余额失败: binance GET https://fapi.binance.com/fapi/v2/account?timestamp=1742126278891&recvWindow=60000&signature=9e07ec2feba4f85345ab18406cd1e9a1dd83e4fe1fb5f9ab682704f63cd97aa9
2025-03-16 19:58:03 - WARNING - [SOL] get_balance 调用失败，2/3次尝试: binance GET https://fapi.binance.com/fapi/v2/account?timestamp=1742126278891&recvWindow=60000&signature=9e07ec2feba4f85345ab18406cd1e9a1dd83e4fe1fb5f9ab682704f63cd97aa9
2025-03-16 19:58:13 - ERROR - [SOL] 获取账户余额失败: binance GET https://fapi.binance.com/fapi/v2/account?timestamp=1742126288905&recvWindow=60000&signature=792c0ee352db78fa3a10f0d22ed469545012b94ebc68af9370198dda5521cadd
2025-03-16 19:58:13 - ERROR - [SOL] get_balance 调用失败，已达到最大重试次数: binance GET https://fapi.binance.com/fapi/v2/account?timestamp=1742126288905&recvWindow=60000&signature=792c0ee352db78fa3a10f0d22ed469545012b94ebc68af9370198dda5521cadd
2025-03-16 19:58:13 - ERROR - [SOL] SOLUSDT 交易过程出错: binance GET https://fapi.binance.com/fapi/v2/account?timestamp=1742126288905&recvWindow=60000&signature=792c0ee352db78fa3a10f0d22ed469545012b94ebc68af9370198dda5521cadd
2025-03-16 20:00:02 - INFO - [root] ==================================================
2025-03-16 20:00:02 - INFO - [root] 日志系统初始化完成 - 2025-03-16 20:00:02
2025-03-16 20:00:02 - INFO - [root] ==================================================
2025-03-16 20:00:09 - INFO - [utils.exchange] 代理连接测试成功
2025-03-16 20:00:14 - INFO - [utils.exchange] 服务器时间差: 4016 ms
2025-03-16 20:00:14 - WARNING - [utils.exchange] 检测到较大的时间差异: 4016ms，正在调整...
2025-03-16 20:00:14 - INFO - [utils.exchange] 已设置时间差异补偿: 4016ms
2025-03-16 20:00:27 - INFO - [utils.exchange] API权限验证成功
2025-03-16 20:00:27 - INFO - [SOL] 当前已经是单向持仓模式
2025-03-16 20:00:27 - INFO - [SOL] 设置杠杆倍数 5倍 成功
2025-03-16 20:00:28 - INFO - [SOL] 当前已经是CROSSED保证金模式
2025-03-16 20:00:28 - INFO - [SOL] 交易器初始化成功 for SOLUSDT
2025-03-16 20:00:28 - INFO - [SOL] 获取历史K线数据进行初始训练...
2025-03-16 20:00:28 - INFO - [SOL] 成功获取1500根15mK线数据
2025-03-16 20:00:28 - INFO - [SOL] 成功获取1500根15mK线数据
2025-03-16 20:00:28 - INFO - [SOL] 标签分布: 看跌=48, 盘整=1389, 看涨=63
2025-03-16 20:00:29 - INFO - [SOL] 模型评估结果:
2025-03-16 20:00:29 - INFO - [SOL] Accuracy: 0.9854
2025-03-16 20:00:29 - INFO - [SOL] Precision: 0.9880
2025-03-16 20:00:29 - INFO - [SOL] Recall: 0.9854
2025-03-16 20:00:29 - INFO - [SOL] F1 Score: 0.9861
2025-03-16 20:00:29 - INFO - [SOL] 初始模型训练完成
2025-03-16 20:00:29 - INFO - [SOL] 初始化 SOLUSDT 交易器和策略成功
2025-03-16 20:00:29 - INFO - [SOL] 交易线程启动成功
2025-03-16 20:00:29 - INFO - [root] 启动线程监控
2025-03-16 20:00:29 - INFO - [root] 交易系统启动成功，正在交易的币对: SOLUSDT
2025-03-16 20:00:29 - INFO - [SOL] USDT余额: 可用=6.4352266, 总额=32.42820893
2025-03-16 20:00:29 - INFO - [SOL] 当前账户余额: 可用=6.43522660 USDT, 总额=32.42820893 USDT
2025-03-16 20:00:29 - INFO - [SOL] 成功获取1500根15mK线数据
2025-03-16 20:00:29 - INFO - [SOL] 开始重新训练模型...
2025-03-16 20:00:29 - INFO - [SOL] 标签分布: 看跌=48, 盘整=1389, 看涨=63
2025-03-16 20:00:30 - INFO - [SOL] 模型评估结果:
2025-03-16 20:00:30 - INFO - [SOL] Accuracy: 0.9854
2025-03-16 20:00:30 - INFO - [SOL] Precision: 0.9880
2025-03-16 20:00:30 - INFO - [SOL] Recall: 0.9854
2025-03-16 20:00:30 - INFO - [SOL] F1 Score: 0.9861
2025-03-16 20:00:30 - INFO - [SOL] 模型重新训练完成
2025-03-16 20:00:30 - INFO - [SOL] 趋势分析: 方向=-1, 强度=36.6, 评分=-73.2
2025-03-16 20:00:30 - INFO - [SOL] 模型预测概率: 卖出=0.0894, 观望=0.8783, 买入=0.0323
2025-03-16 20:00:30 - INFO - [SOL] 当前持仓方向: 空，持仓金额: 129.9235
2025-03-16 20:00:30 - INFO - [SOL] 当前价格: 129.98, AI信号: -1, 持仓数量: 1.0, 开仓均价: 132.09, 未实现盈亏: 2.11 USDT (1.60%)
2025-03-16 20:01:36 - INFO - [SOL] USDT余额: 可用=6.40082593, 总额=32.3995369
2025-03-16 20:01:36 - INFO - [SOL] 当前账户余额: 可用=6.40082593 USDT, 总额=32.39953690 USDT
2025-03-16 20:01:36 - INFO - [SOL] 成功获取1500根15mK线数据
2025-03-16 20:01:36 - INFO - [SOL] 趋势分析: 方向=-1, 强度=36.6, 评分=-73.2
2025-03-16 20:01:36 - INFO - [SOL] 模型预测概率: 卖出=0.0898, 观望=0.8779, 买入=0.0323
2025-03-16 20:01:37 - INFO - [SOL] 当前持仓方向: 空，持仓金额: 129.9504
2025-03-16 20:01:37 - INFO - [SOL] 当前价格: 129.92, AI信号: -1, 持仓数量: 1.0, 开仓均价: 132.09, 未实现盈亏: 2.17 USDT (1.64%)
2025-03-16 20:02:22 - INFO - [root] 接收到退出信号，正在关闭所有交易...
2025-03-16 20:02:22 - INFO - [SOL] 关闭 SOLUSDT 所有持仓
2025-03-16 20:02:27 - INFO - [root] ==================================================
2025-03-16 20:02:27 - INFO - [root] 日志系统初始化完成 - 2025-03-16 20:02:27
2025-03-16 20:02:27 - INFO - [root] ==================================================
2025-03-16 20:02:32 - INFO - [utils.exchange] 代理连接测试成功
2025-03-16 20:02:38 - INFO - [utils.exchange] 服务器时间差: 4011 ms
2025-03-16 20:02:38 - WARNING - [utils.exchange] 检测到较大的时间差异: 4011ms，正在调整...
2025-03-16 20:02:38 - INFO - [utils.exchange] 已设置时间差异补偿: 4011ms
2025-03-16 20:02:43 - ERROR - [SOL] 交易器初始化失败: 初始化交易所失败: API权限验证失败: binance GET https://api.binance.com/sapi/v1/capital/config/getall?timestamp=1742126554567&recvWindow=60000&signature=ee133c9e3298cf7b021938cf33d2752630e90991038cc32b6766415118f46961
2025-03-16 20:02:43 - ERROR - [root] 初始化 SOLUSDT 交易器和策略失败: 初始化交易所失败: API权限验证失败: binance GET https://api.binance.com/sapi/v1/capital/config/getall?timestamp=1742126554567&recvWindow=60000&signature=ee133c9e3298cf7b021938cf33d2752630e90991038cc32b6766415118f46961
2025-03-16 20:02:43 - INFO - [root] 启动线程监控
2025-03-16 20:02:43 - INFO - [root] 交易系统启动成功，正在交易的币对: SOLUSDT
2025-03-16 20:06:27 - INFO - [root] ==================================================
2025-03-16 20:06:27 - INFO - [root] 日志系统初始化完成 - 2025-03-16 20:06:27
2025-03-16 20:06:27 - INFO - [root] ==================================================
2025-03-16 20:06:32 - ERROR - [utils.exchange] 代理测试失败: HTTPSConnectionPool(host='api.binance.com', port=443): Max retries exceeded with url: /api/v3/time (Caused by ProxyError('Cannot connect to proxy.', ConnectionResetError(54, 'Connection reset by peer')))
2025-03-16 20:06:32 - WARNING - [utils.exchange] 代理连接失败，5秒后重试 (1/3)
2025-03-16 20:06:42 - ERROR - [utils.exchange] 代理测试失败: HTTPSConnectionPool(host='api.binance.com', port=443): Max retries exceeded with url: /api/v3/time (Caused by ProxyError('Cannot connect to proxy.', ConnectionResetError(54, 'Connection reset by peer')))
2025-03-16 20:06:42 - WARNING - [utils.exchange] 代理连接失败，5秒后重试 (2/3)
2025-03-16 20:06:52 - ERROR - [utils.exchange] 代理测试失败: HTTPSConnectionPool(host='api.binance.com', port=443): Max retries exceeded with url: /api/v3/time (Caused by ProxyError('Cannot connect to proxy.', ConnectionResetError(54, 'Connection reset by peer')))
2025-03-16 20:06:52 - ERROR - [utils.exchange] 代理连接失败，将不使用代理继续运行
2025-03-16 20:06:56 - INFO - [root] 用户中断，正在关闭交易系统...
2025-03-16 20:07:01 - INFO - [root] ==================================================
2025-03-16 20:07:01 - INFO - [root] 日志系统初始化完成 - 2025-03-16 20:07:01
2025-03-16 20:07:01 - INFO - [root] ==================================================
2025-03-16 20:07:06 - ERROR - [utils.exchange] 代理测试失败: HTTPSConnectionPool(host='api.binance.com', port=443): Max retries exceeded with url: /api/v3/time (Caused by ProxyError('Cannot connect to proxy.', ConnectionResetError(54, 'Connection reset by peer')))
2025-03-16 20:07:06 - WARNING - [utils.exchange] 代理连接失败，5秒后重试 (1/3)
2025-03-16 20:07:16 - ERROR - [utils.exchange] 代理测试失败: HTTPSConnectionPool(host='api.binance.com', port=443): Max retries exceeded with url: /api/v3/time (Caused by ProxyError('Cannot connect to proxy.', ConnectionResetError(54, 'Connection reset by peer')))
2025-03-16 20:07:16 - WARNING - [utils.exchange] 代理连接失败，5秒后重试 (2/3)
2025-03-16 20:07:17 - INFO - [root] 用户中断，正在关闭交易系统...
2025-03-16 20:08:00 - INFO - [root] ==================================================
2025-03-16 20:08:00 - INFO - [root] 日志系统初始化完成 - 2025-03-16 20:08:00
2025-03-16 20:08:00 - INFO - [root] ==================================================
2025-03-16 20:08:05 - ERROR - [utils.exchange] 代理测试失败: HTTPSConnectionPool(host='api.binance.com', port=443): Max retries exceeded with url: /api/v3/time (Caused by ProxyError('Cannot connect to proxy.', ConnectionResetError(54, 'Connection reset by peer')))
2025-03-16 20:08:05 - WARNING - [utils.exchange] 代理连接失败，5秒后重试 (1/3)
2025-03-16 20:08:15 - ERROR - [utils.exchange] 代理测试失败: HTTPSConnectionPool(host='api.binance.com', port=443): Max retries exceeded with url: /api/v3/time (Caused by ProxyError('Cannot connect to proxy.', ConnectionResetError(54, 'Connection reset by peer')))
2025-03-16 20:08:15 - WARNING - [utils.exchange] 代理连接失败，5秒后重试 (2/3)
2025-03-16 20:08:24 - INFO - [root] 用户中断，正在关闭交易系统...
2025-03-16 20:09:12 - INFO - [root] ==================================================
2025-03-16 20:09:12 - INFO - [root] 日志系统初始化完成 - 2025-03-16 20:09:12
2025-03-16 20:09:12 - INFO - [root] ==================================================
2025-03-16 20:09:18 - INFO - [utils.exchange] 代理连接测试成功
2025-03-16 20:09:23 - INFO - [utils.exchange] 服务器时间差: 4022 ms
2025-03-16 20:09:23 - WARNING - [utils.exchange] 检测到较大的时间差异: 4022ms，正在调整...
2025-03-16 20:09:23 - INFO - [utils.exchange] 已设置时间差异补偿: 4022ms
2025-03-16 20:09:28 - ERROR - [SOL] 交易器初始化失败: 初始化交易所失败: API权限验证失败: binance GET https://api.binance.com/sapi/v1/capital/config/getall?timestamp=1742126959622&recvWindow=60000&signature=03943bed5910a47234d028b17898c431d439c8ccc03e5d8a0d9143776e543c32
2025-03-16 20:09:28 - ERROR - [root] 初始化 SOLUSDT 交易器和策略失败: 初始化交易所失败: API权限验证失败: binance GET https://api.binance.com/sapi/v1/capital/config/getall?timestamp=1742126959622&recvWindow=60000&signature=03943bed5910a47234d028b17898c431d439c8ccc03e5d8a0d9143776e543c32
2025-03-16 20:09:28 - INFO - [root] 启动线程监控
2025-03-16 20:09:28 - INFO - [root] 交易系统启动成功，正在交易的币对: SOLUSDT
2025-03-16 20:10:33 - INFO - [root] 接收到退出信号，正在关闭所有交易...
2025-03-16 20:12:46 - INFO - [root] ==================================================
2025-03-16 20:12:46 - INFO - [root] 日志系统初始化完成 - 2025-03-16 20:12:46
2025-03-16 20:12:46 - INFO - [root] ==================================================
2025-03-16 20:12:52 - INFO - [utils.exchange] 代理连接测试成功
2025-03-16 20:12:57 - INFO - [utils.exchange] 服务器时间差: -77 ms
2025-03-16 20:13:02 - ERROR - [SOL] 交易器初始化失败: 初始化交易所失败: API权限验证失败: binance GET https://api.binance.com/sapi/v1/capital/config/getall?timestamp=1742127177645&recvWindow=60000&signature=362fe54f2f74fedd21cf157bea5f7ffed3dd8e56f76e5c3e9cbc531a20f416f7
2025-03-16 20:13:02 - ERROR - [root] 初始化 SOLUSDT 交易器和策略失败: 初始化交易所失败: API权限验证失败: binance GET https://api.binance.com/sapi/v1/capital/config/getall?timestamp=1742127177645&recvWindow=60000&signature=362fe54f2f74fedd21cf157bea5f7ffed3dd8e56f76e5c3e9cbc531a20f416f7
2025-03-16 20:13:02 - INFO - [root] 启动线程监控
2025-03-16 20:13:02 - INFO - [root] 交易系统启动成功，正在交易的币对: SOLUSDT
2025-03-16 20:13:39 - INFO - [root] 接收到退出信号，正在关闭所有交易...
2025-03-16 20:14:36 - INFO - [root] ==================================================
2025-03-16 20:14:36 - INFO - [root] 日志系统初始化完成 - 2025-03-16 20:14:36
2025-03-16 20:14:36 - INFO - [root] ==================================================
2025-03-16 20:14:37 - WARNING - [utils.exchange] 代理连接失败，5秒后重试 (1/3)
2025-03-16 20:14:48 - WARNING - [utils.exchange] 代理连接失败，5秒后重试 (2/3)
2025-03-16 20:14:58 - ERROR - [utils.exchange] 代理连接失败，将不使用代理继续运行
2025-03-16 20:15:11 - INFO - [root] 用户中断，正在关闭交易系统...
2025-03-16 20:15:40 - INFO - [root] ==================================================
2025-03-16 20:15:40 - INFO - [root] 日志系统初始化完成 - 2025-03-16 20:15:40
2025-03-16 20:15:40 - INFO - [root] ==================================================
2025-03-16 20:15:46 - INFO - [utils.exchange] 代理连接测试成功
2025-03-16 20:15:52 - INFO - [utils.exchange] 服务器时间差: 4014 ms
2025-03-16 20:15:52 - WARNING - [utils.exchange] 检测到较大的时间差异: 4014ms，正在调整...
2025-03-16 20:15:52 - INFO - [utils.exchange] 已设置时间差异补偿: 4014ms
2025-03-16 20:15:57 - ERROR - [SOL] 交易器初始化失败: 初始化交易所失败: API权限验证失败: binance GET https://api.binance.com/sapi/v1/capital/config/getall?timestamp=1742127348073&recvWindow=60000&signature=869d95a5277fea75152596aed3cb5cf5021b68c18b0dcfcef353aed5ab21885c
2025-03-16 20:15:57 - ERROR - [root] 初始化 SOLUSDT 交易器和策略失败: 初始化交易所失败: API权限验证失败: binance GET https://api.binance.com/sapi/v1/capital/config/getall?timestamp=1742127348073&recvWindow=60000&signature=869d95a5277fea75152596aed3cb5cf5021b68c18b0dcfcef353aed5ab21885c
2025-03-16 20:15:57 - INFO - [root] 启动线程监控
2025-03-16 20:15:57 - INFO - [root] 交易系统启动成功，正在交易的币对: SOLUSDT
2025-03-16 20:16:06 - INFO - [root] 接收到退出信号，正在关闭所有交易...
2025-03-16 20:17:48 - INFO - [root] ==================================================
2025-03-16 20:17:48 - INFO - [root] 日志系统初始化完成 - 2025-03-16 20:17:48
2025-03-16 20:17:48 - INFO - [root] ==================================================
2025-03-16 20:17:53 - INFO - [utils.exchange] 代理连接测试成功
2025-03-16 20:17:59 - INFO - [utils.exchange] 服务器时间差: -39 ms
2025-03-16 20:18:12 - INFO - [utils.exchange] API权限验证成功
2025-03-16 20:18:12 - INFO - [SOL] 当前已经是单向持仓模式
2025-03-16 20:18:12 - INFO - [SOL] 设置杠杆倍数 5倍 成功
2025-03-16 20:18:12 - INFO - [SOL] 当前已经是CROSSED保证金模式
2025-03-16 20:18:12 - INFO - [SOL] 交易器初始化成功 for SOLUSDT
2025-03-16 20:18:12 - INFO - [SOL] 获取历史K线数据进行初始训练...
2025-03-16 20:18:13 - INFO - [SOL] 成功获取1500根15mK线数据
2025-03-16 20:18:13 - INFO - [SOL] 成功获取1500根15mK线数据
2025-03-16 20:18:13 - INFO - [SOL] 标签分布: 看跌=48, 盘整=1389, 看涨=63
2025-03-16 20:18:13 - INFO - [SOL] 模型评估结果:
2025-03-16 20:18:13 - INFO - [SOL] Accuracy: 0.9854
2025-03-16 20:18:13 - INFO - [SOL] Precision: 0.9880
2025-03-16 20:18:13 - INFO - [SOL] Recall: 0.9854
2025-03-16 20:18:13 - INFO - [SOL] F1 Score: 0.9861
2025-03-16 20:18:13 - INFO - [SOL] 初始模型训练完成
2025-03-16 20:18:13 - INFO - [SOL] 初始化 SOLUSDT 交易器和策略成功
2025-03-16 20:18:13 - INFO - [SOL] 交易线程启动成功
2025-03-16 20:18:13 - INFO - [root] 启动线程监控
2025-03-16 20:18:13 - INFO - [root] 交易系统启动成功，正在交易的币对: SOLUSDT
2025-03-16 20:18:13 - INFO - [SOL] USDT余额: 可用=6.46081572, 总额=32.4495369
2025-03-16 20:18:13 - INFO - [SOL] 当前账户余额: 可用=6.46081572 USDT, 总额=32.44953690 USDT
2025-03-16 20:18:14 - INFO - [SOL] 成功获取1500根15mK线数据
2025-03-16 20:18:14 - INFO - [SOL] 开始重新训练模型...
2025-03-16 20:18:14 - INFO - [SOL] 标签分布: 看跌=48, 盘整=1389, 看涨=63
2025-03-16 20:18:14 - INFO - [SOL] 模型评估结果:
2025-03-16 20:18:14 - INFO - [SOL] Accuracy: 0.9854
2025-03-16 20:18:14 - INFO - [SOL] Precision: 0.9880
2025-03-16 20:18:14 - INFO - [SOL] Recall: 0.9854
2025-03-16 20:18:14 - INFO - [SOL] F1 Score: 0.9861
2025-03-16 20:18:14 - INFO - [SOL] 模型重新训练完成
2025-03-16 20:18:14 - INFO - [SOL] 趋势分析: 方向=-1, 强度=38.9, 评分=-73.6
2025-03-16 20:18:14 - INFO - [SOL] 模型预测概率: 卖出=0.0771, 观望=0.8676, 买入=0.0553
2025-03-16 20:18:15 - INFO - [SOL] 当前持仓方向: 空，持仓金额: 129.8939
2025-03-16 20:18:15 - INFO - [SOL] 当前价格: 129.92, AI信号: -1, 持仓数量: 1.0, 开仓均价: 132.09, 未实现盈亏: 2.17 USDT (1.64%)
2025-03-16 20:18:23 - INFO - [root] 接收到退出信号，正在关闭所有交易...
2025-03-16 20:18:23 - INFO - [SOL] 关闭 SOLUSDT 所有持仓
2025-03-16 20:18:37 - INFO - [root] ==================================================
2025-03-16 20:18:37 - INFO - [root] 日志系统初始化完成 - 2025-03-16 20:18:37
2025-03-16 20:18:37 - INFO - [root] ==================================================
2025-03-16 20:18:43 - INFO - [utils.exchange] 代理连接测试成功
2025-03-16 20:18:48 - INFO - [utils.exchange] 服务器时间差: -51 ms
2025-03-16 20:19:01 - INFO - [utils.exchange] API权限验证成功
2025-03-16 20:19:01 - INFO - [SOL] 当前已经是单向持仓模式
2025-03-16 20:19:01 - INFO - [SOL] 设置杠杆倍数 5倍 成功
2025-03-16 20:19:02 - INFO - [SOL] 当前已经是CROSSED保证金模式
2025-03-16 20:19:02 - INFO - [SOL] 交易器初始化成功 for SOLUSDT
2025-03-16 20:19:02 - INFO - [SOL] 获取历史K线数据进行初始训练...
2025-03-16 20:19:02 - INFO - [SOL] 成功获取1500根15mK线数据
2025-03-16 20:19:02 - INFO - [SOL] 成功获取1500根15mK线数据
2025-03-16 20:19:02 - INFO - [SOL] 标签分布: 看跌=48, 盘整=1389, 看涨=63
2025-03-16 20:19:03 - INFO - [SOL] 模型评估结果:
2025-03-16 20:19:03 - INFO - [SOL] Accuracy: 0.9854
2025-03-16 20:19:03 - INFO - [SOL] Precision: 0.9880
2025-03-16 20:19:03 - INFO - [SOL] Recall: 0.9854
2025-03-16 20:19:03 - INFO - [SOL] F1 Score: 0.9861
2025-03-16 20:19:03 - INFO - [SOL] 初始模型训练完成
2025-03-16 20:19:03 - INFO - [SOL] 初始化 SOLUSDT 交易器和策略成功
2025-03-16 20:19:03 - INFO - [SOL] 交易线程启动成功
2025-03-16 20:19:03 - INFO - [root] 启动线程监控
2025-03-16 20:19:03 - INFO - [root] 交易系统启动成功，正在交易的币对: SOLUSDT
2025-03-16 20:19:03 - INFO - [SOL] USDT余额: 可用=6.48681189, 总额=32.4795369
2025-03-16 20:19:03 - INFO - [SOL] 当前账户余额: 可用=6.48681189 USDT, 总额=32.47953690 USDT
2025-03-16 20:19:04 - INFO - [SOL] 成功获取1500根15mK线数据
2025-03-16 20:19:04 - INFO - [SOL] 开始重新训练模型...
2025-03-16 20:19:04 - INFO - [SOL] 标签分布: 看跌=48, 盘整=1389, 看涨=63
2025-03-16 20:19:05 - INFO - [SOL] 模型评估结果:
2025-03-16 20:19:05 - INFO - [SOL] Accuracy: 0.9854
2025-03-16 20:19:05 - INFO - [SOL] Precision: 0.9880
2025-03-16 20:19:05 - INFO - [SOL] Recall: 0.9854
2025-03-16 20:19:05 - INFO - [SOL] F1 Score: 0.9861
2025-03-16 20:19:05 - INFO - [SOL] 模型重新训练完成
2025-03-16 20:19:05 - INFO - [SOL] 趋势分析: 方向=-1, 强度=38.9, 评分=-73.6
2025-03-16 20:19:05 - INFO - [SOL] 模型预测概率: 卖出=0.0771, 观望=0.8676, 买入=0.0553
2025-03-16 20:19:05 - INFO - [SOL] 当前持仓方向: 空，持仓金额: 129.8800
2025-03-16 20:19:05 - INFO - [SOL] 当前价格: 129.86, AI信号: -1, 持仓数量: 1.0, 开仓均价: 132.09, 未实现盈亏: 2.23 USDT (1.69%)
2025-03-16 20:20:11 - INFO - [SOL] USDT余额: 可用=6.51417745, 总额=32.51638519
2025-03-16 20:20:11 - INFO - [SOL] 当前账户余额: 可用=6.51417745 USDT, 总额=32.51638519 USDT
2025-03-16 20:20:11 - INFO - [SOL] 成功获取1500根15mK线数据
2025-03-16 20:20:11 - INFO - [SOL] 趋势分析: 方向=-1, 强度=38.9, 评分=-73.7
2025-03-16 20:20:11 - INFO - [SOL] 模型预测概率: 卖出=0.0861, 观望=0.8588, 买入=0.0550
2025-03-16 20:20:12 - INFO - [SOL] 当前持仓方向: 空，持仓金额: 129.8800
2025-03-16 20:20:12 - INFO - [SOL] 当前价格: 129.84, AI信号: -1, 持仓数量: 1.0, 开仓均价: 132.09, 未实现盈亏: 2.25 USDT (1.70%)
2025-03-16 20:21:17 - INFO - [SOL] USDT余额: 可用=6.54248986, 总额=32.51760998
2025-03-16 20:21:17 - INFO - [SOL] 当前账户余额: 可用=6.54248986 USDT, 总额=32.51760998 USDT
2025-03-16 20:21:18 - INFO - [SOL] 成功获取1500根15mK线数据
2025-03-16 20:21:18 - INFO - [SOL] 趋势分析: 方向=-1, 强度=38.9, 评分=-73.7
2025-03-16 20:21:18 - INFO - [SOL] 模型预测概率: 卖出=0.0861, 观望=0.8588, 买入=0.0550
2025-03-16 20:21:18 - INFO - [SOL] 当前持仓方向: 空，持仓金额: 129.8455
2025-03-16 20:21:18 - INFO - [SOL] 当前价格: 129.85, AI信号: -1, 持仓数量: 1.0, 开仓均价: 132.09, 未实现盈亏: 2.24 USDT (1.70%)
2025-03-16 20:22:24 - INFO - [SOL] USDT余额: 可用=6.68877785, 总额=32.6395369
2025-03-16 20:22:24 - INFO - [SOL] 当前账户余额: 可用=6.68877785 USDT, 总额=32.63953690 USDT
2025-03-16 20:22:24 - INFO - [SOL] 成功获取1500根15mK线数据
2025-03-16 20:22:24 - INFO - [SOL] 趋势分析: 方向=-1, 强度=39.0, 评分=-74.1
2025-03-16 20:22:24 - INFO - [SOL] 模型预测概率: 卖出=0.1068, 观望=0.8427, 买入=0.0505
2025-03-16 20:22:25 - INFO - [SOL] 当前持仓方向: 空，持仓金额: 129.7200
2025-03-16 20:22:25 - INFO - [SOL] 当前价格: 129.69, AI信号: -1, 持仓数量: 1.0, 开仓均价: 132.09, 未实现盈亏: 2.40 USDT (1.82%)
2025-03-16 20:23:30 - INFO - [SOL] USDT余额: 可用=6.46780598, 总额=32.48448886
2025-03-16 20:23:30 - INFO - [SOL] 当前账户余额: 可用=6.46780598 USDT, 总额=32.48448886 USDT
2025-03-16 20:23:31 - INFO - [SOL] 成功获取1500根15mK线数据
2025-03-16 20:23:31 - INFO - [SOL] 趋势分析: 方向=-1, 强度=39.0, 评分=-73.9
2025-03-16 20:23:31 - INFO - [SOL] 模型预测概率: 卖出=0.0771, 观望=0.8739, 买入=0.0490
2025-03-16 20:23:31 - INFO - [SOL] 当前持仓方向: 空，持仓金额: 129.8810
2025-03-16 20:23:31 - INFO - [SOL] 当前价格: 129.87, AI信号: -1, 持仓数量: 1.0, 开仓均价: 132.09, 未实现盈亏: 2.22 USDT (1.68%)
2025-03-16 20:24:37 - INFO - [SOL] USDT余额: 可用=6.20885753, 总额=32.2395369
2025-03-16 20:24:37 - INFO - [SOL] 当前账户余额: 可用=6.20885753 USDT, 总额=32.23953690 USDT
2025-03-16 20:24:37 - INFO - [SOL] 成功获取1500根15mK线数据
2025-03-16 20:24:37 - INFO - [SOL] 趋势分析: 方向=-1, 强度=39.0, 评分=-73.7
2025-03-16 20:24:37 - INFO - [SOL] 模型预测概率: 卖出=0.0832, 观望=0.8526, 买入=0.0641
2025-03-16 20:24:37 - INFO - [SOL] 当前持仓方向: 空，持仓金额: 130.1200
2025-03-16 20:24:37 - INFO - [SOL] 当前价格: 130.09, AI信号: -1, 持仓数量: 1.0, 开仓均价: 132.09, 未实现盈亏: 2.00 USDT (1.51%)
2025-03-16 20:25:43 - INFO - [SOL] USDT余额: 可用=6.2568496, 总额=32.2795369
2025-03-16 20:25:43 - INFO - [SOL] 当前账户余额: 可用=6.25684960 USDT, 总额=32.27953690 USDT
2025-03-16 20:25:43 - INFO - [SOL] 成功获取1500根15mK线数据
2025-03-16 20:25:43 - INFO - [SOL] 趋势分析: 方向=-1, 强度=39.0, 评分=-73.7
2025-03-16 20:25:43 - INFO - [SOL] 模型预测概率: 卖出=0.0832, 观望=0.8551, 买入=0.0617
2025-03-16 20:25:44 - INFO - [SOL] 当前持仓方向: 空，持仓金额: 130.0700
2025-03-16 20:25:44 - INFO - [SOL] 当前价格: 130.11, AI信号: -1, 持仓数量: 1.0, 开仓均价: 132.09, 未实现盈亏: 1.98 USDT (1.50%)
2025-03-16 20:26:49 - INFO - [SOL] USDT余额: 可用=6.14648036, 总额=32.18754709
2025-03-16 20:26:49 - INFO - [SOL] 当前账户余额: 可用=6.14648036 USDT, 总额=32.18754709 USDT
2025-03-16 20:26:50 - INFO - [SOL] 成功获取1500根15mK线数据
2025-03-16 20:26:50 - INFO - [SOL] 趋势分析: 方向=-1, 强度=39.0, 评分=-73.6
2025-03-16 20:26:50 - INFO - [SOL] 模型预测概率: 卖出=0.0721, 观望=0.8392, 买入=0.0887
2025-03-16 20:26:50 - INFO - [SOL] 抑制买入信号，因为处于下降趋势
2025-03-16 20:26:50 - INFO - [SOL] 原始信号 1 被过滤为 0
2025-03-16 20:26:50 - INFO - [SOL] 当前持仓方向: 空，持仓金额: 130.1700
2025-03-16 20:26:50 - INFO - [SOL] 当前价格: 130.15, AI信号: 0, 持仓数量: 1.0, 开仓均价: 132.09, 未实现盈亏: 1.94 USDT (1.47%)
2025-03-16 20:26:51 - INFO - [SOL] 订单创建成功: {'info': {'orderId': '107527396216', 'symbol': 'SOLUSDT', 'status': 'FILLED', 'clientOrderId': 'x-xcKtGhcu7b2a761dacb3a584d6fab3', 'price': '0.0000', 'avgPrice': '130.1800', 'origQty': '1', 'executedQty': '1', 'cumQty': '1', 'cumQuote': '130.1800', 'timeInForce': 'GTC', 'type': 'MARKET', 'reduceOnly': False, 'closePosition': False, 'side': 'BUY', 'positionSide': 'BOTH', 'stopPrice': '0.0000', 'workingType': 'CONTRACT_PRICE', 'priceProtect': False, 'origType': 'MARKET', 'priceMatch': 'NONE', 'selfTradePreventionMode': 'EXPIRE_MAKER', 'goodTillDate': '0', 'updateTime': '1742128010963'}, 'id': '107527396216', 'clientOrderId': 'x-xcKtGhcu7b2a761dacb3a584d6fab3', 'timestamp': 1742128010963, 'datetime': '2025-03-16T12:26:50.963Z', 'lastTradeTimestamp': 1742128010963, 'lastUpdateTimestamp': 1742128010963, 'symbol': 'SOL/USDT:USDT', 'type': 'market', 'timeInForce': 'GTC', 'postOnly': False, 'reduceOnly': False, 'side': 'buy', 'price': 130.18, 'triggerPrice': None, 'amount': 1.0, 'cost': 130.18, 'average': 130.18, 'filled': 1.0, 'remaining': 0.0, 'status': 'closed', 'fee': {'currency': None, 'cost': None, 'rate': None}, 'trades': [], 'fees': [{'currency': None, 'cost': None, 'rate': None}], 'stopPrice': None, 'takeProfitPrice': None, 'stopLossPrice': None}
2025-03-16 20:26:51 - INFO - [SOL] 平仓成功: {'info': {'orderId': '107527396216', 'symbol': 'SOLUSDT', 'status': 'FILLED', 'clientOrderId': 'x-xcKtGhcu7b2a761dacb3a584d6fab3', 'price': '0.0000', 'avgPrice': '130.1800', 'origQty': '1', 'executedQty': '1', 'cumQty': '1', 'cumQuote': '130.1800', 'timeInForce': 'GTC', 'type': 'MARKET', 'reduceOnly': False, 'closePosition': False, 'side': 'BUY', 'positionSide': 'BOTH', 'stopPrice': '0.0000', 'workingType': 'CONTRACT_PRICE', 'priceProtect': False, 'origType': 'MARKET', 'priceMatch': 'NONE', 'selfTradePreventionMode': 'EXPIRE_MAKER', 'goodTillDate': '0', 'updateTime': '1742128010963'}, 'id': '107527396216', 'clientOrderId': 'x-xcKtGhcu7b2a761dacb3a584d6fab3', 'timestamp': 1742128010963, 'datetime': '2025-03-16T12:26:50.963Z', 'lastTradeTimestamp': 1742128010963, 'lastUpdateTimestamp': 1742128010963, 'symbol': 'SOL/USDT:USDT', 'type': 'market', 'timeInForce': 'GTC', 'postOnly': False, 'reduceOnly': False, 'side': 'buy', 'price': 130.18, 'triggerPrice': None, 'amount': 1.0, 'cost': 130.18, 'average': 130.18, 'filled': 1.0, 'remaining': 0.0, 'status': 'closed', 'fee': {'currency': None, 'cost': None, 'rate': None}, 'trades': [], 'fees': [{'currency': None, 'cost': None, 'rate': None}], 'stopPrice': None, 'takeProfitPrice': None, 'stopLossPrice': None}
2025-03-16 20:27:56 - INFO - [SOL] USDT余额: 可用=32.10779305, 总额=32.11444691
2025-03-16 20:27:56 - INFO - [SOL] 当前账户余额: 可用=32.10779305 USDT, 总额=32.11444691 USDT
2025-03-16 20:27:56 - INFO - [SOL] 成功获取1500根15mK线数据
2025-03-16 20:27:56 - INFO - [SOL] 趋势分析: 方向=-1, 强度=38.6, 评分=-72.1
2025-03-16 20:27:57 - INFO - [SOL] 模型预测概率: 卖出=0.0269, 观望=0.7986, 买入=0.1745
2025-03-16 20:27:57 - INFO - [SOL] 抑制买入信号，因为处于下降趋势
2025-03-16 20:27:57 - INFO - [SOL] 原始信号 1 被过滤为 0
2025-03-16 20:27:57 - INFO - [SOL] 当前价格: 130.42, AI信号: 0
2025-03-16 20:29:02 - INFO - [SOL] USDT余额: 可用=32.10779262, 总额=32.11444691
2025-03-16 20:29:02 - INFO - [SOL] 当前账户余额: 可用=32.10779262 USDT, 总额=32.11444691 USDT
2025-03-16 20:29:03 - INFO - [SOL] 成功获取1500根15mK线数据
2025-03-16 20:29:03 - INFO - [SOL] 趋势分析: 方向=-1, 强度=37.8, 评分=-70.2
2025-03-16 20:29:03 - INFO - [SOL] 模型预测概率: 卖出=0.0219, 观望=0.7662, 买入=0.2119
2025-03-16 20:29:03 - INFO - [SOL] 抑制买入信号，因为处于下降趋势
2025-03-16 20:29:03 - INFO - [SOL] 原始信号 1 被过滤为 0
2025-03-16 20:29:03 - INFO - [SOL] 当前价格: 130.75, AI信号: 0
2025-03-16 20:30:09 - INFO - [SOL] USDT余额: 可用=32.10779274, 总额=32.11444691
2025-03-16 20:30:09 - INFO - [SOL] 当前账户余额: 可用=32.10779274 USDT, 总额=32.11444691 USDT
2025-03-16 20:30:09 - INFO - [SOL] 成功获取1500根15mK线数据
2025-03-16 20:30:09 - INFO - [SOL] 趋势分析: 方向=-1, 强度=38.9, 评分=-70.4
2025-03-16 20:30:09 - INFO - [SOL] 模型预测概率: 卖出=0.0362, 观望=0.8636, 买入=0.1002
2025-03-16 20:30:09 - INFO - [SOL] 抑制买入信号，因为处于下降趋势
2025-03-16 20:30:09 - INFO - [SOL] 原始信号 1 被过滤为 0
2025-03-16 20:30:10 - INFO - [SOL] 当前价格: 130.58, AI信号: 0
