2025-03-06 00:31:29 - INFO - [root] ==================================================
2025-03-06 00:31:29 - INFO - [root] 日志系统初始化完成 - 2025-03-06 00:31:29
2025-03-06 00:31:29 - INFO - [root] ==================================================
2025-03-06 00:31:31 - INFO - [PIPPIN] 没有未成交的订单
2025-03-06 00:31:31 - INFO - [PIPPIN] 当前已经是单向持仓模式
2025-03-06 00:31:31 - INFO - [PIPPIN] 设置杠杆倍数 5倍 成功
2025-03-06 00:31:31 - INFO - [PIPPIN] 当前已经是CROSSED保证金模式
2025-03-06 00:31:31 - INFO - [PIPPIN] 交易器初始化成功 for PIPPINUSDT
2025-03-06 00:31:31 - WARNING - [absl] At this time, the v2.11+ optimizer `tf.keras.optimizers.Adam` runs slowly on M1/M2 Macs, please use the legacy Keras optimizer instead, located at `tf.keras.optimizers.legacy.Adam`.
2025-03-06 00:31:31 - WARNING - [absl] There is a known slowdown when using v2.11+ Keras optimizers on M1/M2 Macs. Falling back to the legacy Keras optimizer, i.e., `tf.keras.optimizers.legacy.Adam`.
2025-03-06 00:31:31 - WARNING - [absl] At this time, the v2.11+ optimizer `tf.keras.optimizers.Adam` runs slowly on M1/M2 Macs, please use the legacy Keras optimizer instead, located at `tf.keras.optimizers.legacy.Adam`.
2025-03-06 00:31:31 - WARNING - [absl] There is a known slowdown when using v2.11+ Keras optimizers on M1/M2 Macs. Falling back to the legacy Keras optimizer, i.e., `tf.keras.optimizers.legacy.Adam`.
2025-03-06 00:31:31 - INFO - [PIPPIN] 已加载策略网络(Actor)模型: models/ppo_actor_PIPPINUSDT.h5
2025-03-06 00:31:31 - INFO - [PIPPIN] 已加载价值网络(Critic)模型: models/ppo_critic_PIPPINUSDT.h5
2025-03-06 00:31:31 - INFO - [PIPPIN] 已加载元数据: models/ppo_metadata_PIPPINUSDT.json
2025-03-06 00:31:31 - INFO - [PIPPIN] 成功加载保存的模型，可以直接使用
2025-03-06 00:31:31 - INFO - [PIPPIN] 初始化 PIPPINUSDT 交易器和策略成功
2025-03-06 00:31:31 - INFO - [PIPPIN] 交易线程启动成功
2025-03-06 00:31:31 - INFO - [root] 启动线程监控
2025-03-06 00:31:31 - INFO - [root] 交易系统启动成功，正在交易的币对: PIPPINUSDT
2025-03-06 00:31:32 - INFO - [PIPPIN] USDT余额: 可用=48.16064022, 总额=53.46450085
2025-03-06 00:31:32 - INFO - [PIPPIN] 当前账户余额: 可用=48.16064022 USDT, 总额=53.46450085 USDT
2025-03-06 00:31:32 - INFO - [PIPPIN] 成功获取500根5mK线数据
2025-03-06 00:31:32 - INFO - [PIPPIN] 当前持仓方向: 多，持仓金额: 26.2196
2025-03-06 00:31:32 - INFO - [PIPPIN] 当前价格: 0.02533, AI信号: 0, 持仓数量: 1034.0, 开仓均价: 0.02578, 未实现盈亏: -0.47 USDT (-1.75%)
2025-03-06 00:31:33 - INFO - [PIPPIN] 成功获取120根5mK线数据
2025-03-06 00:31:33 - INFO - [PIPPIN] 动作概率: 卖出=0.1501, 观望=0.5209, 买入=0.3290
2025-03-06 00:31:33 - INFO - [PIPPIN] 选择动作: 观望, 概率: 0.5209
2025-03-06 00:32:33 - INFO - [PIPPIN] USDT余额: 可用=48.21588962, 总额=53.47228687
2025-03-06 00:32:33 - INFO - [PIPPIN] 当前账户余额: 可用=48.21588962 USDT, 总额=53.47228687 USDT
2025-03-06 00:32:34 - INFO - [PIPPIN] 成功获取500根5mK线数据
2025-03-06 00:32:39 - INFO - [PIPPIN] 当前持仓方向: 多，持仓金额: 26.2012
2025-03-06 00:32:39 - INFO - [PIPPIN] 当前价格: 0.02536, AI信号: 0, 持仓数量: 1034.0, 开仓均价: 0.02578, 未实现盈亏: -0.43 USDT (-1.63%)
2025-03-06 00:32:39 - INFO - [PIPPIN] 成功获取120根5mK线数据
2025-03-06 00:32:40 - INFO - [PIPPIN] 动作概率: 卖出=0.1800, 观望=0.3676, 买入=0.4524
2025-03-06 00:32:40 - INFO - [PIPPIN] 选择动作: 买入, 概率: 0.4524
2025-03-06 00:33:40 - INFO - [PIPPIN] USDT余额: 可用=48.15228975, 总额=53.40287445
2025-03-06 00:33:40 - INFO - [PIPPIN] 当前账户余额: 可用=48.15228975 USDT, 总额=53.40287445 USDT
2025-03-06 00:33:40 - INFO - [PIPPIN] 成功获取500根5mK线数据
2025-03-06 00:33:41 - INFO - [PIPPIN] 当前持仓方向: 多，持仓金额: 26.1579
2025-03-06 00:33:41 - INFO - [PIPPIN] 当前价格: 0.0253, AI信号: 0, 持仓数量: 1034.0, 开仓均价: 0.02578, 未实现盈亏: -0.50 USDT (-1.86%)
2025-03-06 00:33:41 - INFO - [PIPPIN] 成功获取120根5mK线数据
2025-03-06 00:33:41 - INFO - [PIPPIN] 动作概率: 卖出=0.2392, 观望=0.2877, 买入=0.4730
2025-03-06 00:33:41 - INFO - [PIPPIN] 选择动作: 观望, 概率: 0.2877
2025-03-06 00:34:42 - INFO - [PIPPIN] USDT余额: 可用=48.16954122, 总额=53.47168715
2025-03-06 00:34:42 - INFO - [PIPPIN] 当前账户余额: 可用=48.16954122 USDT, 总额=53.47168715 USDT
2025-03-06 00:34:42 - INFO - [PIPPIN] 成功获取500根5mK线数据
2025-03-06 00:34:42 - INFO - [PIPPIN] 当前持仓方向: 多，持仓金额: 26.2268
2025-03-06 00:34:42 - INFO - [PIPPIN] 当前价格: 0.02537, AI信号: 0, 持仓数量: 1034.0, 开仓均价: 0.02578, 未实现盈亏: -0.42 USDT (-1.59%)
2025-03-06 00:34:43 - INFO - [PIPPIN] 成功获取120根5mK线数据
2025-03-06 00:34:44 - INFO - [PIPPIN] 动作概率: 卖出=0.2306, 观望=0.2223, 买入=0.5471
2025-03-06 00:34:44 - INFO - [PIPPIN] 选择动作: 观望, 概率: 0.2223
2025-03-06 00:35:44 - INFO - [PIPPIN] USDT余额: 可用=48.38180144, 总额=53.67972795
2025-03-06 00:35:44 - INFO - [PIPPIN] 当前账户余额: 可用=48.38180144 USDT, 总额=53.67972795 USDT
2025-03-06 00:35:44 - INFO - [PIPPIN] 成功获取500根5mK线数据
2025-03-06 00:35:45 - INFO - [PIPPIN] 当前持仓方向: 多，持仓金额: 26.4348
2025-03-06 00:35:45 - INFO - [PIPPIN] 当前价格: 0.02562, AI信号: 0, 持仓数量: 1034.0, 开仓均价: 0.02578, 未实现盈亏: -0.17 USDT (-0.62%)
2025-03-06 00:35:45 - INFO - [PIPPIN] 成功获取120根5mK线数据
2025-03-06 00:35:46 - INFO - [PIPPIN] 动作概率: 卖出=0.1139, 观望=0.6135, 买入=0.2725
2025-03-06 00:35:46 - INFO - [PIPPIN] 选择动作: 买入, 概率: 0.2725
2025-03-06 00:36:46 - INFO - [PIPPIN] USDT余额: 可用=48.48410866, 总额=53.80764409
2025-03-06 00:36:46 - INFO - [PIPPIN] 当前账户余额: 可用=48.48410866 USDT, 总额=53.80764409 USDT
2025-03-06 00:36:46 - INFO - [PIPPIN] 成功获取500根5mK线数据
2025-03-06 00:36:46 - INFO - [PIPPIN] 当前持仓方向: 多，持仓金额: 26.5627
2025-03-06 00:36:46 - INFO - [PIPPIN] 当前价格: 0.02572, AI信号: 0, 持仓数量: 1034.0, 开仓均价: 0.02578, 未实现盈亏: -0.06 USDT (-0.23%)
2025-03-06 00:36:47 - INFO - [PIPPIN] 成功获取120根5mK线数据
2025-03-06 00:36:48 - INFO - [PIPPIN] 动作概率: 卖出=0.1059, 观望=0.6530, 买入=0.2411
2025-03-06 00:36:48 - INFO - [PIPPIN] 选择动作: 观望, 概率: 0.6530
2025-03-06 00:37:48 - INFO - [PIPPIN] USDT余额: 可用=48.67491208, 总额=54.04620857
2025-03-06 00:37:48 - INFO - [PIPPIN] 当前账户余额: 可用=48.67491208 USDT, 总额=54.04620857 USDT
2025-03-06 00:37:48 - INFO - [PIPPIN] 成功获取500根5mK线数据
2025-03-06 00:37:48 - INFO - [PIPPIN] 当前持仓方向: 多，持仓金额: 26.8013
2025-03-06 00:37:48 - INFO - [PIPPIN] 当前价格: 0.02593, AI信号: 0, 持仓数量: 1034.0, 开仓均价: 0.02578, 未实现盈亏: 0.16 USDT (0.58%)
2025-03-06 00:37:49 - INFO - [PIPPIN] 成功获取120根5mK线数据
2025-03-06 00:37:49 - INFO - [PIPPIN] 动作概率: 卖出=0.1000, 观望=0.7181, 买入=0.1819
2025-03-06 00:37:49 - INFO - [PIPPIN] 选择动作: 观望, 概率: 0.7181
2025-03-06 00:38:49 - INFO - [PIPPIN] USDT余额: 可用=48.51778382, 总额=53.84974857
2025-03-06 00:38:49 - INFO - [PIPPIN] 当前账户余额: 可用=48.51778382 USDT, 总额=53.84974857 USDT
2025-03-06 00:38:50 - INFO - [PIPPIN] 成功获取500根5mK线数据
2025-03-06 00:38:50 - INFO - [PIPPIN] 当前持仓方向: 多，持仓金额: 26.6048
2025-03-06 00:38:50 - INFO - [PIPPIN] 当前价格: 0.02573, AI信号: 0, 持仓数量: 1034.0, 开仓均价: 0.02578, 未实现盈亏: -0.05 USDT (-0.19%)
2025-03-06 00:38:50 - INFO - [PIPPIN] 成功获取120根5mK线数据
2025-03-06 00:38:51 - INFO - [PIPPIN] 动作概率: 卖出=0.1334, 观望=0.6894, 买入=0.1772
2025-03-06 00:38:51 - INFO - [PIPPIN] 选择动作: 卖出, 概率: 0.1334
2025-03-06 00:38:51 - INFO - [PIPPIN] 根据策略信号(-1)平多仓
2025-03-06 00:38:51 - INFO - [PIPPIN] ========== PPO模型指标 ==========
2025-03-06 00:38:51 - INFO - [PIPPIN] 模型名称: PPOTrend
2025-03-06 00:38:51 - INFO - [PIPPIN] 版本: 1.0.0
2025-03-06 00:38:51 - INFO - [PIPPIN] 交易品种: PIPPINUSDT
2025-03-06 00:38:51 - INFO - [PIPPIN] 
----- 模型参数 -----
2025-03-06 00:38:51 - INFO - [PIPPIN] 状态维度: 40
2025-03-06 00:38:51 - INFO - [PIPPIN] 动作空间: 3
2025-03-06 00:38:51 - INFO - [PIPPIN] 批次大小: 64
2025-03-06 00:38:51 - INFO - [PIPPIN] 奖励折扣因子: 0.99
2025-03-06 00:38:51 - INFO - [PIPPIN] PPO裁剪参数: 0.2
2025-03-06 00:38:51 - INFO - [PIPPIN] 策略网络学习率: 0.0001
2025-03-06 00:38:51 - INFO - [PIPPIN] 价值网络学习率: 0.0005
2025-03-06 00:38:51 - INFO - [PIPPIN] 
----- 性能指标 -----
2025-03-06 00:38:51 - INFO - [PIPPIN] 累积奖励: 0.0000
2025-03-06 00:38:51 - INFO - [PIPPIN] 交易次数: 0
2025-03-06 00:38:51 - INFO - [PIPPIN] 
----- 当前状态 -----
2025-03-06 00:38:51 - INFO - [PIPPIN] 当前持仓: 多仓
2025-03-06 00:38:51 - INFO - [PIPPIN] 持仓数量: 1034.000000
2025-03-06 00:38:51 - INFO - [PIPPIN] 开仓价格: 0.03
2025-03-06 00:38:51 - INFO - [PIPPIN] 当前盈亏: -0.19%
2025-03-06 00:38:51 - INFO - [PIPPIN] 
----- 模型预测 -----
2025-03-06 00:38:51 - INFO - [PIPPIN] 成功获取120根5mK线数据
2025-03-06 00:38:51 - INFO - [PIPPIN] 动作概率: 卖出=0.1334, 观望=0.6894, 买入=0.1772
2025-03-06 00:38:51 - INFO - [PIPPIN] 当前状态价值估计: -0.2608
2025-03-06 00:38:51 - INFO - [PIPPIN] 
----- 模型元数据 -----
2025-03-06 00:38:51 - INFO - [PIPPIN] 上次更新时间: 2025-03-05 23:16:35.952797
2025-03-06 00:38:51 - INFO - [PIPPIN] 记录的累积奖励: 0.0000
2025-03-06 00:38:51 - INFO - [PIPPIN] 记录的交易次数: 0
2025-03-06 00:38:51 - INFO - [PIPPIN] =================================
2025-03-06 00:38:52 - INFO - [PIPPIN] 订单创建成功: {'info': {'orderId': '254118852', 'symbol': 'PIPPINUSDT', 'status': 'FILLED', 'clientOrderId': 'x-xcKtGhcudfb33a6a52000544f788f9', 'price': '0.0000000', 'avgPrice': '0.0257420', 'origQty': '1034', 'executedQty': '1034', 'cumQty': '1034', 'cumQuote': '26.6172000', 'timeInForce': 'GTC', 'type': 'MARKET', 'reduceOnly': False, 'closePosition': False, 'side': 'SELL', 'positionSide': 'BOTH', 'stopPrice': '0.0000000', 'workingType': 'CONTRACT_PRICE', 'priceProtect': False, 'origType': 'MARKET', 'priceMatch': 'NONE', 'selfTradePreventionMode': 'EXPIRE_MAKER', 'goodTillDate': '0', 'updateTime': '1741192732381'}, 'id': '254118852', 'clientOrderId': 'x-xcKtGhcudfb33a6a52000544f788f9', 'timestamp': 1741192732381, 'datetime': '2025-03-05T16:38:52.381Z', 'lastTradeTimestamp': 1741192732381, 'lastUpdateTimestamp': 1741192732381, 'symbol': 'PIPPIN/USDT:USDT', 'type': 'market', 'timeInForce': 'GTC', 'postOnly': False, 'reduceOnly': False, 'side': 'sell', 'price': 0.025742, 'triggerPrice': None, 'amount': 1034.0, 'cost': 26.6172, 'average': 0.025742, 'filled': 1034.0, 'remaining': 0.0, 'status': 'closed', 'fee': {'currency': None, 'cost': None, 'rate': None}, 'trades': [], 'fees': [{'currency': None, 'cost': None, 'rate': None}], 'stopPrice': None, 'takeProfitPrice': None, 'stopLossPrice': None}
2025-03-06 00:38:52 - INFO - [PIPPIN] 平仓成功: {'info': {'orderId': '254118852', 'symbol': 'PIPPINUSDT', 'status': 'FILLED', 'clientOrderId': 'x-xcKtGhcudfb33a6a52000544f788f9', 'price': '0.0000000', 'avgPrice': '0.0257420', 'origQty': '1034', 'executedQty': '1034', 'cumQty': '1034', 'cumQuote': '26.6172000', 'timeInForce': 'GTC', 'type': 'MARKET', 'reduceOnly': False, 'closePosition': False, 'side': 'SELL', 'positionSide': 'BOTH', 'stopPrice': '0.0000000', 'workingType': 'CONTRACT_PRICE', 'priceProtect': False, 'origType': 'MARKET', 'priceMatch': 'NONE', 'selfTradePreventionMode': 'EXPIRE_MAKER', 'goodTillDate': '0', 'updateTime': '1741192732381'}, 'id': '254118852', 'clientOrderId': 'x-xcKtGhcudfb33a6a52000544f788f9', 'timestamp': 1741192732381, 'datetime': '2025-03-05T16:38:52.381Z', 'lastTradeTimestamp': 1741192732381, 'lastUpdateTimestamp': 1741192732381, 'symbol': 'PIPPIN/USDT:USDT', 'type': 'market', 'timeInForce': 'GTC', 'postOnly': False, 'reduceOnly': False, 'side': 'sell', 'price': 0.025742, 'triggerPrice': None, 'amount': 1034.0, 'cost': 26.6172, 'average': 0.025742, 'filled': 1034.0, 'remaining': 0.0, 'status': 'closed', 'fee': {'currency': None, 'cost': None, 'rate': None}, 'trades': [], 'fees': [{'currency': None, 'cost': None, 'rate': None}], 'stopPrice': None, 'takeProfitPrice': None, 'stopLossPrice': None}
2025-03-06 00:38:54 - INFO - [PIPPIN] 成功获取120根5mK线数据
2025-03-06 00:39:55 - INFO - [PIPPIN] USDT余额: 可用=53.83781946, 总额=53.84881997
2025-03-06 00:39:55 - INFO - [PIPPIN] 当前账户余额: 可用=53.83781946 USDT, 总额=53.84881997 USDT
2025-03-06 00:39:55 - INFO - [PIPPIN] 成功获取500根5mK线数据
2025-03-06 00:39:55 - INFO - [PIPPIN] 当前价格: 0.02577, AI信号: 0
2025-03-06 00:39:55 - INFO - [PIPPIN] 成功获取120根5mK线数据
2025-03-06 00:39:56 - INFO - [PIPPIN] 动作概率: 卖出=0.0867, 观望=0.7460, 买入=0.1672
2025-03-06 00:39:56 - INFO - [PIPPIN] 选择动作: 卖出, 概率: 0.0867
2025-03-06 00:39:57 - INFO - [PIPPIN] USDT余额: 可用=53.83781935, 总额=53.84881997
2025-03-06 00:39:57 - INFO - [PIPPIN] 订单创建成功: {'info': {'orderId': '254124136', 'symbol': 'PIPPINUSDT', 'status': 'FILLED', 'clientOrderId': 'x-xcKtGhcu986d607d72d9f166133e93', 'price': '0.0000000', 'avgPrice': '0.0257000', 'origQty': '1045', 'executedQty': '1045', 'cumQty': '1045', 'cumQuote': '26.8565000', 'timeInForce': 'GTC', 'type': 'MARKET', 'reduceOnly': False, 'closePosition': False, 'side': 'SELL', 'positionSide': 'BOTH', 'stopPrice': '0.0000000', 'workingType': 'CONTRACT_PRICE', 'priceProtect': False, 'origType': 'MARKET', 'priceMatch': 'NONE', 'selfTradePreventionMode': 'EXPIRE_MAKER', 'goodTillDate': '0', 'updateTime': '1741192797568'}, 'id': '254124136', 'clientOrderId': 'x-xcKtGhcu986d607d72d9f166133e93', 'timestamp': 1741192797568, 'datetime': '2025-03-05T16:39:57.568Z', 'lastTradeTimestamp': 1741192797568, 'lastUpdateTimestamp': 1741192797568, 'symbol': 'PIPPIN/USDT:USDT', 'type': 'market', 'timeInForce': 'GTC', 'postOnly': False, 'reduceOnly': False, 'side': 'sell', 'price': 0.0257, 'triggerPrice': None, 'amount': 1045.0, 'cost': 26.8565, 'average': 0.0257, 'filled': 1045.0, 'remaining': 0.0, 'status': 'closed', 'fee': {'currency': None, 'cost': None, 'rate': None}, 'trades': [], 'fees': [{'currency': None, 'cost': None, 'rate': None}], 'stopPrice': None, 'takeProfitPrice': None, 'stopLossPrice': None}
2025-03-06 00:39:57 - INFO - [PIPPIN] 开空仓 - 数量: 1045.800687, 价格: 0.02574
2025-03-06 00:40:57 - INFO - [PIPPIN] USDT余额: 可用=48.51578338, 总额=53.88764172
2025-03-06 00:40:57 - INFO - [PIPPIN] 当前账户余额: 可用=48.51578338 USDT, 总额=53.88764172 USDT
2025-03-06 00:40:58 - INFO - [PIPPIN] 成功获取500根5mK线数据
2025-03-06 00:40:59 - INFO - [PIPPIN] 当前持仓方向: 空，持仓金额: 26.8042
2025-03-06 00:40:59 - INFO - [PIPPIN] 当前价格: 0.02564, AI信号: 0, 持仓数量: 1045.0, 开仓均价: 0.0257, 未实现盈亏: 0.06 USDT (0.23%)
2025-03-06 00:40:59 - INFO - [PIPPIN] 成功获取120根5mK线数据
2025-03-06 00:41:00 - INFO - [PIPPIN] 动作概率: 卖出=0.0956, 观望=0.7363, 买入=0.1681
2025-03-06 00:41:00 - INFO - [PIPPIN] 选择动作: 观望, 概率: 0.7363
2025-03-06 00:42:00 - INFO - [PIPPIN] USDT余额: 可用=48.72892791, 总额=54.06529172
2025-03-06 00:42:00 - INFO - [PIPPIN] 当前账户余额: 可用=48.72892791 USDT, 总额=54.06529172 USDT
2025-03-06 00:42:01 - INFO - [PIPPIN] 成功获取500根5mK线数据
2025-03-06 00:42:01 - INFO - [PIPPIN] 当前持仓方向: 空，持仓金额: 26.6266
2025-03-06 00:42:01 - INFO - [PIPPIN] 当前价格: 0.02547, AI信号: 0, 持仓数量: 1045.0, 开仓均价: 0.0257, 未实现盈亏: 0.24 USDT (0.89%)
2025-03-06 00:42:01 - INFO - [PIPPIN] 成功获取120根5mK线数据
2025-03-06 00:42:02 - INFO - [PIPPIN] 动作概率: 卖出=0.0685, 观望=0.7772, 买入=0.1543
2025-03-06 00:42:02 - INFO - [PIPPIN] 选择动作: 观望, 概率: 0.7772
2025-03-06 00:43:02 - INFO - [PIPPIN] USDT余额: 可用=48.72833822, 总额=54.06480057
2025-03-06 00:43:02 - INFO - [PIPPIN] 当前账户余额: 可用=48.72833822 USDT, 总额=54.06480057 USDT
2025-03-06 00:43:03 - INFO - [PIPPIN] 成功获取500根5mK线数据
2025-03-06 00:43:03 - INFO - [PIPPIN] 当前持仓方向: 空，持仓金额: 26.6266
2025-03-06 00:43:03 - INFO - [PIPPIN] 当前价格: 0.02544, AI信号: 0, 持仓数量: 1045.0, 开仓均价: 0.0257, 未实现盈亏: 0.27 USDT (1.01%)
2025-03-06 00:43:04 - INFO - [PIPPIN] 成功获取120根5mK线数据
2025-03-06 00:43:05 - INFO - [PIPPIN] 动作概率: 卖出=0.0747, 观望=0.7654, 买入=0.1599
2025-03-06 00:43:05 - INFO - [PIPPIN] 选择动作: 观望, 概率: 0.7654
