2025-03-03 00:44:08 - INFO - [root] ==================================================
2025-03-03 00:44:08 - INFO - [root] 日志系统初始化完成 - 2025-03-03 00:44:08
2025-03-03 00:44:08 - INFO - [root] ==================================================
2025-03-03 00:44:10 - INFO - [IP] 没有未成交的订单
2025-03-03 00:44:10 - INFO - [IP] 当前已经是单向持仓模式
2025-03-03 00:44:10 - INFO - [IP] 设置杠杆倍数 5倍 成功
2025-03-03 00:44:11 - INFO - [IP] 当前已经是CROSSED保证金模式
2025-03-03 00:44:11 - INFO - [IP] 交易器初始化成功 for IPUSDT
2025-03-03 00:44:11 - INFO - [IP] 初始化 IPUSDT 交易器和策略成功
2025-03-03 00:44:11 - INFO - [IP] 交易线程启动成功
2025-03-03 00:44:11 - INFO - [root] 启动线程监控
2025-03-03 00:44:11 - INFO - [root] 交易系统启动成功，正在交易的币对: IPUSDT
2025-03-03 00:44:11 - INFO - [IP] USDT余额: 可用=140.61392496, 总额=140.64228248
2025-03-03 00:44:11 - INFO - [IP] 当前账户余额: 可用=140.61392496 USDT, 总额=140.64228248 USDT
2025-03-03 00:44:11 - INFO - [IP] 成功获取100根3mK线数据
2025-03-03 00:44:11 - INFO - [IP] 趋势评分: 0.2839, 趋势方向: 0, 上一次信号: 0
2025-03-03 00:44:12 - INFO - [IP] 当前价格: 6.1002, AI信号: 0
2025-03-03 00:45:12 - INFO - [IP] USDT余额: 可用=140.61392521, 总额=140.64228248
2025-03-03 00:45:12 - INFO - [IP] 当前账户余额: 可用=140.61392521 USDT, 总额=140.64228248 USDT
2025-03-03 00:45:12 - INFO - [IP] 成功获取100根3mK线数据
2025-03-03 00:45:12 - INFO - [IP] 趋势评分: 0.1273, 趋势方向: 0, 上一次信号: 0
2025-03-03 00:45:13 - INFO - [IP] 当前价格: 6.09, AI信号: 0
2025-03-03 00:45:42 - INFO - [root] 接收到退出信号，正在关闭所有交易...
2025-03-03 00:45:42 - INFO - [IP] 关闭 IPUSDT 所有持仓
2025-03-03 00:45:50 - INFO - [root] ==================================================
2025-03-03 00:45:50 - INFO - [root] 日志系统初始化完成 - 2025-03-03 00:45:50
2025-03-03 00:45:50 - INFO - [root] ==================================================
2025-03-03 00:45:52 - INFO - [IP] 没有未成交的订单
2025-03-03 00:45:52 - INFO - [IP] 当前已经是单向持仓模式
2025-03-03 00:45:52 - INFO - [IP] 设置杠杆倍数 5倍 成功
2025-03-03 00:45:53 - INFO - [IP] 当前已经是CROSSED保证金模式
2025-03-03 00:45:53 - INFO - [IP] 交易器初始化成功 for IPUSDT
2025-03-03 00:45:53 - INFO - [IP] 初始化 IPUSDT 交易器和策略成功
2025-03-03 00:45:53 - INFO - [IP] 交易线程启动成功
2025-03-03 00:45:53 - INFO - [root] 启动线程监控
2025-03-03 00:45:53 - INFO - [root] 交易系统启动成功，正在交易的币对: IPUSDT
2025-03-03 00:45:53 - INFO - [IP] USDT余额: 可用=80.62592438, 总额=80.64228248
2025-03-03 00:45:53 - INFO - [IP] 当前账户余额: 可用=80.62592438 USDT, 总额=80.64228248 USDT
2025-03-03 00:45:53 - INFO - [IP] 成功获取100根3mK线数据
2025-03-03 00:45:53 - INFO - [IP] 趋势评分: 0.1291, 趋势方向: 0, 上一次信号: 0
2025-03-03 00:45:54 - INFO - [IP] 当前价格: 6.05868, AI信号: 0
2025-03-03 00:46:55 - INFO - [IP] USDT余额: 可用=80.62592375, 总额=80.64228248
2025-03-03 00:46:55 - INFO - [IP] 当前账户余额: 可用=80.62592375 USDT, 总额=80.64228248 USDT
2025-03-03 00:46:55 - INFO - [IP] 成功获取100根3mK线数据
2025-03-03 00:46:55 - INFO - [IP] 趋势评分: 0.1510, 趋势方向: 0, 上一次信号: 0
2025-03-03 00:46:55 - INFO - [IP] 当前价格: 6.03034, AI信号: 0
2025-03-03 00:47:42 - INFO - [root] 接收到退出信号，正在关闭所有交易...
2025-03-03 00:47:42 - INFO - [IP] 关闭 IPUSDT 所有持仓
2025-03-03 00:47:49 - INFO - [root] ==================================================
2025-03-03 00:47:49 - INFO - [root] 日志系统初始化完成 - 2025-03-03 00:47:49
2025-03-03 00:47:49 - INFO - [root] ==================================================
2025-03-03 00:47:51 - INFO - [IP] 没有未成交的订单
2025-03-03 00:47:51 - INFO - [IP] 当前已经是单向持仓模式
2025-03-03 00:47:51 - INFO - [IP] 设置杠杆倍数 5倍 成功
2025-03-03 00:47:52 - INFO - [IP] 当前已经是CROSSED保证金模式
2025-03-03 00:47:52 - INFO - [IP] 交易器初始化成功 for IPUSDT
2025-03-03 00:47:52 - INFO - [IP] 初始化 IPUSDT 交易器和策略成功
2025-03-03 00:47:52 - INFO - [IP] 交易线程启动成功
2025-03-03 00:47:52 - INFO - [root] 启动线程监控
2025-03-03 00:47:52 - INFO - [root] 交易系统启动成功，正在交易的币对: IPUSDT
2025-03-03 00:47:52 - INFO - [IP] USDT余额: 可用=80.62592396, 总额=80.64228248
2025-03-03 00:47:52 - INFO - [IP] 当前账户余额: 可用=80.62592396 USDT, 总额=80.64228248 USDT
2025-03-03 00:47:52 - INFO - [IP] 成功获取100根3mK线数据
2025-03-03 00:47:52 - INFO - [IP] 趋势评分组成部分:
                EMA趋势: 0.0000
                ADX趋势: 0.0807
                MACD因子: 0.3316
                RSI因子: -0.0041
                成交量因子: -0.0655
            
2025-03-03 00:47:52 - INFO - [IP] 趋势评分组成部分:
                EMA趋势: 0.0000
                ADX趋势: 0.0807
                MACD因子: 0.3316
                RSI因子: -0.0041
                成交量因子: -0.0655
            
2025-03-03 00:47:52 - INFO - [IP] 趋势评分: 0.1713, 趋势方向: 0, 上一次信号: 0
2025-03-03 00:47:53 - INFO - [IP] 当前价格: 6.0387, AI信号: 0
2025-03-03 00:48:53 - INFO - [IP] USDT余额: 可用=80.62592405, 总额=80.64228248
2025-03-03 00:48:53 - INFO - [IP] 当前账户余额: 可用=80.62592405 USDT, 总额=80.64228248 USDT
2025-03-03 00:48:53 - INFO - [IP] 成功获取100根3mK线数据
2025-03-03 00:48:53 - INFO - [IP] 趋势评分组成部分:
                EMA趋势: 0.0000
                ADX趋势: 0.0859
                MACD因子: 0.3297
                RSI因子: 0.0025
                成交量因子: -0.2139
            
2025-03-03 00:48:53 - INFO - [IP] 趋势评分组成部分:
                EMA趋势: 0.0000
                ADX趋势: 0.0859
                MACD因子: 0.3297
                RSI因子: 0.0025
                成交量因子: -0.2139
            
2025-03-03 00:48:53 - INFO - [IP] 趋势评分: 0.1021, 趋势方向: 0, 上一次信号: 0
2025-03-03 00:48:54 - INFO - [IP] 当前价格: 6.03827, AI信号: 0
