2025-02-27 01:32:54 - INFO - [root] ==================================================
2025-02-27 01:32:54 - INFO - [root] 日志系统初始化完成 - 2025-02-27 01:32:54
2025-02-27 01:32:54 - INFO - [root] ==================================================
2025-02-27 01:32:55 - INFO - [PIPPIN] 没有未成交的订单
2025-02-27 01:32:55 - INFO - [PIPPIN] 当前已经是单向持仓模式
2025-02-27 01:32:56 - INFO - [PIPPIN] 设置杠杆倍数 5倍 成功
2025-02-27 01:32:56 - INFO - [PIPPIN] 当前已经是CROSSED保证金模式
2025-02-27 01:32:56 - INFO - [PIPPIN] 交易器初始化成功 for PIPPINUSDT
2025-02-27 01:32:56 - WARNING - [absl] At this time, the v2.11+ optimizer `tf.keras.optimizers.Adam` runs slowly on M1/M2 Macs, please use the legacy Keras optimizer instead, located at `tf.keras.optimizers.legacy.Adam`.
2025-02-27 01:32:56 - WARNING - [absl] There is a known slowdown when using v2.11+ Keras optimizers on M1/M2 Macs. Falling back to the legacy Keras optimizer, i.e., `tf.keras.optimizers.legacy.Adam`.
2025-02-27 01:32:56 - INFO - [PIPPIN] LSTM模型初始化成功
2025-02-27 01:32:56 - INFO - [PIPPIN] 已加载模型: models/PIPPINUSDT_DeepLearningStrategy.h5
2025-02-27 01:32:56 - INFO - [PIPPIN] 初始化 PIPPINUSDT 交易器和策略成功
2025-02-27 01:32:56 - INFO - [PIPPIN] 交易线程启动成功
2025-02-27 01:32:56 - INFO - [root] 启动线程监控
2025-02-27 01:32:56 - INFO - [root] 交易系统启动成功，正在交易的币对: PIPPINUSDT
2025-02-27 01:32:56 - INFO - [PIPPIN] USDT余额: 可用=80.15412022, 总额=80.17038517
2025-02-27 01:32:56 - INFO - [PIPPIN] 当前账户余额: 可用=80.15412022 USDT, 总额=80.17038517 USDT
2025-02-27 01:32:57 - INFO - [PIPPIN] 成功获取1000根1mK线数据
2025-02-27 01:32:57 - INFO - [PIPPIN] 模型重新训练时间到，准备重新训练
2025-02-27 01:32:57 - INFO - [PIPPIN] 训练数据形状 - X: (877, 60, 19), y: (877, 15)
2025-02-27 01:33:58 - INFO - [PIPPIN] 模型训练完成 - 训练损失: 0.002938, 验证损失: 0.000046
2025-02-27 01:33:58 - INFO - [PIPPIN] 模型已保存至: models/PIPPINUSDT_DeepLearningStrategy.h5
2025-02-27 01:33:58 - INFO - [PIPPIN] 模型重新训练和保存完成
2025-02-27 01:33:59 - INFO - [PIPPIN] 预测趋势: 0, 置信度: 0.5000, 预测价格变化: 0.3227%
2025-02-27 01:34:00 - INFO - [PIPPIN] 当前价格: 0.03082, AI信号: 0
2025-02-27 01:35:01 - INFO - [PIPPIN] USDT余额: 可用=80.15412032, 总额=80.17038517
2025-02-27 01:35:01 - INFO - [PIPPIN] 当前账户余额: 可用=80.15412032 USDT, 总额=80.17038517 USDT
2025-02-27 01:35:01 - INFO - [PIPPIN] 成功获取1000根1mK线数据
2025-02-27 01:35:01 - INFO - [PIPPIN] 预测趋势: 0, 置信度: 0.5000, 预测价格变化: 0.3227%
2025-02-27 01:35:01 - INFO - [PIPPIN] 当前价格: 0.03051, AI信号: 0
2025-02-27 01:36:02 - INFO - [PIPPIN] USDT余额: 可用=80.15412043, 总额=80.17038517
2025-02-27 01:36:02 - INFO - [PIPPIN] 当前账户余额: 可用=80.15412043 USDT, 总额=80.17038517 USDT
2025-02-27 01:36:02 - INFO - [PIPPIN] 成功获取1000根1mK线数据
2025-02-27 01:36:02 - INFO - [PIPPIN] 预测趋势: -1, 置信度: 1.0000, 预测价格变化: -100.0767%
2025-02-27 01:36:03 - INFO - [PIPPIN] 生成卖出信号 - 预测价格下跌: -100.0767%, 置信度: 1.0000
2025-02-27 01:36:03 - INFO - [PIPPIN] 当前价格: 0.03041, AI信号: -1
2025-02-27 01:36:03 - INFO - [PIPPIN] 订单创建成功: {'info': {'orderId': '217698554', 'symbol': 'PIPPINUSDT', 'status': 'FILLED', 'clientOrderId': 'x-xcKtGhcu1bbfe4bb8dafa90c2e8bb9', 'price': '0.0000000', 'avgPrice': '0.0304200', 'origQty': '1317', 'executedQty': '1317', 'cumQty': '1317', 'cumQuote': '40.0631400', 'timeInForce': 'GTC', 'type': 'MARKET', 'reduceOnly': False, 'closePosition': False, 'side': 'SELL', 'positionSide': 'BOTH', 'stopPrice': '0.0000000', 'workingType': 'CONTRACT_PRICE', 'priceProtect': False, 'origType': 'MARKET', 'priceMatch': 'NONE', 'selfTradePreventionMode': 'EXPIRE_MAKER', 'goodTillDate': '0', 'updateTime': '1740591363869'}, 'id': '217698554', 'clientOrderId': 'x-xcKtGhcu1bbfe4bb8dafa90c2e8bb9', 'timestamp': 1740591363869, 'datetime': '2025-02-26T17:36:03.869Z', 'lastTradeTimestamp': 1740591363869, 'lastUpdateTimestamp': 1740591363869, 'symbol': 'PIPPIN/USDT:USDT', 'type': 'market', 'timeInForce': 'GTC', 'postOnly': False, 'reduceOnly': False, 'side': 'sell', 'price': 0.03042, 'triggerPrice': None, 'amount': 1317.0, 'cost': 40.06314, 'average': 0.03042, 'filled': 1317.0, 'remaining': 0.0, 'status': 'closed', 'fee': {'currency': None, 'cost': None, 'rate': None}, 'trades': [], 'fees': [{'currency': None, 'cost': None, 'rate': None}], 'stopPrice': None, 'takeProfitPrice': None, 'stopLossPrice': None}
2025-02-27 01:37:04 - INFO - [PIPPIN] USDT余额: 可用=71.8944801, 总额=80.06881813
2025-02-27 01:37:04 - INFO - [PIPPIN] 当前账户余额: 可用=71.89448010 USDT, 总额=80.06881813 USDT
2025-02-27 01:37:04 - INFO - [PIPPIN] 成功获取1000根1mK线数据
2025-02-27 01:37:04 - INFO - [PIPPIN] 预测趋势: 0, 置信度: 0.5000, 预测价格变化: 0.3227%
2025-02-27 01:37:05 - INFO - [PIPPIN] 当前持仓方向: 空，持仓金额: 40.1447
2025-02-27 01:37:05 - INFO - [PIPPIN] 当前价格: 0.0305, AI信号: 0, 持仓数量: 1317.0, 开仓均价: 0.03042, 未实现盈亏: -0.11 USDT (-0.26%)
2025-02-27 01:38:06 - INFO - [PIPPIN] USDT余额: 可用=72.11576027, 总额=80.14559923
2025-02-27 01:38:06 - INFO - [PIPPIN] 当前账户余额: 可用=72.11576027 USDT, 总额=80.14559923 USDT
2025-02-27 01:38:06 - INFO - [PIPPIN] 成功获取1000根1mK线数据
2025-02-27 01:38:06 - INFO - [PIPPIN] 预测趋势: 0, 置信度: 0.5000, 预测价格变化: 0.3226%
2025-02-27 01:38:06 - INFO - [PIPPIN] 当前持仓方向: 空，持仓金额: 40.0569
2025-02-27 01:38:06 - INFO - [PIPPIN] 当前价格: 0.03044, AI信号: 0, 持仓数量: 1317.0, 开仓均价: 0.03042, 未实现盈亏: -0.03 USDT (-0.07%)
2025-02-27 01:39:07 - INFO - [PIPPIN] USDT余额: 可用=72.16845807, 总额=80.25364591
2025-02-27 01:39:07 - INFO - [PIPPIN] 当前账户余额: 可用=72.16845807 USDT, 总额=80.25364591 USDT
2025-02-27 01:39:07 - INFO - [PIPPIN] 成功获取1000根1mK线数据
2025-02-27 01:39:07 - INFO - [PIPPIN] 预测趋势: 0, 置信度: 0.5000, 预测价格变化: 0.3222%
2025-02-27 01:39:08 - INFO - [PIPPIN] 当前持仓方向: 空，持仓金额: 39.9598
2025-02-27 01:39:08 - INFO - [PIPPIN] 当前价格: 0.03041, AI信号: 0, 持仓数量: 1317.0, 开仓均价: 0.03042, 未实现盈亏: 0.01 USDT (0.03%)
2025-02-27 01:40:08 - INFO - [PIPPIN] USDT余额: 可用=72.30792103, 总额=80.3057596
2025-02-27 01:40:08 - INFO - [PIPPIN] 当前账户余额: 可用=72.30792103 USDT, 总额=80.30575960 USDT
2025-02-27 01:40:09 - INFO - [PIPPIN] 成功获取1000根1mK线数据
2025-02-27 01:40:09 - INFO - [PIPPIN] 预测趋势: 0, 置信度: 0.5000, 预测价格变化: 0.3224%
2025-02-27 01:40:09 - INFO - [PIPPIN] 当前持仓方向: 空，持仓金额: 39.9077
2025-02-27 01:40:09 - INFO - [PIPPIN] 当前价格: 0.03028, AI信号: 0, 持仓数量: 1317.0, 开仓均价: 0.03042, 未实现盈亏: 0.18 USDT (0.46%)
2025-02-27 01:41:10 - INFO - [PIPPIN] USDT余额: 可用=72.09658401, 总额=80.15762344
2025-02-27 01:41:10 - INFO - [PIPPIN] 当前账户余额: 可用=72.09658401 USDT, 总额=80.15762344 USDT
2025-02-27 01:41:10 - INFO - [PIPPIN] 成功获取1000根1mK线数据
2025-02-27 01:41:10 - INFO - [PIPPIN] 预测趋势: 0, 置信度: 0.5000, 预测价格变化: 0.3227%
2025-02-27 01:41:11 - INFO - [PIPPIN] 当前持仓方向: 空，持仓金额: 40.0584
2025-02-27 01:41:11 - INFO - [PIPPIN] 当前价格: 0.03039, AI信号: 0, 持仓数量: 1317.0, 开仓均价: 0.03042, 未实现盈亏: 0.04 USDT (0.10%)
2025-02-27 01:42:11 - INFO - [PIPPIN] USDT余额: 可用=71.98188156, 总额=80.04496726
2025-02-27 01:42:11 - INFO - [PIPPIN] 当前账户余额: 可用=71.98188156 USDT, 总额=80.04496726 USDT
2025-02-27 01:42:12 - INFO - [PIPPIN] 成功获取1000根1mK线数据
2025-02-27 01:42:12 - INFO - [PIPPIN] 预测趋势: 0, 置信度: 0.5000, 预测价格变化: 0.3227%
2025-02-27 01:42:12 - INFO - [PIPPIN] 当前持仓方向: 空，持仓金额: 40.1817
2025-02-27 01:42:12 - INFO - [PIPPIN] 当前价格: 0.03045, AI信号: 0, 持仓数量: 1317.0, 开仓均价: 0.03042, 未实现盈亏: -0.04 USDT (-0.10%)
2025-02-27 01:43:13 - INFO - [PIPPIN] USDT余额: 可用=71.94907703, 总额=80.01262174
2025-02-27 01:43:13 - INFO - [PIPPIN] 当前账户余额: 可用=71.94907703 USDT, 总额=80.01262174 USDT
2025-02-27 01:43:13 - INFO - [PIPPIN] 成功获取1000根1mK线数据
2025-02-27 01:43:13 - INFO - [PIPPIN] 预测趋势: 0, 置信度: 0.5000, 预测价格变化: 0.3226%
2025-02-27 01:43:14 - INFO - [PIPPIN] 当前持仓方向: 空，持仓金额: 40.2080
2025-02-27 01:43:14 - INFO - [PIPPIN] 当前价格: 0.03051, AI信号: 0, 持仓数量: 1317.0, 开仓均价: 0.03042, 未实现盈亏: -0.12 USDT (-0.30%)
2025-02-27 01:44:14 - INFO - [PIPPIN] USDT余额: 可用=71.66668635, 总额=79.85156581
2025-02-27 01:44:14 - INFO - [PIPPIN] 当前账户余额: 可用=71.66668635 USDT, 总额=79.85156581 USDT
2025-02-27 01:44:15 - INFO - [PIPPIN] 成功获取1000根1mK线数据
2025-02-27 01:44:15 - INFO - [PIPPIN] 预测趋势: 0, 置信度: 0.5000, 预测价格变化: 0.3227%
2025-02-27 01:44:15 - INFO - [PIPPIN] 当前持仓方向: 空，持仓金额: 40.3619
2025-02-27 01:44:15 - INFO - [PIPPIN] 当前价格: 0.03065, AI信号: 0, 持仓数量: 1317.0, 开仓均价: 0.03042, 未实现盈亏: -0.30 USDT (-0.76%)
2025-02-27 01:45:16 - INFO - [PIPPIN] USDT余额: 可用=71.4104035, 总额=79.5577036
2025-02-27 01:45:16 - INFO - [PIPPIN] 当前账户余额: 可用=71.41040350 USDT, 总额=79.55770360 USDT
2025-02-27 01:45:16 - INFO - [PIPPIN] 成功获取1000根1mK线数据
2025-02-27 01:45:16 - INFO - [PIPPIN] 预测趋势: 0, 置信度: 0.5000, 预测价格变化: 0.3227%
2025-02-27 01:45:17 - INFO - [PIPPIN] 当前持仓方向: 空，持仓金额: 40.6308
2025-02-27 01:45:17 - INFO - [PIPPIN] 当前价格: 0.03088, AI信号: 0, 持仓数量: 1317.0, 开仓均价: 0.03042, 未实现盈亏: -0.61 USDT (-1.51%)
2025-02-27 01:46:17 - INFO - [PIPPIN] USDT余额: 可用=71.47134944, 总额=79.60850029
2025-02-27 01:46:17 - INFO - [PIPPIN] 当前账户余额: 可用=71.47134944 USDT, 总额=79.60850029 USDT
2025-02-27 01:46:18 - INFO - [PIPPIN] 成功获取1000根1mK线数据
2025-02-27 01:46:18 - INFO - [PIPPIN] 预测趋势: 0, 置信度: 0.5000, 预测价格变化: 0.3227%
2025-02-27 01:46:18 - INFO - [PIPPIN] 当前持仓方向: 空，持仓金额: 40.6050
2025-02-27 01:46:18 - INFO - [PIPPIN] 当前价格: 0.03072, AI信号: 0, 持仓数量: 1317.0, 开仓均价: 0.03042, 未实现盈亏: -0.40 USDT (-0.99%)
2025-02-27 01:47:19 - INFO - [PIPPIN] USDT余额: 可用=71.66087093, 总额=79.76646127
2025-02-27 01:47:19 - INFO - [PIPPIN] 当前账户余额: 可用=71.66087093 USDT, 总额=79.76646127 USDT
2025-02-27 01:47:19 - INFO - [PIPPIN] 成功获取1000根1mK线数据
2025-02-27 01:47:19 - INFO - [PIPPIN] 预测趋势: 0, 置信度: 0.5000, 预测价格变化: 0.3227%
2025-02-27 01:47:29 - ERROR - [PIPPIN] 获取持仓信息失败: binanceusdm GET https://fapi.binance.com/fapi/v2/positionRisk?timestamp=1740592039815&recvWindow=5000&signature=51b8c16f460847e3d95f82bad4b0a97ba531a8624474b1693a7b55952469aaeb
2025-02-27 01:47:29 - WARNING - [PIPPIN] get_position 调用失败，1/3次尝试: binanceusdm GET https://fapi.binance.com/fapi/v2/positionRisk?timestamp=1740592039815&recvWindow=5000&signature=51b8c16f460847e3d95f82bad4b0a97ba531a8624474b1693a7b55952469aaeb
2025-02-27 01:47:35 - INFO - [PIPPIN] 当前持仓方向: 空，持仓金额: 40.4282
2025-02-27 01:47:35 - INFO - [PIPPIN] 当前价格: 0.03069, AI信号: 0, 持仓数量: 1317.0, 开仓均价: 0.03042, 未实现盈亏: -0.36 USDT (-0.89%)
2025-02-27 01:48:36 - INFO - [PIPPIN] USDT余额: 可用=71.58919113, 总额=79.79327539
2025-02-27 01:48:36 - INFO - [PIPPIN] 当前账户余额: 可用=71.58919113 USDT, 总额=79.79327539 USDT
2025-02-27 01:48:36 - INFO - [PIPPIN] 成功获取1000根1mK线数据
2025-02-27 01:48:36 - INFO - [PIPPIN] 预测趋势: 0, 置信度: 0.5000, 预测价格变化: 0.3227%
2025-02-27 01:48:37 - INFO - [PIPPIN] 当前持仓方向: 空，持仓金额: 40.4202
2025-02-27 01:48:37 - INFO - [PIPPIN] 当前价格: 0.03075, AI信号: 0, 持仓数量: 1317.0, 开仓均价: 0.03042, 未实现盈亏: -0.43 USDT (-1.08%)
2025-02-27 01:49:37 - INFO - [PIPPIN] USDT余额: 可用=71.53350566, 总额=79.71235891
2025-02-27 01:49:37 - INFO - [PIPPIN] 当前账户余额: 可用=71.53350566 USDT, 总额=79.71235891 USDT
2025-02-27 01:49:38 - INFO - [PIPPIN] 成功获取1000根1mK线数据
2025-02-27 01:49:38 - INFO - [PIPPIN] 预测趋势: 0, 置信度: 0.5000, 预测价格变化: 0.3227%
2025-02-27 01:49:38 - INFO - [PIPPIN] 预测准确性: 1.0000 (1/1)
2025-02-27 01:49:38 - INFO - [PIPPIN] 当前持仓方向: 空，持仓金额: 40.5011
2025-02-27 01:49:38 - INFO - [PIPPIN] 当前价格: 0.03078, AI信号: 0, 持仓数量: 1317.0, 开仓均价: 0.03042, 未实现盈亏: -0.47 USDT (-1.18%)
2025-02-27 01:50:39 - INFO - [PIPPIN] USDT余额: 可用=71.58004878, 总额=79.74756232
2025-02-27 01:50:39 - INFO - [PIPPIN] 当前账户余额: 可用=71.58004878 USDT, 总额=79.74756232 USDT
2025-02-27 01:50:39 - INFO - [PIPPIN] 成功获取1000根1mK线数据
2025-02-27 01:50:39 - INFO - [PIPPIN] 预测趋势: 0, 置信度: 0.5000, 预测价格变化: 0.3227%
2025-02-27 01:50:39 - INFO - [PIPPIN] 预测准确性: 0.5000 (1/2)
2025-02-27 01:50:40 - INFO - [PIPPIN] 当前持仓方向: 空，持仓金额: 40.4659
2025-02-27 01:50:40 - INFO - [PIPPIN] 当前价格: 0.03077, AI信号: 0, 持仓数量: 1317.0, 开仓均价: 0.03042, 未实现盈亏: -0.46 USDT (-1.15%)
2025-02-27 01:51:40 - INFO - [PIPPIN] USDT余额: 可用=71.63484615, 总额=79.74477028
2025-02-27 01:51:40 - INFO - [PIPPIN] 当前账户余额: 可用=71.63484615 USDT, 总额=79.74477028 USDT
2025-02-27 01:51:41 - INFO - [PIPPIN] 成功获取1000根1mK线数据
2025-02-27 01:51:41 - INFO - [PIPPIN] 预测趋势: 0, 置信度: 0.5000, 预测价格变化: 0.3227%
2025-02-27 01:51:41 - INFO - [PIPPIN] 预测准确性: 0.3333 (1/3)
2025-02-27 01:51:41 - INFO - [PIPPIN] 当前持仓方向: 空，持仓金额: 40.4687
2025-02-27 01:51:41 - INFO - [PIPPIN] 当前价格: 0.03068, AI信号: 0, 持仓数量: 1317.0, 开仓均价: 0.03042, 未实现盈亏: -0.34 USDT (-0.85%)
2025-02-27 01:52:42 - INFO - [PIPPIN] USDT余额: 可用=71.71646014, 总额=79.81279333
2025-02-27 01:52:42 - INFO - [PIPPIN] 当前账户余额: 可用=71.71646014 USDT, 总额=79.81279333 USDT
2025-02-27 01:52:42 - INFO - [PIPPIN] 成功获取1000根1mK线数据
2025-02-27 01:52:42 - INFO - [PIPPIN] 预测趋势: 0, 置信度: 0.5000, 预测价格变化: 0.3227%
2025-02-27 01:52:42 - INFO - [PIPPIN] 预测准确性: 0.5000 (2/4)
2025-02-27 01:52:43 - INFO - [PIPPIN] 当前持仓方向: 空，持仓金额: 40.4007
2025-02-27 01:52:43 - INFO - [PIPPIN] 当前价格: 0.03063, AI信号: 0, 持仓数量: 1317.0, 开仓均价: 0.03042, 未实现盈亏: -0.28 USDT (-0.69%)
2025-02-27 01:53:43 - INFO - [PIPPIN] USDT余额: 可用=71.75951603, 总额=79.92069514
2025-02-27 01:53:43 - INFO - [PIPPIN] 当前账户余额: 可用=71.75951603 USDT, 总额=79.92069514 USDT
2025-02-27 01:53:44 - INFO - [PIPPIN] 成功获取1000根1mK线数据
2025-02-27 01:53:44 - INFO - [PIPPIN] 预测趋势: 0, 置信度: 0.5000, 预测价格变化: 0.3227%
2025-02-27 01:53:44 - INFO - [PIPPIN] 预测准确性: 0.4000 (2/5)
2025-02-27 01:53:54 - ERROR - [PIPPIN] 获取持仓信息失败: binanceusdm GET https://fapi.binance.com/fapi/v2/positionRisk?timestamp=1740592424216&recvWindow=5000&signature=e59d4883047608fe3b418569823521a6524d6b4cf42fb32649bcb21093aaf056
2025-02-27 01:53:54 - WARNING - [PIPPIN] get_position 调用失败，1/3次尝试: binanceusdm GET https://fapi.binance.com/fapi/v2/positionRisk?timestamp=1740592424216&recvWindow=5000&signature=e59d4883047608fe3b418569823521a6524d6b4cf42fb32649bcb21093aaf056
2025-02-27 01:54:00 - INFO - [PIPPIN] 当前持仓方向: 空，持仓金额: 40.2984
2025-02-27 01:54:00 - INFO - [PIPPIN] 当前价格: 0.03061, AI信号: 0, 持仓数量: 1317.0, 开仓均价: 0.03042, 未实现盈亏: -0.25 USDT (-0.62%)
2025-02-27 02:01:22 - INFO - [root] ==================================================
2025-02-27 02:01:22 - INFO - [root] 日志系统初始化完成 - 2025-02-27 02:01:22
2025-02-27 02:01:22 - INFO - [root] ==================================================
2025-02-27 02:01:23 - INFO - [PIPPIN] 没有未成交的订单
2025-02-27 02:01:24 - INFO - [PIPPIN] 当前已经是单向持仓模式
2025-02-27 02:01:24 - INFO - [PIPPIN] 设置杠杆倍数 5倍 成功
2025-02-27 02:01:24 - INFO - [PIPPIN] 当前已经是CROSSED保证金模式
2025-02-27 02:01:24 - INFO - [PIPPIN] 交易器初始化成功 for PIPPINUSDT
2025-02-27 02:01:24 - WARNING - [absl] At this time, the v2.11+ optimizer `tf.keras.optimizers.Adam` runs slowly on M1/M2 Macs, please use the legacy Keras optimizer instead, located at `tf.keras.optimizers.legacy.Adam`.
2025-02-27 02:01:24 - WARNING - [absl] There is a known slowdown when using v2.11+ Keras optimizers on M1/M2 Macs. Falling back to the legacy Keras optimizer, i.e., `tf.keras.optimizers.legacy.Adam`.
2025-02-27 02:01:24 - INFO - [PIPPIN] LSTM模型初始化成功
2025-02-27 02:01:24 - INFO - [PIPPIN] 已加载模型: models/PIPPINUSDT_DeepLearningStrategy.h5
2025-02-27 02:01:24 - INFO - [PIPPIN] 初始化 PIPPINUSDT 交易器和策略成功
2025-02-27 02:01:24 - INFO - [PIPPIN] 交易线程启动成功
2025-02-27 02:01:24 - INFO - [root] 启动线程监控
2025-02-27 02:01:24 - INFO - [root] 交易系统启动成功，正在交易的币对: PIPPINUSDT
2025-02-27 02:01:25 - INFO - [PIPPIN] USDT余额: 可用=70.48217092, 总额=78.86675272
2025-02-27 02:01:25 - INFO - [PIPPIN] 当前账户余额: 可用=70.48217092 USDT, 总额=78.86675272 USDT
2025-02-27 02:01:25 - INFO - [PIPPIN] 成功获取1000根1mK线数据
2025-02-27 02:01:25 - INFO - [PIPPIN] 模型重新训练时间到，准备重新训练
2025-02-27 02:01:25 - INFO - [PIPPIN] 训练数据形状 - X: (877, 60, 19), y: (877, 15)
