
2025-02-17 17:22:18,746 - INFO - 没有未成交的订单
2025-02-17 17:22:18,902 - INFO - 当前持仓方向: 空, 持仓金额: 6.6006, 保证金: 0.0
2025-02-17 17:22:18,902 - INFO - 程序已安全退出
2025-02-17 17:30:35,014 - INFO - ==================================================
2025-02-17 17:30:35,014 - INFO - 日志系统初始化完成 - 2025-02-17 17:30:35
2025-02-17 17:30:35,014 - INFO - ==================================================
2025-02-17 17:30:36,617 - INFO - 没有未成交的订单
2025-02-17 17:30:36,728 - INFO - 当前已经是单向持仓模式
2025-02-17 17:30:36,890 - INFO - 设置杠杆倍数 5倍 成功
2025-02-17 17:30:37,009 - INFO - 当前已经是CROSSED保证金模式
2025-02-17 17:30:37,010 - INFO - 交易器初始化成功
2025-02-17 17:30:37,511 - INFO - USDT余额: 可用=133.83466656, 总额=133.86166783
2025-02-17 17:30:37,511 - INFO - 当前账户余额: 可用=133.83466656 USDT, 总额=133.86166783 USDT
2025-02-17 17:30:38,077 - INFO - 趋势强度不足，避免交易
2025-02-17 17:30:38,263 - INFO - 当前价格: 0.6945, AI信号: 0
2025-02-17 17:30:38,459 - INFO - 观望信号，保持当前仓位
2025-02-17 17:32:39,913 - INFO - 趋势强度不足，避免交易
2025-02-17 17:32:40,010 - INFO - 当前价格: 0.6946, AI信号: 0
2025-02-17 17:32:40,142 - INFO - 观望信号，保持当前仓位
2025-02-17 17:33:45,358 - ERROR - 获取K线数据失败: binanceusdm GET https://fapi.binance.com/fapi/v1/klines?interval=1m&limit=200&symbol=LAYERUSDT
2025-02-17 17:33:45,359 - WARNING - get_klines 调用失败，1/3次尝试: binanceusdm GET https://fapi.binance.com/fapi/v1/klines?interval=1m&limit=200&symbol=LAYERUSDT
2025-02-17 17:33:55,369 - ERROR - 获取K线数据失败: binanceusdm GET https://fapi.binance.com/fapi/v1/klines?interval=1m&limit=200&symbol=LAYERUSDT
2025-02-17 17:33:55,369 - WARNING - get_klines 调用失败，2/3次尝试: binanceusdm GET https://fapi.binance.com/fapi/v1/klines?interval=1m&limit=200&symbol=LAYERUSDT
2025-02-17 17:34:05,321 - ERROR - 获取K线数据失败: binanceusdm GET https://fapi.binance.com/fapi/v1/klines?interval=1m&limit=200&symbol=LAYERUSDT
2025-02-17 17:34:05,322 - ERROR - get_klines 调用失败，已达到最大重试次数: binanceusdm GET https://fapi.binance.com/fapi/v1/klines?interval=1m&limit=200&symbol=LAYERUSDT
2025-02-17 17:34:05,322 - INFO - 交易过程中发生错误: binanceusdm GET https://fapi.binance.com/fapi/v1/klines?interval=1m&limit=200&symbol=LAYERUSDT
2025-02-17 17:35:10,329 - ERROR - 获取K线数据失败: binanceusdm GET https://fapi.binance.com/fapi/v1/klines?interval=1m&limit=200&symbol=LAYERUSDT
2025-02-17 17:35:10,330 - WARNING - get_klines 调用失败，1/3次尝试: binanceusdm GET https://fapi.binance.com/fapi/v1/klines?interval=1m&limit=200&symbol=LAYERUSDT
2025-02-17 17:35:16,274 - INFO - 趋势强度不足，避免交易
2025-02-17 17:35:16,381 - INFO - 当前价格: 0.6942, AI信号: 0
2025-02-17 17:35:16,512 - INFO - 观望信号，保持当前仓位
2025-02-17 17:36:17,287 - INFO - 趋势强度不足，避免交易
2025-02-17 17:36:17,393 - INFO - 当前价格: 0.6948, AI信号: 0
2025-02-17 17:36:17,532 - INFO - 观望信号，保持当前仓位
2025-02-17 17:37:18,602 - INFO - 趋势强度不足，避免交易
2025-02-17 17:37:18,710 - INFO - 当前价格: 0.6943, AI信号: 0
2025-02-17 17:37:18,896 - INFO - 观望信号，保持当前仓位
2025-02-17 17:38:29,135 - ERROR - 获取K线数据失败: binanceusdm GET https://fapi.binance.com/fapi/v1/klines?interval=1m&limit=200&symbol=LAYERUSDT
2025-02-17 17:38:29,135 - WARNING - get_klines 调用失败，1/3次尝试: binanceusdm GET https://fapi.binance.com/fapi/v1/klines?interval=1m&limit=200&symbol=LAYERUSDT
2025-02-17 17:38:36,542 - INFO - 趋势强度不足，避免交易
2025-02-17 17:38:36,671 - INFO - 当前价格: 0.6946, AI信号: 0
2025-02-17 17:38:36,815 - INFO - 观望信号，保持当前仓位
2025-02-17 17:39:38,198 - INFO - 趋势强度不足，避免交易
2025-02-17 17:39:38,308 - INFO - 当前价格: 0.696, AI信号: 0
2025-02-17 17:39:38,437 - INFO - 观望信号，保持当前仓位
2025-02-17 17:40:46,250 - INFO - 模型训练完成 - Loss: 0.5563, Accuracy: 0.7778
2025-02-17 17:40:46,784 - INFO - AI预测值: 0.3882
2025-02-17 17:40:46,890 - INFO - 当前价格: 0.6988, AI信号: 0
2025-02-17 17:40:47,026 - INFO - 观望信号，保持当前仓位
2025-02-17 17:41:49,579 - INFO - 模型训练完成 - Loss: 0.5678, Accuracy: 0.7778
2025-02-17 17:41:49,620 - INFO - 预测置信度过低，建议观望
2025-02-17 17:41:49,620 - INFO - AI预测值: 0.5000
2025-02-17 17:41:49,730 - INFO - 当前价格: 0.6979, AI信号: 0
2025-02-17 17:41:49,865 - INFO - 观望信号，保持当前仓位
2025-02-17 17:42:52,276 - INFO - 模型训练完成 - Loss: 0.5373, Accuracy: 0.8056
2025-02-17 17:42:52,305 - INFO - 预测置信度过低，建议观望
2025-02-17 17:42:52,305 - INFO - AI预测值: 0.5000
2025-02-17 17:42:52,410 - INFO - 当前价格: 0.6971, AI信号: 0
2025-02-17 17:42:52,544 - INFO - 观望信号，保持当前仓位
2025-02-17 17:43:56,077 - INFO - 模型训练完成 - Loss: 0.5561, Accuracy: 0.7778
2025-02-17 17:43:56,117 - INFO - 预测置信度过低，建议观望
2025-02-17 17:43:56,117 - INFO - AI预测值: 0.5000
2025-02-17 17:43:56,299 - INFO - 当前价格: 0.6977, AI信号: 0
2025-02-17 17:43:56,439 - INFO - 观望信号，保持当前仓位
2025-02-17 17:44:57,076 - INFO - 成交量不足，避免交易
2025-02-17 17:44:57,181 - INFO - 当前价格: 0.699, AI信号: 0
2025-02-17 17:44:57,324 - INFO - 观望信号，保持当前仓位
2025-02-17 17:46:02,963 - INFO - 成交量不足，避免交易
2025-02-17 17:46:03,071 - INFO - 当前价格: 0.6983, AI信号: 0
2025-02-17 17:46:03,206 - INFO - 观望信号，保持当前仓位
2025-02-17 17:47:03,920 - INFO - 成交量不足，避免交易
2025-02-17 17:47:04,019 - INFO - 当前价格: 0.6975, AI信号: 0
2025-02-17 17:47:04,159 - INFO - 观望信号，保持当前仓位
2025-02-17 17:48:04,980 - INFO - 成交量不足，避免交易
2025-02-17 17:48:05,087 - INFO - 当前价格: 0.6978, AI信号: 0
2025-02-17 17:48:05,234 - INFO - 观望信号，保持当前仓位
2025-02-17 17:49:05,847 - INFO - 成交量不足，避免交易
2025-02-17 17:49:05,958 - INFO - 当前价格: 0.6979, AI信号: 0
2025-02-17 17:49:06,107 - INFO - 观望信号，保持当前仓位
2025-02-17 17:50:06,779 - INFO - 成交量不足，避免交易
2025-02-17 17:50:06,884 - INFO - 当前价格: 0.698, AI信号: 0
2025-02-17 17:50:07,022 - INFO - 观望信号，保持当前仓位
2025-02-17 17:51:07,601 - INFO - 趋势强度不足，避免交易
2025-02-17 17:51:07,705 - INFO - 当前价格: 0.6968, AI信号: 0
2025-02-17 17:51:07,838 - INFO - 观望信号，保持当前仓位
2025-02-17 17:52:09,771 - INFO - 趋势强度不足，避免交易
2025-02-17 17:52:09,865 - INFO - 当前价格: 0.6977, AI信号: 0
2025-02-17 17:52:09,998 - INFO - 观望信号，保持当前仓位
2025-02-17 17:53:10,759 - INFO - 趋势强度不足，避免交易
2025-02-17 17:53:10,875 - INFO - 当前价格: 0.6967, AI信号: 0
2025-02-17 17:53:11,022 - INFO - 观望信号，保持当前仓位
2025-02-17 17:54:11,843 - INFO - 趋势强度不足，避免交易
2025-02-17 17:54:11,949 - INFO - 当前价格: 0.6965, AI信号: 0
2025-02-17 17:54:12,101 - INFO - 观望信号，保持当前仓位
2025-02-17 17:55:12,902 - INFO - 趋势强度不足，避免交易
2025-02-17 17:55:13,007 - INFO - 当前价格: 0.6961, AI信号: 0
2025-02-17 17:55:13,152 - INFO - 观望信号，保持当前仓位
2025-02-17 17:56:13,936 - INFO - 趋势强度不足，避免交易
2025-02-17 17:56:14,036 - INFO - 当前价格: 0.6971, AI信号: 0
2025-02-17 17:56:14,161 - INFO - 观望信号，保持当前仓位
2025-02-17 17:57:14,796 - INFO - 趋势强度不足，避免交易
2025-02-17 17:57:14,897 - INFO - 当前价格: 0.6972, AI信号: 0
2025-02-17 17:57:15,038 - INFO - 观望信号，保持当前仓位
2025-02-17 17:58:15,628 - INFO - 趋势强度不足，避免交易
2025-02-17 17:58:15,727 - INFO - 当前价格: 0.6972, AI信号: 0
2025-02-17 17:58:15,876 - INFO - 观望信号，保持当前仓位
2025-02-17 17:59:20,448 - INFO - 趋势强度不足，避免交易
2025-02-17 17:59:20,556 - INFO - 当前价格: 0.6972, AI信号: 0
2025-02-17 17:59:20,697 - INFO - 观望信号，保持当前仓位
2025-02-17 18:00:22,758 - INFO - 趋势强度不足，避免交易
2025-02-17 18:00:22,885 - INFO - 当前价格: 0.6982, AI信号: 0
2025-02-17 18:00:23,052 - INFO - 观望信号，保持当前仓位
2025-02-17 18:01:23,694 - INFO - 趋势强度不足，避免交易
2025-02-17 18:01:23,797 - INFO - 当前价格: 0.698, AI信号: 0
2025-02-17 18:01:23,938 - INFO - 观望信号，保持当前仓位
2025-02-17 18:02:24,735 - INFO - 趋势强度不足，避免交易
2025-02-17 18:02:24,908 - INFO - 当前价格: 0.6978, AI信号: 0
2025-02-17 18:02:25,058 - INFO - 观望信号，保持当前仓位
2025-02-17 18:03:26,903 - INFO - 模型训练完成 - Loss: 0.5277, Accuracy: 0.8056
2025-02-17 18:03:26,932 - INFO - AI预测值: 0.3362
2025-02-17 18:03:27,036 - INFO - 当前价格: 0.7031, AI信号: -1
2025-02-17 18:03:27,170 - INFO - 开空仓，数量: 95.17470243208648
2025-02-17 18:03:27,492 - INFO - 订单创建成功: {'info': {'orderId': '194160853', 'symbol': 'LAYERUSDT', 'status': 'FILLED', 'clientOrderId': 'x-xcKtGhcube75cbafff0ec866787b9b', 'price': '0.000000', 'avgPrice': '0.7032000', 'origQty': '95.1', 'executedQty': '95.1', 'cumQty': '95.1', 'cumQuote': '66.8743200', 'timeInForce': 'GTC', 'type': 'MARKET', 'reduceOnly': False, 'closePosition': False, 'side': 'SELL', 'positionSide': 'BOTH', 'stopPrice': '0.000000', 'workingType': 'CONTRACT_PRICE', 'priceProtect': False, 'origType': 'MARKET', 'priceMatch': 'NONE', 'selfTradePreventionMode': 'EXPIRE_MAKER', 'goodTillDate': '0', 'updateTime': '1739786607508'}, 'id': '194160853', 'clientOrderId': 'x-xcKtGhcube75cbafff0ec866787b9b', 'timestamp': 1739786607508, 'datetime': '2025-02-17T10:03:27.508Z', 'lastTradeTimestamp': 1739786607508, 'lastUpdateTimestamp': 1739786607508, 'symbol': 'LAYER/USDT:USDT', 'type': 'market', 'timeInForce': 'GTC', 'postOnly': False, 'reduceOnly': False, 'side': 'sell', 'price': 0.7032, 'triggerPrice': None, 'amount': 95.1, 'cost': 66.87432, 'average': 0.7032, 'filled': 95.1, 'remaining': 0.0, 'status': 'closed', 'fee': {'currency': None, 'cost': None, 'rate': None}, 'trades': [], 'fees': [{'currency': None, 'cost': None, 'rate': None}], 'stopPrice': None, 'takeProfitPrice': None, 'stopLossPrice': None}
2025-02-17 18:03:27,493 - INFO - 开空仓: {'info': {'orderId': '194160853', 'symbol': 'LAYERUSDT', 'status': 'FILLED', 'clientOrderId': 'x-xcKtGhcube75cbafff0ec866787b9b', 'price': '0.000000', 'avgPrice': '0.7032000', 'origQty': '95.1', 'executedQty': '95.1', 'cumQty': '95.1', 'cumQuote': '66.8743200', 'timeInForce': 'GTC', 'type': 'MARKET', 'reduceOnly': False, 'closePosition': False, 'side': 'SELL', 'positionSide': 'BOTH', 'stopPrice': '0.000000', 'workingType': 'CONTRACT_PRICE', 'priceProtect': False, 'origType': 'MARKET', 'priceMatch': 'NONE', 'selfTradePreventionMode': 'EXPIRE_MAKER', 'goodTillDate': '0', 'updateTime': '1739786607508'}, 'id': '194160853', 'clientOrderId': 'x-xcKtGhcube75cbafff0ec866787b9b', 'timestamp': 1739786607508, 'datetime': '2025-02-17T10:03:27.508Z', 'lastTradeTimestamp': 1739786607508, 'lastUpdateTimestamp': 1739786607508, 'symbol': 'LAYER/USDT:USDT', 'type': 'market', 'timeInForce': 'GTC', 'postOnly': False, 'reduceOnly': False, 'side': 'sell', 'price': 0.7032, 'triggerPrice': None, 'amount': 95.1, 'cost': 66.87432, 'average': 0.7032, 'filled': 95.1, 'remaining': 0.0, 'status': 'closed', 'fee': {'currency': None, 'cost': None, 'rate': None}, 'trades': [], 'fees': [{'currency': None, 'cost': None, 'rate': None}], 'stopPrice': None, 'takeProfitPrice': None, 'stopLossPrice': None}
2025-02-17 18:03:27,702 - INFO - 当前持仓方向: 空, 持仓金额: 66.86645618, 保证金: 0.0
2025-02-17 18:04:28,239 - INFO - 当前持仓方向: 空, 持仓金额: 66.91959996, 保证金: 0.0
2025-02-17 18:04:29,484 - INFO - 模型训练完成 - Loss: 0.5347, Accuracy: 0.8056
2025-02-17 18:04:29,511 - INFO - AI预测值: 0.3677
2025-02-17 18:04:29,627 - INFO - 当前价格: 0.7027, AI信号: 0
2025-02-17 18:04:29,772 - INFO - 当前持仓方向: 空, 持仓金额: 66.91951342, 保证金: 0.0
2025-02-17 18:04:29,772 - INFO - 观望信号，保持当前仓位
2025-02-17 18:04:29,900 - INFO - 当前持仓方向: 空, 持仓金额: 66.91951342, 保证金: 0.0
2025-02-17 18:05:30,363 - INFO - 当前持仓方向: 空, 持仓金额: 66.77514591, 保证金: 0.0
2025-02-17 18:05:32,593 - INFO - 模型训练完成 - Loss: 0.5541, Accuracy: 0.7778
2025-02-17 18:05:32,622 - INFO - 预测置信度过低，建议观望
2025-02-17 18:05:32,622 - INFO - AI预测值: 0.5000
2025-02-17 18:05:32,725 - INFO - 当前价格: 0.7018, AI信号: 0
2025-02-17 18:05:32,858 - INFO - 当前持仓方向: 空, 持仓金额: 66.76971, 保证金: 0.0
2025-02-17 18:05:32,858 - INFO - 观望信号，保持当前仓位
2025-02-17 18:05:32,992 - INFO - 当前持仓方向: 空, 持仓金额: 66.76971, 保证金: 0.0
2025-02-17 18:06:33,540 - INFO - 当前持仓方向: 空, 持仓金额: 66.70164312, 保证金: 0.0
2025-02-17 18:06:33,542 - INFO - 成交量不足，避免交易
2025-02-17 18:06:33,646 - INFO - 当前价格: 0.7014, AI信号: 0
2025-02-17 18:06:33,776 - INFO - 当前持仓方向: 空, 持仓金额: 66.70164312, 保证金: 0.0
2025-02-17 18:06:33,776 - INFO - 观望信号，保持当前仓位
2025-02-17 18:06:33,913 - INFO - 当前持仓方向: 空, 持仓金额: 66.70164312, 保证金: 0.0
