2025-02-19 15:28:12,647 - INFO - ==================================================
2025-02-19 15:28:12,647 - INFO - 日志系统初始化完成 - 2025-02-19 15:28:12
2025-02-19 15:28:12,647 - INFO - ==================================================
2025-02-19 15:28:13,953 - INFO - 没有未成交的订单
2025-02-19 15:28:14,095 - INFO - 当前已经是单向持仓模式
2025-02-19 15:28:14,236 - INFO - 设置杠杆倍数 5倍 成功
2025-02-19 15:28:14,476 - INFO - 当前已经是CROSSED保证金模式
2025-02-19 15:28:14,476 - INFO - 交易器初始化成功
2025-02-19 15:28:14,716 - INFO - USDT余额: 可用=109.38918207, 总额=109.41129329
2025-02-19 15:28:14,716 - INFO - 当前账户余额: 可用=109.38918207 USDT, 总额=109.41129329 USDT
2025-02-19 15:28:15,044 - INFO - 上涨概率: 0.47, 下跌概率: 0.53
2025-02-19 15:28:15,275 - INFO - 当前价格: 2705.0, AI信号: 0
2025-02-19 15:28:15,682 - INFO - 观望信号，保持当前仓位
2025-02-19 15:29:16,198 - INFO - 上涨概率: 0.50, 下跌概率: 0.50
2025-02-19 15:29:16,333 - INFO - 当前价格: 2704.24, AI信号: 0
2025-02-19 15:29:16,506 - INFO - 观望信号，保持当前仓位
2025-02-19 15:30:16,901 - INFO - 上涨概率: 0.44, 下跌概率: 0.56
2025-02-19 15:30:17,035 - INFO - 当前价格: 2704.31, AI信号: 0
2025-02-19 15:30:17,219 - INFO - 观望信号，保持当前仓位
2025-02-19 15:31:17,598 - INFO - 上涨概率: 0.53, 下跌概率: 0.47
2025-02-19 15:31:17,736 - INFO - 当前价格: 2702.76, AI信号: 0
2025-02-19 15:31:18,121 - INFO - 观望信号，保持当前仓位
2025-02-19 15:32:18,808 - INFO - 上涨概率: 0.45, 下跌概率: 0.55
2025-02-19 15:32:18,944 - INFO - 当前价格: 2702.61, AI信号: 0
2025-02-19 15:32:19,101 - INFO - 观望信号，保持当前仓位
2025-02-19 15:33:19,551 - INFO - 上涨概率: 0.53, 下跌概率: 0.47
2025-02-19 15:33:19,695 - INFO - 当前价格: 2700.89, AI信号: 0
2025-02-19 15:33:19,858 - INFO - 观望信号，保持当前仓位
2025-02-19 15:34:20,268 - INFO - 上涨概率: 0.46, 下跌概率: 0.54
2025-02-19 15:34:20,405 - INFO - 当前价格: 2699.4, AI信号: 0
2025-02-19 15:34:20,580 - INFO - 观望信号，保持当前仓位
2025-02-19 15:35:20,980 - INFO - 上涨概率: 0.40, 下跌概率: 0.60
2025-02-19 15:35:21,114 - INFO - 当前价格: 2698.57, AI信号: -2
2025-02-19 15:36:21,665 - INFO - 上涨概率: 0.43, 下跌概率: 0.57
2025-02-19 15:36:21,801 - INFO - 当前价格: 2698.79, AI信号: 0
2025-02-19 15:36:21,991 - INFO - 观望信号，保持当前仓位
2025-02-19 15:37:22,425 - INFO - 上涨概率: 0.43, 下跌概率: 0.57
2025-02-19 15:37:22,559 - INFO - 当前价格: 2699.99, AI信号: 0
2025-02-19 15:37:22,727 - INFO - 观望信号，保持当前仓位
2025-02-19 15:38:23,130 - INFO - 上涨概率: 0.47, 下跌概率: 0.53
2025-02-19 15:38:23,267 - INFO - 当前价格: 2701.59, AI信号: 0
2025-02-19 15:38:23,442 - INFO - 观望信号，保持当前仓位
2025-02-19 15:38:39,535 - INFO - 
程序被用户中断
2025-02-19 15:38:39,677 - INFO - 没有未成交的订单
2025-02-19 15:38:39,846 - INFO - 程序已安全退出
2025-02-19 15:40:45,954 - INFO - ==================================================
2025-02-19 15:40:45,954 - INFO - 日志系统初始化完成 - 2025-02-19 15:40:45
2025-02-19 15:40:45,954 - INFO - ==================================================
2025-02-19 15:40:47,126 - INFO - 没有未成交的订单
2025-02-19 15:40:47,237 - INFO - 当前已经是单向持仓模式
2025-02-19 15:40:47,341 - INFO - 设置杠杆倍数 5倍 成功
2025-02-19 15:40:47,449 - INFO - 当前已经是CROSSED保证金模式
2025-02-19 15:40:47,450 - INFO - 交易器初始化成功
2025-02-19 15:40:47,557 - INFO - USDT余额: 可用=109.38918093, 总额=109.41129329
2025-02-19 15:40:47,557 - INFO - 当前账户余额: 可用=109.38918093 USDT, 总额=109.41129329 USDT
2025-02-19 15:40:48,069 - INFO - 模型训练指标 - Loss: 0.3589, Accuracy: 0.9799
2025-02-19 15:40:48,088 - INFO - 上涨概率: 0.39, 下跌概率: 0.61
2025-02-19 15:40:48,088 - INFO - 预测概率未达到阈值，观望信号
2025-02-19 15:40:48,188 - INFO - 当前价格: 2702.95, AI信号: 0
2025-02-19 15:40:48,712 - INFO - 观望信号，保持当前仓位
2025-02-19 15:41:49,313 - INFO - 模型训练指标 - Loss: 0.3591, Accuracy: 0.9849
2025-02-19 15:41:49,331 - INFO - 上涨概率: 0.50, 下跌概率: 0.50
2025-02-19 15:41:49,332 - INFO - 预测概率未达到阈值，观望信号
2025-02-19 15:41:49,436 - INFO - 当前价格: 2703.8, AI信号: 0
2025-02-19 15:41:49,566 - INFO - 观望信号，保持当前仓位
2025-02-19 15:41:57,673 - INFO - 
程序被用户中断
2025-02-19 15:41:57,782 - INFO - 没有未成交的订单
2025-02-19 15:41:57,934 - INFO - 程序已安全退出
2025-02-19 15:42:05,359 - INFO - ==================================================
2025-02-19 15:42:05,360 - INFO - 日志系统初始化完成 - 2025-02-19 15:42:05
2025-02-19 15:42:05,360 - INFO - ==================================================
2025-02-19 15:42:06,616 - INFO - 没有未成交的订单
2025-02-19 15:42:06,726 - INFO - 当前已经是单向持仓模式
2025-02-19 15:42:06,827 - INFO - 设置杠杆倍数 5倍 成功
2025-02-19 15:42:06,939 - INFO - 当前已经是CROSSED保证金模式
2025-02-19 15:42:06,939 - INFO - 交易器初始化成功
2025-02-19 15:42:07,050 - INFO - USDT余额: 可用=109.38918126, 总额=109.41129329
2025-02-19 15:42:07,051 - INFO - 当前账户余额: 可用=109.38918126 USDT, 总额=109.41129329 USDT
2025-02-19 15:42:07,446 - INFO - 模型训练指标 - Loss: 0.3656, Accuracy: 0.9698
2025-02-19 15:42:07,464 - INFO - 上涨概率: 0.40, 下跌概率: 0.60
2025-02-19 15:42:07,464 - INFO - 预测概率未达到阈值，观望信号
2025-02-19 15:42:07,577 - INFO - 当前价格: 2703.87, AI信号: 0
2025-02-19 15:42:07,926 - INFO - 观望信号，保持当前仓位
2025-02-19 15:43:08,464 - INFO - 模型训练指标 - Loss: 0.3514, Accuracy: 0.9749
2025-02-19 15:43:08,481 - INFO - 上涨概率: 0.37, 下跌概率: 0.63
2025-02-19 15:43:08,481 - INFO - 预测概率未达到阈值，观望信号
2025-02-19 15:43:08,589 - INFO - 当前价格: 2703.57, AI信号: 0
2025-02-19 15:43:08,742 - INFO - 观望信号，保持当前仓位
2025-02-19 15:44:09,327 - INFO - 模型训练指标 - Loss: 0.3581, Accuracy: 0.9648
2025-02-19 15:44:09,345 - INFO - 上涨概率: 0.57, 下跌概率: 0.43
2025-02-19 15:44:09,345 - INFO - 预测概率未达到阈值，观望信号
2025-02-19 15:44:09,445 - INFO - 当前价格: 2705.76, AI信号: 0
2025-02-19 15:44:09,578 - INFO - 观望信号，保持当前仓位
2025-02-19 15:45:10,139 - INFO - 模型训练指标 - Loss: 0.3639, Accuracy: 0.9648
2025-02-19 15:45:10,157 - INFO - 上涨概率: 0.48, 下跌概率: 0.52
2025-02-19 15:45:10,157 - INFO - 预测概率未达到阈值，观望信号
2025-02-19 15:45:10,257 - INFO - 当前价格: 2707.19, AI信号: 0
2025-02-19 15:45:10,428 - INFO - 观望信号，保持当前仓位
2025-02-19 15:46:10,953 - INFO - 模型训练指标 - Loss: 0.3532, Accuracy: 0.9849
2025-02-19 15:46:10,969 - INFO - 上涨概率: 0.50, 下跌概率: 0.50
2025-02-19 15:46:10,969 - INFO - 预测概率未达到阈值，观望信号
2025-02-19 15:46:11,066 - INFO - 当前价格: 2711.25, AI信号: 0
2025-02-19 15:46:11,219 - INFO - 观望信号，保持当前仓位
2025-02-19 15:47:11,833 - INFO - 模型训练指标 - Loss: 0.3577, Accuracy: 0.9799
2025-02-19 15:47:11,852 - INFO - 上涨概率: 0.43, 下跌概率: 0.57
2025-02-19 15:47:11,852 - INFO - 预测概率未达到阈值，观望信号
2025-02-19 15:47:11,956 - INFO - 当前价格: 2710.02, AI信号: 0
2025-02-19 15:47:12,080 - INFO - 观望信号，保持当前仓位
2025-02-19 15:48:12,612 - INFO - 模型训练指标 - Loss: 0.3483, Accuracy: 0.9698
2025-02-19 15:48:12,631 - INFO - 上涨概率: 0.34, 下跌概率: 0.66
2025-02-19 15:48:12,726 - INFO - 当前价格: 2708.24, AI信号: -1
2025-02-19 15:48:12,868 - INFO - 开空仓，数量: 0.04039124348654477
2025-02-19 15:48:13,188 - INFO - 订单创建成功: {'info': {'orderId': '8389765840980250213', 'symbol': 'ETHUSDT', 'status': 'FILLED', 'clientOrderId': 'x-xcKtGhcu9a1bf144ffda5fd03d10db', 'price': '0.00', 'avgPrice': '2708.70000', 'origQty': '0.040', 'executedQty': '0.040', 'cumQty': '0.040', 'cumQuote': '108.34800', 'timeInForce': 'GTC', 'type': 'MARKET', 'reduceOnly': False, 'closePosition': False, 'side': 'SELL', 'positionSide': 'BOTH', 'stopPrice': '0.00', 'workingType': 'CONTRACT_PRICE', 'priceProtect': False, 'origType': 'MARKET', 'priceMatch': 'NONE', 'selfTradePreventionMode': 'EXPIRE_MAKER', 'goodTillDate': '0', 'updateTime': '1739951293232'}, 'id': '8389765840980250213', 'clientOrderId': 'x-xcKtGhcu9a1bf144ffda5fd03d10db', 'timestamp': 1739951293232, 'datetime': '2025-02-19T07:48:13.232Z', 'lastTradeTimestamp': 1739951293232, 'lastUpdateTimestamp': 1739951293232, 'symbol': 'ETH/USDT:USDT', 'type': 'market', 'timeInForce': 'GTC', 'postOnly': False, 'reduceOnly': False, 'side': 'sell', 'price': 2708.7, 'triggerPrice': None, 'amount': 0.04, 'cost': 108.348, 'average': 2708.7, 'filled': 0.04, 'remaining': 0.0, 'status': 'closed', 'fee': {'currency': None, 'cost': None, 'rate': None}, 'trades': [], 'fees': [{'currency': None, 'cost': None, 'rate': None}], 'stopPrice': None, 'takeProfitPrice': None, 'stopLossPrice': None}
2025-02-19 15:48:13,189 - INFO - 开空仓成功: {'info': {'orderId': '8389765840980250213', 'symbol': 'ETHUSDT', 'status': 'FILLED', 'clientOrderId': 'x-xcKtGhcu9a1bf144ffda5fd03d10db', 'price': '0.00', 'avgPrice': '2708.70000', 'origQty': '0.040', 'executedQty': '0.040', 'cumQty': '0.040', 'cumQuote': '108.34800', 'timeInForce': 'GTC', 'type': 'MARKET', 'reduceOnly': False, 'closePosition': False, 'side': 'SELL', 'positionSide': 'BOTH', 'stopPrice': '0.00', 'workingType': 'CONTRACT_PRICE', 'priceProtect': False, 'origType': 'MARKET', 'priceMatch': 'NONE', 'selfTradePreventionMode': 'EXPIRE_MAKER', 'goodTillDate': '0', 'updateTime': '1739951293232'}, 'id': '8389765840980250213', 'clientOrderId': 'x-xcKtGhcu9a1bf144ffda5fd03d10db', 'timestamp': 1739951293232, 'datetime': '2025-02-19T07:48:13.232Z', 'lastTradeTimestamp': 1739951293232, 'lastUpdateTimestamp': 1739951293232, 'symbol': 'ETH/USDT:USDT', 'type': 'market', 'timeInForce': 'GTC', 'postOnly': False, 'reduceOnly': False, 'side': 'sell', 'price': 2708.7, 'triggerPrice': None, 'amount': 0.04, 'cost': 108.348, 'average': 2708.7, 'filled': 0.04, 'remaining': 0.0, 'status': 'closed', 'fee': {'currency': None, 'cost': None, 'rate': None}, 'trades': [], 'fees': [{'currency': None, 'cost': None, 'rate': None}], 'stopPrice': None, 'takeProfitPrice': None, 'stopLossPrice': None}
2025-02-19 15:48:13,333 - INFO - 当前持仓方向: 空, 持仓金额: 108.35222031
2025-02-19 15:49:13,732 - INFO - 模型训练指标 - Loss: 0.3542, Accuracy: 0.9698
2025-02-19 15:49:13,751 - INFO - 上涨概率: 0.47, 下跌概率: 0.53
2025-02-19 15:49:13,751 - INFO - 预测概率未达到阈值，观望信号
2025-02-19 15:49:13,866 - INFO - 当前价格: 2712.14, AI信号: 0
2025-02-19 15:49:14,010 - INFO - 当前持仓方向: 空, 持仓金额: 108.4952
2025-02-19 15:49:14,010 - INFO - 观望信号，保持当前仓位
2025-02-19 15:49:14,149 - INFO - 当前持仓方向: 空, 持仓金额: 108.4996
2025-02-19 15:50:14,537 - INFO - 模型训练指标 - Loss: 0.3523, Accuracy: 0.9648
2025-02-19 15:50:14,556 - INFO - 上涨概率: 0.46, 下跌概率: 0.54
2025-02-19 15:50:14,556 - INFO - 预测概率未达到阈值，观望信号
2025-02-19 15:50:14,655 - INFO - 当前价格: 2712.48, AI信号: 0
2025-02-19 15:50:14,788 - INFO - 当前持仓方向: 空, 持仓金额: 108.5048746
2025-02-19 15:50:14,788 - INFO - 观望信号，保持当前仓位
2025-02-19 15:50:14,916 - INFO - 当前持仓方向: 空, 持仓金额: 108.5048746
2025-02-19 15:51:15,299 - INFO - 模型训练指标 - Loss: 0.3579, Accuracy: 0.9749
2025-02-19 15:51:15,317 - INFO - 上涨概率: 0.40, 下跌概率: 0.60
2025-02-19 15:51:15,317 - INFO - 预测概率未达到阈值，观望信号
2025-02-19 15:51:15,436 - INFO - 当前价格: 2714.74, AI信号: 0
2025-02-19 15:51:15,587 - INFO - 当前持仓方向: 空, 持仓金额: 108.58585936
2025-02-19 15:51:15,587 - INFO - 观望信号，保持当前仓位
2025-02-19 15:51:15,728 - INFO - 当前持仓方向: 空, 持仓金额: 108.58585936
2025-02-19 15:52:16,441 - INFO - 模型训练指标 - Loss: 0.3566, Accuracy: 0.9648
2025-02-19 15:52:16,459 - INFO - 上涨概率: 0.42, 下跌概率: 0.58
2025-02-19 15:52:16,459 - INFO - 预测概率未达到阈值，观望信号
2025-02-19 15:52:16,568 - INFO - 当前价格: 2713.42, AI信号: 0
2025-02-19 15:52:16,698 - INFO - 当前持仓方向: 空, 持仓金额: 108.54739428
2025-02-19 15:52:16,698 - INFO - 观望信号，保持当前仓位
2025-02-19 15:52:16,840 - INFO - 当前持仓方向: 空, 持仓金额: 108.54739428
2025-02-19 15:53:17,299 - INFO - 模型训练指标 - Loss: 0.3561, Accuracy: 0.9648
2025-02-19 15:53:17,317 - INFO - 上涨概率: 0.40, 下跌概率: 0.60
2025-02-19 15:53:17,317 - INFO - 预测概率未达到阈值，观望信号
2025-02-19 15:53:17,427 - INFO - 当前价格: 2712.92, AI信号: 0
2025-02-19 15:53:17,567 - INFO - 当前持仓方向: 空, 持仓金额: 108.5076
2025-02-19 15:53:17,568 - INFO - 观望信号，保持当前仓位
2025-02-19 15:53:17,714 - INFO - 当前持仓方向: 空, 持仓金额: 108.5076
2025-02-19 15:54:18,101 - INFO - 模型训练指标 - Loss: 0.3545, Accuracy: 0.9799
2025-02-19 15:54:18,120 - INFO - 上涨概率: 0.45, 下跌概率: 0.55
2025-02-19 15:54:18,120 - INFO - 预测概率未达到阈值，观望信号
2025-02-19 15:54:18,218 - INFO - 当前价格: 2711.99, AI信号: 0
2025-02-19 15:54:18,359 - INFO - 当前持仓方向: 空, 持仓金额: 108.4684
2025-02-19 15:54:18,360 - INFO - 观望信号，保持当前仓位
2025-02-19 15:54:18,488 - INFO - 当前持仓方向: 空, 持仓金额: 108.4684
2025-02-19 15:55:18,862 - INFO - 模型训练指标 - Loss: 0.3491, Accuracy: 0.9749
2025-02-19 15:55:18,878 - INFO - 上涨概率: 0.27, 下跌概率: 0.73
2025-02-19 15:55:18,977 - INFO - 当前价格: 2711.91, AI信号: -1
2025-02-19 15:55:19,118 - INFO - 当前持仓方向: 空, 持仓金额: 108.4696
2025-02-19 15:55:19,251 - INFO - 当前持仓方向: 空, 持仓金额: 108.4696
2025-02-19 15:56:19,645 - INFO - 模型训练指标 - Loss: 0.3485, Accuracy: 0.9749
2025-02-19 15:56:19,664 - INFO - 上涨概率: 0.21, 下跌概率: 0.79
2025-02-19 15:56:19,767 - INFO - 当前价格: 2709.85, AI信号: -1
2025-02-19 15:56:19,920 - INFO - 当前持仓方向: 空, 持仓金额: 108.40500262
2025-02-19 15:56:20,067 - INFO - 当前持仓方向: 空, 持仓金额: 108.39143119
2025-02-19 15:57:20,447 - INFO - 模型训练指标 - Loss: 0.3482, Accuracy: 0.9799
2025-02-19 15:57:20,466 - INFO - 上涨概率: 0.27, 下跌概率: 0.73
2025-02-19 15:57:20,567 - INFO - 当前价格: 2709.21, AI信号: -1
2025-02-19 15:57:20,694 - INFO - 当前持仓方向: 空, 持仓金额: 108.3684
2025-02-19 15:57:20,830 - INFO - 当前持仓方向: 空, 持仓金额: 108.3684
2025-02-19 15:58:21,227 - INFO - 模型训练指标 - Loss: 0.3557, Accuracy: 0.9799
2025-02-19 15:58:21,243 - INFO - 上涨概率: 0.23, 下跌概率: 0.77
2025-02-19 15:58:21,347 - INFO - 当前价格: 2708.3, AI信号: -1
2025-02-19 15:58:21,482 - INFO - 当前持仓方向: 空, 持仓金额: 108.3056038
2025-02-19 15:58:21,615 - INFO - 当前持仓方向: 空, 持仓金额: 108.3056038
2025-02-19 15:59:22,014 - INFO - 模型训练指标 - Loss: 0.3459, Accuracy: 0.9698
2025-02-19 15:59:22,032 - INFO - 上涨概率: 0.18, 下跌概率: 0.82
2025-02-19 15:59:22,137 - INFO - 当前价格: 2707.73, AI信号: -1
2025-02-19 15:59:22,281 - INFO - 当前持仓方向: 空, 持仓金额: 108.3092
2025-02-19 15:59:22,405 - INFO - 当前持仓方向: 空, 持仓金额: 108.3092
2025-02-19 16:00:22,886 - INFO - 模型训练指标 - Loss: 0.3506, Accuracy: 0.9548
2025-02-19 16:00:22,904 - INFO - 上涨概率: 0.41, 下跌概率: 0.59
2025-02-19 16:00:22,904 - INFO - 预测概率未达到阈值，观望信号
2025-02-19 16:00:23,096 - INFO - 当前价格: 2708.56, AI信号: 0
2025-02-19 16:00:23,525 - INFO - 当前持仓方向: 空, 持仓金额: 108.3144
2025-02-19 16:00:23,525 - INFO - 观望信号，保持当前仓位
2025-02-19 16:00:23,781 - INFO - 当前持仓方向: 空, 持仓金额: 108.3144
2025-02-19 16:01:24,378 - INFO - 模型训练指标 - Loss: 0.3539, Accuracy: 0.9598
2025-02-19 16:01:24,396 - INFO - 上涨概率: 0.49, 下跌概率: 0.51
2025-02-19 16:01:24,396 - INFO - 预测概率未达到阈值，观望信号
2025-02-19 16:01:24,505 - INFO - 当前价格: 2707.17, AI信号: 0
2025-02-19 16:01:24,722 - INFO - 当前持仓方向: 空, 持仓金额: 108.3068
2025-02-19 16:01:24,722 - INFO - 观望信号，保持当前仓位
2025-02-19 16:01:24,965 - INFO - 当前持仓方向: 空, 持仓金额: 108.3068
2025-02-19 16:02:25,518 - INFO - 模型训练指标 - Loss: 0.3575, Accuracy: 0.9698
2025-02-19 16:02:25,535 - INFO - 上涨概率: 0.21, 下跌概率: 0.79
2025-02-19 16:02:25,655 - INFO - 当前价格: 2709.38, AI信号: -1
2025-02-19 16:02:25,864 - INFO - 当前持仓方向: 空, 持仓金额: 108.39728571
2025-02-19 16:02:26,063 - INFO - 当前持仓方向: 空, 持仓金额: 108.39728571
2025-02-19 16:03:26,585 - INFO - 模型训练指标 - Loss: 0.3521, Accuracy: 0.9799
2025-02-19 16:03:26,603 - INFO - 上涨概率: 0.36, 下跌概率: 0.64
2025-02-19 16:03:26,603 - INFO - 预测概率未达到阈值，观望信号
2025-02-19 16:03:26,716 - INFO - 当前价格: 2709.48, AI信号: 0
2025-02-19 16:03:26,899 - INFO - 当前持仓方向: 空, 持仓金额: 108.3877419
2025-02-19 16:03:26,899 - INFO - 观望信号，保持当前仓位
2025-02-19 16:03:27,165 - INFO - 当前持仓方向: 空, 持仓金额: 108.38585619
2025-02-19 16:04:27,685 - INFO - 模型训练指标 - Loss: 0.3615, Accuracy: 0.9698
2025-02-19 16:04:27,701 - INFO - 上涨概率: 0.45, 下跌概率: 0.55
2025-02-19 16:04:27,702 - INFO - 预测概率未达到阈值，观望信号
2025-02-19 16:04:27,816 - INFO - 当前价格: 2708.94, AI信号: 0
2025-02-19 16:04:28,022 - INFO - 当前持仓方向: 空, 持仓金额: 108.36487587
2025-02-19 16:04:28,022 - INFO - 观望信号，保持当前仓位
2025-02-19 16:04:28,215 - INFO - 当前持仓方向: 空, 持仓金额: 108.36451206
2025-02-19 16:05:28,696 - INFO - 模型训练指标 - Loss: 0.3617, Accuracy: 0.9598
2025-02-19 16:05:28,714 - INFO - 上涨概率: 0.65, 下跌概率: 0.35
2025-02-19 16:05:28,824 - INFO - 当前价格: 2707.79, AI信号: 1
2025-02-19 16:05:29,304 - INFO - 当前持仓方向: 空, 持仓金额: 108.3152
2025-02-19 16:05:29,304 - INFO - 平空仓...
2025-02-19 16:05:29,696 - INFO - 订单创建成功: {'info': {'orderId': '8389765840986312779', 'symbol': 'ETHUSDT', 'status': 'FILLED', 'clientOrderId': 'x-xcKtGhcu2153739a8b28e13d4f648a', 'price': '0.00', 'avgPrice': '2707.89000', 'origQty': '0.040', 'executedQty': '0.040', 'cumQty': '0.040', 'cumQuote': '108.31560', 'timeInForce': 'GTC', 'type': 'MARKET', 'reduceOnly': False, 'closePosition': False, 'side': 'BUY', 'positionSide': 'BOTH', 'stopPrice': '0.00', 'workingType': 'CONTRACT_PRICE', 'priceProtect': False, 'origType': 'MARKET', 'priceMatch': 'NONE', 'selfTradePreventionMode': 'EXPIRE_MAKER', 'goodTillDate': '0', 'updateTime': '1739952329734'}, 'id': '8389765840986312779', 'clientOrderId': 'x-xcKtGhcu2153739a8b28e13d4f648a', 'timestamp': 1739952329734, 'datetime': '2025-02-19T08:05:29.734Z', 'lastTradeTimestamp': 1739952329734, 'lastUpdateTimestamp': 1739952329734, 'symbol': 'ETH/USDT:USDT', 'type': 'market', 'timeInForce': 'GTC', 'postOnly': False, 'reduceOnly': False, 'side': 'buy', 'price': 2707.89, 'triggerPrice': None, 'amount': 0.04, 'cost': 108.3156, 'average': 2707.89, 'filled': 0.04, 'remaining': 0.0, 'status': 'closed', 'fee': {'currency': None, 'cost': None, 'rate': None}, 'trades': [], 'fees': [{'currency': None, 'cost': None, 'rate': None}], 'stopPrice': None, 'takeProfitPrice': None, 'stopLossPrice': None}
2025-02-19 16:05:29,697 - INFO - 平空仓成功: {'info': {'orderId': '8389765840986312779', 'symbol': 'ETHUSDT', 'status': 'FILLED', 'clientOrderId': 'x-xcKtGhcu2153739a8b28e13d4f648a', 'price': '0.00', 'avgPrice': '2707.89000', 'origQty': '0.040', 'executedQty': '0.040', 'cumQty': '0.040', 'cumQuote': '108.31560', 'timeInForce': 'GTC', 'type': 'MARKET', 'reduceOnly': False, 'closePosition': False, 'side': 'BUY', 'positionSide': 'BOTH', 'stopPrice': '0.00', 'workingType': 'CONTRACT_PRICE', 'priceProtect': False, 'origType': 'MARKET', 'priceMatch': 'NONE', 'selfTradePreventionMode': 'EXPIRE_MAKER', 'goodTillDate': '0', 'updateTime': '1739952329734'}, 'id': '8389765840986312779', 'clientOrderId': 'x-xcKtGhcu2153739a8b28e13d4f648a', 'timestamp': 1739952329734, 'datetime': '2025-02-19T08:05:29.734Z', 'lastTradeTimestamp': 1739952329734, 'lastUpdateTimestamp': 1739952329734, 'symbol': 'ETH/USDT:USDT', 'type': 'market', 'timeInForce': 'GTC', 'postOnly': False, 'reduceOnly': False, 'side': 'buy', 'price': 2707.89, 'triggerPrice': None, 'amount': 0.04, 'cost': 108.3156, 'average': 2707.89, 'filled': 0.04, 'remaining': 0.0, 'status': 'closed', 'fee': {'currency': None, 'cost': None, 'rate': None}, 'trades': [], 'fees': [{'currency': None, 'cost': None, 'rate': None}], 'stopPrice': None, 'takeProfitPrice': None, 'stopLossPrice': None}
2025-02-19 16:05:30,698 - INFO - 开多仓，数量: 0.04039795599363318
2025-02-19 16:05:31,099 - INFO - 订单创建成功: {'info': {'orderId': '8389765840986313736', 'symbol': 'ETHUSDT', 'status': 'FILLED', 'clientOrderId': 'x-xcKtGhcu70830c628f495834c58f3f', 'price': '0.00', 'avgPrice': '2707.89000', 'origQty': '0.040', 'executedQty': '0.040', 'cumQty': '0.040', 'cumQuote': '108.31560', 'timeInForce': 'GTC', 'type': 'MARKET', 'reduceOnly': False, 'closePosition': False, 'side': 'BUY', 'positionSide': 'BOTH', 'stopPrice': '0.00', 'workingType': 'CONTRACT_PRICE', 'priceProtect': False, 'origType': 'MARKET', 'priceMatch': 'NONE', 'selfTradePreventionMode': 'EXPIRE_MAKER', 'goodTillDate': '0', 'updateTime': '1739952331127'}, 'id': '8389765840986313736', 'clientOrderId': 'x-xcKtGhcu70830c628f495834c58f3f', 'timestamp': 1739952331127, 'datetime': '2025-02-19T08:05:31.127Z', 'lastTradeTimestamp': 1739952331127, 'lastUpdateTimestamp': 1739952331127, 'symbol': 'ETH/USDT:USDT', 'type': 'market', 'timeInForce': 'GTC', 'postOnly': False, 'reduceOnly': False, 'side': 'buy', 'price': 2707.89, 'triggerPrice': None, 'amount': 0.04, 'cost': 108.3156, 'average': 2707.89, 'filled': 0.04, 'remaining': 0.0, 'status': 'closed', 'fee': {'currency': None, 'cost': None, 'rate': None}, 'trades': [], 'fees': [{'currency': None, 'cost': None, 'rate': None}], 'stopPrice': None, 'takeProfitPrice': None, 'stopLossPrice': None}
2025-02-19 16:05:31,100 - INFO - 开多仓成功: {'info': {'orderId': '8389765840986313736', 'symbol': 'ETHUSDT', 'status': 'FILLED', 'clientOrderId': 'x-xcKtGhcu70830c628f495834c58f3f', 'price': '0.00', 'avgPrice': '2707.89000', 'origQty': '0.040', 'executedQty': '0.040', 'cumQty': '0.040', 'cumQuote': '108.31560', 'timeInForce': 'GTC', 'type': 'MARKET', 'reduceOnly': False, 'closePosition': False, 'side': 'BUY', 'positionSide': 'BOTH', 'stopPrice': '0.00', 'workingType': 'CONTRACT_PRICE', 'priceProtect': False, 'origType': 'MARKET', 'priceMatch': 'NONE', 'selfTradePreventionMode': 'EXPIRE_MAKER', 'goodTillDate': '0', 'updateTime': '1739952331127'}, 'id': '8389765840986313736', 'clientOrderId': 'x-xcKtGhcu70830c628f495834c58f3f', 'timestamp': 1739952331127, 'datetime': '2025-02-19T08:05:31.127Z', 'lastTradeTimestamp': 1739952331127, 'lastUpdateTimestamp': 1739952331127, 'symbol': 'ETH/USDT:USDT', 'type': 'market', 'timeInForce': 'GTC', 'postOnly': False, 'reduceOnly': False, 'side': 'buy', 'price': 2707.89, 'triggerPrice': None, 'amount': 0.04, 'cost': 108.3156, 'average': 2707.89, 'filled': 0.04, 'remaining': 0.0, 'status': 'closed', 'fee': {'currency': None, 'cost': None, 'rate': None}, 'trades': [], 'fees': [{'currency': None, 'cost': None, 'rate': None}], 'stopPrice': None, 'takeProfitPrice': None, 'stopLossPrice': None}
2025-02-19 16:05:31,355 - INFO - 当前持仓方向: 多, 持仓金额: 108.3152
2025-02-19 16:06:32,141 - INFO - 模型训练指标 - Loss: 0.3631, Accuracy: 0.9648
2025-02-19 16:06:32,157 - INFO - 上涨概率: 0.42, 下跌概率: 0.58
2025-02-19 16:06:32,157 - INFO - 预测概率未达到阈值，观望信号
2025-02-19 16:06:32,271 - INFO - 当前价格: 2710.96, AI信号: 0
2025-02-19 16:06:32,447 - INFO - 当前持仓方向: 多, 持仓金额: 108.43968857
2025-02-19 16:06:32,447 - INFO - 观望信号，保持当前仓位
2025-02-19 16:06:32,625 - INFO - 当前持仓方向: 多, 持仓金额: 108.43968857
2025-02-19 16:07:33,102 - INFO - 模型训练指标 - Loss: 0.3521, Accuracy: 0.9648
2025-02-19 16:07:33,118 - INFO - 上涨概率: 0.33, 下跌概率: 0.67
2025-02-19 16:07:33,222 - INFO - 当前价格: 2711.38, AI信号: -1
2025-02-19 16:07:33,397 - INFO - 当前持仓方向: 多, 持仓金额: 108.47
2025-02-19 16:07:33,398 - INFO - 平多仓...
2025-02-19 16:07:33,794 - INFO - 订单创建成功: {'info': {'orderId': '8389765840986888244', 'symbol': 'ETHUSDT', 'status': 'FILLED', 'clientOrderId': 'x-xcKtGhcuea8b877b095a80e7954072', 'price': '0.00', 'avgPrice': '2711.81000', 'origQty': '0.040', 'executedQty': '0.040', 'cumQty': '0.040', 'cumQuote': '108.47240', 'timeInForce': 'GTC', 'type': 'MARKET', 'reduceOnly': False, 'closePosition': False, 'side': 'SELL', 'positionSide': 'BOTH', 'stopPrice': '0.00', 'workingType': 'CONTRACT_PRICE', 'priceProtect': False, 'origType': 'MARKET', 'priceMatch': 'NONE', 'selfTradePreventionMode': 'EXPIRE_MAKER', 'goodTillDate': '0', 'updateTime': '1739952453830'}, 'id': '8389765840986888244', 'clientOrderId': 'x-xcKtGhcuea8b877b095a80e7954072', 'timestamp': 1739952453830, 'datetime': '2025-02-19T08:07:33.830Z', 'lastTradeTimestamp': 1739952453830, 'lastUpdateTimestamp': 1739952453830, 'symbol': 'ETH/USDT:USDT', 'type': 'market', 'timeInForce': 'GTC', 'postOnly': False, 'reduceOnly': False, 'side': 'sell', 'price': 2711.81, 'triggerPrice': None, 'amount': 0.04, 'cost': 108.4724, 'average': 2711.81, 'filled': 0.04, 'remaining': 0.0, 'status': 'closed', 'fee': {'currency': None, 'cost': None, 'rate': None}, 'trades': [], 'fees': [{'currency': None, 'cost': None, 'rate': None}], 'stopPrice': None, 'takeProfitPrice': None, 'stopLossPrice': None}
2025-02-19 16:07:33,795 - INFO - 平多仓成功: {'info': {'orderId': '8389765840986888244', 'symbol': 'ETHUSDT', 'status': 'FILLED', 'clientOrderId': 'x-xcKtGhcuea8b877b095a80e7954072', 'price': '0.00', 'avgPrice': '2711.81000', 'origQty': '0.040', 'executedQty': '0.040', 'cumQty': '0.040', 'cumQuote': '108.47240', 'timeInForce': 'GTC', 'type': 'MARKET', 'reduceOnly': False, 'closePosition': False, 'side': 'SELL', 'positionSide': 'BOTH', 'stopPrice': '0.00', 'workingType': 'CONTRACT_PRICE', 'priceProtect': False, 'origType': 'MARKET', 'priceMatch': 'NONE', 'selfTradePreventionMode': 'EXPIRE_MAKER', 'goodTillDate': '0', 'updateTime': '1739952453830'}, 'id': '8389765840986888244', 'clientOrderId': 'x-xcKtGhcuea8b877b095a80e7954072', 'timestamp': 1739952453830, 'datetime': '2025-02-19T08:07:33.830Z', 'lastTradeTimestamp': 1739952453830, 'lastUpdateTimestamp': 1739952453830, 'symbol': 'ETH/USDT:USDT', 'type': 'market', 'timeInForce': 'GTC', 'postOnly': False, 'reduceOnly': False, 'side': 'sell', 'price': 2711.81, 'triggerPrice': None, 'amount': 0.04, 'cost': 108.4724, 'average': 2711.81, 'filled': 0.04, 'remaining': 0.0, 'status': 'closed', 'fee': {'currency': None, 'cost': None, 'rate': None}, 'trades': [], 'fees': [{'currency': None, 'cost': None, 'rate': None}], 'stopPrice': None, 'takeProfitPrice': None, 'stopLossPrice': None}
2025-02-19 16:07:34,801 - INFO - 开空仓，数量: 0.04034446712006432
2025-02-19 16:07:35,124 - INFO - 订单创建成功: {'info': {'orderId': '8389765840986889399', 'symbol': 'ETHUSDT', 'status': 'FILLED', 'clientOrderId': 'x-xcKtGhcu97b374a58781786ff2765', 'price': '0.00', 'avgPrice': '2711.81000', 'origQty': '0.040', 'executedQty': '0.040', 'cumQty': '0.040', 'cumQuote': '108.47240', 'timeInForce': 'GTC', 'type': 'MARKET', 'reduceOnly': False, 'closePosition': False, 'side': 'SELL', 'positionSide': 'BOTH', 'stopPrice': '0.00', 'workingType': 'CONTRACT_PRICE', 'priceProtect': False, 'origType': 'MARKET', 'priceMatch': 'NONE', 'selfTradePreventionMode': 'EXPIRE_MAKER', 'goodTillDate': '0', 'updateTime': '1739952455164'}, 'id': '8389765840986889399', 'clientOrderId': 'x-xcKtGhcu97b374a58781786ff2765', 'timestamp': 1739952455164, 'datetime': '2025-02-19T08:07:35.164Z', 'lastTradeTimestamp': 1739952455164, 'lastUpdateTimestamp': 1739952455164, 'symbol': 'ETH/USDT:USDT', 'type': 'market', 'timeInForce': 'GTC', 'postOnly': False, 'reduceOnly': False, 'side': 'sell', 'price': 2711.81, 'triggerPrice': None, 'amount': 0.04, 'cost': 108.4724, 'average': 2711.81, 'filled': 0.04, 'remaining': 0.0, 'status': 'closed', 'fee': {'currency': None, 'cost': None, 'rate': None}, 'trades': [], 'fees': [{'currency': None, 'cost': None, 'rate': None}], 'stopPrice': None, 'takeProfitPrice': None, 'stopLossPrice': None}
2025-02-19 16:07:35,125 - INFO - 开空仓成功: {'info': {'orderId': '8389765840986889399', 'symbol': 'ETHUSDT', 'status': 'FILLED', 'clientOrderId': 'x-xcKtGhcu97b374a58781786ff2765', 'price': '0.00', 'avgPrice': '2711.81000', 'origQty': '0.040', 'executedQty': '0.040', 'cumQty': '0.040', 'cumQuote': '108.47240', 'timeInForce': 'GTC', 'type': 'MARKET', 'reduceOnly': False, 'closePosition': False, 'side': 'SELL', 'positionSide': 'BOTH', 'stopPrice': '0.00', 'workingType': 'CONTRACT_PRICE', 'priceProtect': False, 'origType': 'MARKET', 'priceMatch': 'NONE', 'selfTradePreventionMode': 'EXPIRE_MAKER', 'goodTillDate': '0', 'updateTime': '1739952455164'}, 'id': '8389765840986889399', 'clientOrderId': 'x-xcKtGhcu97b374a58781786ff2765', 'timestamp': 1739952455164, 'datetime': '2025-02-19T08:07:35.164Z', 'lastTradeTimestamp': 1739952455164, 'lastUpdateTimestamp': 1739952455164, 'symbol': 'ETH/USDT:USDT', 'type': 'market', 'timeInForce': 'GTC', 'postOnly': False, 'reduceOnly': False, 'side': 'sell', 'price': 2711.81, 'triggerPrice': None, 'amount': 0.04, 'cost': 108.4724, 'average': 2711.81, 'filled': 0.04, 'remaining': 0.0, 'status': 'closed', 'fee': {'currency': None, 'cost': None, 'rate': None}, 'trades': [], 'fees': [{'currency': None, 'cost': None, 'rate': None}], 'stopPrice': None, 'takeProfitPrice': None, 'stopLossPrice': None}
2025-02-19 16:07:35,404 - INFO - 当前持仓方向: 空, 持仓金额: 108.4724
2025-02-19 16:08:35,943 - INFO - 模型训练指标 - Loss: 0.3501, Accuracy: 0.9799
2025-02-19 16:08:35,960 - INFO - 上涨概率: 0.28, 下跌概率: 0.72
2025-02-19 16:08:36,072 - INFO - 当前价格: 2712.0, AI信号: -1
2025-02-19 16:08:36,280 - INFO - 当前持仓方向: 空, 持仓金额: 108.5116
2025-02-19 16:08:36,469 - INFO - 当前持仓方向: 空, 持仓金额: 108.5116
2025-02-19 16:09:36,947 - INFO - 模型训练指标 - Loss: 0.3570, Accuracy: 0.9648
2025-02-19 16:09:36,964 - INFO - 上涨概率: 0.58, 下跌概率: 0.42
2025-02-19 16:09:36,964 - INFO - 预测概率未达到阈值，观望信号
2025-02-19 16:09:37,072 - INFO - 当前价格: 2716.82, AI信号: 0
2025-02-19 16:09:37,245 - INFO - 当前持仓方向: 空, 持仓金额: 108.63269047
2025-02-19 16:09:37,245 - INFO - 观望信号，保持当前仓位
2025-02-19 16:09:37,427 - INFO - 当前持仓方向: 空, 持仓金额: 108.63269047
2025-02-19 16:10:37,903 - INFO - 模型训练指标 - Loss: 0.3483, Accuracy: 0.9548
2025-02-19 16:10:37,921 - INFO - 上涨概率: 0.39, 下跌概率: 0.61
2025-02-19 16:10:37,921 - INFO - 预测概率未达到阈值，观望信号
2025-02-19 16:10:38,030 - INFO - 当前价格: 2715.22, AI信号: 0
2025-02-19 16:10:38,211 - INFO - 当前持仓方向: 空, 持仓金额: 108.60851968
2025-02-19 16:10:38,211 - INFO - 观望信号，保持当前仓位
2025-02-19 16:10:38,390 - INFO - 当前持仓方向: 空, 持仓金额: 108.60851968
2025-02-19 16:11:38,856 - INFO - 模型训练指标 - Loss: 0.3604, Accuracy: 0.9648
2025-02-19 16:11:38,874 - INFO - 上涨概率: 0.31, 下跌概率: 0.69
2025-02-19 16:11:38,970 - INFO - 当前价格: 2712.32, AI信号: -1
2025-02-19 16:11:39,158 - INFO - 当前持仓方向: 空, 持仓金额: 108.52346317
2025-02-19 16:11:39,338 - INFO - 当前持仓方向: 空, 持仓金额: 108.52346317
2025-02-19 16:12:39,787 - INFO - 模型训练指标 - Loss: 0.3508, Accuracy: 0.9799
2025-02-19 16:12:39,803 - INFO - 上涨概率: 0.30, 下跌概率: 0.70
2025-02-19 16:12:39,900 - INFO - 当前价格: 2712.5, AI信号: -1
2025-02-19 16:12:40,075 - INFO - 当前持仓方向: 空, 持仓金额: 108.5052
2025-02-19 16:12:40,246 - INFO - 当前持仓方向: 空, 持仓金额: 108.5052
2025-02-19 16:13:40,705 - INFO - 模型训练指标 - Loss: 0.3667, Accuracy: 0.9698
2025-02-19 16:13:40,724 - INFO - 上涨概率: 0.47, 下跌概率: 0.53
2025-02-19 16:13:40,724 - INFO - 预测概率未达到阈值，观望信号
2025-02-19 16:13:40,831 - INFO - 当前价格: 2710.99, AI信号: 0
2025-02-19 16:13:41,006 - INFO - 当前持仓方向: 空, 持仓金额: 108.4328
2025-02-19 16:13:41,006 - INFO - 观望信号，保持当前仓位
2025-02-19 16:13:41,218 - INFO - 当前持仓方向: 空, 持仓金额: 108.42513936
2025-02-19 16:14:41,671 - INFO - 模型训练指标 - Loss: 0.3651, Accuracy: 0.9799
2025-02-19 16:14:41,689 - INFO - 上涨概率: 0.45, 下跌概率: 0.55
2025-02-19 16:14:41,689 - INFO - 预测概率未达到阈值，观望信号
2025-02-19 16:14:41,791 - INFO - 当前价格: 2710.19, AI信号: 0
2025-02-19 16:14:41,964 - INFO - 当前持仓方向: 空, 持仓金额: 108.4111165
2025-02-19 16:14:41,965 - INFO - 观望信号，保持当前仓位
2025-02-19 16:14:42,138 - INFO - 当前持仓方向: 空, 持仓金额: 108.4111165
2025-02-19 16:15:42,591 - INFO - 模型训练指标 - Loss: 0.3534, Accuracy: 0.9749
2025-02-19 16:15:42,607 - INFO - 上涨概率: 0.48, 下跌概率: 0.52
2025-02-19 16:15:42,607 - INFO - 预测概率未达到阈值，观望信号
2025-02-19 16:15:42,712 - INFO - 当前价格: 2711.88, AI信号: 0
2025-02-19 16:15:42,878 - INFO - 当前持仓方向: 空, 持仓金额: 108.4756
2025-02-19 16:15:42,878 - INFO - 观望信号，保持当前仓位
2025-02-19 16:15:43,044 - INFO - 当前持仓方向: 空, 持仓金额: 108.4752
2025-02-19 16:16:43,484 - INFO - 模型训练指标 - Loss: 0.3470, Accuracy: 0.9849
2025-02-19 16:16:43,505 - INFO - 上涨概率: 0.33, 下跌概率: 0.67
2025-02-19 16:16:43,611 - INFO - 当前价格: 2713.59, AI信号: -1
2025-02-19 16:16:43,788 - INFO - 当前持仓方向: 空, 持仓金额: 108.548
2025-02-19 16:16:43,954 - INFO - 当前持仓方向: 空, 持仓金额: 108.548
2025-02-19 16:17:44,397 - INFO - 模型训练指标 - Loss: 0.3403, Accuracy: 0.9799
2025-02-19 16:17:44,413 - INFO - 上涨概率: 0.22, 下跌概率: 0.78
2025-02-19 16:17:44,518 - INFO - 当前价格: 2714.19, AI信号: -1
2025-02-19 16:17:44,673 - INFO - 当前持仓方向: 空, 持仓金额: 108.568
2025-02-19 16:17:44,845 - INFO - 当前持仓方向: 空, 持仓金额: 108.568
2025-02-19 16:18:45,298 - INFO - 模型训练指标 - Loss: 0.3349, Accuracy: 0.9950
2025-02-19 16:18:45,318 - INFO - 上涨概率: 0.24, 下跌概率: 0.76
2025-02-19 16:18:45,428 - INFO - 当前价格: 2712.65, AI信号: -1
2025-02-19 16:18:45,594 - INFO - 当前持仓方向: 空, 持仓金额: 108.52272888
2025-02-19 16:18:45,759 - INFO - 当前持仓方向: 空, 持仓金额: 108.52272888
2025-02-19 16:19:46,213 - INFO - 模型训练指标 - Loss: 0.3306, Accuracy: 0.9799
2025-02-19 16:19:46,235 - INFO - 上涨概率: 0.36, 下跌概率: 0.64
2025-02-19 16:19:46,235 - INFO - 预测概率未达到阈值，观望信号
2025-02-19 16:19:46,348 - INFO - 当前价格: 2711.16, AI信号: 0
2025-02-19 16:19:46,512 - INFO - 当前持仓方向: 空, 持仓金额: 108.46229555
2025-02-19 16:19:46,512 - INFO - 观望信号，保持当前仓位
2025-02-19 16:19:46,662 - INFO - 当前持仓方向: 空, 持仓金额: 108.46229555
2025-02-19 16:20:47,103 - INFO - 模型训练指标 - Loss: 0.3346, Accuracy: 0.9698
2025-02-19 16:20:47,124 - INFO - 上涨概率: 0.62, 下跌概率: 0.38
2025-02-19 16:20:47,124 - INFO - 预测概率未达到阈值，观望信号
2025-02-19 16:20:47,230 - INFO - 当前价格: 2711.16, AI信号: 0
2025-02-19 16:20:47,394 - INFO - 当前持仓方向: 空, 持仓金额: 108.43965841
2025-02-19 16:20:47,394 - INFO - 观望信号，保持当前仓位
2025-02-19 16:20:47,562 - INFO - 当前持仓方向: 空, 持仓金额: 108.43965841
2025-02-19 16:21:48,004 - INFO - 模型训练指标 - Loss: 0.3269, Accuracy: 0.9799
2025-02-19 16:21:48,025 - INFO - 上涨概率: 0.72, 下跌概率: 0.28
2025-02-19 16:21:48,128 - INFO - 当前价格: 2711.31, AI信号: 1
2025-02-19 16:21:48,293 - INFO - 当前持仓方向: 空, 持仓金额: 108.4528
2025-02-19 16:21:48,293 - INFO - 平空仓...
2025-02-19 16:21:48,622 - INFO - 订单创建成功: {'info': {'orderId': '8389765840992738771', 'symbol': 'ETHUSDT', 'status': 'FILLED', 'clientOrderId': 'x-xcKtGhcu408cb770cef19e632e8dd4', 'price': '0.00', 'avgPrice': '2711.32000', 'origQty': '0.040', 'executedQty': '0.040', 'cumQty': '0.040', 'cumQuote': '108.45280', 'timeInForce': 'GTC', 'type': 'MARKET', 'reduceOnly': False, 'closePosition': False, 'side': 'BUY', 'positionSide': 'BOTH', 'stopPrice': '0.00', 'workingType': 'CONTRACT_PRICE', 'priceProtect': False, 'origType': 'MARKET', 'priceMatch': 'NONE', 'selfTradePreventionMode': 'EXPIRE_MAKER', 'goodTillDate': '0', 'updateTime': '1739953308667'}, 'id': '8389765840992738771', 'clientOrderId': 'x-xcKtGhcu408cb770cef19e632e8dd4', 'timestamp': 1739953308667, 'datetime': '2025-02-19T08:21:48.667Z', 'lastTradeTimestamp': 1739953308667, 'lastUpdateTimestamp': 1739953308667, 'symbol': 'ETH/USDT:USDT', 'type': 'market', 'timeInForce': 'GTC', 'postOnly': False, 'reduceOnly': False, 'side': 'buy', 'price': 2711.32, 'triggerPrice': None, 'amount': 0.04, 'cost': 108.4528, 'average': 2711.32, 'filled': 0.04, 'remaining': 0.0, 'status': 'closed', 'fee': {'currency': None, 'cost': None, 'rate': None}, 'trades': [], 'fees': [{'currency': None, 'cost': None, 'rate': None}], 'stopPrice': None, 'takeProfitPrice': None, 'stopLossPrice': None}
2025-02-19 16:21:48,623 - INFO - 平空仓成功: {'info': {'orderId': '8389765840992738771', 'symbol': 'ETHUSDT', 'status': 'FILLED', 'clientOrderId': 'x-xcKtGhcu408cb770cef19e632e8dd4', 'price': '0.00', 'avgPrice': '2711.32000', 'origQty': '0.040', 'executedQty': '0.040', 'cumQty': '0.040', 'cumQuote': '108.45280', 'timeInForce': 'GTC', 'type': 'MARKET', 'reduceOnly': False, 'closePosition': False, 'side': 'BUY', 'positionSide': 'BOTH', 'stopPrice': '0.00', 'workingType': 'CONTRACT_PRICE', 'priceProtect': False, 'origType': 'MARKET', 'priceMatch': 'NONE', 'selfTradePreventionMode': 'EXPIRE_MAKER', 'goodTillDate': '0', 'updateTime': '1739953308667'}, 'id': '8389765840992738771', 'clientOrderId': 'x-xcKtGhcu408cb770cef19e632e8dd4', 'timestamp': 1739953308667, 'datetime': '2025-02-19T08:21:48.667Z', 'lastTradeTimestamp': 1739953308667, 'lastUpdateTimestamp': 1739953308667, 'symbol': 'ETH/USDT:USDT', 'type': 'market', 'timeInForce': 'GTC', 'postOnly': False, 'reduceOnly': False, 'side': 'buy', 'price': 2711.32, 'triggerPrice': None, 'amount': 0.04, 'cost': 108.4528, 'average': 2711.32, 'filled': 0.04, 'remaining': 0.0, 'status': 'closed', 'fee': {'currency': None, 'cost': None, 'rate': None}, 'trades': [], 'fees': [{'currency': None, 'cost': None, 'rate': None}], 'stopPrice': None, 'takeProfitPrice': None, 'stopLossPrice': None}
2025-02-19 16:21:49,631 - INFO - 开多仓，数量: 0.04034550872456488
2025-02-19 16:21:50,023 - INFO - 订单创建成功: {'info': {'orderId': '8389765840992751093', 'symbol': 'ETHUSDT', 'status': 'FILLED', 'clientOrderId': 'x-xcKtGhcu5af5fe79aa17694867b551', 'price': '0.00', 'avgPrice': '2711.32000', 'origQty': '0.040', 'executedQty': '0.040', 'cumQty': '0.040', 'cumQuote': '108.45280', 'timeInForce': 'GTC', 'type': 'MARKET', 'reduceOnly': False, 'closePosition': False, 'side': 'BUY', 'positionSide': 'BOTH', 'stopPrice': '0.00', 'workingType': 'CONTRACT_PRICE', 'priceProtect': False, 'origType': 'MARKET', 'priceMatch': 'NONE', 'selfTradePreventionMode': 'EXPIRE_MAKER', 'goodTillDate': '0', 'updateTime': '1739953310070'}, 'id': '8389765840992751093', 'clientOrderId': 'x-xcKtGhcu5af5fe79aa17694867b551', 'timestamp': 1739953310070, 'datetime': '2025-02-19T08:21:50.070Z', 'lastTradeTimestamp': 1739953310070, 'lastUpdateTimestamp': 1739953310070, 'symbol': 'ETH/USDT:USDT', 'type': 'market', 'timeInForce': 'GTC', 'postOnly': False, 'reduceOnly': False, 'side': 'buy', 'price': 2711.32, 'triggerPrice': None, 'amount': 0.04, 'cost': 108.4528, 'average': 2711.32, 'filled': 0.04, 'remaining': 0.0, 'status': 'closed', 'fee': {'currency': None, 'cost': None, 'rate': None}, 'trades': [], 'fees': [{'currency': None, 'cost': None, 'rate': None}], 'stopPrice': None, 'takeProfitPrice': None, 'stopLossPrice': None}
2025-02-19 16:21:50,024 - INFO - 开多仓成功: {'info': {'orderId': '8389765840992751093', 'symbol': 'ETHUSDT', 'status': 'FILLED', 'clientOrderId': 'x-xcKtGhcu5af5fe79aa17694867b551', 'price': '0.00', 'avgPrice': '2711.32000', 'origQty': '0.040', 'executedQty': '0.040', 'cumQty': '0.040', 'cumQuote': '108.45280', 'timeInForce': 'GTC', 'type': 'MARKET', 'reduceOnly': False, 'closePosition': False, 'side': 'BUY', 'positionSide': 'BOTH', 'stopPrice': '0.00', 'workingType': 'CONTRACT_PRICE', 'priceProtect': False, 'origType': 'MARKET', 'priceMatch': 'NONE', 'selfTradePreventionMode': 'EXPIRE_MAKER', 'goodTillDate': '0', 'updateTime': '1739953310070'}, 'id': '8389765840992751093', 'clientOrderId': 'x-xcKtGhcu5af5fe79aa17694867b551', 'timestamp': 1739953310070, 'datetime': '2025-02-19T08:21:50.070Z', 'lastTradeTimestamp': 1739953310070, 'lastUpdateTimestamp': 1739953310070, 'symbol': 'ETH/USDT:USDT', 'type': 'market', 'timeInForce': 'GTC', 'postOnly': False, 'reduceOnly': False, 'side': 'buy', 'price': 2711.32, 'triggerPrice': None, 'amount': 0.04, 'cost': 108.4528, 'average': 2711.32, 'filled': 0.04, 'remaining': 0.0, 'status': 'closed', 'fee': {'currency': None, 'cost': None, 'rate': None}, 'trades': [], 'fees': [{'currency': None, 'cost': None, 'rate': None}], 'stopPrice': None, 'takeProfitPrice': None, 'stopLossPrice': None}
2025-02-19 16:21:50,265 - INFO - 当前持仓方向: 多, 持仓金额: 108.4524
2025-02-19 16:22:50,723 - INFO - 模型训练指标 - Loss: 0.3366, Accuracy: 0.9648
2025-02-19 16:22:50,740 - INFO - 上涨概率: 0.68, 下跌概率: 0.32
2025-02-19 16:22:50,847 - INFO - 当前价格: 2709.39, AI信号: 1
2025-02-19 16:22:51,017 - INFO - 当前持仓方向: 多, 持仓金额: 108.38758063
2025-02-19 16:22:51,183 - INFO - 当前持仓方向: 多, 持仓金额: 108.38755206
2025-02-19 16:23:51,635 - INFO - 模型训练指标 - Loss: 0.3379, Accuracy: 0.9749
2025-02-19 16:23:51,652 - INFO - 上涨概率: 0.53, 下跌概率: 0.47
2025-02-19 16:23:51,652 - INFO - 预测概率未达到阈值，观望信号
2025-02-19 16:23:51,758 - INFO - 当前价格: 2709.51, AI信号: 0
2025-02-19 16:23:51,938 - INFO - 当前持仓方向: 多, 持仓金额: 108.3808
2025-02-19 16:23:51,938 - INFO - 观望信号，保持当前仓位
2025-02-19 16:23:52,089 - INFO - 当前持仓方向: 多, 持仓金额: 108.3804
2025-02-19 16:24:52,561 - INFO - 模型训练指标 - Loss: 0.3325, Accuracy: 0.9849
2025-02-19 16:24:52,581 - INFO - 上涨概率: 0.55, 下跌概率: 0.45
2025-02-19 16:24:52,581 - INFO - 预测概率未达到阈值，观望信号
2025-02-19 16:24:52,697 - INFO - 当前价格: 2712.7, AI信号: 0
2025-02-19 16:24:52,876 - INFO - 当前持仓方向: 多, 持仓金额: 108.508
2025-02-19 16:24:52,876 - INFO - 观望信号，保持当前仓位
2025-02-19 16:24:53,039 - INFO - 当前持仓方向: 多, 持仓金额: 108.52
2025-02-19 16:25:53,506 - INFO - 模型训练指标 - Loss: 0.3352, Accuracy: 0.9799
2025-02-19 16:25:53,524 - INFO - 上涨概率: 0.63, 下跌概率: 0.37
2025-02-19 16:25:53,524 - INFO - 预测概率未达到阈值，观望信号
2025-02-19 16:25:53,628 - INFO - 当前价格: 2714.21, AI信号: 0
2025-02-19 16:25:53,793 - INFO - 当前持仓方向: 多, 持仓金额: 108.5916
2025-02-19 16:25:53,793 - INFO - 观望信号，保持当前仓位
2025-02-19 16:25:53,963 - INFO - 当前持仓方向: 多, 持仓金额: 108.5916
2025-02-19 16:26:54,427 - INFO - 模型训练指标 - Loss: 0.3386, Accuracy: 0.9899
2025-02-19 16:26:54,446 - INFO - 上涨概率: 0.46, 下跌概率: 0.54
2025-02-19 16:26:54,446 - INFO - 预测概率未达到阈值，观望信号
2025-02-19 16:26:54,547 - INFO - 当前价格: 2714.77, AI信号: 0
2025-02-19 16:26:54,723 - INFO - 当前持仓方向: 多, 持仓金额: 108.59297523
2025-02-19 16:26:54,723 - INFO - 观望信号，保持当前仓位
2025-02-19 16:26:54,903 - INFO - 当前持仓方向: 多, 持仓金额: 108.59297523
2025-02-19 16:27:55,344 - INFO - 模型训练指标 - Loss: 0.3396, Accuracy: 0.9799
2025-02-19 16:27:55,362 - INFO - 上涨概率: 0.35, 下跌概率: 0.65
2025-02-19 16:27:55,362 - INFO - 预测概率未达到阈值，观望信号
2025-02-19 16:27:55,468 - INFO - 当前价格: 2715.99, AI信号: 0
2025-02-19 16:27:55,639 - INFO - 当前持仓方向: 多, 持仓金额: 108.6396
2025-02-19 16:27:55,639 - INFO - 观望信号，保持当前仓位
2025-02-19 16:27:55,814 - INFO - 当前持仓方向: 多, 持仓金额: 108.6396
2025-02-19 16:28:56,283 - INFO - 模型训练指标 - Loss: 0.3360, Accuracy: 0.9698
2025-02-19 16:28:56,301 - INFO - 上涨概率: 0.50, 下跌概率: 0.50
2025-02-19 16:28:56,302 - INFO - 预测概率未达到阈值，观望信号
2025-02-19 16:28:56,408 - INFO - 当前价格: 2718.58, AI信号: 0
2025-02-19 16:28:56,571 - INFO - 当前持仓方向: 多, 持仓金额: 108.75201555
2025-02-19 16:28:56,571 - INFO - 观望信号，保持当前仓位
2025-02-19 16:28:56,739 - INFO - 当前持仓方向: 多, 持仓金额: 108.75201555
2025-02-19 16:29:57,193 - INFO - 模型训练指标 - Loss: 0.3413, Accuracy: 0.9849
2025-02-19 16:29:57,215 - INFO - 上涨概率: 0.50, 下跌概率: 0.50
2025-02-19 16:29:57,215 - INFO - 预测概率未达到阈值，观望信号
2025-02-19 16:29:57,337 - INFO - 当前价格: 2717.4, AI信号: 0
2025-02-19 16:29:57,502 - INFO - 当前持仓方向: 多, 持仓金额: 108.70143746
2025-02-19 16:29:57,502 - INFO - 观望信号，保持当前仓位
2025-02-19 16:29:57,676 - INFO - 当前持仓方向: 多, 持仓金额: 108.70143746
2025-02-19 16:30:58,131 - INFO - 模型训练指标 - Loss: 0.3462, Accuracy: 0.9799
2025-02-19 16:30:58,148 - INFO - 上涨概率: 0.42, 下跌概率: 0.58
2025-02-19 16:30:58,148 - INFO - 预测概率未达到阈值，观望信号
2025-02-19 16:30:58,257 - INFO - 当前价格: 2719.16, AI信号: 0
2025-02-19 16:30:58,433 - INFO - 当前持仓方向: 多, 持仓金额: 108.8384
2025-02-19 16:30:58,433 - INFO - 观望信号，保持当前仓位
2025-02-19 16:30:58,615 - INFO - 当前持仓方向: 多, 持仓金额: 108.8384
2025-02-19 16:31:59,073 - INFO - 模型训练指标 - Loss: 0.3461, Accuracy: 0.9698
2025-02-19 16:31:59,092 - INFO - 上涨概率: 0.42, 下跌概率: 0.58
2025-02-19 16:31:59,092 - INFO - 预测概率未达到阈值，观望信号
2025-02-19 16:31:59,206 - INFO - 当前价格: 2722.98, AI信号: 0
2025-02-19 16:31:59,367 - INFO - 当前持仓方向: 多, 持仓金额: 108.912
2025-02-19 16:31:59,367 - INFO - 观望信号，保持当前仓位
2025-02-19 16:31:59,542 - INFO - 当前持仓方向: 多, 持仓金额: 108.912
2025-02-19 16:33:00,007 - INFO - 模型训练指标 - Loss: 0.3458, Accuracy: 0.9799
2025-02-19 16:33:00,025 - INFO - 上涨概率: 0.66, 下跌概率: 0.34
2025-02-19 16:33:00,135 - INFO - 当前价格: 2718.29, AI信号: 1
2025-02-19 16:33:00,301 - INFO - 当前持仓方向: 多, 持仓金额: 108.75605301
2025-02-19 16:33:00,471 - INFO - 当前持仓方向: 多, 持仓金额: 108.75605301
2025-02-19 16:34:01,019 - INFO - 模型训练指标 - Loss: 0.3388, Accuracy: 0.9799
2025-02-19 16:34:01,037 - INFO - 上涨概率: 0.46, 下跌概率: 0.54
2025-02-19 16:34:01,037 - INFO - 预测概率未达到阈值，观望信号
2025-02-19 16:34:01,147 - INFO - 当前价格: 2716.61, AI信号: 0
2025-02-19 16:34:01,335 - INFO - 当前持仓方向: 多, 持仓金额: 108.68297365
2025-02-19 16:34:01,335 - INFO - 观望信号，保持当前仓位
2025-02-19 16:34:01,512 - INFO - 当前持仓方向: 多, 持仓金额: 108.68297365
2025-02-19 16:35:01,997 - INFO - 模型训练指标 - Loss: 0.3397, Accuracy: 0.9799
2025-02-19 16:35:02,017 - INFO - 上涨概率: 0.34, 下跌概率: 0.66
2025-02-19 16:35:02,126 - INFO - 当前价格: 2718.61, AI信号: -1
2025-02-19 16:35:02,308 - INFO - 当前持仓方向: 多, 持仓金额: 108.70659936
2025-02-19 16:35:02,308 - INFO - 平多仓...
2025-02-19 16:35:02,627 - INFO - 订单创建成功: {'info': {'orderId': '8389765840999115768', 'symbol': 'ETHUSDT', 'status': 'FILLED', 'clientOrderId': 'x-xcKtGhcu7430815f046d1e90ed50ab', 'price': '0.00', 'avgPrice': '2717.17000', 'origQty': '0.040', 'executedQty': '0.040', 'cumQty': '0.040', 'cumQuote': '108.68680', 'timeInForce': 'GTC', 'type': 'MARKET', 'reduceOnly': False, 'closePosition': False, 'side': 'SELL', 'positionSide': 'BOTH', 'stopPrice': '0.00', 'workingType': 'CONTRACT_PRICE', 'priceProtect': False, 'origType': 'MARKET', 'priceMatch': 'NONE', 'selfTradePreventionMode': 'EXPIRE_MAKER', 'goodTillDate': '0', 'updateTime': '1739954102676'}, 'id': '8389765840999115768', 'clientOrderId': 'x-xcKtGhcu7430815f046d1e90ed50ab', 'timestamp': 1739954102676, 'datetime': '2025-02-19T08:35:02.676Z', 'lastTradeTimestamp': 1739954102676, 'lastUpdateTimestamp': 1739954102676, 'symbol': 'ETH/USDT:USDT', 'type': 'market', 'timeInForce': 'GTC', 'postOnly': False, 'reduceOnly': False, 'side': 'sell', 'price': 2717.17, 'triggerPrice': None, 'amount': 0.04, 'cost': 108.6868, 'average': 2717.17, 'filled': 0.04, 'remaining': 0.0, 'status': 'closed', 'fee': {'currency': None, 'cost': None, 'rate': None}, 'trades': [], 'fees': [{'currency': None, 'cost': None, 'rate': None}], 'stopPrice': None, 'takeProfitPrice': None, 'stopLossPrice': None}
2025-02-19 16:35:02,627 - INFO - 平多仓成功: {'info': {'orderId': '8389765840999115768', 'symbol': 'ETHUSDT', 'status': 'FILLED', 'clientOrderId': 'x-xcKtGhcu7430815f046d1e90ed50ab', 'price': '0.00', 'avgPrice': '2717.17000', 'origQty': '0.040', 'executedQty': '0.040', 'cumQty': '0.040', 'cumQuote': '108.68680', 'timeInForce': 'GTC', 'type': 'MARKET', 'reduceOnly': False, 'closePosition': False, 'side': 'SELL', 'positionSide': 'BOTH', 'stopPrice': '0.00', 'workingType': 'CONTRACT_PRICE', 'priceProtect': False, 'origType': 'MARKET', 'priceMatch': 'NONE', 'selfTradePreventionMode': 'EXPIRE_MAKER', 'goodTillDate': '0', 'updateTime': '1739954102676'}, 'id': '8389765840999115768', 'clientOrderId': 'x-xcKtGhcu7430815f046d1e90ed50ab', 'timestamp': 1739954102676, 'datetime': '2025-02-19T08:35:02.676Z', 'lastTradeTimestamp': 1739954102676, 'lastUpdateTimestamp': 1739954102676, 'symbol': 'ETH/USDT:USDT', 'type': 'market', 'timeInForce': 'GTC', 'postOnly': False, 'reduceOnly': False, 'side': 'sell', 'price': 2717.17, 'triggerPrice': None, 'amount': 0.04, 'cost': 108.6868, 'average': 2717.17, 'filled': 0.04, 'remaining': 0.0, 'status': 'closed', 'fee': {'currency': None, 'cost': None, 'rate': None}, 'trades': [], 'fees': [{'currency': None, 'cost': None, 'rate': None}], 'stopPrice': None, 'takeProfitPrice': None, 'stopLossPrice': None}
2025-02-19 16:35:03,630 - INFO - 开空仓，数量: 0.04023717313627184
2025-02-19 16:35:03,958 - INFO - 订单创建成功: {'info': {'orderId': '8389765840999118980', 'symbol': 'ETHUSDT', 'status': 'FILLED', 'clientOrderId': 'x-xcKtGhcu2aa8c115a818816b4edf63', 'price': '0.00', 'avgPrice': '2717.07000', 'origQty': '0.040', 'executedQty': '0.040', 'cumQty': '0.040', 'cumQuote': '108.68280', 'timeInForce': 'GTC', 'type': 'MARKET', 'reduceOnly': False, 'closePosition': False, 'side': 'SELL', 'positionSide': 'BOTH', 'stopPrice': '0.00', 'workingType': 'CONTRACT_PRICE', 'priceProtect': False, 'origType': 'MARKET', 'priceMatch': 'NONE', 'selfTradePreventionMode': 'EXPIRE_MAKER', 'goodTillDate': '0', 'updateTime': '1739954104000'}, 'id': '8389765840999118980', 'clientOrderId': 'x-xcKtGhcu2aa8c115a818816b4edf63', 'timestamp': 1739954104000, 'datetime': '2025-02-19T08:35:04.000Z', 'lastTradeTimestamp': 1739954104000, 'lastUpdateTimestamp': 1739954104000, 'symbol': 'ETH/USDT:USDT', 'type': 'market', 'timeInForce': 'GTC', 'postOnly': False, 'reduceOnly': False, 'side': 'sell', 'price': 2717.07, 'triggerPrice': None, 'amount': 0.04, 'cost': 108.6828, 'average': 2717.07, 'filled': 0.04, 'remaining': 0.0, 'status': 'closed', 'fee': {'currency': None, 'cost': None, 'rate': None}, 'trades': [], 'fees': [{'currency': None, 'cost': None, 'rate': None}], 'stopPrice': None, 'takeProfitPrice': None, 'stopLossPrice': None}
2025-02-19 16:35:03,958 - INFO - 开空仓成功: {'info': {'orderId': '8389765840999118980', 'symbol': 'ETHUSDT', 'status': 'FILLED', 'clientOrderId': 'x-xcKtGhcu2aa8c115a818816b4edf63', 'price': '0.00', 'avgPrice': '2717.07000', 'origQty': '0.040', 'executedQty': '0.040', 'cumQty': '0.040', 'cumQuote': '108.68280', 'timeInForce': 'GTC', 'type': 'MARKET', 'reduceOnly': False, 'closePosition': False, 'side': 'SELL', 'positionSide': 'BOTH', 'stopPrice': '0.00', 'workingType': 'CONTRACT_PRICE', 'priceProtect': False, 'origType': 'MARKET', 'priceMatch': 'NONE', 'selfTradePreventionMode': 'EXPIRE_MAKER', 'goodTillDate': '0', 'updateTime': '1739954104000'}, 'id': '8389765840999118980', 'clientOrderId': 'x-xcKtGhcu2aa8c115a818816b4edf63', 'timestamp': 1739954104000, 'datetime': '2025-02-19T08:35:04.000Z', 'lastTradeTimestamp': 1739954104000, 'lastUpdateTimestamp': 1739954104000, 'symbol': 'ETH/USDT:USDT', 'type': 'market', 'timeInForce': 'GTC', 'postOnly': False, 'reduceOnly': False, 'side': 'sell', 'price': 2717.07, 'triggerPrice': None, 'amount': 0.04, 'cost': 108.6828, 'average': 2717.07, 'filled': 0.04, 'remaining': 0.0, 'status': 'closed', 'fee': {'currency': None, 'cost': None, 'rate': None}, 'trades': [], 'fees': [{'currency': None, 'cost': None, 'rate': None}], 'stopPrice': None, 'takeProfitPrice': None, 'stopLossPrice': None}
2025-02-19 16:35:04,153 - INFO - 当前持仓方向: 空, 持仓金额: 108.68986603
2025-02-19 16:36:04,631 - INFO - 模型训练指标 - Loss: 0.3356, Accuracy: 0.9749
2025-02-19 16:36:04,648 - INFO - 上涨概率: 0.25, 下跌概率: 0.75
2025-02-19 16:36:04,765 - INFO - 当前价格: 2715.77, AI信号: -1
2025-02-19 16:36:04,938 - INFO - 当前持仓方向: 空, 持仓金额: 108.65622349
2025-02-19 16:36:05,114 - INFO - 当前持仓方向: 空, 持仓金额: 108.65445746
2025-02-19 16:37:05,632 - INFO - 模型训练指标 - Loss: 0.3378, Accuracy: 0.9749
2025-02-19 16:37:05,651 - INFO - 上涨概率: 0.25, 下跌概率: 0.75
2025-02-19 16:37:05,754 - INFO - 当前价格: 2715.58, AI信号: -1
2025-02-19 16:37:05,944 - INFO - 当前持仓方向: 空, 持仓金额: 108.6432
2025-02-19 16:37:06,131 - INFO - 当前持仓方向: 空, 持仓金额: 108.6432
2025-02-19 16:38:06,604 - INFO - 模型训练指标 - Loss: 0.3259, Accuracy: 0.9799
2025-02-19 16:38:06,619 - INFO - 上涨概率: 0.40, 下跌概率: 0.60
2025-02-19 16:38:06,619 - INFO - 预测概率未达到阈值，观望信号
2025-02-19 16:38:06,724 - INFO - 当前价格: 2715.21, AI信号: 0
2025-02-19 16:38:06,935 - INFO - 当前持仓方向: 空, 持仓金额: 108.596
2025-02-19 16:38:06,935 - INFO - 观望信号，保持当前仓位
2025-02-19 16:38:07,148 - INFO - 当前持仓方向: 空, 持仓金额: 108.596
2025-02-19 16:39:07,560 - INFO - 模型训练指标 - Loss: 0.3280, Accuracy: 0.9799
2025-02-19 16:39:07,579 - INFO - 上涨概率: 0.54, 下跌概率: 0.46
2025-02-19 16:39:07,579 - INFO - 预测概率未达到阈值，观望信号
2025-02-19 16:39:07,694 - INFO - 当前价格: 2714.09, AI信号: 0
2025-02-19 16:39:07,856 - INFO - 当前持仓方向: 空, 持仓金额: 108.55817587
2025-02-19 16:39:07,856 - INFO - 观望信号，保持当前仓位
2025-02-19 16:39:08,016 - INFO - 当前持仓方向: 空, 持仓金额: 108.55817587
2025-02-19 16:40:08,476 - INFO - 模型训练指标 - Loss: 0.3319, Accuracy: 0.9849
2025-02-19 16:40:08,497 - INFO - 上涨概率: 0.44, 下跌概率: 0.56
2025-02-19 16:40:08,497 - INFO - 预测概率未达到阈值，观望信号
2025-02-19 16:40:08,614 - INFO - 当前价格: 2714.59, AI信号: 0
2025-02-19 16:40:08,794 - INFO - 当前持仓方向: 空, 持仓金额: 108.5696
2025-02-19 16:40:08,794 - INFO - 观望信号，保持当前仓位
2025-02-19 16:40:08,957 - INFO - 当前持仓方向: 空, 持仓金额: 108.5696
2025-02-19 16:41:09,413 - INFO - 模型训练指标 - Loss: 0.3247, Accuracy: 0.9899
2025-02-19 16:41:09,430 - INFO - 上涨概率: 0.51, 下跌概率: 0.49
2025-02-19 16:41:09,430 - INFO - 预测概率未达到阈值，观望信号
2025-02-19 16:41:09,536 - INFO - 当前价格: 2714.65, AI信号: 0
2025-02-19 16:41:09,713 - INFO - 当前持仓方向: 空, 持仓金额: 108.586
2025-02-19 16:41:09,713 - INFO - 观望信号，保持当前仓位
2025-02-19 16:41:09,894 - INFO - 当前持仓方向: 空, 持仓金额: 108.586
2025-02-19 16:42:10,399 - INFO - 模型训练指标 - Loss: 0.3250, Accuracy: 0.9749
2025-02-19 16:42:10,420 - INFO - 上涨概率: 0.55, 下跌概率: 0.45
2025-02-19 16:42:10,420 - INFO - 预测概率未达到阈值，观望信号
2025-02-19 16:42:10,534 - INFO - 当前价格: 2718.06, AI信号: 0
2025-02-19 16:42:10,786 - INFO - 当前持仓方向: 空, 持仓金额: 108.7208
2025-02-19 16:42:10,786 - INFO - 观望信号，保持当前仓位
2025-02-19 16:42:10,960 - INFO - 当前持仓方向: 空, 持仓金额: 108.7208
2025-02-19 16:43:11,441 - INFO - 模型训练指标 - Loss: 0.3262, Accuracy: 0.9749
2025-02-19 16:43:11,459 - INFO - 上涨概率: 0.46, 下跌概率: 0.54
2025-02-19 16:43:11,459 - INFO - 预测概率未达到阈值，观望信号
2025-02-19 16:43:11,567 - INFO - 当前价格: 2717.18, AI信号: 0
2025-02-19 16:43:11,742 - INFO - 当前持仓方向: 空, 持仓金额: 108.69701301
2025-02-19 16:43:11,742 - INFO - 观望信号，保持当前仓位
2025-02-19 16:43:11,908 - INFO - 当前持仓方向: 空, 持仓金额: 108.69701301
2025-02-19 16:44:12,374 - INFO - 模型训练指标 - Loss: 0.3345, Accuracy: 0.9598
2025-02-19 16:44:12,391 - INFO - 上涨概率: 0.49, 下跌概率: 0.51
2025-02-19 16:44:12,391 - INFO - 预测概率未达到阈值，观望信号
2025-02-19 16:44:12,504 - INFO - 当前价格: 2717.72, AI信号: 0
2025-02-19 16:44:12,667 - INFO - 当前持仓方向: 空, 持仓金额: 108.7088
2025-02-19 16:44:12,667 - INFO - 观望信号，保持当前仓位
2025-02-19 16:44:12,832 - INFO - 当前持仓方向: 空, 持仓金额: 108.7088
2025-02-19 16:45:13,296 - INFO - 模型训练指标 - Loss: 0.3451, Accuracy: 0.9799
2025-02-19 16:45:13,313 - INFO - 上涨概率: 0.50, 下跌概率: 0.50
2025-02-19 16:45:13,313 - INFO - 预测概率未达到阈值，观望信号
2025-02-19 16:45:13,417 - INFO - 当前价格: 2717.22, AI信号: 0
2025-02-19 16:45:13,593 - INFO - 当前持仓方向: 空, 持仓金额: 108.69815206
2025-02-19 16:45:13,593 - INFO - 观望信号，保持当前仓位
2025-02-19 16:45:13,765 - INFO - 当前持仓方向: 空, 持仓金额: 108.69815206
2025-02-19 16:46:14,224 - INFO - 模型训练指标 - Loss: 0.3359, Accuracy: 0.9799
2025-02-19 16:46:14,243 - INFO - 上涨概率: 0.40, 下跌概率: 0.60
2025-02-19 16:46:14,243 - INFO - 预测概率未达到阈值，观望信号
2025-02-19 16:46:14,347 - INFO - 当前价格: 2716.86, AI信号: 0
2025-02-19 16:46:14,845 - INFO - 当前持仓方向: 空, 持仓金额: 108.68359841
2025-02-19 16:46:14,845 - INFO - 观望信号，保持当前仓位
2025-02-19 16:46:15,029 - INFO - 当前持仓方向: 空, 持仓金额: 108.68359841
2025-02-19 16:47:15,557 - INFO - 模型训练指标 - Loss: 0.3459, Accuracy: 0.9698
2025-02-19 16:47:15,573 - INFO - 上涨概率: 0.52, 下跌概率: 0.48
2025-02-19 16:47:15,574 - INFO - 预测概率未达到阈值，观望信号
2025-02-19 16:47:15,687 - INFO - 当前价格: 2713.62, AI信号: 0
2025-02-19 16:47:15,865 - INFO - 当前持仓方向: 空, 持仓金额: 108.55261587
2025-02-19 16:47:15,865 - INFO - 观望信号，保持当前仓位
2025-02-19 16:47:16,122 - INFO - 当前持仓方向: 空, 持仓金额: 108.5572
2025-02-19 16:48:16,594 - INFO - 模型训练指标 - Loss: 0.3581, Accuracy: 0.9749
2025-02-19 16:48:16,612 - INFO - 上涨概率: 0.60, 下跌概率: 0.40
2025-02-19 16:48:16,612 - INFO - 预测概率未达到阈值，观望信号
2025-02-19 16:48:16,717 - INFO - 当前价格: 2712.72, AI信号: 0
2025-02-19 16:48:16,892 - INFO - 当前持仓方向: 空, 持仓金额: 108.5
2025-02-19 16:48:16,892 - INFO - 观望信号，保持当前仓位
2025-02-19 16:48:17,063 - INFO - 当前持仓方向: 空, 持仓金额: 108.5004
2025-02-19 16:49:17,525 - INFO - 模型训练指标 - Loss: 0.3564, Accuracy: 0.9849
2025-02-19 16:49:17,543 - INFO - 上涨概率: 0.52, 下跌概率: 0.48
2025-02-19 16:49:17,543 - INFO - 预测概率未达到阈值，观望信号
2025-02-19 16:49:17,648 - INFO - 当前价格: 2711.64, AI信号: 0
2025-02-19 16:49:17,805 - INFO - 当前持仓方向: 空, 持仓金额: 108.4916
2025-02-19 16:49:17,806 - INFO - 观望信号，保持当前仓位
2025-02-19 16:49:17,965 - INFO - 当前持仓方向: 空, 持仓金额: 108.4916
2025-02-19 16:50:18,427 - INFO - 模型训练指标 - Loss: 0.3579, Accuracy: 0.9849
2025-02-19 16:50:18,444 - INFO - 上涨概率: 0.55, 下跌概率: 0.45
2025-02-19 16:50:18,444 - INFO - 预测概率未达到阈值，观望信号
2025-02-19 16:50:18,555 - INFO - 当前价格: 2712.36, AI信号: 0
2025-02-19 16:50:18,717 - INFO - 当前持仓方向: 空, 持仓金额: 108.5084
2025-02-19 16:50:18,717 - INFO - 观望信号，保持当前仓位
2025-02-19 16:50:18,880 - INFO - 当前持仓方向: 空, 持仓金额: 108.5084
2025-02-19 16:51:19,316 - INFO - 模型训练指标 - Loss: 0.3557, Accuracy: 0.9849
2025-02-19 16:51:19,335 - INFO - 上涨概率: 0.59, 下跌概率: 0.41
2025-02-19 16:51:19,335 - INFO - 预测概率未达到阈值，观望信号
2025-02-19 16:51:19,437 - INFO - 当前价格: 2712.73, AI信号: 0
2025-02-19 16:51:19,598 - INFO - 当前持仓方向: 空, 持仓金额: 108.5312
2025-02-19 16:51:19,598 - INFO - 观望信号，保持当前仓位
2025-02-19 16:51:19,758 - INFO - 当前持仓方向: 空, 持仓金额: 108.5312
2025-02-19 16:52:20,178 - INFO - 模型训练指标 - Loss: 0.3551, Accuracy: 0.9749
2025-02-19 16:52:20,194 - INFO - 上涨概率: 0.51, 下跌概率: 0.49
2025-02-19 16:52:20,195 - INFO - 预测概率未达到阈值，观望信号
2025-02-19 16:52:20,303 - INFO - 当前价格: 2712.5, AI信号: 0
2025-02-19 16:52:20,480 - INFO - 当前持仓方向: 空, 持仓金额: 108.49760222
2025-02-19 16:52:20,480 - INFO - 观望信号，保持当前仓位
2025-02-19 16:52:20,643 - INFO - 当前持仓方向: 空, 持仓金额: 108.49760222
2025-02-19 16:53:21,092 - INFO - 模型训练指标 - Loss: 0.3609, Accuracy: 0.9849
2025-02-19 16:53:21,111 - INFO - 上涨概率: 0.66, 下跌概率: 0.34
2025-02-19 16:53:21,221 - INFO - 当前价格: 2710.0, AI信号: 1
2025-02-19 16:53:21,395 - INFO - 当前持仓方向: 空, 持仓金额: 108.39100539
2025-02-19 16:53:21,395 - INFO - 平空仓...
2025-02-19 16:53:21,714 - INFO - 订单创建成功: {'info': {'orderId': '8389765841007082112', 'symbol': 'ETHUSDT', 'status': 'FILLED', 'clientOrderId': 'x-xcKtGhcu7c4a9402cd25acaf4ebbc2', 'price': '0.00', 'avgPrice': '2709.83000', 'origQty': '0.040', 'executedQty': '0.040', 'cumQty': '0.040', 'cumQuote': '108.39320', 'timeInForce': 'GTC', 'type': 'MARKET', 'reduceOnly': False, 'closePosition': False, 'side': 'BUY', 'positionSide': 'BOTH', 'stopPrice': '0.00', 'workingType': 'CONTRACT_PRICE', 'priceProtect': False, 'origType': 'MARKET', 'priceMatch': 'NONE', 'selfTradePreventionMode': 'EXPIRE_MAKER', 'goodTillDate': '0', 'updateTime': '1739955201783'}, 'id': '8389765841007082112', 'clientOrderId': 'x-xcKtGhcu7c4a9402cd25acaf4ebbc2', 'timestamp': 1739955201783, 'datetime': '2025-02-19T08:53:21.783Z', 'lastTradeTimestamp': 1739955201783, 'lastUpdateTimestamp': 1739955201783, 'symbol': 'ETH/USDT:USDT', 'type': 'market', 'timeInForce': 'GTC', 'postOnly': False, 'reduceOnly': False, 'side': 'buy', 'price': 2709.83, 'triggerPrice': None, 'amount': 0.04, 'cost': 108.3932, 'average': 2709.83, 'filled': 0.04, 'remaining': 0.0, 'status': 'closed', 'fee': {'currency': None, 'cost': None, 'rate': None}, 'trades': [], 'fees': [{'currency': None, 'cost': None, 'rate': None}], 'stopPrice': None, 'takeProfitPrice': None, 'stopLossPrice': None}
2025-02-19 16:53:21,715 - INFO - 平空仓成功: {'info': {'orderId': '8389765841007082112', 'symbol': 'ETHUSDT', 'status': 'FILLED', 'clientOrderId': 'x-xcKtGhcu7c4a9402cd25acaf4ebbc2', 'price': '0.00', 'avgPrice': '2709.83000', 'origQty': '0.040', 'executedQty': '0.040', 'cumQty': '0.040', 'cumQuote': '108.39320', 'timeInForce': 'GTC', 'type': 'MARKET', 'reduceOnly': False, 'closePosition': False, 'side': 'BUY', 'positionSide': 'BOTH', 'stopPrice': '0.00', 'workingType': 'CONTRACT_PRICE', 'priceProtect': False, 'origType': 'MARKET', 'priceMatch': 'NONE', 'selfTradePreventionMode': 'EXPIRE_MAKER', 'goodTillDate': '0', 'updateTime': '1739955201783'}, 'id': '8389765841007082112', 'clientOrderId': 'x-xcKtGhcu7c4a9402cd25acaf4ebbc2', 'timestamp': 1739955201783, 'datetime': '2025-02-19T08:53:21.783Z', 'lastTradeTimestamp': 1739955201783, 'lastUpdateTimestamp': 1739955201783, 'symbol': 'ETH/USDT:USDT', 'type': 'market', 'timeInForce': 'GTC', 'postOnly': False, 'reduceOnly': False, 'side': 'buy', 'price': 2709.83, 'triggerPrice': None, 'amount': 0.04, 'cost': 108.3932, 'average': 2709.83, 'filled': 0.04, 'remaining': 0.0, 'status': 'closed', 'fee': {'currency': None, 'cost': None, 'rate': None}, 'trades': [], 'fees': [{'currency': None, 'cost': None, 'rate': None}], 'stopPrice': None, 'takeProfitPrice': None, 'stopLossPrice': None}
2025-02-19 16:53:22,717 - INFO - 开多仓，数量: 0.04036501153505535
2025-02-19 16:53:23,036 - INFO - 订单创建成功: {'info': {'orderId': '8389765841007086814', 'symbol': 'ETHUSDT', 'status': 'FILLED', 'clientOrderId': 'x-xcKtGhcude9becc0a1cc347ca3d9bc', 'price': '0.00', 'avgPrice': '2710.00000', 'origQty': '0.040', 'executedQty': '0.040', 'cumQty': '0.040', 'cumQuote': '108.40000', 'timeInForce': 'GTC', 'type': 'MARKET', 'reduceOnly': False, 'closePosition': False, 'side': 'BUY', 'positionSide': 'BOTH', 'stopPrice': '0.00', 'workingType': 'CONTRACT_PRICE', 'priceProtect': False, 'origType': 'MARKET', 'priceMatch': 'NONE', 'selfTradePreventionMode': 'EXPIRE_MAKER', 'goodTillDate': '0', 'updateTime': '1739955203103'}, 'id': '8389765841007086814', 'clientOrderId': 'x-xcKtGhcude9becc0a1cc347ca3d9bc', 'timestamp': 1739955203103, 'datetime': '2025-02-19T08:53:23.103Z', 'lastTradeTimestamp': 1739955203103, 'lastUpdateTimestamp': 1739955203103, 'symbol': 'ETH/USDT:USDT', 'type': 'market', 'timeInForce': 'GTC', 'postOnly': False, 'reduceOnly': False, 'side': 'buy', 'price': 2710.0, 'triggerPrice': None, 'amount': 0.04, 'cost': 108.4, 'average': 2710.0, 'filled': 0.04, 'remaining': 0.0, 'status': 'closed', 'fee': {'currency': None, 'cost': None, 'rate': None}, 'trades': [], 'fees': [{'currency': None, 'cost': None, 'rate': None}], 'stopPrice': None, 'takeProfitPrice': None, 'stopLossPrice': None}
2025-02-19 16:53:23,037 - INFO - 开多仓成功: {'info': {'orderId': '8389765841007086814', 'symbol': 'ETHUSDT', 'status': 'FILLED', 'clientOrderId': 'x-xcKtGhcude9becc0a1cc347ca3d9bc', 'price': '0.00', 'avgPrice': '2710.00000', 'origQty': '0.040', 'executedQty': '0.040', 'cumQty': '0.040', 'cumQuote': '108.40000', 'timeInForce': 'GTC', 'type': 'MARKET', 'reduceOnly': False, 'closePosition': False, 'side': 'BUY', 'positionSide': 'BOTH', 'stopPrice': '0.00', 'workingType': 'CONTRACT_PRICE', 'priceProtect': False, 'origType': 'MARKET', 'priceMatch': 'NONE', 'selfTradePreventionMode': 'EXPIRE_MAKER', 'goodTillDate': '0', 'updateTime': '1739955203103'}, 'id': '8389765841007086814', 'clientOrderId': 'x-xcKtGhcude9becc0a1cc347ca3d9bc', 'timestamp': 1739955203103, 'datetime': '2025-02-19T08:53:23.103Z', 'lastTradeTimestamp': 1739955203103, 'lastUpdateTimestamp': 1739955203103, 'symbol': 'ETH/USDT:USDT', 'type': 'market', 'timeInForce': 'GTC', 'postOnly': False, 'reduceOnly': False, 'side': 'buy', 'price': 2710.0, 'triggerPrice': None, 'amount': 0.04, 'cost': 108.4, 'average': 2710.0, 'filled': 0.04, 'remaining': 0.0, 'status': 'closed', 'fee': {'currency': None, 'cost': None, 'rate': None}, 'trades': [], 'fees': [{'currency': None, 'cost': None, 'rate': None}], 'stopPrice': None, 'takeProfitPrice': None, 'stopLossPrice': None}
2025-02-19 16:53:23,209 - INFO - 当前持仓方向: 多, 持仓金额: 108.40854317
2025-02-19 16:54:23,634 - INFO - 模型训练指标 - Loss: 0.3560, Accuracy: 0.9899
2025-02-19 16:54:23,653 - INFO - 上涨概率: 0.58, 下跌概率: 0.42
2025-02-19 16:54:23,653 - INFO - 预测概率未达到阈值，观望信号
2025-02-19 16:54:23,749 - INFO - 当前价格: 2708.52, AI信号: 0
2025-02-19 16:54:23,903 - INFO - 当前持仓方向: 多, 持仓金额: 108.3592
2025-02-19 16:54:23,903 - INFO - 观望信号，保持当前仓位
2025-02-19 16:54:24,063 - INFO - 当前持仓方向: 多, 持仓金额: 108.3592
2025-02-19 16:55:24,508 - INFO - 模型训练指标 - Loss: 0.3536, Accuracy: 0.9899
2025-02-19 16:55:24,526 - INFO - 上涨概率: 0.57, 下跌概率: 0.43
2025-02-19 16:55:24,526 - INFO - 预测概率未达到阈值，观望信号
2025-02-19 16:55:24,630 - INFO - 当前价格: 2710.88, AI信号: 0
2025-02-19 16:55:24,792 - INFO - 当前持仓方向: 多, 持仓金额: 108.3992
2025-02-19 16:55:24,793 - INFO - 观望信号，保持当前仓位
2025-02-19 16:55:24,945 - INFO - 当前持仓方向: 多, 持仓金额: 108.3992
2025-02-19 16:56:25,399 - INFO - 模型训练指标 - Loss: 0.3609, Accuracy: 0.9849
2025-02-19 16:56:25,417 - INFO - 上涨概率: 0.52, 下跌概率: 0.48
2025-02-19 16:56:25,417 - INFO - 预测概率未达到阈值，观望信号
2025-02-19 16:56:25,528 - INFO - 当前价格: 2710.87, AI信号: 0
2025-02-19 16:56:25,684 - INFO - 当前持仓方向: 多, 持仓金额: 108.4368
2025-02-19 16:56:25,684 - INFO - 观望信号，保持当前仓位
2025-02-19 16:56:25,852 - INFO - 当前持仓方向: 多, 持仓金额: 108.4368
2025-02-19 16:57:26,312 - INFO - 模型训练指标 - Loss: 0.3565, Accuracy: 0.9899
2025-02-19 16:57:26,330 - INFO - 上涨概率: 0.55, 下跌概率: 0.45
2025-02-19 16:57:26,330 - INFO - 预测概率未达到阈值，观望信号
2025-02-19 16:57:26,438 - INFO - 当前价格: 2711.75, AI信号: 0
2025-02-19 16:57:26,596 - INFO - 当前持仓方向: 多, 持仓金额: 108.47313873
2025-02-19 16:57:26,597 - INFO - 观望信号，保持当前仓位
2025-02-19 16:57:26,750 - INFO - 当前持仓方向: 多, 持仓金额: 108.47313873
2025-02-19 16:58:27,198 - INFO - 模型训练指标 - Loss: 0.3514, Accuracy: 0.9849
2025-02-19 16:58:27,217 - INFO - 上涨概率: 0.51, 下跌概率: 0.49
2025-02-19 16:58:27,217 - INFO - 预测概率未达到阈值，观望信号
2025-02-19 16:58:27,320 - INFO - 当前价格: 2708.41, AI信号: 0
2025-02-19 16:58:27,483 - INFO - 当前持仓方向: 多, 持仓金额: 108.35024222
2025-02-19 16:58:27,483 - INFO - 观望信号，保持当前仓位
2025-02-19 16:58:27,639 - INFO - 当前持仓方向: 多, 持仓金额: 108.35024222
2025-02-19 16:59:28,143 - INFO - 模型训练指标 - Loss: 0.3512, Accuracy: 0.9849
2025-02-19 16:59:28,162 - INFO - 上涨概率: 0.43, 下跌概率: 0.57
2025-02-19 16:59:28,162 - INFO - 预测概率未达到阈值，观望信号
2025-02-19 16:59:28,276 - INFO - 当前价格: 2706.93, AI信号: 0
2025-02-19 16:59:28,421 - INFO - 当前持仓方向: 多, 持仓金额: 108.28
2025-02-19 16:59:28,421 - INFO - 观望信号，保持当前仓位
2025-02-19 16:59:28,572 - INFO - 当前持仓方向: 多, 持仓金额: 108.28
2025-02-19 17:00:29,022 - INFO - 模型训练指标 - Loss: 0.3520, Accuracy: 0.9849
2025-02-19 17:00:29,041 - INFO - 上涨概率: 0.25, 下跌概率: 0.75
2025-02-19 17:00:29,148 - INFO - 当前价格: 2704.2, AI信号: -1
2025-02-19 17:00:29,314 - INFO - 当前持仓方向: 多, 持仓金额: 108.2204
2025-02-19 17:00:29,315 - INFO - 平多仓...
2025-02-19 17:00:29,628 - INFO - 订单创建成功: {'info': {'orderId': '8389765841009833947', 'symbol': 'ETHUSDT', 'status': 'FILLED', 'clientOrderId': 'x-xcKtGhcu2e3ff2e892baa59452270d', 'price': '0.00', 'avgPrice': '2705.51000', 'origQty': '0.040', 'executedQty': '0.040', 'cumQty': '0.040', 'cumQuote': '108.22040', 'timeInForce': 'GTC', 'type': 'MARKET', 'reduceOnly': False, 'closePosition': False, 'side': 'SELL', 'positionSide': 'BOTH', 'stopPrice': '0.00', 'workingType': 'CONTRACT_PRICE', 'priceProtect': False, 'origType': 'MARKET', 'priceMatch': 'NONE', 'selfTradePreventionMode': 'EXPIRE_MAKER', 'goodTillDate': '0', 'updateTime': '1739955629699'}, 'id': '8389765841009833947', 'clientOrderId': 'x-xcKtGhcu2e3ff2e892baa59452270d', 'timestamp': 1739955629699, 'datetime': '2025-02-19T09:00:29.699Z', 'lastTradeTimestamp': 1739955629699, 'lastUpdateTimestamp': 1739955629699, 'symbol': 'ETH/USDT:USDT', 'type': 'market', 'timeInForce': 'GTC', 'postOnly': False, 'reduceOnly': False, 'side': 'sell', 'price': 2705.51, 'triggerPrice': None, 'amount': 0.04, 'cost': 108.2204, 'average': 2705.51, 'filled': 0.04, 'remaining': 0.0, 'status': 'closed', 'fee': {'currency': None, 'cost': None, 'rate': None}, 'trades': [], 'fees': [{'currency': None, 'cost': None, 'rate': None}], 'stopPrice': None, 'takeProfitPrice': None, 'stopLossPrice': None}
2025-02-19 17:00:29,629 - INFO - 平多仓成功: {'info': {'orderId': '8389765841009833947', 'symbol': 'ETHUSDT', 'status': 'FILLED', 'clientOrderId': 'x-xcKtGhcu2e3ff2e892baa59452270d', 'price': '0.00', 'avgPrice': '2705.51000', 'origQty': '0.040', 'executedQty': '0.040', 'cumQty': '0.040', 'cumQuote': '108.22040', 'timeInForce': 'GTC', 'type': 'MARKET', 'reduceOnly': False, 'closePosition': False, 'side': 'SELL', 'positionSide': 'BOTH', 'stopPrice': '0.00', 'workingType': 'CONTRACT_PRICE', 'priceProtect': False, 'origType': 'MARKET', 'priceMatch': 'NONE', 'selfTradePreventionMode': 'EXPIRE_MAKER', 'goodTillDate': '0', 'updateTime': '1739955629699'}, 'id': '8389765841009833947', 'clientOrderId': 'x-xcKtGhcu2e3ff2e892baa59452270d', 'timestamp': 1739955629699, 'datetime': '2025-02-19T09:00:29.699Z', 'lastTradeTimestamp': 1739955629699, 'lastUpdateTimestamp': 1739955629699, 'symbol': 'ETH/USDT:USDT', 'type': 'market', 'timeInForce': 'GTC', 'postOnly': False, 'reduceOnly': False, 'side': 'sell', 'price': 2705.51, 'triggerPrice': None, 'amount': 0.04, 'cost': 108.2204, 'average': 2705.51, 'filled': 0.04, 'remaining': 0.0, 'status': 'closed', 'fee': {'currency': None, 'cost': None, 'rate': None}, 'trades': [], 'fees': [{'currency': None, 'cost': None, 'rate': None}], 'stopPrice': None, 'takeProfitPrice': None, 'stopLossPrice': None}
2025-02-19 17:00:30,631 - INFO - 开空仓，数量: 0.04045158688706457
2025-02-19 17:00:30,962 - INFO - 订单创建成功: {'info': {'orderId': '8389765841009834915', 'symbol': 'ETHUSDT', 'status': 'FILLED', 'clientOrderId': 'x-xcKtGhcu596e006403dbb24ab4f6be', 'price': '0.00', 'avgPrice': '2705.51000', 'origQty': '0.040', 'executedQty': '0.040', 'cumQty': '0.040', 'cumQuote': '108.22040', 'timeInForce': 'GTC', 'type': 'MARKET', 'reduceOnly': False, 'closePosition': False, 'side': 'SELL', 'positionSide': 'BOTH', 'stopPrice': '0.00', 'workingType': 'CONTRACT_PRICE', 'priceProtect': False, 'origType': 'MARKET', 'priceMatch': 'NONE', 'selfTradePreventionMode': 'EXPIRE_MAKER', 'goodTillDate': '0', 'updateTime': '1739955631023'}, 'id': '8389765841009834915', 'clientOrderId': 'x-xcKtGhcu596e006403dbb24ab4f6be', 'timestamp': 1739955631023, 'datetime': '2025-02-19T09:00:31.023Z', 'lastTradeTimestamp': 1739955631023, 'lastUpdateTimestamp': 1739955631023, 'symbol': 'ETH/USDT:USDT', 'type': 'market', 'timeInForce': 'GTC', 'postOnly': False, 'reduceOnly': False, 'side': 'sell', 'price': 2705.51, 'triggerPrice': None, 'amount': 0.04, 'cost': 108.2204, 'average': 2705.51, 'filled': 0.04, 'remaining': 0.0, 'status': 'closed', 'fee': {'currency': None, 'cost': None, 'rate': None}, 'trades': [], 'fees': [{'currency': None, 'cost': None, 'rate': None}], 'stopPrice': None, 'takeProfitPrice': None, 'stopLossPrice': None}
2025-02-19 17:00:30,962 - INFO - 开空仓成功: {'info': {'orderId': '8389765841009834915', 'symbol': 'ETHUSDT', 'status': 'FILLED', 'clientOrderId': 'x-xcKtGhcu596e006403dbb24ab4f6be', 'price': '0.00', 'avgPrice': '2705.51000', 'origQty': '0.040', 'executedQty': '0.040', 'cumQty': '0.040', 'cumQuote': '108.22040', 'timeInForce': 'GTC', 'type': 'MARKET', 'reduceOnly': False, 'closePosition': False, 'side': 'SELL', 'positionSide': 'BOTH', 'stopPrice': '0.00', 'workingType': 'CONTRACT_PRICE', 'priceProtect': False, 'origType': 'MARKET', 'priceMatch': 'NONE', 'selfTradePreventionMode': 'EXPIRE_MAKER', 'goodTillDate': '0', 'updateTime': '1739955631023'}, 'id': '8389765841009834915', 'clientOrderId': 'x-xcKtGhcu596e006403dbb24ab4f6be', 'timestamp': 1739955631023, 'datetime': '2025-02-19T09:00:31.023Z', 'lastTradeTimestamp': 1739955631023, 'lastUpdateTimestamp': 1739955631023, 'symbol': 'ETH/USDT:USDT', 'type': 'market', 'timeInForce': 'GTC', 'postOnly': False, 'reduceOnly': False, 'side': 'sell', 'price': 2705.51, 'triggerPrice': None, 'amount': 0.04, 'cost': 108.2204, 'average': 2705.51, 'filled': 0.04, 'remaining': 0.0, 'status': 'closed', 'fee': {'currency': None, 'cost': None, 'rate': None}, 'trades': [], 'fees': [{'currency': None, 'cost': None, 'rate': None}], 'stopPrice': None, 'takeProfitPrice': None, 'stopLossPrice': None}
2025-02-19 17:00:31,205 - INFO - 当前持仓方向: 空, 持仓金额: 108.2204
2025-02-19 17:01:31,673 - INFO - 模型训练指标 - Loss: 0.3490, Accuracy: 0.9849
2025-02-19 17:01:31,692 - INFO - 上涨概率: 0.49, 下跌概率: 0.51
2025-02-19 17:01:31,692 - INFO - 预测概率未达到阈值，观望信号
2025-02-19 17:01:31,797 - INFO - 当前价格: 2708.43, AI信号: 0
2025-02-19 17:01:31,967 - INFO - 当前持仓方向: 空, 持仓金额: 108.3372
2025-02-19 17:01:31,967 - INFO - 观望信号，保持当前仓位
2025-02-19 17:01:32,150 - INFO - 当前持仓方向: 空, 持仓金额: 108.3404
2025-02-19 17:02:32,618 - INFO - 模型训练指标 - Loss: 0.3506, Accuracy: 0.9799
2025-02-19 17:02:32,636 - INFO - 上涨概率: 0.43, 下跌概率: 0.57
2025-02-19 17:02:32,636 - INFO - 预测概率未达到阈值，观望信号
2025-02-19 17:02:32,735 - INFO - 当前价格: 2710.6, AI信号: 0
2025-02-19 17:02:32,899 - INFO - 当前持仓方向: 空, 持仓金额: 108.4332
2025-02-19 17:02:32,899 - INFO - 观望信号，保持当前仓位
2025-02-19 17:02:33,084 - INFO - 当前持仓方向: 空, 持仓金额: 108.4332
2025-02-19 17:03:33,527 - INFO - 模型训练指标 - Loss: 0.3566, Accuracy: 0.9849
2025-02-19 17:03:33,545 - INFO - 上涨概率: 0.44, 下跌概率: 0.56
2025-02-19 17:03:33,545 - INFO - 预测概率未达到阈值，观望信号
2025-02-19 17:03:33,654 - INFO - 当前价格: 2711.45, AI信号: 0
2025-02-19 17:03:33,806 - INFO - 当前持仓方向: 空, 持仓金额: 108.4716
2025-02-19 17:03:33,806 - INFO - 观望信号，保持当前仓位
2025-02-19 17:03:33,969 - INFO - 当前持仓方向: 空, 持仓金额: 108.4716
2025-02-19 17:04:34,446 - INFO - 模型训练指标 - Loss: 0.3546, Accuracy: 0.9749
2025-02-19 17:04:34,463 - INFO - 上涨概率: 0.55, 下跌概率: 0.45
2025-02-19 17:04:34,464 - INFO - 预测概率未达到阈值，观望信号
2025-02-19 17:04:34,566 - INFO - 当前价格: 2711.35, AI信号: 0
2025-02-19 17:04:34,815 - INFO - 当前持仓方向: 空, 持仓金额: 108.43275396
2025-02-19 17:04:34,815 - INFO - 观望信号，保持当前仓位
2025-02-19 17:04:35,003 - INFO - 当前持仓方向: 空, 持仓金额: 108.43275396
2025-02-19 17:05:35,470 - INFO - 模型训练指标 - Loss: 0.3517, Accuracy: 0.9899
2025-02-19 17:05:35,489 - INFO - 上涨概率: 0.45, 下跌概率: 0.55
2025-02-19 17:05:35,489 - INFO - 预测概率未达到阈值，观望信号
2025-02-19 17:05:35,595 - INFO - 当前价格: 2709.45, AI信号: 0
2025-02-19 17:05:35,744 - INFO - 当前持仓方向: 空, 持仓金额: 108.3813946
2025-02-19 17:05:35,744 - INFO - 观望信号，保持当前仓位
2025-02-19 17:05:35,994 - INFO - 当前持仓方向: 空, 持仓金额: 108.3813946
2025-02-19 17:06:36,462 - INFO - 模型训练指标 - Loss: 0.3537, Accuracy: 0.9799
2025-02-19 17:06:36,480 - INFO - 上涨概率: 0.51, 下跌概率: 0.49
2025-02-19 17:06:36,480 - INFO - 预测概率未达到阈值，观望信号
2025-02-19 17:06:36,585 - INFO - 当前价格: 2709.67, AI信号: 0
2025-02-19 17:06:36,758 - INFO - 当前持仓方向: 空, 持仓金额: 108.3744
2025-02-19 17:06:36,758 - INFO - 观望信号，保持当前仓位
2025-02-19 17:06:36,929 - INFO - 当前持仓方向: 空, 持仓金额: 108.3744
