
2025-02-22 20:42:00 - INFO - [VINE] 当前已经是单向持仓模式
2025-02-22 20:42:00 - INFO - [VINE] 设置杠杆倍数 5倍 成功
2025-02-22 20:42:01 - INFO - [VINE] 当前已经是CROSSED保证金模式
2025-02-22 20:42:01 - INFO - [VINE] 交易器初始化成功 for VINEUSDT
2025-02-22 20:42:01 - INFO - [VINE] 获取历史K线数据进行初始训练...
2025-02-22 20:42:01 - INFO - [VINE] 成功获取500根1mK线数据
2025-02-22 20:42:01 - INFO - [VINE] 成功获取500根1mK线数据
2025-02-22 20:42:01 - INFO - [VINE] Top 5 重要特征:
2025-02-22 20:42:01 - INFO - [VINE] BB_position_20: 0.4675
2025-02-22 20:42:01 - INFO - [VINE] BB_position_10: 0.1257
2025-02-22 20:42:01 - INFO - [VINE] price_change_2m: 0.0521
2025-02-22 20:42:01 - INFO - [VINE] BB_width_10: 0.0463
2025-02-22 20:42:01 - INFO - [VINE] momentum_2m: 0.0423
2025-02-22 20:42:01 - INFO - [VINE] 初始模型训练完成
2025-02-22 20:42:01 - INFO - [VINE] 初始化 VINEUSDT 交易器和策略成功
2025-02-22 20:42:01 - INFO - [VINE] 交易线程启动成功
2025-02-22 20:42:01 - INFO - [root] 启动线程监控
2025-02-22 20:42:01 - INFO - [root] 交易系统启动成功，正在交易的币对: VINEUSDT
2025-02-22 20:42:01 - INFO - [VINE] USDT余额: 可用=71.82554105, 总额=71.84013955
2025-02-22 20:42:01 - INFO - [VINE] 当前账户余额: 可用=71.82554105 USDT, 总额=71.84013955 USDT
2025-02-22 20:42:02 - INFO - [VINE] 成功获取1000根1mK线数据
2025-02-22 20:42:02 - INFO - [VINE] 预测概率: 卖出=0.0537, 观望=0.7266, 买入=0.2197
2025-02-22 20:42:04 - INFO - [VINE] 当前价格: 0.04699, AI信号: 0
2025-02-22 20:43:04 - INFO - [VINE] USDT余额: 可用=71.82554096, 总额=71.84013955
2025-02-22 20:43:04 - INFO - [VINE] 当前账户余额: 可用=71.82554096 USDT, 总额=71.84013955 USDT
2025-02-22 20:43:04 - INFO - [VINE] 成功获取1000根1mK线数据
2025-02-22 20:43:04 - INFO - [VINE] 预测概率: 卖出=0.0556, 观望=0.0813, 买入=0.8631
2025-02-22 20:43:05 - INFO - [VINE] 当前价格: 0.04693, AI信号: 1
2025-02-22 20:43:05 - INFO - [VINE] 订单创建成功: {'info': {'orderId': '726215502', 'symbol': 'VINEUSDT', 'status': 'FILLED', 'clientOrderId': 'x-xcKtGhcua9d0dddd51b3f45a33f723', 'price': '0.0000000', 'avgPrice': '0.0470200', 'origQty': '765', 'executedQty': '765', 'cumQty': '765', 'cumQuote': '35.9703000', 'timeInForce': 'GTC', 'type': 'MARKET', 'reduceOnly': False, 'closePosition': False, 'side': 'BUY', 'positionSide': 'BOTH', 'stopPrice': '0.0000000', 'workingType': 'CONTRACT_PRICE', 'priceProtect': False, 'origType': 'MARKET', 'priceMatch': 'NONE', 'selfTradePreventionMode': 'EXPIRE_MAKER', 'goodTillDate': '0', 'updateTime': '1740228185838'}, 'id': '726215502', 'clientOrderId': 'x-xcKtGhcua9d0dddd51b3f45a33f723', 'timestamp': 1740228185838, 'datetime': '2025-02-22T12:43:05.838Z', 'lastTradeTimestamp': 1740228185838, 'lastUpdateTimestamp': 1740228185838, 'symbol': 'VINE/USDT:USDT', 'type': 'market', 'timeInForce': 'GTC', 'postOnly': False, 'reduceOnly': False, 'side': 'buy', 'price': 0.04702, 'triggerPrice': None, 'amount': 765.0, 'cost': 35.9703, 'average': 0.04702, 'filled': 765.0, 'remaining': 0.0, 'status': 'closed', 'fee': {'currency': None, 'cost': None, 'rate': None}, 'trades': [], 'fees': [{'currency': None, 'cost': None, 'rate': None}], 'stopPrice': None, 'takeProfitPrice': None, 'stopLossPrice': None}
2025-02-22 20:44:06 - INFO - [VINE] USDT余额: 可用=64.55253531, 总额=71.78279515
2025-02-22 20:44:06 - INFO - [VINE] 当前账户余额: 可用=64.55253531 USDT, 总额=71.78279515 USDT
2025-02-22 20:44:06 - INFO - [VINE] 成功获取1000根1mK线数据
2025-02-22 20:44:06 - INFO - [VINE] 预测概率: 卖出=0.0574, 观望=0.0724, 买入=0.8703
2025-02-22 20:44:06 - INFO - [VINE] 当前持仓方向: 多，持仓金额: 35.91681885，当前持仓量: 765.0
2025-02-22 20:44:06 - INFO - [VINE] 当前价格: 0.04695, AI信号: 1, 持仓数量: 765.0, 开仓均价: 0.04702, 未实现盈亏: -0.05 USDT (-0.15%)
2025-02-22 20:45:06 - INFO - [VINE] USDT余额: 可用=64.36780166, 总额=71.635678
2025-02-22 20:45:06 - INFO - [VINE] 当前账户余额: 可用=64.36780166 USDT, 总额=71.63567800 USDT
2025-02-22 20:45:07 - INFO - [VINE] 成功获取1000根1mK线数据
2025-02-22 20:45:07 - INFO - [VINE] 预测概率: 卖出=0.2889, 观望=0.0667, 买入=0.6443
2025-02-22 20:45:07 - INFO - [VINE] 当前持仓方向: 多，持仓金额: 35.74498455，当前持仓量: 765.0
2025-02-22 20:45:07 - INFO - [VINE] 当前价格: 0.04694, AI信号: 1, 持仓数量: 765.0, 开仓均价: 0.04702, 未实现盈亏: -0.06 USDT (-0.17%)
2025-02-22 20:46:08 - INFO - [VINE] USDT余额: 可用=64.23109449, 总额=71.3631544
2025-02-22 20:46:08 - INFO - [VINE] 当前账户余额: 可用=64.23109449 USDT, 总额=71.36315440 USDT
2025-02-22 20:46:08 - INFO - [VINE] 成功获取1000根1mK线数据
2025-02-22 20:46:08 - INFO - [VINE] 预测概率: 卖出=0.3265, 观望=0.1118, 买入=0.5617
2025-02-22 20:46:09 - INFO - [VINE] 当前持仓方向: 多，持仓金额: 35.5064193，当前持仓量: 765.0
2025-02-22 20:46:09 - INFO - [VINE] 当前价格: 0.04645, AI信号: 1, 持仓数量: 765.0, 开仓均价: 0.04702, 未实现盈亏: -0.44 USDT (-1.21%)
2025-02-22 20:47:09 - INFO - [VINE] USDT余额: 可用=64.30933502, 总额=71.46909925
2025-02-22 20:47:09 - INFO - [VINE] 当前账户余额: 可用=64.30933502 USDT, 总额=71.46909925 USDT
2025-02-22 20:47:09 - INFO - [VINE] 成功获取1000根1mK线数据
2025-02-22 20:47:10 - INFO - [VINE] 预测概率: 卖出=0.2868, 观望=0.0970, 买入=0.6162
2025-02-22 20:47:10 - INFO - [VINE] 当前持仓方向: 多，持仓金额: 35.61724485，当前持仓量: 765.0
2025-02-22 20:47:10 - INFO - [VINE] 当前价格: 0.04655, AI信号: 1, 持仓数量: 765.0, 开仓均价: 0.04702, 未实现盈亏: -0.36 USDT (-1.00%)
2025-02-22 20:48:10 - INFO - [VINE] USDT余额: 可用=64.35599749, 总额=71.61821305
2025-02-22 20:48:10 - INFO - [VINE] 当前账户余额: 可用=64.35599749 USDT, 总额=71.61821305 USDT
2025-02-22 20:48:11 - INFO - [VINE] 成功获取1000根1mK线数据
2025-02-22 20:48:11 - INFO - [VINE] 预测概率: 卖出=0.1480, 观望=0.0834, 买入=0.7686
2025-02-22 20:48:11 - INFO - [VINE] 当前持仓方向: 多，持仓金额: 35.76635865，当前持仓量: 765.0
2025-02-22 20:48:11 - INFO - [VINE] 当前价格: 0.04674, AI信号: 1, 持仓数量: 765.0, 开仓均价: 0.04702, 未实现盈亏: -0.21 USDT (-0.60%)
2025-02-22 20:48:41 - INFO - [root] 接收到退出信号，正在关闭所有交易...
2025-02-22 20:48:41 - INFO - [VINE] 关闭 VINEUSDT 所有持仓
2025-02-22 20:48:43 - INFO - [root] ==================================================
2025-02-22 20:48:43 - INFO - [root] 日志系统初始化完成 - 2025-02-22 20:48:43
2025-02-22 20:48:43 - INFO - [root] ==================================================
2025-02-22 20:48:45 - INFO - [VINE] 没有未成交的订单
2025-02-22 20:48:46 - INFO - [VINE] 当前已经是单向持仓模式
2025-02-22 20:48:46 - INFO - [VINE] 设置杠杆倍数 5倍 成功
2025-02-22 20:48:46 - INFO - [VINE] 当前已经是CROSSED保证金模式
2025-02-22 20:48:46 - INFO - [VINE] 交易器初始化成功 for VINEUSDT
2025-02-22 20:48:46 - INFO - [VINE] 获取历史K线数据进行初始训练...
2025-02-22 20:48:47 - INFO - [VINE] 成功获取500根1mK线数据
2025-02-22 20:48:47 - INFO - [VINE] 成功获取500根1mK线数据
2025-02-22 20:48:47 - INFO - [VINE] Top 5 重要特征:
2025-02-22 20:48:47 - INFO - [VINE] BB_position_20: 0.4551
2025-02-22 20:48:47 - INFO - [VINE] BB_position_10: 0.1358
2025-02-22 20:48:47 - INFO - [VINE] price_change_2m: 0.0565
2025-02-22 20:48:47 - INFO - [VINE] BB_position_5: 0.0435
2025-02-22 20:48:47 - INFO - [VINE] momentum_2m: 0.0394
2025-02-22 20:48:47 - INFO - [VINE] 初始模型训练完成
2025-02-22 20:48:47 - INFO - [VINE] 初始化 VINEUSDT 交易器和策略成功
2025-02-22 20:48:47 - INFO - [VINE] 交易线程启动成功
2025-02-22 20:48:47 - INFO - [root] 启动线程监控
2025-02-22 20:48:47 - INFO - [root] 交易系统启动成功，正在交易的币对: VINEUSDT
2025-02-22 20:48:47 - INFO - [VINE] USDT余额: 可用=64.37817079, 总额=71.5279201
2025-02-22 20:48:47 - INFO - [VINE] 当前账户余额: 可用=64.37817079 USDT, 总额=71.52792010 USDT
2025-02-22 20:48:48 - INFO - [VINE] 成功获取1000根1mK线数据
2025-02-22 20:48:48 - INFO - [VINE] 预测概率: 卖出=0.2256, 观望=0.0684, 买入=0.7060
2025-02-22 20:48:48 - INFO - [VINE] 当前持仓方向: 多，持仓金额: 35.6760657，当前持仓量: 765.0
2025-02-22 20:48:48 - INFO - [VINE] 当前价格: 0.0466, AI信号: 1, 持仓数量: 765.0, 开仓均价: 0.04702, 未实现盈亏: -0.32 USDT (-0.89%)
2025-02-22 20:49:48 - INFO - [VINE] USDT余额: 可用=64.3736551, 总额=71.5222744
2025-02-22 20:49:48 - INFO - [VINE] 当前账户余额: 可用=64.37365510 USDT, 总额=71.52227440 USDT
2025-02-22 20:49:49 - INFO - [VINE] 成功获取1000根1mK线数据
2025-02-22 20:49:49 - INFO - [VINE] 预测概率: 卖出=0.1489, 观望=0.1361, 买入=0.7149
2025-02-22 20:49:49 - INFO - [VINE] 当前持仓方向: 多，持仓金额: 35.7098481，当前持仓量: 765.0
2025-02-22 20:49:49 - INFO - [VINE] 当前价格: 0.04667, AI信号: 1, 持仓数量: 765.0, 开仓均价: 0.04702, 未实现盈亏: -0.27 USDT (-0.74%)
2025-02-22 20:50:49 - INFO - [VINE] USDT余额: 可用=64.6421607, 总额=71.8700587
2025-02-22 20:50:49 - INFO - [VINE] 当前账户余额: 可用=64.64216070 USDT, 总额=71.87005870 USDT
2025-02-22 20:50:50 - INFO - [VINE] 成功获取1000根1mK线数据
2025-02-22 20:50:50 - INFO - [VINE] 预测概率: 卖出=0.0682, 观望=0.7210, 买入=0.2107
2025-02-22 20:50:50 - INFO - [VINE] 当前持仓方向: 多，持仓金额: 36.0084888，当前持仓量: 765.0
2025-02-22 20:50:50 - INFO - [VINE] 当前价格: 0.04706, AI信号: 0, 持仓数量: 765.0, 开仓均价: 0.04702, 未实现盈亏: 0.03 USDT (0.09%)
2025-02-22 20:51:19 - INFO - [root] 接收到退出信号，正在关闭所有交易...
2025-02-22 20:51:19 - INFO - [VINE] 关闭 VINEUSDT 所有持仓
2025-02-22 20:51:30 - INFO - [root] ==================================================
2025-02-22 20:51:30 - INFO - [root] 日志系统初始化完成 - 2025-02-22 20:51:30
2025-02-22 20:51:30 - INFO - [root] ==================================================
2025-02-22 20:51:32 - INFO - [VINE] 没有未成交的订单
2025-02-22 20:51:32 - INFO - [VINE] 当前已经是单向持仓模式
2025-02-22 20:51:32 - INFO - [VINE] 设置杠杆倍数 5倍 成功
2025-02-22 20:51:32 - INFO - [VINE] 当前已经是CROSSED保证金模式
2025-02-22 20:51:32 - INFO - [VINE] 交易器初始化成功 for VINEUSDT
2025-02-22 20:51:32 - INFO - [VINE] 获取历史K线数据进行初始训练...
2025-02-22 20:51:33 - INFO - [VINE] 成功获取500根1mK线数据
2025-02-22 20:51:33 - INFO - [VINE] 成功获取500根1mK线数据
2025-02-22 20:51:33 - INFO - [VINE] 模型评估指标:
2025-02-22 20:51:33 - INFO - [VINE] 训练集准确率: 0.9114
2025-02-22 20:51:33 - INFO - [VINE] 加权精确率: 0.9173
2025-02-22 20:51:33 - INFO - [VINE] 加权召回率: 0.9114
2025-02-22 20:51:33 - INFO - [VINE] 加权F1分数: 0.9108
2025-02-22 20:51:33 - INFO - [VINE] 混淆矩阵:
2025-02-22 20:51:33 - INFO - [VINE] 卖出 观望 买入
2025-02-22 20:51:33 - INFO - [VINE] [116   2   1] # 实际卖出
2025-02-22 20:51:33 - INFO - [VINE] [ 20 139  11] # 实际观望
2025-02-22 20:51:33 - INFO - [VINE] [  4   4 177] # 实际买入
2025-02-22 20:51:33 - INFO - [VINE] Top 5 重要特征:
2025-02-22 20:51:33 - INFO - [VINE] BB_position_20: 0.4416
2025-02-22 20:51:33 - INFO - [VINE] BB_position_10: 0.1319
2025-02-22 20:51:33 - INFO - [VINE] price_change_2m: 0.0606
2025-02-22 20:51:33 - INFO - [VINE] BB_width_10: 0.0455
2025-02-22 20:51:33 - INFO - [VINE] BB_position_5: 0.0364
2025-02-22 20:51:33 - INFO - [VINE] 初始模型训练完成
2025-02-22 20:51:33 - INFO - [VINE] 初始化 VINEUSDT 交易器和策略成功
2025-02-22 20:51:33 - INFO - [VINE] 交易线程启动成功
2025-02-22 20:51:33 - INFO - [root] 启动线程监控
2025-02-22 20:51:33 - INFO - [root] 交易系统启动成功，正在交易的币对: VINEUSDT
2025-02-22 20:51:33 - INFO - [VINE] USDT余额: 可用=64.47483758, 总额=71.75061925
2025-02-22 20:51:33 - INFO - [VINE] 当前账户余额: 可用=64.47483758 USDT, 总额=71.75061925 USDT
2025-02-22 20:51:34 - INFO - [VINE] 成功获取1000根1mK线数据
2025-02-22 20:51:34 - INFO - [VINE] 预测概率: 卖出=0.1154, 观望=0.0569, 买入=0.8277
2025-02-22 20:51:35 - INFO - [VINE] 当前持仓方向: 多，持仓金额: 35.87875245，当前持仓量: 765.0
2025-02-22 20:51:35 - INFO - [VINE] 当前价格: 0.04691, AI信号: 1, 持仓数量: 765.0, 开仓均价: 0.04702, 未实现盈亏: -0.08 USDT (-0.23%)
2025-02-22 20:52:35 - INFO - [VINE] USDT余额: 可用=64.49648396, 总额=71.67584815
2025-02-22 20:52:35 - INFO - [VINE] 当前账户余额: 可用=64.49648396 USDT, 总额=71.67584815 USDT
2025-02-22 20:52:35 - INFO - [VINE] 成功获取1000根1mK线数据
2025-02-22 20:52:35 - INFO - [VINE] 预测概率: 卖出=0.1591, 观望=0.0595, 买入=0.7813
2025-02-22 20:52:36 - INFO - [VINE] 当前持仓方向: 多，持仓金额: 35.82399375，当前持仓量: 765.0
2025-02-22 20:52:36 - INFO - [VINE] 当前价格: 0.04683, AI信号: 1, 持仓数量: 765.0, 开仓均价: 0.04702, 未实现盈亏: -0.15 USDT (-0.40%)
2025-02-22 20:53:36 - INFO - [VINE] USDT余额: 可用=64.36680377, 总额=71.5641811
2025-02-22 20:53:36 - INFO - [VINE] 当前账户余额: 可用=64.36680377 USDT, 总额=71.56418110 USDT
2025-02-22 20:53:36 - INFO - [VINE] 成功获取1000根1mK线数据
2025-02-22 20:53:36 - INFO - [VINE] 预测概率: 卖出=0.7717, 观望=0.0813, 买入=0.1469
2025-02-22 20:53:37 - INFO - [VINE] 当前持仓方向: 多，持仓金额: 35.7123267，当前持仓量: 765.0
2025-02-22 20:53:37 - INFO - [VINE] 当前价格: 0.0467, AI信号: -1, 持仓数量: 765.0, 开仓均价: 0.04702, 未实现盈亏: -0.24 USDT (-0.68%)
2025-02-22 20:53:37 - INFO - [VINE] 当前持仓方向: 多，持仓金额: 35.692911，当前持仓量: 765.0
2025-02-22 20:53:37 - INFO - [VINE] 订单创建成功: {'info': {'orderId': '726400539', 'symbol': 'VINEUSDT', 'status': 'FILLED', 'clientOrderId': 'x-xcKtGhcu58db07192c4c7b204424c1', 'price': '0.0000000', 'avgPrice': '0.0466300', 'origQty': '765', 'executedQty': '765', 'cumQty': '765', 'cumQuote': '35.6719500', 'timeInForce': 'GTC', 'type': 'MARKET', 'reduceOnly': False, 'closePosition': False, 'side': 'SELL', 'positionSide': 'BOTH', 'stopPrice': '0.0000000', 'workingType': 'CONTRACT_PRICE', 'priceProtect': False, 'origType': 'MARKET', 'priceMatch': 'NONE', 'selfTradePreventionMode': 'EXPIRE_MAKER', 'goodTillDate': '0', 'updateTime': '1740228817694'}, 'id': '726400539', 'clientOrderId': 'x-xcKtGhcu58db07192c4c7b204424c1', 'timestamp': 1740228817694, 'datetime': '2025-02-22T12:53:37.694Z', 'lastTradeTimestamp': 1740228817694, 'lastUpdateTimestamp': 1740228817694, 'symbol': 'VINE/USDT:USDT', 'type': 'market', 'timeInForce': 'GTC', 'postOnly': False, 'reduceOnly': False, 'side': 'sell', 'price': 0.04663, 'triggerPrice': None, 'amount': 765.0, 'cost': 35.67195, 'average': 0.04663, 'filled': 765.0, 'remaining': 0.0, 'status': 'closed', 'fee': {'currency': None, 'cost': None, 'rate': None}, 'trades': [], 'fees': [{'currency': None, 'cost': None, 'rate': None}], 'stopPrice': None, 'takeProfitPrice': None, 'stopLossPrice': None}
2025-02-22 20:53:37 - INFO - [VINE] 平仓成功: {'info': {'orderId': '726400539', 'symbol': 'VINEUSDT', 'status': 'FILLED', 'clientOrderId': 'x-xcKtGhcu58db07192c4c7b204424c1', 'price': '0.0000000', 'avgPrice': '0.0466300', 'origQty': '765', 'executedQty': '765', 'cumQty': '765', 'cumQuote': '35.6719500', 'timeInForce': 'GTC', 'type': 'MARKET', 'reduceOnly': False, 'closePosition': False, 'side': 'SELL', 'positionSide': 'BOTH', 'stopPrice': '0.0000000', 'workingType': 'CONTRACT_PRICE', 'priceProtect': False, 'origType': 'MARKET', 'priceMatch': 'NONE', 'selfTradePreventionMode': 'EXPIRE_MAKER', 'goodTillDate': '0', 'updateTime': '1740228817694'}, 'id': '726400539', 'clientOrderId': 'x-xcKtGhcu58db07192c4c7b204424c1', 'timestamp': 1740228817694, 'datetime': '2025-02-22T12:53:37.694Z', 'lastTradeTimestamp': 1740228817694, 'lastUpdateTimestamp': 1740228817694, 'symbol': 'VINE/USDT:USDT', 'type': 'market', 'timeInForce': 'GTC', 'postOnly': False, 'reduceOnly': False, 'side': 'sell', 'price': 0.04663, 'triggerPrice': None, 'amount': 765.0, 'cost': 35.67195, 'average': 0.04663, 'filled': 765.0, 'remaining': 0.0, 'status': 'closed', 'fee': {'currency': None, 'cost': None, 'rate': None}, 'trades': [], 'fees': [{'currency': None, 'cost': None, 'rate': None}], 'stopPrice': None, 'takeProfitPrice': None, 'stopLossPrice': None}
2025-02-22 20:53:38 - INFO - [VINE] 订单创建成功: {'info': {'orderId': '726400998', 'symbol': 'VINEUSDT', 'status': 'FILLED', 'clientOrderId': 'x-xcKtGhcu8e7c77c5d7b6f5a5061bb9', 'price': '0.0000000', 'avgPrice': '0.0465900', 'origQty': '689', 'executedQty': '689', 'cumQty': '689', 'cumQuote': '32.1005100', 'timeInForce': 'GTC', 'type': 'MARKET', 'reduceOnly': False, 'closePosition': False, 'side': 'SELL', 'positionSide': 'BOTH', 'stopPrice': '0.0000000', 'workingType': 'CONTRACT_PRICE', 'priceProtect': False, 'origType': 'MARKET', 'priceMatch': 'NONE', 'selfTradePreventionMode': 'EXPIRE_MAKER', 'goodTillDate': '0', 'updateTime': '1740228818250'}, 'id': '726400998', 'clientOrderId': 'x-xcKtGhcu8e7c77c5d7b6f5a5061bb9', 'timestamp': 1740228818250, 'datetime': '2025-02-22T12:53:38.250Z', 'lastTradeTimestamp': 1740228818250, 'lastUpdateTimestamp': 1740228818250, 'symbol': 'VINE/USDT:USDT', 'type': 'market', 'timeInForce': 'GTC', 'postOnly': False, 'reduceOnly': False, 'side': 'sell', 'price': 0.04659, 'triggerPrice': None, 'amount': 689.0, 'cost': 32.10051, 'average': 0.04659, 'filled': 689.0, 'remaining': 0.0, 'status': 'closed', 'fee': {'currency': None, 'cost': None, 'rate': None}, 'trades': [], 'fees': [{'currency': None, 'cost': None, 'rate': None}], 'stopPrice': None, 'takeProfitPrice': None, 'stopLossPrice': None}
2025-02-22 20:54:38 - INFO - [VINE] USDT余额: 可用=65.05014606, 总额=71.4856326
2025-02-22 20:54:38 - INFO - [VINE] 当前账户余额: 可用=65.05014606 USDT, 总额=71.48563260 USDT
2025-02-22 20:54:38 - INFO - [VINE] 成功获取1000根1mK线数据
2025-02-22 20:54:38 - INFO - [VINE] 预测概率: 卖出=0.8496, 观望=0.0901, 买入=0.0602
2025-02-22 20:54:39 - INFO - [VINE] 当前持仓方向: 空，持仓金额: 32.10479558，当前持仓量: -689.0
2025-02-22 20:54:39 - INFO - [VINE] 当前价格: 0.04653, AI信号: -1, 持仓数量: -689.0, 开仓均价: 0.04659, 未实现盈亏: -0.04 USDT (-0.13%)
2025-02-22 20:55:39 - INFO - [VINE] USDT余额: 可用=65.13795432, 总额=71.55881818
2025-02-22 20:55:39 - INFO - [VINE] 当前账户余额: 可用=65.13795432 USDT, 总额=71.55881818 USDT
2025-02-22 20:55:39 - INFO - [VINE] 成功获取1000根1mK线数据
2025-02-22 20:55:39 - INFO - [VINE] 预测概率: 卖出=0.7117, 观望=0.2021, 买入=0.0862
2025-02-22 20:55:39 - INFO - [VINE] 当前持仓方向: 空，持仓金额: 32.03161，当前持仓量: -689.0
2025-02-22 20:55:39 - INFO - [VINE] 当前价格: 0.04644, AI信号: -1, 持仓数量: -689.0, 开仓均价: 0.04659, 未实现盈亏: -0.10 USDT (-0.32%)
2025-02-22 20:56:40 - INFO - [VINE] USDT余额: 可用=65.0014162, 总额=71.46166229
2025-02-22 20:56:40 - INFO - [VINE] 当前账户余额: 可用=65.00141620 USDT, 总额=71.46166229 USDT
2025-02-22 20:56:40 - INFO - [VINE] 成功获取1000根1mK线数据
2025-02-22 20:56:40 - INFO - [VINE] 预测概率: 卖出=0.8428, 观望=0.0681, 买入=0.0891
2025-02-22 20:56:40 - INFO - [VINE] 当前持仓方向: 空，持仓金额: 32.12876589，当前持仓量: -689.0
2025-02-22 20:56:40 - INFO - [VINE] 当前价格: 0.04661, AI信号: -1, 持仓数量: -689.0, 开仓均价: 0.04659, 未实现盈亏: 0.01 USDT (0.04%)
2025-02-22 20:57:40 - INFO - [VINE] USDT余额: 可用=65.11472497, 总额=71.53945728
2025-02-22 20:57:40 - INFO - [VINE] 当前账户余额: 可用=65.11472497 USDT, 总额=71.53945728 USDT
2025-02-22 20:57:41 - INFO - [VINE] 成功获取1000根1mK线数据
2025-02-22 20:57:41 - INFO - [VINE] 预测概率: 卖出=0.8091, 观望=0.1237, 买入=0.0672
2025-02-22 20:57:41 - INFO - [VINE] 当前持仓方向: 空，持仓金额: 32.0509709，当前持仓量: -689.0
2025-02-22 20:57:41 - INFO - [VINE] 当前价格: 0.04648, AI信号: -1, 持仓数量: -689.0, 开仓均价: 0.04659, 未实现盈亏: -0.08 USDT (-0.24%)
2025-02-22 20:58:41 - INFO - [VINE] USDT余额: 可用=65.26687194, 总额=71.66626773
2025-02-22 20:58:41 - INFO - [VINE] 当前账户余额: 可用=65.26687194 USDT, 总额=71.66626773 USDT
2025-02-22 20:58:42 - INFO - [VINE] 成功获取1000根1mK线数据
2025-02-22 20:58:42 - INFO - [VINE] 预测概率: 卖出=0.5577, 观望=0.3395, 买入=0.1029
2025-02-22 20:58:42 - INFO - [VINE] 当前持仓方向: 空，持仓金额: 31.92098416，当前持仓量: -689.0
2025-02-22 20:58:42 - INFO - [VINE] 当前价格: 0.04634, AI信号: -1, 持仓数量: -689.0, 开仓均价: 0.04659, 未实现盈亏: -0.17 USDT (-0.54%)
2025-02-22 20:59:42 - INFO - [VINE] USDT余额: 可用=65.28023063, 总额=71.67740197
2025-02-22 20:59:42 - INFO - [VINE] 当前账户余额: 可用=65.28023063 USDT, 总额=71.67740197 USDT
2025-02-22 20:59:43 - INFO - [VINE] 成功获取1000根1mK线数据
2025-02-22 20:59:43 - INFO - [VINE] 预测概率: 卖出=0.6090, 观望=0.2925, 买入=0.0985
2025-02-22 20:59:43 - INFO - [VINE] 当前持仓方向: 空，持仓金额: 31.9007，当前持仓量: -689.0
2025-02-22 20:59:43 - INFO - [VINE] 当前价格: 0.0463, AI信号: -1, 持仓数量: -689.0, 开仓均价: 0.04659, 未实现盈亏: -0.20 USDT (-0.62%)
2025-02-22 21:00:43 - INFO - [VINE] USDT余额: 可用=65.28277713, 总额=71.67952409
2025-02-22 21:00:43 - INFO - [VINE] 当前账户余额: 可用=65.28277713 USDT, 总额=71.67952409 USDT
2025-02-22 21:00:43 - INFO - [VINE] 成功获取1000根1mK线数据
2025-02-22 21:00:44 - INFO - [VINE] 预测概率: 卖出=0.7292, 观望=0.1297, 买入=0.1410
2025-02-22 21:00:44 - INFO - [VINE] 当前持仓方向: 空，持仓金额: 31.89500197，当前持仓量: -689.0
2025-02-22 21:00:44 - INFO - [VINE] 当前价格: 0.04628, AI信号: -1, 持仓数量: -689.0, 开仓均价: 0.04659, 未实现盈亏: -0.21 USDT (-0.67%)
2025-02-22 21:01:44 - INFO - [VINE] USDT余额: 可用=65.56119686, 总额=71.91157929
2025-02-22 21:01:44 - INFO - [VINE] 当前账户余额: 可用=65.56119686 USDT, 总额=71.91157929 USDT
2025-02-22 21:01:44 - INFO - [VINE] 成功获取1000根1mK线数据
2025-02-22 21:01:44 - INFO - [VINE] 预测概率: 卖出=0.5729, 观望=0.3834, 买入=0.0437
2025-02-22 21:01:45 - INFO - [VINE] 当前持仓方向: 空，持仓金额: 31.68987289，当前持仓量: -689.0
2025-02-22 21:01:45 - INFO - [VINE] 当前价格: 0.04582, AI信号: -1, 持仓数量: -689.0, 开仓均价: 0.04659, 未实现盈亏: -0.53 USDT (-1.65%)
2025-02-22 21:02:55 - ERROR - [VINE] 获取账户余额失败: binanceusdm GET https://fapi.binance.com/fapi/v2/account?timestamp=1740229365155&recvWindow=5000&signature=a2db1996c507ea203ba28e7114d1e0c0c3d3d97eb3883624b345a8953314f80f
2025-02-22 21:02:55 - WARNING - [VINE] get_balance 调用失败，1/3次尝试: binanceusdm GET https://fapi.binance.com/fapi/v2/account?timestamp=1740229365155&recvWindow=5000&signature=a2db1996c507ea203ba28e7114d1e0c0c3d3d97eb3883624b345a8953314f80f
2025-02-22 21:03:05 - ERROR - [VINE] 获取账户余额失败: binanceusdm GET https://fapi.binance.com/fapi/v2/account?timestamp=1740229380169&recvWindow=5000&signature=412611ea976ae1cbacd65d640e3ef1bc017952e5a355d9aa414e67bbeecfd6fc
2025-02-22 21:03:05 - WARNING - [VINE] get_balance 调用失败，2/3次尝试: binanceusdm GET https://fapi.binance.com/fapi/v2/account?timestamp=1740229380169&recvWindow=5000&signature=412611ea976ae1cbacd65d640e3ef1bc017952e5a355d9aa414e67bbeecfd6fc
2025-02-22 21:03:15 - ERROR - [VINE] 获取账户余额失败: binanceusdm GET https://fapi.binance.com/fapi/v2/account?timestamp=1740229390187&recvWindow=5000&signature=69f89e9f21e196a1da8d2a6ce032176737eba4ccfe867be8db9de46f9a53b082
2025-02-22 21:03:15 - ERROR - [VINE] get_balance 调用失败，已达到最大重试次数: binanceusdm GET https://fapi.binance.com/fapi/v2/account?timestamp=1740229390187&recvWindow=5000&signature=69f89e9f21e196a1da8d2a6ce032176737eba4ccfe867be8db9de46f9a53b082
2025-02-22 21:03:15 - ERROR - [VINE] VINEUSDT 交易过程出错: binanceusdm GET https://fapi.binance.com/fapi/v2/account?timestamp=1740229390187&recvWindow=5000&signature=69f89e9f21e196a1da8d2a6ce032176737eba4ccfe867be8db9de46f9a53b082
2025-02-22 21:04:25 - INFO - [VINE] USDT余额: 可用=71.50069505, 总额=71.5152286
2025-02-22 21:04:25 - INFO - [VINE] 当前账户余额: 可用=71.50069505 USDT, 总额=71.51522860 USDT
2025-02-22 21:04:26 - INFO - [VINE] 成功获取1000根1mK线数据
2025-02-22 21:04:26 - INFO - [VINE] 预测概率: 卖出=0.1187, 观望=0.2638, 买入=0.6175
2025-02-22 21:04:26 - INFO - [VINE] 当前价格: 0.04655, AI信号: 1
2025-02-22 21:04:26 - INFO - [VINE] 订单创建成功: {'info': {'orderId': '726582891', 'symbol': 'VINEUSDT', 'status': 'FILLED', 'clientOrderId': 'x-xcKtGhcua8d8918ea00570cda72a1c', 'price': '0.0000000', 'avgPrice': '0.0467300', 'origQty': '767', 'executedQty': '767', 'cumQty': '767', 'cumQuote': '35.8419100', 'timeInForce': 'GTC', 'type': 'MARKET', 'reduceOnly': False, 'closePosition': False, 'side': 'BUY', 'positionSide': 'BOTH', 'stopPrice': '0.0000000', 'workingType': 'CONTRACT_PRICE', 'priceProtect': False, 'origType': 'MARKET', 'priceMatch': 'NONE', 'selfTradePreventionMode': 'EXPIRE_MAKER', 'goodTillDate': '0', 'updateTime': '1740229466850'}, 'id': '726582891', 'clientOrderId': 'x-xcKtGhcua8d8918ea00570cda72a1c', 'timestamp': 1740229466850, 'datetime': '2025-02-22T13:04:26.850Z', 'lastTradeTimestamp': 1740229466850, 'lastUpdateTimestamp': 1740229466850, 'symbol': 'VINE/USDT:USDT', 'type': 'market', 'timeInForce': 'GTC', 'postOnly': False, 'reduceOnly': False, 'side': 'buy', 'price': 0.04673, 'triggerPrice': None, 'amount': 767.0, 'cost': 35.84191, 'average': 0.04673, 'filled': 767.0, 'remaining': 0.0, 'status': 'closed', 'fee': {'currency': None, 'cost': None, 'rate': None}, 'trades': [], 'fees': [{'currency': None, 'cost': None, 'rate': None}], 'stopPrice': None, 'takeProfitPrice': None, 'stopLossPrice': None}
2025-02-22 21:05:27 - INFO - [VINE] USDT余额: 可用=64.11358444, 总额=71.31275211
2025-02-22 21:05:27 - INFO - [VINE] 当前账户余额: 可用=64.11358444 USDT, 总额=71.31275211 USDT
2025-02-22 21:05:27 - INFO - [VINE] 成功获取1000根1mK线数据
2025-02-22 21:05:27 - INFO - [VINE] 预测概率: 卖出=0.5084, 观望=0.1660, 买入=0.3256
2025-02-22 21:05:27 - INFO - [VINE] 当前持仓方向: 多，持仓金额: 35.65735446，当前持仓量: 767.0
2025-02-22 21:05:27 - INFO - [VINE] 当前价格: 0.04649, AI信号: -1, 持仓数量: 767.0, 开仓均价: 0.04673, 未实现盈亏: -0.18 USDT (-0.51%)
2025-02-22 21:05:27 - INFO - [VINE] 当前持仓方向: 多，持仓金额: 35.65735446，当前持仓量: 767.0
2025-02-22 21:05:28 - INFO - [VINE] 订单创建成功: {'info': {'orderId': '726602131', 'symbol': 'VINEUSDT', 'status': 'FILLED', 'clientOrderId': 'x-xcKtGhcub7fe45bd03ee6cce85bbf7', 'price': '0.0000000', 'avgPrice': '0.0464000', 'origQty': '767', 'executedQty': '767', 'cumQty': '767', 'cumQuote': '35.5888000', 'timeInForce': 'GTC', 'type': 'MARKET', 'reduceOnly': False, 'closePosition': False, 'side': 'SELL', 'positionSide': 'BOTH', 'stopPrice': '0.0000000', 'workingType': 'CONTRACT_PRICE', 'priceProtect': False, 'origType': 'MARKET', 'priceMatch': 'NONE', 'selfTradePreventionMode': 'EXPIRE_MAKER', 'goodTillDate': '0', 'updateTime': '1740229528304'}, 'id': '726602131', 'clientOrderId': 'x-xcKtGhcub7fe45bd03ee6cce85bbf7', 'timestamp': 1740229528304, 'datetime': '2025-02-22T13:05:28.304Z', 'lastTradeTimestamp': 1740229528304, 'lastUpdateTimestamp': 1740229528304, 'symbol': 'VINE/USDT:USDT', 'type': 'market', 'timeInForce': 'GTC', 'postOnly': False, 'reduceOnly': False, 'side': 'sell', 'price': 0.0464, 'triggerPrice': None, 'amount': 767.0, 'cost': 35.5888, 'average': 0.0464, 'filled': 767.0, 'remaining': 0.0, 'status': 'closed', 'fee': {'currency': None, 'cost': None, 'rate': None}, 'trades': [], 'fees': [{'currency': None, 'cost': None, 'rate': None}], 'stopPrice': None, 'takeProfitPrice': None, 'stopLossPrice': None}
2025-02-22 21:05:28 - INFO - [VINE] 平仓成功: {'info': {'orderId': '726602131', 'symbol': 'VINEUSDT', 'status': 'FILLED', 'clientOrderId': 'x-xcKtGhcub7fe45bd03ee6cce85bbf7', 'price': '0.0000000', 'avgPrice': '0.0464000', 'origQty': '767', 'executedQty': '767', 'cumQty': '767', 'cumQuote': '35.5888000', 'timeInForce': 'GTC', 'type': 'MARKET', 'reduceOnly': False, 'closePosition': False, 'side': 'SELL', 'positionSide': 'BOTH', 'stopPrice': '0.0000000', 'workingType': 'CONTRACT_PRICE', 'priceProtect': False, 'origType': 'MARKET', 'priceMatch': 'NONE', 'selfTradePreventionMode': 'EXPIRE_MAKER', 'goodTillDate': '0', 'updateTime': '1740229528304'}, 'id': '726602131', 'clientOrderId': 'x-xcKtGhcub7fe45bd03ee6cce85bbf7', 'timestamp': 1740229528304, 'datetime': '2025-02-22T13:05:28.304Z', 'lastTradeTimestamp': 1740229528304, 'lastUpdateTimestamp': 1740229528304, 'symbol': 'VINE/USDT:USDT', 'type': 'market', 'timeInForce': 'GTC', 'postOnly': False, 'reduceOnly': False, 'side': 'sell', 'price': 0.0464, 'triggerPrice': None, 'amount': 767.0, 'cost': 35.5888, 'average': 0.0464, 'filled': 767.0, 'remaining': 0.0, 'status': 'closed', 'fee': {'currency': None, 'cost': None, 'rate': None}, 'trades': [], 'fees': [{'currency': None, 'cost': None, 'rate': None}], 'stopPrice': None, 'takeProfitPrice': None, 'stopLossPrice': None}
2025-02-22 21:05:28 - INFO - [VINE] 订单创建成功: {'info': {'orderId': '726602240', 'symbol': 'VINEUSDT', 'status': 'FILLED', 'clientOrderId': 'x-xcKtGhcu2d6b5c45b269b3f9b5f276', 'price': '0.0000000', 'avgPrice': '0.0464000', 'origQty': '689', 'executedQty': '689', 'cumQty': '689', 'cumQuote': '31.9696000', 'timeInForce': 'GTC', 'type': 'MARKET', 'reduceOnly': False, 'closePosition': False, 'side': 'SELL', 'positionSide': 'BOTH', 'stopPrice': '0.0000000', 'workingType': 'CONTRACT_PRICE', 'priceProtect': False, 'origType': 'MARKET', 'priceMatch': 'NONE', 'selfTradePreventionMode': 'EXPIRE_MAKER', 'goodTillDate': '0', 'updateTime': '1740229528652'}, 'id': '726602240', 'clientOrderId': 'x-xcKtGhcu2d6b5c45b269b3f9b5f276', 'timestamp': 1740229528652, 'datetime': '2025-02-22T13:05:28.652Z', 'lastTradeTimestamp': 1740229528652, 'lastUpdateTimestamp': 1740229528652, 'symbol': 'VINE/USDT:USDT', 'type': 'market', 'timeInForce': 'GTC', 'postOnly': False, 'reduceOnly': False, 'side': 'sell', 'price': 0.0464, 'triggerPrice': None, 'amount': 689.0, 'cost': 31.9696, 'average': 0.0464, 'filled': 689.0, 'remaining': 0.0, 'status': 'closed', 'fee': {'currency': None, 'cost': None, 'rate': None}, 'trades': [], 'fees': [{'currency': None, 'cost': None, 'rate': None}], 'stopPrice': None, 'takeProfitPrice': None, 'stopLossPrice': None}
2025-02-22 21:06:28 - INFO - [VINE] USDT余额: 可用=64.51701773, 总额=70.97287193
2025-02-22 21:06:28 - INFO - [VINE] 当前账户余额: 可用=64.51701773 USDT, 总额=70.97287193 USDT
2025-02-22 21:06:29 - INFO - [VINE] 成功获取1000根1mK线数据
2025-02-22 21:06:29 - INFO - [VINE] 预测概率: 卖出=0.0728, 观望=0.2230, 买入=0.7042
2025-02-22 21:06:29 - INFO - [VINE] 当前持仓方向: 空，持仓金额: 32.19760388，当前持仓量: -689.0
2025-02-22 21:06:29 - INFO - [VINE] 当前价格: 0.04667, AI信号: 1, 持仓数量: -689.0, 开仓均价: 0.0464, 未实现盈亏: 0.19 USDT (0.58%)
2025-02-22 21:06:29 - INFO - [VINE] 当前持仓方向: 空，持仓金额: 32.19760388，当前持仓量: -689.0
2025-02-22 21:06:30 - INFO - [VINE] 订单创建成功: {'info': {'orderId': '726616817', 'symbol': 'VINEUSDT', 'status': 'FILLED', 'clientOrderId': 'x-xcKtGhcu35d8a2275cbdd7a20420b9', 'price': '0.0000000', 'avgPrice': '0.0467100', 'origQty': '689', 'executedQty': '689', 'cumQty': '689', 'cumQuote': '32.1831900', 'timeInForce': 'GTC', 'type': 'MARKET', 'reduceOnly': False, 'closePosition': False, 'side': 'BUY', 'positionSide': 'BOTH', 'stopPrice': '0.0000000', 'workingType': 'CONTRACT_PRICE', 'priceProtect': False, 'origType': 'MARKET', 'priceMatch': 'NONE', 'selfTradePreventionMode': 'EXPIRE_MAKER', 'goodTillDate': '0', 'updateTime': '1740229590066'}, 'id': '726616817', 'clientOrderId': 'x-xcKtGhcu35d8a2275cbdd7a20420b9', 'timestamp': 1740229590066, 'datetime': '2025-02-22T13:06:30.066Z', 'lastTradeTimestamp': 1740229590066, 'lastUpdateTimestamp': 1740229590066, 'symbol': 'VINE/USDT:USDT', 'type': 'market', 'timeInForce': 'GTC', 'postOnly': False, 'reduceOnly': False, 'side': 'buy', 'price': 0.04671, 'triggerPrice': None, 'amount': 689.0, 'cost': 32.18319, 'average': 0.04671, 'filled': 689.0, 'remaining': 0.0, 'status': 'closed', 'fee': {'currency': None, 'cost': None, 'rate': None}, 'trades': [], 'fees': [{'currency': None, 'cost': None, 'rate': None}], 'stopPrice': None, 'takeProfitPrice': None, 'stopLossPrice': None}
2025-02-22 21:06:30 - INFO - [VINE] 平仓成功: {'info': {'orderId': '726616817', 'symbol': 'VINEUSDT', 'status': 'FILLED', 'clientOrderId': 'x-xcKtGhcu35d8a2275cbdd7a20420b9', 'price': '0.0000000', 'avgPrice': '0.0467100', 'origQty': '689', 'executedQty': '689', 'cumQty': '689', 'cumQuote': '32.1831900', 'timeInForce': 'GTC', 'type': 'MARKET', 'reduceOnly': False, 'closePosition': False, 'side': 'BUY', 'positionSide': 'BOTH', 'stopPrice': '0.0000000', 'workingType': 'CONTRACT_PRICE', 'priceProtect': False, 'origType': 'MARKET', 'priceMatch': 'NONE', 'selfTradePreventionMode': 'EXPIRE_MAKER', 'goodTillDate': '0', 'updateTime': '1740229590066'}, 'id': '726616817', 'clientOrderId': 'x-xcKtGhcu35d8a2275cbdd7a20420b9', 'timestamp': 1740229590066, 'datetime': '2025-02-22T13:06:30.066Z', 'lastTradeTimestamp': 1740229590066, 'lastUpdateTimestamp': 1740229590066, 'symbol': 'VINE/USDT:USDT', 'type': 'market', 'timeInForce': 'GTC', 'postOnly': False, 'reduceOnly': False, 'side': 'buy', 'price': 0.04671, 'triggerPrice': None, 'amount': 689.0, 'cost': 32.18319, 'average': 0.04671, 'filled': 689.0, 'remaining': 0.0, 'status': 'closed', 'fee': {'currency': None, 'cost': None, 'rate': None}, 'trades': [], 'fees': [{'currency': None, 'cost': None, 'rate': None}], 'stopPrice': None, 'takeProfitPrice': None, 'stopLossPrice': None}
2025-02-22 21:06:30 - INFO - [VINE] 订单创建成功: {'info': {'orderId': '726616985', 'symbol': 'VINEUSDT', 'status': 'FILLED', 'clientOrderId': 'x-xcKtGhcu4cbcaecf9e23de5a6a1529', 'price': '0.0000000', 'avgPrice': '0.0467449', 'origQty': '691', 'executedQty': '691', 'cumQty': '691', 'cumQuote': '32.3007100', 'timeInForce': 'GTC', 'type': 'MARKET', 'reduceOnly': False, 'closePosition': False, 'side': 'BUY', 'positionSide': 'BOTH', 'stopPrice': '0.0000000', 'workingType': 'CONTRACT_PRICE', 'priceProtect': False, 'origType': 'MARKET', 'priceMatch': 'NONE', 'selfTradePreventionMode': 'EXPIRE_MAKER', 'goodTillDate': '0', 'updateTime': '1740229590823'}, 'id': '726616985', 'clientOrderId': 'x-xcKtGhcu4cbcaecf9e23de5a6a1529', 'timestamp': 1740229590823, 'datetime': '2025-02-22T13:06:30.823Z', 'lastTradeTimestamp': 1740229590823, 'lastUpdateTimestamp': 1740229590823, 'symbol': 'VINE/USDT:USDT', 'type': 'market', 'timeInForce': 'GTC', 'postOnly': False, 'reduceOnly': False, 'side': 'buy', 'price': 0.0467449, 'triggerPrice': None, 'amount': 691.0, 'cost': 32.30071, 'average': 0.0467449, 'filled': 691.0, 'remaining': 0.0, 'status': 'closed', 'fee': {'currency': None, 'cost': None, 'rate': None}, 'trades': [], 'fees': [{'currency': None, 'cost': None, 'rate': None}], 'stopPrice': None, 'takeProfitPrice': None, 'stopLossPrice': None}
2025-02-22 21:07:31 - INFO - [VINE] USDT余额: 可用=64.63517944, 总额=71.15463917
2025-02-22 21:07:31 - INFO - [VINE] 当前账户余额: 可用=64.63517944 USDT, 总额=71.15463917 USDT
2025-02-22 21:07:31 - INFO - [VINE] 成功获取1000根1mK线数据
2025-02-22 21:07:31 - INFO - [VINE] 预测概率: 卖出=0.0708, 观望=0.4736, 买入=0.4556
2025-02-22 21:07:31 - INFO - [VINE] 当前持仓方向: 多，持仓金额: 32.48756539，当前持仓量: 691.0
2025-02-22 21:07:31 - INFO - [VINE] 当前价格: 0.04698, AI信号: 0, 持仓数量: 691.0, 开仓均价: 0.0467448769899, 未实现盈亏: 0.16 USDT (0.50%)
2025-02-22 21:08:31 - INFO - [VINE] USDT余额: 可用=64.65065872, 总额=71.16543259
2025-02-22 21:08:31 - INFO - [VINE] 当前账户余额: 可用=64.65065872 USDT, 总额=71.16543259 USDT
2025-02-22 21:08:32 - INFO - [VINE] 成功获取1000根1mK线数据
2025-02-22 21:08:32 - INFO - [VINE] 预测概率: 卖出=0.0360, 观望=0.8242, 买入=0.1398
2025-02-22 21:08:32 - INFO - [VINE] 当前持仓方向: 多，持仓金额: 32.50686502，当前持仓量: 691.0
2025-02-22 21:08:32 - INFO - [VINE] 当前价格: 0.04704, AI信号: 0, 持仓数量: 691.0, 开仓均价: 0.0467448769899, 未实现盈亏: 0.20 USDT (0.63%)
2025-02-22 21:09:32 - INFO - [VINE] USDT余额: 可用=64.75706564, 总额=71.33970279
2025-02-22 21:09:32 - INFO - [VINE] 当前账户余额: 可用=64.75706564 USDT, 总额=71.33970279 USDT
2025-02-22 21:09:32 - INFO - [VINE] 成功获取1000根1mK线数据
2025-02-22 21:09:32 - INFO - [VINE] 预测概率: 卖出=0.0472, 观望=0.7714, 买入=0.1814
2025-02-22 21:09:33 - INFO - [VINE] 当前持仓方向: 多，持仓金额: 32.67698231，当前持仓量: 691.0
2025-02-22 21:09:33 - INFO - [VINE] 当前价格: 0.04721, AI信号: 0, 持仓数量: 691.0, 开仓均价: 0.0467448769899, 未实现盈亏: 0.32 USDT (1.00%)
2025-02-22 21:10:33 - INFO - [VINE] USDT余额: 可用=64.71944897, 总额=71.25144136
2025-02-22 21:10:33 - INFO - [VINE] 当前账户余额: 可用=64.71944897 USDT, 总额=71.25144136 USDT
2025-02-22 21:10:33 - INFO - [VINE] 成功获取1000根1mK线数据
2025-02-22 21:10:33 - INFO - [VINE] 预测概率: 卖出=0.0738, 观望=0.5595, 买入=0.3667
2025-02-22 21:10:34 - INFO - [VINE] 当前持仓方向: 多，持仓金额: 32.60138，当前持仓量: 691.0
2025-02-22 21:10:34 - INFO - [VINE] 当前价格: 0.04716, AI信号: 0, 持仓数量: 691.0, 开仓均价: 0.0467448769899, 未实现盈亏: 0.29 USDT (0.89%)
2025-02-22 21:11:34 - INFO - [VINE] USDT余额: 可用=64.76290298, 总额=71.41414422
2025-02-22 21:11:34 - INFO - [VINE] 当前账户余额: 可用=64.76290298 USDT, 总额=71.41414422 USDT
2025-02-22 21:11:35 - INFO - [VINE] 成功获取1000根1mK线数据
2025-02-22 21:11:35 - INFO - [VINE] 预测概率: 卖出=0.0532, 观望=0.8001, 买入=0.1468
2025-02-22 21:11:35 - INFO - [VINE] 当前持仓方向: 多，持仓金额: 32.75026286，当前持仓量: 691.0
2025-02-22 21:11:35 - INFO - [VINE] 当前价格: 0.04738, AI信号: 0, 持仓数量: 691.0, 开仓均价: 0.0467448769899, 未实现盈亏: 0.44 USDT (1.36%)
2025-02-22 21:12:35 - INFO - [VINE] USDT余额: 可用=64.88991688, 总额=71.50447865
2025-02-22 21:12:35 - INFO - [VINE] 当前账户余额: 可用=64.88991688 USDT, 总额=71.50447865 USDT
2025-02-22 21:12:36 - INFO - [VINE] 成功获取1000根1mK线数据
2025-02-22 21:12:36 - INFO - [VINE] 预测概率: 卖出=0.0500, 观望=0.7751, 买入=0.1749
2025-02-22 21:12:36 - INFO - [VINE] 当前持仓方向: 多，持仓金额: 32.84059729，当前持仓量: 691.0
2025-02-22 21:12:36 - INFO - [VINE] 当前价格: 0.04747, AI信号: 0, 持仓数量: 691.0, 开仓均价: 0.0467448769899, 未实现盈亏: 0.50 USDT (1.55%)
2025-02-22 21:13:36 - INFO - [VINE] USDT余额: 可用=64.8335576, 总额=71.50993064
2025-02-22 21:13:36 - INFO - [VINE] 当前账户余额: 可用=64.83355760 USDT, 总额=71.50993064 USDT
2025-02-22 21:13:37 - INFO - [VINE] 成功获取1000根1mK线数据
2025-02-22 21:13:37 - INFO - [VINE] 预测概率: 卖出=0.0445, 观望=0.5009, 买入=0.4546
2025-02-22 21:13:37 - INFO - [VINE] 当前持仓方向: 多，持仓金额: 32.81149928，当前持仓量: 691.0
2025-02-22 21:13:37 - INFO - [VINE] 当前价格: 0.04752, AI信号: 0, 持仓数量: 691.0, 开仓均价: 0.0467448769899, 未实现盈亏: 0.54 USDT (1.66%)
2025-02-22 21:14:38 - INFO - [VINE] USDT余额: 可用=64.79857281, 总额=71.35037183
2025-02-22 21:14:38 - INFO - [VINE] 当前账户余额: 可用=64.79857281 USDT, 总额=71.35037183 USDT
2025-02-22 21:14:38 - INFO - [VINE] 成功获取1000根1mK线数据
2025-02-22 21:14:38 - INFO - [VINE] 预测概率: 卖出=0.0450, 观望=0.0665, 买入=0.8885
2025-02-22 21:14:39 - INFO - [VINE] 当前持仓方向: 多，持仓金额: 32.68649047，当前持仓量: 691.0
2025-02-22 21:14:39 - INFO - [VINE] 当前价格: 0.04736, AI信号: 1, 持仓数量: 691.0, 开仓均价: 0.0467448769899, 未实现盈亏: 0.43 USDT (1.32%)
2025-02-22 21:15:39 - INFO - [VINE] USDT余额: 可用=64.92780761, 总额=71.51195527
2025-02-22 21:15:39 - INFO - [VINE] 当前账户余额: 可用=64.92780761 USDT, 总额=71.51195527 USDT
2025-02-22 21:15:40 - INFO - [VINE] 成功获取1000根1mK线数据
2025-02-22 21:15:40 - INFO - [VINE] 预测概率: 卖出=0.0442, 观望=0.5961, 买入=0.3597
2025-02-22 21:15:40 - INFO - [VINE] 当前持仓方向: 多，持仓金额: 32.84807391，当前持仓量: 691.0
2025-02-22 21:15:40 - INFO - [VINE] 当前价格: 0.04753, AI信号: 0, 持仓数量: 691.0, 开仓均价: 0.0467448769899, 未实现盈亏: 0.54 USDT (1.68%)
2025-02-22 21:16:40 - INFO - [VINE] USDT余额: 可用=65.37847576, 总额=72.23964737
2025-02-22 21:16:40 - INFO - [VINE] 当前账户余额: 可用=65.37847576 USDT, 总额=72.23964737 USDT
2025-02-22 21:16:41 - INFO - [VINE] 成功获取1000根1mK线数据
2025-02-22 21:16:41 - INFO - [VINE] 预测概率: 卖出=0.0230, 观望=0.8237, 买入=0.1533
2025-02-22 21:16:41 - INFO - [VINE] 当前持仓方向: 多，持仓金额: 33.47600634，当前持仓量: 691.0
2025-02-22 21:16:41 - INFO - [VINE] 当前价格: 0.04787, AI信号: 0, 持仓数量: 691.0, 开仓均价: 0.0467448769899, 未实现盈亏: 0.78 USDT (2.41%)
2025-02-22 21:17:41 - INFO - [VINE] USDT余额: 可用=65.0703878, 总额=71.70750136
2025-02-22 21:17:41 - INFO - [VINE] 当前账户余额: 可用=65.07038780 USDT, 总额=71.70750136 USDT
2025-02-22 21:17:42 - INFO - [VINE] 成功获取1000根1mK线数据
2025-02-22 21:17:42 - INFO - [VINE] 已达到每小时最大交易次数(12)
2025-02-22 21:17:42 - INFO - [VINE] 当前持仓方向: 多，持仓金额: 33.04362，当前持仓量: 691.0
2025-02-22 21:17:42 - INFO - [VINE] 当前价格: 0.04793, AI信号: 0, 持仓数量: 691.0, 开仓均价: 0.0467448769899, 未实现盈亏: 0.82 USDT (2.54%)
2025-02-22 21:18:42 - INFO - [VINE] USDT余额: 可用=71.47615617, 总额=71.4906849
2025-02-22 21:18:42 - INFO - [VINE] 当前账户余额: 可用=71.47615617 USDT, 总额=71.49068490 USDT
2025-02-22 21:18:43 - INFO - [VINE] 成功获取1000根1mK线数据
2025-02-22 21:18:43 - INFO - [VINE] 已达到每小时最大交易次数(12)
2025-02-22 21:18:43 - INFO - [VINE] 当前价格: 0.04747, AI信号: 0
2025-02-22 21:19:43 - INFO - [VINE] USDT余额: 可用=71.47615627, 总额=71.4906849
2025-02-22 21:19:43 - INFO - [VINE] 当前账户余额: 可用=71.47615627 USDT, 总额=71.49068490 USDT
2025-02-22 21:19:44 - INFO - [VINE] 成功获取1000根1mK线数据
2025-02-22 21:19:44 - INFO - [VINE] 已达到每小时最大交易次数(12)
2025-02-22 21:19:46 - INFO - [VINE] 当前价格: 0.04745, AI信号: 0
2025-02-22 21:19:47 - INFO - [root] 接收到退出信号，正在关闭所有交易...
2025-02-22 21:19:47 - INFO - [VINE] 关闭 VINEUSDT 所有持仓
2025-02-22 21:19:57 - INFO - [root] ==================================================
2025-02-22 21:19:57 - INFO - [root] 日志系统初始化完成 - 2025-02-22 21:19:57
2025-02-22 21:19:57 - INFO - [root] ==================================================
2025-02-22 21:20:01 - INFO - [VINE] 没有未成交的订单
2025-02-22 21:20:01 - INFO - [VINE] 当前已经是单向持仓模式
2025-02-22 21:20:01 - INFO - [VINE] 设置杠杆倍数 5倍 成功
2025-02-22 21:20:01 - INFO - [VINE] 当前已经是CROSSED保证金模式
2025-02-22 21:20:01 - INFO - [VINE] 交易器初始化成功 for VINEUSDT
2025-02-22 21:20:01 - INFO - [VINE] 获取历史K线数据进行初始训练...
2025-02-22 21:20:02 - INFO - [VINE] 成功获取500根1mK线数据
2025-02-22 21:20:02 - INFO - [VINE] 成功获取500根1mK线数据
2025-02-22 21:20:02 - INFO - [VINE] 模型评估指标:
2025-02-22 21:20:02 - INFO - [VINE] 训练集准确率: 0.9198
2025-02-22 21:20:02 - INFO - [VINE] 加权精确率: 0.9229
2025-02-22 21:20:02 - INFO - [VINE] 加权召回率: 0.9198
2025-02-22 21:20:02 - INFO - [VINE] 加权F1分数: 0.9193
2025-02-22 21:20:02 - INFO - [VINE] 混淆矩阵:
2025-02-22 21:20:02 - INFO - [VINE] 卖出 观望 买入
2025-02-22 21:20:02 - INFO - [VINE] [114   2   1] # 实际卖出
2025-02-22 21:20:02 - INFO - [VINE] [ 17 145  10] # 实际观望
2025-02-22 21:20:02 - INFO - [VINE] [  2   6 177] # 实际买入
2025-02-22 21:20:02 - INFO - [VINE] Top 5 重要特征:
2025-02-22 21:20:02 - INFO - [VINE] BB_position_20: 0.4547
2025-02-22 21:20:02 - INFO - [VINE] BB_position_10: 0.1288
2025-02-22 21:20:02 - INFO - [VINE] price_change_2m: 0.0533
2025-02-22 21:20:02 - INFO - [VINE] BB_width_10: 0.0445
2025-02-22 21:20:02 - INFO - [VINE] momentum_2m: 0.0377
2025-02-22 21:20:02 - INFO - [VINE] 初始模型训练完成
2025-02-22 21:20:02 - INFO - [VINE] 初始化 VINEUSDT 交易器和策略成功
2025-02-22 21:20:02 - INFO - [VINE] 交易线程启动成功
2025-02-22 21:20:02 - INFO - [root] 启动线程监控
2025-02-22 21:20:02 - INFO - [root] 交易系统启动成功，正在交易的币对: VINEUSDT
2025-02-22 21:20:03 - INFO - [VINE] USDT余额: 可用=71.47615633, 总额=71.4906849
2025-02-22 21:20:03 - INFO - [VINE] 当前账户余额: 可用=71.47615633 USDT, 总额=71.49068490 USDT
2025-02-22 21:20:03 - INFO - [VINE] 成功获取1000根1mK线数据
2025-02-22 21:20:03 - INFO - [VINE] 预测概率: 卖出=0.2552, 观望=0.1839, 买入=0.5609
2025-02-22 21:20:03 - INFO - [VINE] 当前价格: 0.04727, AI信号: 1
2025-02-22 21:20:04 - INFO - [VINE] 订单创建成功: {'info': {'orderId': '726955307', 'symbol': 'VINEUSDT', 'status': 'FILLED', 'clientOrderId': 'x-xcKtGhcu73aa8e9bd1cfa3f7393d48', 'price': '0.0000000', 'avgPrice': '0.0470000', 'origQty': '756', 'executedQty': '756', 'cumQty': '756', 'cumQuote': '35.5320000', 'timeInForce': 'GTC', 'type': 'MARKET', 'reduceOnly': False, 'closePosition': False, 'side': 'BUY', 'positionSide': 'BOTH', 'stopPrice': '0.0000000', 'workingType': 'CONTRACT_PRICE', 'priceProtect': False, 'origType': 'MARKET', 'priceMatch': 'NONE', 'selfTradePreventionMode': 'EXPIRE_MAKER', 'goodTillDate': '0', 'updateTime': '1740230404545'}, 'id': '726955307', 'clientOrderId': 'x-xcKtGhcu73aa8e9bd1cfa3f7393d48', 'timestamp': 1740230404545, 'datetime': '2025-02-22T13:20:04.545Z', 'lastTradeTimestamp': 1740230404545, 'lastUpdateTimestamp': 1740230404545, 'symbol': 'VINE/USDT:USDT', 'type': 'market', 'timeInForce': 'GTC', 'postOnly': False, 'reduceOnly': False, 'side': 'buy', 'price': 0.047, 'triggerPrice': None, 'amount': 756.0, 'cost': 35.532, 'average': 0.047, 'filled': 756.0, 'remaining': 0.0, 'status': 'closed', 'fee': {'currency': None, 'cost': None, 'rate': None}, 'trades': [], 'fees': [{'currency': None, 'cost': None, 'rate': None}], 'stopPrice': None, 'takeProfitPrice': None, 'stopLossPrice': None}
2025-02-22 21:21:04 - INFO - [VINE] USDT余额: 可用=64.27851699, 总额=71.38104978
2025-02-22 21:21:04 - INFO - [VINE] 当前账户余额: 可用=64.27851699 USDT, 总额=71.38104978 USDT
2025-02-22 21:21:05 - INFO - [VINE] 成功获取1000根1mK线数据
2025-02-22 21:21:05 - INFO - [VINE] 预测概率: 卖出=0.6847, 观望=0.2222, 买入=0.0931
2025-02-22 21:21:05 - INFO - [VINE] 当前持仓方向: 多，持仓金额: 35.43722028，当前持仓量: 756.0
2025-02-22 21:21:05 - INFO - [VINE] 当前价格: 0.04676, AI信号: -1, 持仓数量: 756.0, 开仓均价: 0.047, 未实现盈亏: -0.18 USDT (-0.51%)
2025-02-22 21:21:05 - INFO - [VINE] 当前持仓方向: 多，持仓金额: 35.43722028，当前持仓量: 756.0
2025-02-22 21:21:06 - INFO - [VINE] 订单创建成功: {'info': {'orderId': '726985446', 'symbol': 'VINEUSDT', 'status': 'FILLED', 'clientOrderId': 'x-xcKtGhcu162d0523f68804e64e638', 'price': '0.0000000', 'avgPrice': '0.0469100', 'origQty': '756', 'executedQty': '756', 'cumQty': '756', 'cumQuote': '35.4639600', 'timeInForce': 'GTC', 'type': 'MARKET', 'reduceOnly': False, 'closePosition': False, 'side': 'SELL', 'positionSide': 'BOTH', 'stopPrice': '0.0000000', 'workingType': 'CONTRACT_PRICE', 'priceProtect': False, 'origType': 'MARKET', 'priceMatch': 'NONE', 'selfTradePreventionMode': 'EXPIRE_MAKER', 'goodTillDate': '0', 'updateTime': '1740230466281'}, 'id': '726985446', 'clientOrderId': 'x-xcKtGhcu162d0523f68804e64e638', 'timestamp': 1740230466281, 'datetime': '2025-02-22T13:21:06.281Z', 'lastTradeTimestamp': 1740230466281, 'lastUpdateTimestamp': 1740230466281, 'symbol': 'VINE/USDT:USDT', 'type': 'market', 'timeInForce': 'GTC', 'postOnly': False, 'reduceOnly': False, 'side': 'sell', 'price': 0.04691, 'triggerPrice': None, 'amount': 756.0, 'cost': 35.46396, 'average': 0.04691, 'filled': 756.0, 'remaining': 0.0, 'status': 'closed', 'fee': {'currency': None, 'cost': None, 'rate': None}, 'trades': [], 'fees': [{'currency': None, 'cost': None, 'rate': None}], 'stopPrice': None, 'takeProfitPrice': None, 'stopLossPrice': None}
2025-02-22 21:21:06 - INFO - [VINE] 平仓成功: {'info': {'orderId': '726985446', 'symbol': 'VINEUSDT', 'status': 'FILLED', 'clientOrderId': 'x-xcKtGhcu162d0523f68804e64e638', 'price': '0.0000000', 'avgPrice': '0.0469100', 'origQty': '756', 'executedQty': '756', 'cumQty': '756', 'cumQuote': '35.4639600', 'timeInForce': 'GTC', 'type': 'MARKET', 'reduceOnly': False, 'closePosition': False, 'side': 'SELL', 'positionSide': 'BOTH', 'stopPrice': '0.0000000', 'workingType': 'CONTRACT_PRICE', 'priceProtect': False, 'origType': 'MARKET', 'priceMatch': 'NONE', 'selfTradePreventionMode': 'EXPIRE_MAKER', 'goodTillDate': '0', 'updateTime': '1740230466281'}, 'id': '726985446', 'clientOrderId': 'x-xcKtGhcu162d0523f68804e64e638', 'timestamp': 1740230466281, 'datetime': '2025-02-22T13:21:06.281Z', 'lastTradeTimestamp': 1740230466281, 'lastUpdateTimestamp': 1740230466281, 'symbol': 'VINE/USDT:USDT', 'type': 'market', 'timeInForce': 'GTC', 'postOnly': False, 'reduceOnly': False, 'side': 'sell', 'price': 0.04691, 'triggerPrice': None, 'amount': 756.0, 'cost': 35.46396, 'average': 0.04691, 'filled': 756.0, 'remaining': 0.0, 'status': 'closed', 'fee': {'currency': None, 'cost': None, 'rate': None}, 'trades': [], 'fees': [{'currency': None, 'cost': None, 'rate': None}], 'stopPrice': None, 'takeProfitPrice': None, 'stopLossPrice': None}
2025-02-22 21:21:06 - INFO - [VINE] 订单创建成功: {'info': {'orderId': '726985526', 'symbol': 'VINEUSDT', 'status': 'FILLED', 'clientOrderId': 'x-xcKtGhcu1dcae9aba30c72e8444ac', 'price': '0.0000000', 'avgPrice': '0.0469200', 'origQty': '687', 'executedQty': '687', 'cumQty': '687', 'cumQuote': '32.2340400', 'timeInForce': 'GTC', 'type': 'MARKET', 'reduceOnly': False, 'closePosition': False, 'side': 'SELL', 'positionSide': 'BOTH', 'stopPrice': '0.0000000', 'workingType': 'CONTRACT_PRICE', 'priceProtect': False, 'origType': 'MARKET', 'priceMatch': 'NONE', 'selfTradePreventionMode': 'EXPIRE_MAKER', 'goodTillDate': '0', 'updateTime': '1740230466662'}, 'id': '726985526', 'clientOrderId': 'x-xcKtGhcu1dcae9aba30c72e8444ac', 'timestamp': 1740230466662, 'datetime': '2025-02-22T13:21:06.662Z', 'lastTradeTimestamp': 1740230466662, 'lastUpdateTimestamp': 1740230466662, 'symbol': 'VINE/USDT:USDT', 'type': 'market', 'timeInForce': 'GTC', 'postOnly': False, 'reduceOnly': False, 'side': 'sell', 'price': 0.04692, 'triggerPrice': None, 'amount': 687.0, 'cost': 32.23404, 'average': 0.04692, 'filled': 687.0, 'remaining': 0.0, 'status': 'closed', 'fee': {'currency': None, 'cost': None, 'rate': None}, 'trades': [], 'fees': [{'currency': None, 'cost': None, 'rate': None}], 'stopPrice': None, 'takeProfitPrice': None, 'stopLossPrice': None}
2025-02-22 21:22:07 - INFO - [VINE] USDT余额: 可用=64.6977825, 总额=71.19438846
2025-02-22 21:22:07 - INFO - [VINE] 当前账户余额: 可用=64.69778250 USDT, 总额=71.19438846 USDT
2025-02-22 21:22:07 - INFO - [VINE] 成功获取1000根1mK线数据
2025-02-22 21:22:07 - INFO - [VINE] 预测概率: 卖出=0.7129, 观望=0.1377, 买入=0.1494
2025-02-22 21:22:07 - INFO - [VINE] 当前持仓方向: 空，持仓金额: 32.40539154，当前持仓量: -687.0
2025-02-22 21:22:07 - INFO - [VINE] 当前价格: 0.04717, AI信号: -1, 持仓数量: -687.0, 开仓均价: 0.04692, 未实现盈亏: 0.17 USDT (0.53%)
2025-02-22 21:23:08 - INFO - [VINE] USDT余额: 可用=64.63897138, 总额=71.14537101
2025-02-22 21:23:08 - INFO - [VINE] 当前账户余额: 可用=64.63897138 USDT, 总额=71.14537101 USDT
2025-02-22 21:23:08 - INFO - [VINE] 成功获取1000根1mK线数据
2025-02-22 21:23:08 - INFO - [VINE] 预测概率: 卖出=0.6881, 观望=0.1455, 买入=0.1664
2025-02-22 21:23:09 - INFO - [VINE] 当前持仓方向: 空，持仓金额: 32.46228888，当前持仓量: -687.0
2025-02-22 21:23:09 - INFO - [VINE] 当前价格: 0.04721, AI信号: -1, 持仓数量: -687.0, 开仓均价: 0.04692, 未实现盈亏: 0.20 USDT (0.62%)
2025-02-22 21:24:09 - INFO - [VINE] USDT余额: 可用=64.80393832, 总额=71.28859677
2025-02-22 21:24:09 - INFO - [VINE] 当前账户余额: 可用=64.80393832 USDT, 总额=71.28859677 USDT
2025-02-22 21:24:10 - INFO - [VINE] 成功获取1000根1mK线数据
2025-02-22 21:24:10 - INFO - [VINE] 预测概率: 卖出=0.7337, 观望=0.0915, 买入=0.1748
2025-02-22 21:24:10 - INFO - [VINE] 当前持仓方向: 空，持仓金额: 32.31647313，当前持仓量: -687.0
2025-02-22 21:24:10 - INFO - [VINE] 当前价格: 0.04697, AI信号: -1, 持仓数量: -687.0, 开仓均价: 0.04692, 未实现盈亏: 0.03 USDT (0.11%)
2025-02-22 21:25:10 - INFO - [VINE] USDT余额: 可用=64.92620203, 总额=71.3847699
2025-02-22 21:25:10 - INFO - [VINE] 当前账户余额: 可用=64.92620203 USDT, 总额=71.38476990 USDT
2025-02-22 21:25:11 - INFO - [VINE] 成功获取1000根1mK线数据
2025-02-22 21:25:11 - INFO - [VINE] 预测概率: 卖出=0.8104, 观望=0.0993, 买入=0.0903
2025-02-22 21:25:11 - INFO - [VINE] 当前持仓方向: 空，持仓金额: 32.21343，当前持仓量: -687.0
2025-02-22 21:25:11 - INFO - [VINE] 当前价格: 0.04694, AI信号: -1, 持仓数量: -687.0, 开仓均价: 0.04692, 未实现盈亏: 0.01 USDT (0.04%)
2025-02-22 21:26:12 - INFO - [VINE] USDT余额: 可用=64.48945335, 总额=71.05555263
2025-02-22 21:26:12 - INFO - [VINE] 当前账户余额: 可用=64.48945335 USDT, 总额=71.05555263 USDT
2025-02-22 21:26:12 - INFO - [VINE] 成功获取1000根1mK线数据
2025-02-22 21:26:12 - INFO - [VINE] 预测概率: 卖出=0.1355, 观望=0.1917, 买入=0.6728
2025-02-22 21:26:13 - INFO - [VINE] 当前持仓方向: 空，持仓金额: 32.54951727，当前持仓量: -687.0
2025-02-22 21:26:13 - INFO - [VINE] 当前价格: 0.04727, AI信号: 1, 持仓数量: -687.0, 开仓均价: 0.04692, 未实现盈亏: 0.24 USDT (0.75%)
2025-02-22 21:26:13 - INFO - [VINE] 当前持仓方向: 空，持仓金额: 32.54951727，当前持仓量: -687.0
2025-02-22 21:26:14 - INFO - [VINE] 订单创建成功: {'info': {'orderId': '727081711', 'symbol': 'VINEUSDT', 'status': 'FILLED', 'clientOrderId': 'x-xcKtGhcu2e8a713c002b3f92c9b7f4', 'price': '0.0000000', 'avgPrice': '0.0474200', 'origQty': '687', 'executedQty': '687', 'cumQty': '687', 'cumQuote': '32.5775400', 'timeInForce': 'GTC', 'type': 'MARKET', 'reduceOnly': False, 'closePosition': False, 'side': 'BUY', 'positionSide': 'BOTH', 'stopPrice': '0.0000000', 'workingType': 'CONTRACT_PRICE', 'priceProtect': False, 'origType': 'MARKET', 'priceMatch': 'NONE', 'selfTradePreventionMode': 'EXPIRE_MAKER', 'goodTillDate': '0', 'updateTime': '1740230774117'}, 'id': '727081711', 'clientOrderId': 'x-xcKtGhcu2e8a713c002b3f92c9b7f4', 'timestamp': 1740230774117, 'datetime': '2025-02-22T13:26:14.117Z', 'lastTradeTimestamp': 1740230774117, 'lastUpdateTimestamp': 1740230774117, 'symbol': 'VINE/USDT:USDT', 'type': 'market', 'timeInForce': 'GTC', 'postOnly': False, 'reduceOnly': False, 'side': 'buy', 'price': 0.04742, 'triggerPrice': None, 'amount': 687.0, 'cost': 32.57754, 'average': 0.04742, 'filled': 687.0, 'remaining': 0.0, 'status': 'closed', 'fee': {'currency': None, 'cost': None, 'rate': None}, 'trades': [], 'fees': [{'currency': None, 'cost': None, 'rate': None}], 'stopPrice': None, 'takeProfitPrice': None, 'stopLossPrice': None}
2025-02-22 21:26:14 - INFO - [VINE] 平仓成功: {'info': {'orderId': '727081711', 'symbol': 'VINEUSDT', 'status': 'FILLED', 'clientOrderId': 'x-xcKtGhcu2e8a713c002b3f92c9b7f4', 'price': '0.0000000', 'avgPrice': '0.0474200', 'origQty': '687', 'executedQty': '687', 'cumQty': '687', 'cumQuote': '32.5775400', 'timeInForce': 'GTC', 'type': 'MARKET', 'reduceOnly': False, 'closePosition': False, 'side': 'BUY', 'positionSide': 'BOTH', 'stopPrice': '0.0000000', 'workingType': 'CONTRACT_PRICE', 'priceProtect': False, 'origType': 'MARKET', 'priceMatch': 'NONE', 'selfTradePreventionMode': 'EXPIRE_MAKER', 'goodTillDate': '0', 'updateTime': '1740230774117'}, 'id': '727081711', 'clientOrderId': 'x-xcKtGhcu2e8a713c002b3f92c9b7f4', 'timestamp': 1740230774117, 'datetime': '2025-02-22T13:26:14.117Z', 'lastTradeTimestamp': 1740230774117, 'lastUpdateTimestamp': 1740230774117, 'symbol': 'VINE/USDT:USDT', 'type': 'market', 'timeInForce': 'GTC', 'postOnly': False, 'reduceOnly': False, 'side': 'buy', 'price': 0.04742, 'triggerPrice': None, 'amount': 687.0, 'cost': 32.57754, 'average': 0.04742, 'filled': 687.0, 'remaining': 0.0, 'status': 'closed', 'fee': {'currency': None, 'cost': None, 'rate': None}, 'trades': [], 'fees': [{'currency': None, 'cost': None, 'rate': None}], 'stopPrice': None, 'takeProfitPrice': None, 'stopLossPrice': None}
2025-02-22 21:26:14 - INFO - [VINE] 订单创建成功: {'info': {'orderId': '727081853', 'symbol': 'VINEUSDT', 'status': 'FILLED', 'clientOrderId': 'x-xcKtGhcuc3916499cc9468fbc9fa25', 'price': '0.0000000', 'avgPrice': '0.0474000', 'origQty': '682', 'executedQty': '682', 'cumQty': '682', 'cumQuote': '32.3268000', 'timeInForce': 'GTC', 'type': 'MARKET', 'reduceOnly': False, 'closePosition': False, 'side': 'BUY', 'positionSide': 'BOTH', 'stopPrice': '0.0000000', 'workingType': 'CONTRACT_PRICE', 'priceProtect': False, 'origType': 'MARKET', 'priceMatch': 'NONE', 'selfTradePreventionMode': 'EXPIRE_MAKER', 'goodTillDate': '0', 'updateTime': '1740230774478'}, 'id': '727081853', 'clientOrderId': 'x-xcKtGhcuc3916499cc9468fbc9fa25', 'timestamp': 1740230774478, 'datetime': '2025-02-22T13:26:14.478Z', 'lastTradeTimestamp': 1740230774478, 'lastUpdateTimestamp': 1740230774478, 'symbol': 'VINE/USDT:USDT', 'type': 'market', 'timeInForce': 'GTC', 'postOnly': False, 'reduceOnly': False, 'side': 'buy', 'price': 0.0474, 'triggerPrice': None, 'amount': 682.0, 'cost': 32.3268, 'average': 0.0474, 'filled': 682.0, 'remaining': 0.0, 'status': 'closed', 'fee': {'currency': None, 'cost': None, 'rate': None}, 'trades': [], 'fees': [{'currency': None, 'cost': None, 'rate': None}], 'stopPrice': None, 'takeProfitPrice': None, 'stopLossPrice': None}
2025-02-22 21:27:14 - INFO - [VINE] USDT余额: 可用=64.3952861, 总额=70.84503773
2025-02-22 21:27:14 - INFO - [VINE] 当前账户余额: 可用=64.39528610 USDT, 总额=70.84503773 USDT
2025-02-22 21:27:15 - INFO - [VINE] 成功获取1000根1mK线数据
2025-02-22 21:27:15 - INFO - [VINE] 预测概率: 卖出=0.6114, 观望=0.1098, 买入=0.2787
2025-02-22 21:27:15 - INFO - [VINE] 当前持仓方向: 多，持仓金额: 32.19037272，当前持仓量: 682.0
2025-02-22 21:27:15 - INFO - [VINE] 当前价格: 0.04713, AI信号: -1, 持仓数量: 682.0, 开仓均价: 0.0474, 未实现盈亏: -0.18 USDT (-0.57%)
2025-02-22 21:27:16 - INFO - [VINE] 当前持仓方向: 多，持仓金额: 32.19037272，当前持仓量: 682.0
2025-02-22 21:27:16 - INFO - [VINE] 订单创建成功: {'info': {'orderId': '727098235', 'symbol': 'VINEUSDT', 'status': 'FILLED', 'clientOrderId': 'x-xcKtGhcu5797ea21cbba4f0ae031b0', 'price': '0.0000000', 'avgPrice': '0.0471948', 'origQty': '682', 'executedQty': '682', 'cumQty': '682', 'cumQuote': '32.1868700', 'timeInForce': 'GTC', 'type': 'MARKET', 'reduceOnly': False, 'closePosition': False, 'side': 'SELL', 'positionSide': 'BOTH', 'stopPrice': '0.0000000', 'workingType': 'CONTRACT_PRICE', 'priceProtect': False, 'origType': 'MARKET', 'priceMatch': 'NONE', 'selfTradePreventionMode': 'EXPIRE_MAKER', 'goodTillDate': '0', 'updateTime': '1740230836432'}, 'id': '727098235', 'clientOrderId': 'x-xcKtGhcu5797ea21cbba4f0ae031b0', 'timestamp': 1740230836432, 'datetime': '2025-02-22T13:27:16.432Z', 'lastTradeTimestamp': 1740230836432, 'lastUpdateTimestamp': 1740230836432, 'symbol': 'VINE/USDT:USDT', 'type': 'market', 'timeInForce': 'GTC', 'postOnly': False, 'reduceOnly': False, 'side': 'sell', 'price': 0.0471948, 'triggerPrice': None, 'amount': 682.0, 'cost': 32.18687, 'average': 0.0471948, 'filled': 682.0, 'remaining': 0.0, 'status': 'closed', 'fee': {'currency': None, 'cost': None, 'rate': None}, 'trades': [], 'fees': [{'currency': None, 'cost': None, 'rate': None}], 'stopPrice': None, 'takeProfitPrice': None, 'stopLossPrice': None}
2025-02-22 21:27:16 - INFO - [VINE] 平仓成功: {'info': {'orderId': '727098235', 'symbol': 'VINEUSDT', 'status': 'FILLED', 'clientOrderId': 'x-xcKtGhcu5797ea21cbba4f0ae031b0', 'price': '0.0000000', 'avgPrice': '0.0471948', 'origQty': '682', 'executedQty': '682', 'cumQty': '682', 'cumQuote': '32.1868700', 'timeInForce': 'GTC', 'type': 'MARKET', 'reduceOnly': False, 'closePosition': False, 'side': 'SELL', 'positionSide': 'BOTH', 'stopPrice': '0.0000000', 'workingType': 'CONTRACT_PRICE', 'priceProtect': False, 'origType': 'MARKET', 'priceMatch': 'NONE', 'selfTradePreventionMode': 'EXPIRE_MAKER', 'goodTillDate': '0', 'updateTime': '1740230836432'}, 'id': '727098235', 'clientOrderId': 'x-xcKtGhcu5797ea21cbba4f0ae031b0', 'timestamp': 1740230836432, 'datetime': '2025-02-22T13:27:16.432Z', 'lastTradeTimestamp': 1740230836432, 'lastUpdateTimestamp': 1740230836432, 'symbol': 'VINE/USDT:USDT', 'type': 'market', 'timeInForce': 'GTC', 'postOnly': False, 'reduceOnly': False, 'side': 'sell', 'price': 0.0471948, 'triggerPrice': None, 'amount': 682.0, 'cost': 32.18687, 'average': 0.0471948, 'filled': 682.0, 'remaining': 0.0, 'status': 'closed', 'fee': {'currency': None, 'cost': None, 'rate': None}, 'trades': [], 'fees': [{'currency': None, 'cost': None, 'rate': None}], 'stopPrice': None, 'takeProfitPrice': None, 'stopLossPrice': None}
2025-02-22 21:27:16 - INFO - [VINE] 订单创建成功: {'info': {'orderId': '727098311', 'symbol': 'VINEUSDT', 'status': 'FILLED', 'clientOrderId': 'x-xcKtGhcu112da9240ef3b03172e14f', 'price': '0.0000000', 'avgPrice': '0.0472100', 'origQty': '683', 'executedQty': '683', 'cumQty': '683', 'cumQuote': '32.2444300', 'timeInForce': 'GTC', 'type': 'MARKET', 'reduceOnly': False, 'closePosition': False, 'side': 'SELL', 'positionSide': 'BOTH', 'stopPrice': '0.0000000', 'workingType': 'CONTRACT_PRICE', 'priceProtect': False, 'origType': 'MARKET', 'priceMatch': 'NONE', 'selfTradePreventionMode': 'EXPIRE_MAKER', 'goodTillDate': '0', 'updateTime': '1740230836907'}, 'id': '727098311', 'clientOrderId': 'x-xcKtGhcu112da9240ef3b03172e14f', 'timestamp': 1740230836907, 'datetime': '2025-02-22T13:27:16.907Z', 'lastTradeTimestamp': 1740230836907, 'lastUpdateTimestamp': 1740230836907, 'symbol': 'VINE/USDT:USDT', 'type': 'market', 'timeInForce': 'GTC', 'postOnly': False, 'reduceOnly': False, 'side': 'sell', 'price': 0.04721, 'triggerPrice': None, 'amount': 683.0, 'cost': 32.24443, 'average': 0.04721, 'filled': 683.0, 'remaining': 0.0, 'status': 'closed', 'fee': {'currency': None, 'cost': None, 'rate': None}, 'trades': [], 'fees': [{'currency': None, 'cost': None, 'rate': None}], 'stopPrice': None, 'takeProfitPrice': None, 'stopLossPrice': None}
2025-02-22 21:28:17 - INFO - [VINE] USDT余额: 可用=64.44159737, 总额=70.89123209
2025-02-22 21:28:17 - INFO - [VINE] 当前账户余额: 可用=64.44159737 USDT, 总额=70.89123209 USDT
2025-02-22 21:28:20 - INFO - [VINE] 成功获取1000根1mK线数据
2025-02-22 21:28:20 - INFO - [VINE] 预测概率: 卖出=0.7256, 观望=0.0901, 买入=0.1843
2025-02-22 21:28:20 - INFO - [VINE] 当前持仓方向: 空，持仓金额: 32.17900543，当前持仓量: -683.0
2025-02-22 21:28:20 - INFO - [VINE] 当前价格: 0.04711, AI信号: -1, 持仓数量: -683.0, 开仓均价: 0.04721, 未实现盈亏: -0.07 USDT (-0.21%)
2025-02-22 21:29:21 - INFO - [VINE] USDT余额: 可用=64.43956534, 总额=70.88953825
2025-02-22 21:29:21 - INFO - [VINE] 当前账户余额: 可用=64.43956534 USDT, 总额=70.88953825 USDT
2025-02-22 21:29:22 - INFO - [VINE] 成功获取1000根1mK线数据
2025-02-22 21:29:22 - INFO - [VINE] 预测概率: 卖出=0.7231, 观望=0.0999, 买入=0.1770
2025-02-22 21:29:22 - INFO - [VINE] 当前持仓方向: 空，持仓金额: 32.17000349，当前持仓量: -683.0
2025-02-22 21:29:22 - INFO - [VINE] 当前价格: 0.04708, AI信号: -1, 持仓数量: -683.0, 开仓均价: 0.04721, 未实现盈亏: -0.09 USDT (-0.28%)
2025-02-22 21:30:23 - INFO - [VINE] USDT余额: 可用=64.54944717, 总额=70.98112172
2025-02-22 21:30:23 - INFO - [VINE] 当前账户余额: 可用=64.54944717 USDT, 总额=70.98112172 USDT
2025-02-22 21:30:24 - INFO - [VINE] 成功获取1000根1mK线数据
2025-02-22 21:30:24 - INFO - [VINE] 预测概率: 卖出=0.7632, 观望=0.1013, 买入=0.1355
2025-02-22 21:30:24 - INFO - [VINE] 当前持仓方向: 空，持仓金额: 32.05183766，当前持仓量: -683.0
2025-02-22 21:30:24 - INFO - [VINE] 当前价格: 0.04701, AI信号: -1, 持仓数量: -683.0, 开仓均价: 0.04721, 未实现盈亏: -0.14 USDT (-0.42%)
2025-02-22 21:31:24 - INFO - [VINE] USDT余额: 可用=64.80113662, 总额=71.22077276
2025-02-22 21:31:24 - INFO - [VINE] 当前账户余额: 可用=64.80113662 USDT, 总额=71.22077276 USDT
2025-02-22 21:31:25 - INFO - [VINE] 成功获取1000根1mK线数据
2025-02-22 21:31:25 - INFO - [VINE] 预测概率: 卖出=0.4952, 观望=0.4521, 买入=0.0527
2025-02-22 21:31:25 - INFO - [VINE] 当前持仓方向: 空，持仓金额: 31.87905232，当前持仓量: -683.0
2025-02-22 21:31:25 - INFO - [VINE] 当前价格: 0.04661, AI信号: -1, 持仓数量: -683.0, 开仓均价: 0.04721, 未实现盈亏: -0.41 USDT (-1.27%)
2025-02-22 21:32:26 - INFO - [VINE] USDT余额: 可用=64.76624678, 总额=71.18289358
2025-02-22 21:32:26 - INFO - [VINE] 当前账户余额: 可用=64.76624678 USDT, 总额=71.18289358 USDT
2025-02-22 21:32:26 - INFO - [VINE] 成功获取1000根1mK线数据
2025-02-22 21:32:26 - INFO - [VINE] 预测概率: 卖出=0.6799, 观望=0.2198, 买入=0.1003
2025-02-22 21:32:27 - INFO - [VINE] 当前持仓方向: 空，持仓金额: 31.8907726，当前持仓量: -683.0
2025-02-22 21:32:27 - INFO - [VINE] 当前价格: 0.04668, AI信号: -1, 持仓数量: -683.0, 开仓均价: 0.04721, 未实现盈亏: -0.36 USDT (-1.12%)
2025-02-22 21:33:27 - INFO - [VINE] USDT余额: 可用=64.52879669, 总额=70.96391012
2025-02-22 21:33:27 - INFO - [VINE] 当前账户余额: 可用=64.52879669 USDT, 总额=70.96391012 USDT
2025-02-22 21:33:27 - INFO - [VINE] 成功获取1000根1mK线数据
2025-02-22 21:33:27 - INFO - [VINE] 预测概率: 卖出=0.6524, 观望=0.0931, 买入=0.2545
2025-02-22 21:33:29 - INFO - [VINE] 当前持仓方向: 空，持仓金额: 32.11034344，当前持仓量: -683.0
2025-02-22 21:33:29 - INFO - [VINE] 当前价格: 0.047, AI信号: -1, 持仓数量: -683.0, 开仓均价: 0.04721, 未实现盈亏: -0.14 USDT (-0.44%)
2025-02-22 21:34:29 - INFO - [VINE] USDT余额: 可用=64.84044707, 总额=71.22366185
2025-02-22 21:34:29 - INFO - [VINE] 当前账户余额: 可用=64.84044707 USDT, 总额=71.22366185 USDT
2025-02-22 21:34:29 - INFO - [VINE] 成功获取1000根1mK线数据
2025-02-22 21:34:29 - INFO - [VINE] 预测概率: 卖出=0.4330, 观望=0.4542, 买入=0.1128
2025-02-22 21:34:30 - INFO - [VINE] 当前持仓方向: 空，持仓金额: 31.80640161，当前持仓量: -683.0
2025-02-22 21:34:30 - INFO - [VINE] 当前价格: 0.04656, AI信号: 0, 持仓数量: -683.0, 开仓均价: 0.04721, 未实现盈亏: -0.44 USDT (-1.38%)
2025-02-22 21:35:30 - INFO - [VINE] USDT余额: 可用=65.02460473, 总额=71.37715244
2025-02-22 21:35:30 - INFO - [VINE] 当前账户余额: 可用=65.02460473 USDT, 总额=71.37715244 USDT
2025-02-22 21:35:31 - INFO - [VINE] 成功获取1000根1mK线数据
2025-02-22 21:35:31 - INFO - [VINE] 预测概率: 卖出=0.4522, 观望=0.4412, 买入=0.1066
2025-02-22 21:35:36 - INFO - [VINE] 当前持仓方向: 空，持仓金额: 31.71215444，当前持仓量: -683.0
2025-02-22 21:35:36 - INFO - [VINE] 当前价格: 0.04637, AI信号: -1, 持仓数量: -683.0, 开仓均价: 0.04721, 未实现盈亏: -0.57 USDT (-1.78%)
2025-02-22 21:36:36 - INFO - [VINE] USDT余额: 可用=64.85132882, 总额=71.23273209
2025-02-22 21:36:36 - INFO - [VINE] 当前账户余额: 可用=64.85132882 USDT, 总额=71.23273209 USDT
2025-02-22 21:36:36 - INFO - [VINE] 成功获取1000根1mK线数据
2025-02-22 21:36:36 - INFO - [VINE] 预测概率: 卖出=0.7339, 观望=0.1567, 买入=0.1094
2025-02-22 21:36:37 - INFO - [VINE] 当前持仓方向: 空，持仓金额: 31.82097，当前持仓量: -683.0
2025-02-22 21:36:37 - INFO - [VINE] 当前价格: 0.0465, AI信号: -1, 持仓数量: -683.0, 开仓均价: 0.04721, 未实现盈亏: -0.48 USDT (-1.50%)
2025-02-22 21:37:37 - INFO - [VINE] USDT余额: 可用=65.1426896, 总额=71.47557274
2025-02-22 21:37:37 - INFO - [VINE] 当前账户余额: 可用=65.14268960 USDT, 总额=71.47557274 USDT
2025-02-22 21:37:38 - INFO - [VINE] 成功获取1000根1mK线数据
2025-02-22 21:37:38 - INFO - [VINE] 预测概率: 卖出=0.4634, 观望=0.4532, 买入=0.0834
2025-02-22 21:37:38 - INFO - [VINE] 当前持仓方向: 空，持仓金额: 31.56826，当前持仓量: -683.0
2025-02-22 21:37:38 - INFO - [VINE] 当前价格: 0.04625, AI信号: -1, 持仓数量: -683.0, 开仓均价: 0.04721, 未实现盈亏: -0.66 USDT (-2.03%)
2025-02-22 21:38:38 - INFO - [VINE] USDT余额: 可用=64.89375237, 总额=71.268091
2025-02-22 21:38:38 - INFO - [VINE] 当前账户余额: 可用=64.89375237 USDT, 总额=71.26809100 USDT
2025-02-22 21:38:39 - INFO - [VINE] 成功获取1000根1mK线数据
2025-02-22 21:38:39 - INFO - [VINE] 预测概率: 卖出=0.7091, 观望=0.1384, 买入=0.1525
2025-02-22 21:38:39 - INFO - [VINE] 当前持仓方向: 空，持仓金额: 31.79927109，当前持仓量: -683.0
2025-02-22 21:38:39 - INFO - [VINE] 当前价格: 0.04656, AI信号: -1, 持仓数量: -683.0, 开仓均价: 0.04721, 未实现盈亏: -0.44 USDT (-1.38%)
2025-02-22 21:39:39 - INFO - [VINE] USDT余额: 可用=64.99063836, 总额=71.34884209
2025-02-22 21:39:39 - INFO - [VINE] 当前账户余额: 可用=64.99063836 USDT, 总额=71.34884209 USDT
2025-02-22 21:39:40 - INFO - [VINE] 成功获取1000根1mK线数据
2025-02-22 21:39:40 - INFO - [VINE] 预测概率: 卖出=0.5817, 观望=0.3125, 买入=0.1058
2025-02-22 21:39:40 - INFO - [VINE] 当前持仓方向: 空，持仓金额: 31.71169，当前持仓量: -683.0
2025-02-22 21:39:40 - INFO - [VINE] 当前价格: 0.04642, AI信号: -1, 持仓数量: -683.0, 开仓均价: 0.04721, 未实现盈亏: -0.54 USDT (-1.67%)
2025-02-22 21:40:27 - INFO - [root] 接收到退出信号，正在关闭所有交易...
2025-02-22 21:40:27 - INFO - [VINE] 关闭 VINEUSDT 所有持仓
2025-02-22 21:40:36 - INFO - [root] ==================================================
2025-02-22 21:40:36 - INFO - [root] 日志系统初始化完成 - 2025-02-22 21:40:36
2025-02-22 21:40:36 - INFO - [root] ==================================================
2025-02-22 21:40:40 - INFO - [VINE] 没有未成交的订单
2025-02-22 21:40:40 - INFO - [VINE] 当前已经是单向持仓模式
2025-02-22 21:40:40 - INFO - [VINE] 设置杠杆倍数 5倍 成功
2025-02-22 21:40:41 - INFO - [VINE] 当前已经是CROSSED保证金模式
2025-02-22 21:40:41 - INFO - [VINE] 交易器初始化成功 for VINEUSDT
2025-02-22 21:40:41 - INFO - [VINE] 获取历史K线数据进行初始训练...
2025-02-22 21:40:41 - INFO - [VINE] 成功获取500根1mK线数据
2025-02-22 21:40:41 - INFO - [VINE] 成功获取500根1mK线数据
2025-02-22 21:40:41 - INFO - [VINE] 模型评估指标:
2025-02-22 21:40:41 - INFO - [VINE] 训练集准确率: 0.9198
2025-02-22 21:40:41 - INFO - [VINE] 加权精确率: 0.9225
2025-02-22 21:40:41 - INFO - [VINE] 加权召回率: 0.9198
2025-02-22 21:40:41 - INFO - [VINE] 加权F1分数: 0.9189
2025-02-22 21:40:41 - INFO - [VINE] 混淆矩阵:
2025-02-22 21:40:41 - INFO - [VINE] 卖出 观望 买入
2025-02-22 21:40:41 - INFO - [VINE] [120   2   1] # 实际卖出
2025-02-22 21:40:41 - INFO - [VINE] [ 15 139  13] # 实际观望
2025-02-22 21:40:41 - INFO - [VINE] [  2   5 177] # 实际买入
2025-02-22 21:40:41 - INFO - [VINE] Top 5 重要特征:
2025-02-22 21:40:41 - INFO - [VINE] BB_position_20: 0.4610
2025-02-22 21:40:41 - INFO - [VINE] BB_position_10: 0.1384
2025-02-22 21:40:41 - INFO - [VINE] BB_width_10: 0.0509
2025-02-22 21:40:41 - INFO - [VINE] BB_position_5: 0.0436
2025-02-22 21:40:41 - INFO - [VINE] price_change_3m: 0.0335
2025-02-22 21:40:41 - INFO - [VINE] 初始模型训练完成
2025-02-22 21:40:41 - INFO - [VINE] 初始化 VINEUSDT 交易器和策略成功
2025-02-22 21:40:41 - INFO - [VINE] 交易线程启动成功
2025-02-22 21:40:41 - INFO - [root] 启动线程监控
2025-02-22 21:40:41 - INFO - [root] 交易系统启动成功，正在交易的币对: VINEUSDT
2025-02-22 21:40:41 - INFO - [VINE] USDT余额: 可用=65.19686984, 总额=71.52642209
2025-02-22 21:40:41 - INFO - [VINE] 当前账户余额: 可用=65.19686984 USDT, 总额=71.52642209 USDT
2025-02-22 21:40:42 - INFO - [VINE] 成功获取1000根1mK线数据
2025-02-22 21:40:42 - INFO - [VINE] 预测概率: 卖出=0.6032, 观望=0.3292, 买入=0.0676
2025-02-22 21:40:42 - INFO - [VINE] 当前持仓方向: 空，持仓金额: 31.54777，当前持仓量: -683.0
2025-02-22 21:40:42 - INFO - [VINE] 当前价格: 0.04614, AI信号: -1, 持仓数量: -683.0, 开仓均价: 0.04721, 未实现盈亏: -0.73 USDT (-2.27%)
2025-02-22 21:41:43 - INFO - [VINE] USDT余额: 可用=65.2443865, 总额=71.59328779
2025-02-22 21:41:43 - INFO - [VINE] 当前账户余额: 可用=65.24438650 USDT, 总额=71.59328779 USDT
2025-02-22 21:41:43 - INFO - [VINE] 成功获取1000根1mK线数据
2025-02-22 21:41:43 - INFO - [VINE] 预测概率: 卖出=0.4635, 观望=0.4700, 买入=0.0664
2025-02-22 21:41:44 - INFO - [VINE] 当前持仓方向: 空，持仓金额: 31.4551552，当前持仓量: -683.0
2025-02-22 21:41:44 - INFO - [VINE] 当前价格: 0.04596, AI信号: 0, 持仓数量: -683.0, 开仓均价: 0.04721, 未实现盈亏: -0.85 USDT (-2.65%)
2025-02-22 21:42:45 - INFO - [VINE] USDT余额: 可用=65.37486798, 总额=71.66908713
2025-02-22 21:42:45 - INFO - [VINE] 当前账户余额: 可用=65.37486798 USDT, 总额=71.66908713 USDT
2025-02-22 21:42:47 - INFO - [VINE] 成功获取1000根1mK线数据
2025-02-22 21:42:47 - INFO - [VINE] 预测概率: 卖出=0.5377, 观望=0.3837, 买入=0.0786
2025-02-22 21:42:48 - INFO - [VINE] 当前持仓方向: 空，持仓金额: 31.39827496，当前持仓量: -683.0
2025-02-22 21:42:48 - INFO - [VINE] 当前价格: 0.04597, AI信号: -1, 持仓数量: -683.0, 开仓均价: 0.04721, 未实现盈亏: -0.85 USDT (-2.63%)
